#
# A fatal error has been detected by the Java Runtime Environment:
#
#  SIGSEGV (0xb) at pc=0x0000000000002546, pid=2583, tid=140509899507456
#
# JRE version: OpenJDK Runtime Environment (8.0_45-b14) (build 1.8.0_45-internal-b14)
# Java VM: OpenJDK 64-Bit Server VM (25.45-b02 mixed mode linux-amd64 compressed oops)
# Problematic frame:
# C  0x0000000000002546
#
# Failed to write core dump. Core dumps have been disabled. To enable core dumping, try "ulimit -c unlimited" before starting Java again
#
# If you would like to submit a bug report, please visit:
#   http://bugreport.java.com/bugreport/crash.jsp
# The crash happened outside the Java Virtual Machine in native code.
# See problematic frame for where to report the bug.
#

---------------  T H R E A D  ---------------

Current thread (0x00007fcafc00f000):  JavaThread "main" [_thread_in_native, id=2586, stack(0x00007fcb0295c000,0x00007fcb02a5d000)]

siginfo: si_signo: 11 (SIGSEGV), si_code: 1 (SEGV_MAPERR), si_addr: 0x0000000000002546

Registers:
RAX=0x00007fcafc704bf0, RBX=0x00007fcaeb0d9020, RCX=0x0000000000000000, RDX=0x00007fcb01c2f0d8
RSP=0x00007fcb02a5a728, RBP=0x00007fcb02a5a770, RSI=0x0000000000000030, RDI=0x00007fcafc704bf0
R8 =0x00007fcafc704bf2, R9 =0x00007fcafc704bf2, R10=0x0000000000000000, R11=0x00000000d743e568
R12=0x0000000000000000, R13=0x00007fcaeb0d9020, R14=0x00007fcb02a5a7e8, R15=0x00007fcafc00f000
RIP=0x0000000000002546, EFLAGS=0x0000000000010206, CSGSFS=0xc87a000000000033, ERR=0x0000000000000014
  TRAPNO=0x000000000000000e

Top of Stack: (sp=0x00007fcb02a5a728)
0x00007fcb02a5a728:   00007fcadd021a0b 00007fcaeb02f6a0
0x00007fcb02a5a738:   00007fcb02a5a7e8 00007fcb02a5a7d8
0x00007fcb02a5a748:   00007fcafc00f1e0 00007fcaec390310
0x00007fcb02a5a758:   00007fcafc704bf0 00007fcaeb02f6a0
0x00007fcb02a5a768:   00007fcaeb0d9020 00007fcb02a5a7c8
0x00007fcb02a5a778:   00007fcaec39e4d4 00007fcafc00f000
0x00007fcb02a5a788:   00007fcb02a5a788 0000000000000000
0x00007fcb02a5a798:   00007fcb02a5a7e8 00007fcaeb0dac98
0x00007fcb02a5a7a8:   0000000000000000 00007fcaeb0d9020
0x00007fcb02a5a7b8:   0000000000000000 00007fcb02a5a7e8
0x00007fcb02a5a7c8:   00007fcb02a5a830 00007fcaec3924a0
0x00007fcb02a5a7d8:   00000000d743e1c8 00007fcaec39a2b7
0x00007fcb02a5a7e8:   00000000d743e550 00007fcb02a5a7f0
0x00007fcb02a5a7f8:   00007fcaeb02fc01 00007fcb02a5a850
0x00007fcb02a5a808:   00007fcaeb030598 0000000000000000
0x00007fcb02a5a818:   00007fcaeb02fc58 00007fcb02a5a7e8
0x00007fcb02a5a828:   00007fcb02a5a850 00007fcb02a5a8a8
0x00007fcb02a5a838:   00007fcaec3924a0 0000000000000000
0x00007fcb02a5a848:   0000000000000000 00000000d743e550
0x00007fcb02a5a858:   0000000000000001 00000000d73efcd8
0x00007fcb02a5a868:   00007fcb02a5a858 00007fcaeb02f5b0
0x00007fcb02a5a878:   00007fcb02a5a8f0 00007fcaeb030598
0x00007fcb02a5a888:   0000000000000000 00007fcaeb02f6a0
0x00007fcb02a5a898:   00007fcb02a5a850 00007fcb02a5a8f0
0x00007fcb02a5a8a8:   00007fcb02a5a948 00007fcaec3924a0
0x00007fcb02a5a8b8:   0000000000000000 0000000000000000
0x00007fcb02a5a8c8:   00000000d73efcd8 0000000000000000
0x00007fcb02a5a8d8:   0000000000000000 0000000000000000
0x00007fcb02a5a8e8:   0000000000000000 00000000d743e550
0x00007fcb02a5a8f8:   00000000d80ef718 00000000d80ef718
0x00007fcb02a5a908:   00007fcb02a5a908 00007fcadc74298a
0x00007fcb02a5a918:   00007fcb02a5a978 00007fcadc743938 

Instructions: (pc=0x0000000000002546)
0x0000000000002526:   
[error occurred during error reporting (printing registers, top of stack, instructions near pc), id 0xb]

Register to memory mapping:

RAX=0x00007fcafc704bf0 is an unknown value
RBX={method} {0x00007fcaeb0d9020} 'XOpenDisplay' '(Ljava/lang/String;)J' in 'jogamp/nativewindow/x11/X11Lib'
RCX=0x0000000000000000 is an unknown value
RDX=0x00007fcb01c2f0d8: <offset 0xf690d8> in /usr/lib/jvm/java-8-openjdk-amd64/jre/lib/amd64/server/libjvm.so at 0x00007fcb00cc6000
RSP=0x00007fcb02a5a728 is pointing into the stack for thread: 0x00007fcafc00f000
RBP=0x00007fcb02a5a770 is pointing into the stack for thread: 0x00007fcafc00f000
RSI=0x0000000000000030 is an unknown value
RDI=0x00007fcafc704bf0 is an unknown value
R8 =0x00007fcafc704bf2 is an unknown value
R9 =0x00007fcafc704bf2 is an unknown value
R10=0x0000000000000000 is an unknown value
R11=0x00000000d743e568 is an oop
[C 
 - klass: {type array char}
 - length: 2
R12=0x0000000000000000 is an unknown value
R13={method} {0x00007fcaeb0d9020} 'XOpenDisplay' '(Ljava/lang/String;)J' in 'jogamp/nativewindow/x11/X11Lib'
R14=0x00007fcb02a5a7e8 is pointing into the stack for thread: 0x00007fcafc00f000
R15=0x00007fcafc00f000 is a thread


Stack: [0x00007fcb0295c000,0x00007fcb02a5d000],  sp=0x00007fcb02a5a728,  free space=1017k
Native frames: (J=compiled Java code, j=interpreted, Vv=VM code, C=native code)
C  0x0000000000002546
j  jogamp.nativewindow.x11.X11Lib.XOpenDisplay(Ljava/lang/String;)J+0
j  jogamp.nativewindow.x11.X11Util.XOpenDisplay(Ljava/lang/String;)J+1
j  jogamp.nativewindow.x11.X11Util.openDisplay(Ljava/lang/String;)J+96
j  jogamp.opengl.x11.glx.X11GLXDrawableFactory$SharedResourceImplementation.isDeviceSupported(Lcom/jogamp/nativewindow/AbstractGraphicsDevice;)Z+10
j  jogamp.opengl.SharedResourceRunner.getOrCreateShared(Lcom/jogamp/nativewindow/AbstractGraphicsDevice;)Ljogamp/opengl/SharedResourceRunner$Resource;+98
j  jogamp.opengl.x11.glx.X11GLXDrawableFactory.getOrCreateSharedResourceImpl(Lcom/jogamp/nativewindow/AbstractGraphicsDevice;)Ljogamp/opengl/x11/glx/X11GLXDrawableFactory$SharedResource;+5
j  jogamp.opengl.x11.glx.X11GLXDrawableFactory.getOrCreateSharedResourceImpl(Lcom/jogamp/nativewindow/AbstractGraphicsDevice;)Ljogamp/opengl/SharedResourceRunner$Resource;+2
j  jogamp.opengl.GLDrawableFactoryImpl.getOrCreateSharedResource(Lcom/jogamp/nativewindow/AbstractGraphicsDevice;)Ljogamp/opengl/SharedResourceRunner$Resource;+13
j  jogamp.opengl.GLDrawableFactoryImpl.createSharedResourceImpl(Lcom/jogamp/nativewindow/AbstractGraphicsDevice;)Z+2
j  com.jogamp.opengl.GLDrawableFactory.createSharedResource(Lcom/jogamp/nativewindow/AbstractGraphicsDevice;)Z+2
j  com.jogamp.opengl.GLProfile.initProfilesForDeviceCritical(Lcom/jogamp/nativewindow/AbstractGraphicsDevice;)Z+231
j  com.jogamp.opengl.GLProfile.initProfilesForDevice(Lcom/jogamp/nativewindow/AbstractGraphicsDevice;)Z+25
j  com.jogamp.opengl.GLProfile.initProfilesForDefaultDevices()V+633
j  com.jogamp.opengl.GLProfile.access$000()V+0
j  com.jogamp.opengl.GLProfile$1.run()Ljava/lang/Object;+58
v  ~StubRoutines::call_stub
V  [libjvm.so+0x6868c3]  JavaCalls::call_helper(JavaValue*, methodHandle*, JavaCallArguments*, Thread*)+0xd63
V  [libjvm.so+0x6d56c4]  JVM_DoPrivileged+0x564
J 495  java.security.AccessController.doPrivileged(Ljava/security/PrivilegedAction;)Ljava/lang/Object; (0 bytes) @ 0x00007fcaec5b613f [0x00007fcaec5b6080+0xbf]
j  com.jogamp.opengl.GLProfile.initSingleton()V+78
j  com.jogamp.opengl.GLProfile.getProfileMap(Lcom/jogamp/nativewindow/AbstractGraphicsDevice;Z)Ljava/util/HashMap;+0
j  com.jogamp.opengl.GLProfile.get(Lcom/jogamp/nativewindow/AbstractGraphicsDevice;Ljava/lang/String;)Lcom/jogamp/opengl/GLProfile;+16
j  com.jogamp.opengl.GLProfile.get(Ljava/lang/String;)Lcom/jogamp/opengl/GLProfile;+4
j  test.Main.main([Ljava/lang/String;)V+13
v  ~StubRoutines::call_stub
V  [libjvm.so+0x6868c3]  JavaCalls::call_helper(JavaValue*, methodHandle*, JavaCallArguments*, Thread*)+0xd63
V  [libjvm.so+0x697d59]  jni_invoke_static(JNIEnv_*, JavaValue*, _jobject*, JNICallType, _jmethodID*, JNI_ArgumentPusher*, Thread*) [clone .isra.88]+0x2f9
V  [libjvm.so+0x6aa2e5]  jni_CallStaticVoidMethod+0x165
C  [libjli.so+0x3888]
C  [libpthread.so.0+0x76aa]  start_thread+0xca

Java frames: (J=compiled Java code, j=interpreted, Vv=VM code)
j  jogamp.nativewindow.x11.X11Lib.XOpenDisplay(Ljava/lang/String;)J+0
j  jogamp.nativewindow.x11.X11Util.XOpenDisplay(Ljava/lang/String;)J+1
j  jogamp.nativewindow.x11.X11Util.openDisplay(Ljava/lang/String;)J+96
j  jogamp.opengl.x11.glx.X11GLXDrawableFactory$SharedResourceImplementation.isDeviceSupported(Lcom/jogamp/nativewindow/AbstractGraphicsDevice;)Z+10
j  jogamp.opengl.SharedResourceRunner.getOrCreateShared(Lcom/jogamp/nativewindow/AbstractGraphicsDevice;)Ljogamp/opengl/SharedResourceRunner$Resource;+98
j  jogamp.opengl.x11.glx.X11GLXDrawableFactory.getOrCreateSharedResourceImpl(Lcom/jogamp/nativewindow/AbstractGraphicsDevice;)Ljogamp/opengl/x11/glx/X11GLXDrawableFactory$SharedResource;+5
j  jogamp.opengl.x11.glx.X11GLXDrawableFactory.getOrCreateSharedResourceImpl(Lcom/jogamp/nativewindow/AbstractGraphicsDevice;)Ljogamp/opengl/SharedResourceRunner$Resource;+2
j  jogamp.opengl.GLDrawableFactoryImpl.getOrCreateSharedResource(Lcom/jogamp/nativewindow/AbstractGraphicsDevice;)Ljogamp/opengl/SharedResourceRunner$Resource;+13
j  jogamp.opengl.GLDrawableFactoryImpl.createSharedResourceImpl(Lcom/jogamp/nativewindow/AbstractGraphicsDevice;)Z+2
j  com.jogamp.opengl.GLDrawableFactory.createSharedResource(Lcom/jogamp/nativewindow/AbstractGraphicsDevice;)Z+2
j  com.jogamp.opengl.GLProfile.initProfilesForDeviceCritical(Lcom/jogamp/nativewindow/AbstractGraphicsDevice;)Z+231
j  com.jogamp.opengl.GLProfile.initProfilesForDevice(Lcom/jogamp/nativewindow/AbstractGraphicsDevice;)Z+25
j  com.jogamp.opengl.GLProfile.initProfilesForDefaultDevices()V+633
j  com.jogamp.opengl.GLProfile.access$000()V+0
j  com.jogamp.opengl.GLProfile$1.run()Ljava/lang/Object;+58
v  ~StubRoutines::call_stub
J 495  java.security.AccessController.doPrivileged(Ljava/security/PrivilegedAction;)Ljava/lang/Object; (0 bytes) @ 0x00007fcaec5b60cf [0x00007fcaec5b6080+0x4f]
j  com.jogamp.opengl.GLProfile.initSingleton()V+78
j  com.jogamp.opengl.GLProfile.getProfileMap(Lcom/jogamp/nativewindow/AbstractGraphicsDevice;Z)Ljava/util/HashMap;+0
j  com.jogamp.opengl.GLProfile.get(Lcom/jogamp/nativewindow/AbstractGraphicsDevice;Ljava/lang/String;)Lcom/jogamp/opengl/GLProfile;+16
j  com.jogamp.opengl.GLProfile.get(Ljava/lang/String;)Lcom/jogamp/opengl/GLProfile;+4
j  test.Main.main([Ljava/lang/String;)V+13
v  ~StubRoutines::call_stub

---------------  P R O C E S S  ---------------

Java Threads: ( => current thread )
  0x00007fcafc66f800 JavaThread "main-SharedResourceRunner" daemon [_thread_blocked, id=2616, stack(0x00007fcad46c7000,0x00007fcad47c8000)]
  0x00007fcafc6f7000 JavaThread "main-SharedResourceRunner" daemon [_thread_blocked, id=2615, stack(0x00007fcad51b4000,0x00007fcad52b5000)]
  0x00007fcafc5d5000 JavaThread "AWT-EventQueue-0" [_thread_blocked, id=2614, stack(0x00007fcadd224000,0x00007fcadd325000)]
  0x00007fcafc5d4000 JavaThread "AWT-Shutdown" [_thread_blocked, id=2613, stack(0x00007fcadd325000,0x00007fcadd426000)]
  0x00007fcafc581000 JavaThread "AWT-XAWT" daemon [_thread_in_native, id=2612, stack(0x00007fcae35be000,0x00007fcae36bf000)]
  0x00007fcafc55d800 JavaThread "Java2D Disposer" daemon [_thread_blocked, id=2611, stack(0x00007fcae80d2000,0x00007fcae81d3000)]
  0x00007fcafc4d4800 JavaThread "process reaper" daemon [_thread_blocked, id=2606, stack(0x00007fcae86ec000,0x00007fcae8725000)]
  0x00007fcafc0c4000 JavaThread "Service Thread" daemon [_thread_blocked, id=2601, stack(0x00007fcae88cb000,0x00007fcae89cc000)]
  0x00007fcafc0b6800 JavaThread "C1 CompilerThread2" daemon [_thread_blocked, id=2600, stack(0x00007fcae89cc000,0x00007fcae8acd000)]
  0x00007fcafc0b4800 JavaThread "C2 CompilerThread1" daemon [_thread_blocked, id=2599, stack(0x00007fcae8acd000,0x00007fcae8bce000)]
  0x00007fcafc0b1800 JavaThread "C2 CompilerThread0" daemon [_thread_blocked, id=2598, stack(0x00007fcae8bce000,0x00007fcae8ccf000)]
  0x00007fcafc0af800 JavaThread "Signal Dispatcher" daemon [_thread_blocked, id=2597, stack(0x00007fcae8ccf000,0x00007fcae8dd0000)]
  0x00007fcafc084000 JavaThread "Finalizer" daemon [_thread_blocked, id=2596, stack(0x00007fcae94b3000,0x00007fcae95b4000)]
  0x00007fcafc081800 JavaThread "Reference Handler" daemon [_thread_blocked, id=2595, stack(0x00007fcae95b4000,0x00007fcae96b5000)]
=>0x00007fcafc00f000 JavaThread "main" [_thread_in_native, id=2586, stack(0x00007fcb0295c000,0x00007fcb02a5d000)]

Other Threads:
  0x00007fcafc07c800 VMThread [stack: 0x00007fcae96b5000,0x00007fcae97b6000] [id=2594]
  0x00007fcafc0c6800 WatcherThread [stack: 0x00007fcae87ca000,0x00007fcae88cb000] [id=2602]

VM state:not at safepoint (normal execution)

VM Mutex/Monitor currently owned by a thread: None

Heap:
 PSYoungGen      total 37888K, used 29618K [0x00000000d6780000, 0x00000000d9180000, 0x0000000100000000)
  eden space 32768K, 90% used [0x00000000d6780000,0x00000000d846c8e8,0x00000000d8780000)
  from space 5120K, 0% used [0x00000000d8c80000,0x00000000d8c80000,0x00000000d9180000)
  to   space 5120K, 0% used [0x00000000d8780000,0x00000000d8780000,0x00000000d8c80000)
 ParOldGen       total 86016K, used 0K [0x0000000083600000, 0x0000000088a00000, 0x00000000d6780000)
  object space 86016K, 0% used [0x0000000083600000,0x0000000083600000,0x0000000088a00000)
 Metaspace       used 13128K, capacity 13326K, committed 13696K, reserved 1060864K
  class space    used 1214K, capacity 1282K, committed 1408K, reserved 1048576K

Card table byte_map: [0x00007fcaebbe5000,0x00007fcaebfcb000] byte_map_base: 0x00007fcaeb7ca000

Marking Bits: (ParMarkBitMap*) 0x00007fcb01c32e80
 Begin Bits: [0x00007fcadf6f8000, 0x00007fcae1620000)
 End Bits:   [0x00007fcae1620000, 0x00007fcae3548000)

Polling page: 0x00007fcb02a84000

CodeCache: size=245760Kb used=3149Kb max_used=3149Kb free=242610Kb
 bounds [0x00007fcaec38b000, 0x00007fcaec6ab000, 0x00007fcafb38b000]
 total_blobs=1566 nmethods=732 adapters=750
 compilation: enabled

Compilation events (10 events):
Event: 0,766 Thread 0x00007fcafc0b6800  728       3       com.jogamp.common.os.DynamicLibraryBundle::dynamicLookupFunctionOnLibs (256 bytes)
Event: 0,767 Thread 0x00007fcafc0b6800 nmethod 728 0x00007fcaec69bc10 code [0x00007fcaec69be20, 0x00007fcaec69c9d8]
Event: 0,767 Thread 0x00007fcafc0b6800  729       3       java.util.StringTokenizer::scanToken (179 bytes)
Event: 0,768 Thread 0x00007fcafc0b6800 nmethod 729 0x00007fcaec69ce50 code [0x00007fcaec69d0e0, 0x00007fcaec69e3f8]
Event: 0,772 Thread 0x00007fcafc0b6800  730       3       java.util.regex.Pattern$Ctype::isSatisfiedBy (24 bytes)
Event: 0,773 Thread 0x00007fcafc0b6800 nmethod 730 0x00007fcaec69ebd0 code [0x00007fcaec69ed60, 0x00007fcaec69f0f0]
Event: 0,773 Thread 0x00007fcafc0b6800  731       3       java.util.regex.ASCII::isType (15 bytes)
Event: 0,773 Thread 0x00007fcafc0b6800 nmethod 731 0x00007fcaec69f290 code [0x00007fcaec69f400, 0x00007fcaec69f670]
Event: 0,773 Thread 0x00007fcafc0b6800  732       1       com.jogamp.opengl.GLRendererQuirks::getCount (3 bytes)
Event: 0,773 Thread 0x00007fcafc0b6800 nmethod 732 0x00007fcaec69f790 code [0x00007fcaec69f8e0, 0x00007fcaec69f9d0]

GC Heap History (0 events):
No events

Deoptimization events (6 events):
Event: 0,110 Thread 0x00007fcafc00f000 Uncommon trap: reason=unstable_if action=reinterpret pc=0x00007fcaec4c0cfc method=java.lang.String.indexOf(II)I @ 49
Event: 0,131 Thread 0x00007fcafc00f000 Uncommon trap: reason=unstable_if action=reinterpret pc=0x00007fcaec4e42d0 method=java.lang.Math.max(II)I @ 2
Event: 0,177 Thread 0x00007fcafc00f000 Uncommon trap: reason=unstable_if action=reinterpret pc=0x00007fcaec5003f4 method=java.lang.String.indexOf([CII[CIII)I @ 3
Event: 0,182 Thread 0x00007fcafc00f000 Uncommon trap: reason=unstable_if action=reinterpret pc=0x00007fcaec4f299c method=java.lang.String.indexOf([CII[CIII)I @ 123
Event: 0,248 Thread 0x00007fcafc00f000 Uncommon trap: reason=unstable_if action=reinterpret pc=0x00007fcaec54e62c method=java.lang.String.replace(CC)Ljava/lang/String; @ 26
Event: 0,749 Thread 0x00007fcafc66f800 Uncommon trap: reason=unstable_if action=reinterpret pc=0x00007fcaec56e890 method=java.lang.String.startsWith(Ljava/lang/String;I)Z @ 25

Internal exceptions (10 events):
Event: 0,157 Thread 0x00007fcafc00f000 Exception <a 'java/security/PrivilegedActionException'> (0x00000000d6d39f00) thrown at [/build/buildd/openjdk-8-8u45-b14/src/hotspot/src/share/vm/prims/jvm.cpp, line 1382]
Event: 0,157 Thread 0x00007fcafc00f000 Exception <a 'java/security/PrivilegedActionException'> (0x00000000d6d3a0b8) thrown at [/build/buildd/openjdk-8-8u45-b14/src/hotspot/src/share/vm/prims/jvm.cpp, line 1382]
Event: 0,157 Thread 0x00007fcafc00f000 Exception <a 'java/security/PrivilegedActionException'> (0x00000000d6d3aad8) thrown at [/build/buildd/openjdk-8-8u45-b14/src/hotspot/src/share/vm/prims/jvm.cpp, line 1382]
Event: 0,157 Thread 0x00007fcafc00f000 Exception <a 'java/security/PrivilegedActionException'> (0x00000000d6d3ac90) thrown at [/build/buildd/openjdk-8-8u45-b14/src/hotspot/src/share/vm/prims/jvm.cpp, line 1382]
Event: 0,225 Thread 0x00007fcafc00f000 Exception <a 'java/lang/NoSuchFieldError': method resolution failed> (0x00000000d6ebe538) thrown at [/build/buildd/openjdk-8-8u45-b14/src/hotspot/src/share/vm/prims/methodHandles.cpp, line 1125]
Event: 0,227 Thread 0x00007fcafc00f000 Exception <a 'java/lang/NoSuchFieldError': method resolution failed> (0x00000000d6eccfa8) thrown at [/build/buildd/openjdk-8-8u45-b14/src/hotspot/src/share/vm/prims/methodHandles.cpp, line 1125]
Event: 0,267 Thread 0x00007fcafc00f000 Exception <a 'java/io/FileNotFoundException'> (0x00000000d6fc3d48) thrown at [/build/buildd/openjdk-8-8u45-b14/src/hotspot/src/share/vm/prims/jni.cpp, line 709]
Event: 0,285 Thread 0x00007fcafc00f000 Exception <a 'java/io/FileNotFoundException'> (0x00000000d71bf7f8) thrown at [/build/buildd/openjdk-8-8u45-b14/src/hotspot/src/share/vm/prims/jni.cpp, line 709]
Event: 0,298 Thread 0x00007fcafc00f000 Exception <a 'java/lang/ClassNotFoundException': sun/dc/DuctusRenderingEngine> (0x00000000d71cbf60) thrown at [/build/buildd/openjdk-8-8u45-b14/src/hotspot/src/share/vm/classfile/systemDictionary.cpp, line 210]
Event: 0,335 Thread 0x00007fcafc00f000 Exception <a 'java/io/FileNotFoundException'> (0x00000000d72402b8) thrown at [/build/buildd/openjdk-8-8u45-b14/src/hotspot/src/share/vm/prims/jni.cpp, line 709]

Events (10 events):
Event: 0,766 loading class jogamp/opengl/es1/GLES1Impl$1
Event: 0,766 loading class jogamp/opengl/es1/GLES1Impl$1 done
Event: 0,766 loading class jogamp/opengl/es1/GLES1Impl$2
Event: 0,766 loading class jogamp/opengl/es1/GLES1Impl$2 done
Event: 0,766 loading class jogamp/opengl/es1/GLES1Impl$3
Event: 0,766 loading class jogamp/opengl/es1/GLES1Impl$3 done
Event: 0,767 loading class jogamp/opengl/es1/GLES1Impl$4
Event: 0,767 loading class jogamp/opengl/es1/GLES1Impl$4 done
Event: 0,773 loading class jogamp/opengl/egl/EGLDrawableFactory$SharedResource
Event: 0,773 loading class jogamp/opengl/egl/EGLDrawableFactory$SharedResource done


Dynamic libraries:
00400000-00401000 r-xp 00000000 08:03 6425286                            /usr/lib/jvm/java-8-openjdk-amd64/jre/bin/java
00600000-00601000 r--p 00000000 08:03 6425286                            /usr/lib/jvm/java-8-openjdk-amd64/jre/bin/java
00601000-00602000 rw-p 00001000 08:03 6425286                            /usr/lib/jvm/java-8-openjdk-amd64/jre/bin/java
017cc000-017ed000 rw-p 00000000 00:00 0                                  [heap]
83600000-88a00000 rw-p 00000000 00:00 0 
88a00000-d6780000 ---p 00000000 00:00 0 
d6780000-d9180000 rw-p 00000000 00:00 0 
d9180000-100000000 ---p 00000000 00:00 0 
100000000-100160000 rw-p 00000000 00:00 0 
100160000-140000000 ---p 00000000 00:00 0 
7fca8972d000-7fca8b285000 r-xp 00000000 08:03 6422576                    /usr/lib/x86_64-linux-gnu/libnvidia-eglcore.so.352.41
7fca8b285000-7fca8b484000 ---p 01b58000 08:03 6422576                    /usr/lib/x86_64-linux-gnu/libnvidia-eglcore.so.352.41
7fca8b484000-7fca8bff0000 rw-p 01b57000 08:03 6422576                    /usr/lib/x86_64-linux-gnu/libnvidia-eglcore.so.352.41
7fca8bff0000-7fca8c000000 rw-p 00000000 00:00 0 
7fca8c000000-7fca8c021000 rw-p 00000000 00:00 0 
7fca8c021000-7fca90000000 ---p 00000000 00:00 0 
7fca90000000-7fca904b7000 rw-p 00000000 00:00 0 
7fca904b7000-7fca94000000 ---p 00000000 00:00 0 
7fca94000000-7fca94021000 rw-p 00000000 00:00 0 
7fca94021000-7fca98000000 ---p 00000000 00:00 0 
7fca98000000-7fca98021000 rw-p 00000000 00:00 0 
7fca98021000-7fca9c000000 ---p 00000000 00:00 0 
7fca9c000000-7fca9c021000 rw-p 00000000 00:00 0 
7fca9c021000-7fcaa0000000 ---p 00000000 00:00 0 
7fcaa0000000-7fcaa0021000 rw-p 00000000 00:00 0 
7fcaa0021000-7fcaa4000000 ---p 00000000 00:00 0 
7fcaa4000000-7fcaa4021000 rw-p 00000000 00:00 0 
7fcaa4021000-7fcaa8000000 ---p 00000000 00:00 0 
7fcaa8000000-7fcaa8021000 rw-p 00000000 00:00 0 
7fcaa8021000-7fcaac000000 ---p 00000000 00:00 0 
7fcaac000000-7fcaac21c000 rw-p 00000000 00:00 0 
7fcaac21c000-7fcab0000000 ---p 00000000 00:00 0 
7fcab0000000-7fcab0021000 rw-p 00000000 00:00 0 
7fcab0021000-7fcab4000000 ---p 00000000 00:00 0 
7fcab4000000-7fcab4294000 rw-p 00000000 00:00 0 
7fcab4294000-7fcab8000000 ---p 00000000 00:00 0 
7fcab8000000-7fcab8222000 rw-p 00000000 00:00 0 
7fcab8222000-7fcabc000000 ---p 00000000 00:00 0 
7fcabc000000-7fcabc021000 rw-p 00000000 00:00 0 
7fcabc021000-7fcac0000000 ---p 00000000 00:00 0 
7fcac0000000-7fcac0021000 rw-p 00000000 00:00 0 
7fcac0021000-7fcac4000000 ---p 00000000 00:00 0 
7fcac4000000-7fcac4021000 rw-p 00000000 00:00 0 
7fcac4021000-7fcac8000000 ---p 00000000 00:00 0 
7fcac8000000-7fcac8021000 rw-p 00000000 00:00 0 
7fcac8021000-7fcacc000000 ---p 00000000 00:00 0 
7fcacc000000-7fcacc021000 rw-p 00000000 00:00 0 
7fcacc021000-7fcad0000000 ---p 00000000 00:00 0 
7fcad0000000-7fcad0021000 rw-p 00000000 00:00 0 
7fcad0021000-7fcad4000000 ---p 00000000 00:00 0 
7fcad423a000-7fcad4244000 r-xp 00000000 08:03 6423188                    /usr/lib/x86_64-linux-gnu/libGLESv1_CM.so.352.41
7fcad4244000-7fcad4444000 ---p 0000a000 08:03 6423188                    /usr/lib/x86_64-linux-gnu/libGLESv1_CM.so.352.41
7fcad4444000-7fcad4447000 rw-p 0000a000 08:03 6423188                    /usr/lib/x86_64-linux-gnu/libGLESv1_CM.so.352.41
7fcad4447000-7fcad44c7000 rw-s 1a54b3000 00:06 14302                     /dev/nvidiactl
7fcad44c7000-7fcad4547000 rw-s 1a5612000 00:06 14302                     /dev/nvidiactl
7fcad4547000-7fcad45c7000 rw-s 1a54e1000 00:06 14302                     /dev/nvidiactl
7fcad45c7000-7fcad46c7000 rw-s 1f9757000 00:06 14302                     /dev/nvidiactl
7fcad46c7000-7fcad46ca000 ---p 00000000 00:00 0 
7fcad46ca000-7fcad47c8000 rw-p 00000000 00:00 0                          [stack:2616]
7fcad47c8000-7fcad4824000 r-xp 00000000 08:03 6029383                    /tmp/jogamp_0000/file_cache/jln5792856993810041113/jln2734585383351307938/natives/linux-amd64/libjogl_mobile.so
7fcad4824000-7fcad4a24000 ---p 0005c000 08:03 6029383                    /tmp/jogamp_0000/file_cache/jln5792856993810041113/jln2734585383351307938/natives/linux-amd64/libjogl_mobile.so
7fcad4a24000-7fcad4a25000 rw-p 0005c000 08:03 6029383                    /tmp/jogamp_0000/file_cache/jln5792856993810041113/jln2734585383351307938/natives/linux-amd64/libjogl_mobile.so
7fcad4a25000-7fcad4a93000 r-xp 00000000 08:03 6423014                    /usr/lib/x86_64-linux-gnu/libnvidia-glsi.so.352.41
7fcad4a93000-7fcad4c92000 ---p 0006e000 08:03 6423014                    /usr/lib/x86_64-linux-gnu/libnvidia-glsi.so.352.41
7fcad4c92000-7fcad4c9b000 rw-p 0006d000 08:03 6423014                    /usr/lib/x86_64-linux-gnu/libnvidia-glsi.so.352.41
7fcad4c9b000-7fcad4ca9000 rw-p 00000000 00:00 0 
7fcad4ca9000-7fcad4d66000 r-xp 00000000 08:03 6424032                    /usr/lib/x86_64-linux-gnu/libEGL.so.352.41
7fcad4d66000-7fcad4f66000 ---p 000bd000 08:03 6424032                    /usr/lib/x86_64-linux-gnu/libEGL.so.352.41
7fcad4f66000-7fcad4f8d000 rw-p 000bd000 08:03 6424032                    /usr/lib/x86_64-linux-gnu/libEGL.so.352.41
7fcad4f8d000-7fcad4fa1000 rw-p 00000000 00:00 0 
7fcad4fa1000-7fcad4fb0000 r-xp 00000000 08:03 6423187                    /usr/lib/x86_64-linux-gnu/libGLESv2.so.352.41
7fcad4fb0000-7fcad51b0000 ---p 0000f000 08:03 6423187                    /usr/lib/x86_64-linux-gnu/libGLESv2.so.352.41
7fcad51b0000-7fcad51b3000 rw-p 0000f000 08:03 6423187                    /usr/lib/x86_64-linux-gnu/libGLESv2.so.352.41
7fcad51b3000-7fcad51b4000 rw-p 00000000 00:00 0 
7fcad51b4000-7fcad51b7000 ---p 00000000 00:00 0 
7fcad51b7000-7fcad52b5000 rw-p 00000000 00:00 0                          [stack:2615]
7fcad52b5000-7fcad536d000 r-xp 00000000 08:03 6029378                    /tmp/jogamp_0000/file_cache/jln5792856993810041113/jln2734585383351307938/natives/linux-amd64/libjogl_desktop.so
7fcad536d000-7fcad556d000 ---p 000b8000 08:03 6029378                    /tmp/jogamp_0000/file_cache/jln5792856993810041113/jln2734585383351307938/natives/linux-amd64/libjogl_desktop.so
7fcad556d000-7fcad556e000 rw-p 000b8000 08:03 6029378                    /tmp/jogamp_0000/file_cache/jln5792856993810041113/jln2734585383351307938/natives/linux-amd64/libjogl_desktop.so
7fcad556e000-7fcad6f6a000 r-xp 00000000 08:03 6426935                    /usr/lib/x86_64-linux-gnu/libnvidia-glcore.so.352.41
7fcad6f6a000-7fcad6f8a000 rwxp 019fc000 08:03 6426935                    /usr/lib/x86_64-linux-gnu/libnvidia-glcore.so.352.41
7fcad6f8a000-7fcad7251000 r-xp 01a1c000 08:03 6426935                    /usr/lib/x86_64-linux-gnu/libnvidia-glcore.so.352.41
7fcad7251000-7fcad7450000 ---p 01ce3000 08:03 6426935                    /usr/lib/x86_64-linux-gnu/libnvidia-glcore.so.352.41
7fcad7450000-7fcad7fec000 rw-p 01ce2000 08:03 6426935                    /usr/lib/x86_64-linux-gnu/libnvidia-glcore.so.352.41
7fcad7fec000-7fcad8000000 rw-p 00000000 00:00 0 
7fcad8000000-7fcad8021000 rw-p 00000000 00:00 0 
7fcad8021000-7fcadc000000 ---p 00000000 00:00 0 
7fcadc04b000-7fcadc04c000 rw-p 00000000 00:00 0 
7fcadc04c000-7fcadc06c000 rw-s d8220000 00:06 14303                      /dev/nvidia0
7fcadc06c000-7fcadc0ac000 rw-s 1f3156000 00:06 14302                     /dev/nvidiactl
7fcadc0ac000-7fcadc0cc000 rw-s 2065b6000 00:06 14302                     /dev/nvidiactl
7fcadc0cc000-7fcadc0cf000 r-xp 00000000 08:03 6819344                    /usr/lib/x86_64-linux-gnu/tls/libnvidia-tls.so.352.41
7fcadc0cf000-7fcadc2ce000 ---p 00003000 08:03 6819344                    /usr/lib/x86_64-linux-gnu/tls/libnvidia-tls.so.352.41
7fcadc2ce000-7fcadc2cf000 rw-p 00002000 08:03 6819344                    /usr/lib/x86_64-linux-gnu/tls/libnvidia-tls.so.352.41
7fcadc2cf000-7fcadc38d000 r-xp 00000000 08:03 6426936                    /usr/lib/x86_64-linux-gnu/libGL.so.352.41
7fcadc38d000-7fcadc3c0000 rwxp 000be000 08:03 6426936                    /usr/lib/x86_64-linux-gnu/libGL.so.352.41
7fcadc3c0000-7fcadc3d2000 r-xp 000f1000 08:03 6426936                    /usr/lib/x86_64-linux-gnu/libGL.so.352.41
7fcadc3d2000-7fcadc5d1000 ---p 00103000 08:03 6426936                    /usr/lib/x86_64-linux-gnu/libGL.so.352.41
7fcadc5d1000-7fcadc5f9000 rw-p 00102000 08:03 6426936                    /usr/lib/x86_64-linux-gnu/libGL.so.352.41
7fcadc5f9000-7fcadc7ff000 rw-p 00000000 00:00 0 
7fcadc7ff000-7fcadc801000 r-xp 00000000 08:03 6430960                    /usr/lib/x86_64-linux-gnu/libXinerama.so.1.0.0
7fcadc801000-7fcadca00000 ---p 00002000 08:03 6430960                    /usr/lib/x86_64-linux-gnu/libXinerama.so.1.0.0
7fcadca00000-7fcadca01000 r--p 00001000 08:03 6430960                    /usr/lib/x86_64-linux-gnu/libXinerama.so.1.0.0
7fcadca01000-7fcadca02000 rw-p 00002000 08:03 6430960                    /usr/lib/x86_64-linux-gnu/libXinerama.so.1.0.0
7fcadca02000-7fcadcc02000 rw-p 00000000 00:00 0 
7fcadcc02000-7fcadcc0b000 r-xp 00000000 08:03 6430970                    /usr/lib/x86_64-linux-gnu/libXrandr.so.2.2.0
7fcadcc0b000-7fcadce0a000 ---p 00009000 08:03 6430970                    /usr/lib/x86_64-linux-gnu/libXrandr.so.2.2.0
7fcadce0a000-7fcadce0b000 r--p 00008000 08:03 6430970                    /usr/lib/x86_64-linux-gnu/libXrandr.so.2.2.0
7fcadce0b000-7fcadce0c000 rw-p 00009000 08:03 6430970                    /usr/lib/x86_64-linux-gnu/libXrandr.so.2.2.0
7fcadce0c000-7fcadce1d000 r-xp 00000000 08:03 6029377                    /tmp/jogamp_0000/file_cache/jln5792856993810041113/jln2734585383351307938/natives/linux-amd64/libnewt.so
7fcadce1d000-7fcadd01c000 ---p 00011000 08:03 6029377                    /tmp/jogamp_0000/file_cache/jln5792856993810041113/jln2734585383351307938/natives/linux-amd64/libnewt.so
7fcadd01c000-7fcadd01d000 rw-p 00010000 08:03 6029377                    /tmp/jogamp_0000/file_cache/jln5792856993810041113/jln2734585383351307938/natives/linux-amd64/libnewt.so
7fcadd01d000-7fcadd024000 r-xp 00000000 08:03 6029376                    /tmp/jogamp_0000/file_cache/jln5792856993810041113/jln2734585383351307938/natives/linux-amd64/libnativewindow_x11.so
7fcadd024000-7fcadd223000 ---p 00007000 08:03 6029376                    /tmp/jogamp_0000/file_cache/jln5792856993810041113/jln2734585383351307938/natives/linux-amd64/libnativewindow_x11.so
7fcadd223000-7fcadd224000 rw-p 00006000 08:03 6029376                    /tmp/jogamp_0000/file_cache/jln5792856993810041113/jln2734585383351307938/natives/linux-amd64/libnativewindow_x11.so
7fcadd224000-7fcadd227000 ---p 00000000 00:00 0 
7fcadd227000-7fcadd325000 rw-p 00000000 00:00 0                          [stack:2614]
7fcadd325000-7fcadd328000 ---p 00000000 00:00 0 
7fcadd328000-7fcadd426000 rw-p 00000000 00:00 0                          [stack:2613]
7fcadd426000-7fcadd42a000 r-xp 00000000 08:03 6430988                    /usr/lib/x86_64-linux-gnu/libXxf86vm.so.1.0.0
7fcadd42a000-7fcadd62a000 ---p 00004000 08:03 6430988                    /usr/lib/x86_64-linux-gnu/libXxf86vm.so.1.0.0
7fcadd62a000-7fcadd62b000 r--p 00004000 08:03 6430988                    /usr/lib/x86_64-linux-gnu/libXxf86vm.so.1.0.0
7fcadd62b000-7fcadd62c000 rw-p 00005000 08:03 6430988                    /usr/lib/x86_64-linux-gnu/libXxf86vm.so.1.0.0
7fcadd62c000-7fcadd62e000 r-xp 00000000 08:03 6029375                    /tmp/jogamp_0000/file_cache/jln5792856993810041113/jln2734585383351307938/natives/linux-amd64/libnativewindow_awt.so
7fcadd62e000-7fcadd82d000 ---p 00002000 08:03 6029375                    /tmp/jogamp_0000/file_cache/jln5792856993810041113/jln2734585383351307938/natives/linux-amd64/libnativewindow_awt.so
7fcadd82d000-7fcadd82e000 rw-p 00001000 08:03 6029375                    /tmp/jogamp_0000/file_cache/jln5792856993810041113/jln2734585383351307938/natives/linux-amd64/libnativewindow_awt.so
7fcadd82e000-7fcadd82f000 r-xp 00000000 08:03 6425220                    /usr/lib/jvm/java-8-openjdk-amd64/jre/lib/amd64/libjawt.so
7fcadd82f000-7fcadda2e000 ---p 00001000 08:03 6425220                    /usr/lib/jvm/java-8-openjdk-amd64/jre/lib/amd64/libjawt.so
7fcadda2e000-7fcadda2f000 r--p 00000000 08:03 6425220                    /usr/lib/jvm/java-8-openjdk-amd64/jre/lib/amd64/libjawt.so
7fcadda2f000-7fcadda30000 rw-p 00001000 08:03 6425220                    /usr/lib/jvm/java-8-openjdk-amd64/jre/lib/amd64/libjawt.so
7fcadda30000-7fcadda35000 r-xp 00000000 08:03 6430952                    /usr/lib/x86_64-linux-gnu/libXfixes.so.3.1.0
7fcadda35000-7fcaddc34000 ---p 00005000 08:03 6430952                    /usr/lib/x86_64-linux-gnu/libXfixes.so.3.1.0
7fcaddc34000-7fcaddc35000 r--p 00004000 08:03 6430952                    /usr/lib/x86_64-linux-gnu/libXfixes.so.3.1.0
7fcaddc35000-7fcaddc36000 rw-p 00005000 08:03 6430952                    /usr/lib/x86_64-linux-gnu/libXfixes.so.3.1.0
7fcaddc36000-7fcaddc3f000 r-xp 00000000 08:03 6430944                    /usr/lib/x86_64-linux-gnu/libXcursor.so.1.0.2
7fcaddc3f000-7fcadde3e000 ---p 00009000 08:03 6430944                    /usr/lib/x86_64-linux-gnu/libXcursor.so.1.0.2
7fcadde3e000-7fcadde3f000 r--p 00008000 08:03 6430944                    /usr/lib/x86_64-linux-gnu/libXcursor.so.1.0.2
7fcadde3f000-7fcadde40000 rw-p 00009000 08:03 6430944                    /usr/lib/x86_64-linux-gnu/libXcursor.so.1.0.2
7fcadde40000-7fcadde65000 r-xp 00000000 08:03 4067650                    /lib/x86_64-linux-gnu/libpng12.so.0.51.0
7fcadde65000-7fcade064000 ---p 00025000 08:03 4067650                    /lib/x86_64-linux-gnu/libpng12.so.0.51.0
7fcade064000-7fcade065000 r--p 00024000 08:03 4067650                    /lib/x86_64-linux-gnu/libpng12.so.0.51.0
7fcade065000-7fcade066000 rw-p 00025000 08:03 4067650                    /lib/x86_64-linux-gnu/libpng12.so.0.51.0
7fcade066000-7fcade108000 r-xp 00000000 08:03 6429055                    /usr/lib/x86_64-linux-gnu/libfreetype.so.6.11.1
7fcade108000-7fcade307000 ---p 000a2000 08:03 6429055                    /usr/lib/x86_64-linux-gnu/libfreetype.so.6.11.1
7fcade307000-7fcade30d000 r--p 000a1000 08:03 6429055                    /usr/lib/x86_64-linux-gnu/libfreetype.so.6.11.1
7fcade30d000-7fcade30e000 rw-p 000a7000 08:03 6429055                    /usr/lib/x86_64-linux-gnu/libfreetype.so.6.11.1
7fcade30e000-7fcade360000 r-xp 00000000 08:03 6425217                    /usr/lib/jvm/java-8-openjdk-amd64/jre/lib/amd64/libfontmanager.so
7fcade360000-7fcade560000 ---p 00052000 08:03 6425217                    /usr/lib/jvm/java-8-openjdk-amd64/jre/lib/amd64/libfontmanager.so
7fcade560000-7fcade563000 r--p 00052000 08:03 6425217                    /usr/lib/jvm/java-8-openjdk-amd64/jre/lib/amd64/libfontmanager.so
7fcade563000-7fcade564000 rw-p 00055000 08:03 6425217                    /usr/lib/jvm/java-8-openjdk-amd64/jre/lib/amd64/libfontmanager.so
7fcade564000-7fcade569000 r-xp 00000000 08:03 6430948                    /usr/lib/x86_64-linux-gnu/libXdmcp.so.6.0.0
7fcade569000-7fcade768000 ---p 00005000 08:03 6430948                    /usr/lib/x86_64-linux-gnu/libXdmcp.so.6.0.0
7fcade768000-7fcade769000 r--p 00004000 08:03 6430948                    /usr/lib/x86_64-linux-gnu/libXdmcp.so.6.0.0
7fcade769000-7fcade76a000 rw-p 00005000 08:03 6430948                    /usr/lib/x86_64-linux-gnu/libXdmcp.so.6.0.0
7fcade76a000-7fcade76c000 r-xp 00000000 08:03 6430937                    /usr/lib/x86_64-linux-gnu/libXau.so.6.0.0
7fcade76c000-7fcade96c000 ---p 00002000 08:03 6430937                    /usr/lib/x86_64-linux-gnu/libXau.so.6.0.0
7fcade96c000-7fcade96d000 r--p 00002000 08:03 6430937                    /usr/lib/x86_64-linux-gnu/libXau.so.6.0.0
7fcade96d000-7fcade96e000 rw-p 00003000 08:03 6430937                    /usr/lib/x86_64-linux-gnu/libXau.so.6.0.0
7fcade96e000-7fcade98b000 r-xp 00000000 08:03 6432135                    /usr/lib/x86_64-linux-gnu/libxcb.so.1.1.0
7fcade98b000-7fcadeb8b000 ---p 0001d000 08:03 6432135                    /usr/lib/x86_64-linux-gnu/libxcb.so.1.1.0
7fcadeb8b000-7fcadeb8c000 r--p 0001d000 08:03 6432135                    /usr/lib/x86_64-linux-gnu/libxcb.so.1.1.0
7fcadeb8c000-7fcadeb8d000 rw-p 0001e000 08:03 6432135                    /usr/lib/x86_64-linux-gnu/libxcb.so.1.1.0
7fcadeb8d000-7fcadeb9c000 r-xp 00000000 08:03 6430958                    /usr/lib/x86_64-linux-gnu/libXi.so.6.1.0
7fcadeb9c000-7fcaded9b000 ---p 0000f000 08:03 6430958                    /usr/lib/x86_64-linux-gnu/libXi.so.6.1.0
7fcaded9b000-7fcaded9c000 r--p 0000e000 08:03 6430958                    /usr/lib/x86_64-linux-gnu/libXi.so.6.1.0
7fcaded9c000-7fcaded9d000 rw-p 0000f000 08:03 6430958                    /usr/lib/x86_64-linux-gnu/libXi.so.6.1.0
7fcaded9d000-7fcadeda2000 r-xp 00000000 08:03 6430978                    /usr/lib/x86_64-linux-gnu/libXtst.so.6.1.0
7fcadeda2000-7fcadefa1000 ---p 00005000 08:03 6430978                    /usr/lib/x86_64-linux-gnu/libXtst.so.6.1.0
7fcadefa1000-7fcadefa2000 r--p 00004000 08:03 6430978                    /usr/lib/x86_64-linux-gnu/libXtst.so.6.1.0
7fcadefa2000-7fcadefa3000 rw-p 00005000 08:03 6430978                    /usr/lib/x86_64-linux-gnu/libXtst.so.6.1.0
7fcadefa3000-7fcadefac000 r-xp 00000000 08:03 6430972                    /usr/lib/x86_64-linux-gnu/libXrender.so.1.3.0
7fcadefac000-7fcadf1ab000 ---p 00009000 08:03 6430972                    /usr/lib/x86_64-linux-gnu/libXrender.so.1.3.0
7fcadf1ab000-7fcadf1ac000 r--p 00008000 08:03 6430972                    /usr/lib/x86_64-linux-gnu/libXrender.so.1.3.0
7fcadf1ac000-7fcadf1ad000 rw-p 00009000 08:03 6430972                    /usr/lib/x86_64-linux-gnu/libXrender.so.1.3.0
7fcadf1ad000-7fcadf2e0000 r-xp 00000000 08:03 6430933                    /usr/lib/x86_64-linux-gnu/libX11.so.6.3.0
7fcadf2e0000-7fcadf4e0000 ---p 00133000 08:03 6430933                    /usr/lib/x86_64-linux-gnu/libX11.so.6.3.0
7fcadf4e0000-7fcadf4e1000 r--p 00133000 08:03 6430933                    /usr/lib/x86_64-linux-gnu/libX11.so.6.3.0
7fcadf4e1000-7fcadf4e5000 rw-p 00134000 08:03 6430933                    /usr/lib/x86_64-linux-gnu/libX11.so.6.3.0
7fcadf4e5000-7fcadf4e6000 rw-p 00000000 00:00 0 
7fcadf4e6000-7fcadf4f7000 r-xp 00000000 08:03 6430950                    /usr/lib/x86_64-linux-gnu/libXext.so.6.4.0
7fcadf4f7000-7fcadf6f6000 ---p 00011000 08:03 6430950                    /usr/lib/x86_64-linux-gnu/libXext.so.6.4.0
7fcadf6f6000-7fcadf6f7000 r--p 00010000 08:03 6430950                    /usr/lib/x86_64-linux-gnu/libXext.so.6.4.0
7fcadf6f7000-7fcadf6f8000 rw-p 00011000 08:03 6430950                    /usr/lib/x86_64-linux-gnu/libXext.so.6.4.0
7fcadf6f8000-7fcae354a000 rw-p 00000000 00:00 0 
7fcae354a000-7fcae355d000 rw-s 1f961a000 00:06 14302                     /dev/nvidiactl
7fcae355d000-7fcae355e000 rw-s 1f9619000 00:06 14302                     /dev/nvidiactl
7fcae355e000-7fcae359e000 rw-s 206570000 00:06 14302                     /dev/nvidiactl
7fcae359e000-7fcae35be000 rw-s 1f979e000 00:06 14302                     /dev/nvidiactl
7fcae35be000-7fcae35c1000 ---p 00000000 00:00 0 
7fcae35c1000-7fcae36bf000 rw-p 00000000 00:00 0                          [stack:2612]
7fcae36bf000-7fcae3716000 r-xp 00000000 08:03 6425205                    /usr/lib/jvm/java-8-openjdk-amd64/jre/lib/amd64/libawt_xawt.so
7fcae3716000-7fcae3916000 ---p 00057000 08:03 6425205                    /usr/lib/jvm/java-8-openjdk-amd64/jre/lib/amd64/libawt_xawt.so
7fcae3916000-7fcae3917000 r--p 00057000 08:03 6425205                    /usr/lib/jvm/java-8-openjdk-amd64/jre/lib/amd64/libawt_xawt.so
7fcae3917000-7fcae391a000 rw-p 00058000 08:03 6425205                    /usr/lib/jvm/java-8-openjdk-amd64/jre/lib/amd64/libawt_xawt.so
7fcae391a000-7fcae391b000 rw-p 00000000 00:00 0 
7fcae391b000-7fcae39bc000 r-xp 00000000 08:03 6425236                    /usr/lib/jvm/java-8-openjdk-amd64/jre/lib/amd64/libawt.so
7fcae39bc000-7fcae3bbb000 ---p 000a1000 08:03 6425236                    /usr/lib/jvm/java-8-openjdk-amd64/jre/lib/amd64/libawt.so
7fcae3bbb000-7fcae3bbc000 r--p 000a0000 08:03 6425236                    /usr/lib/jvm/java-8-openjdk-amd64/jre/lib/amd64/libawt.so
7fcae3bbc000-7fcae3bc7000 rw-p 000a1000 08:03 6425236                    /usr/lib/jvm/java-8-openjdk-amd64/jre/lib/amd64/libawt.so
7fcae3bc7000-7fcae3bec000 rw-p 00000000 00:00 0 
7fcae3bec000-7fcae3bee000 r-xp 00000000 08:03 6029374                    /tmp/jogamp_0000/file_cache/jln5792856993810041113/jln2734585383351307938/natives/linux-amd64/libgluegen-rt.so
7fcae3bee000-7fcae3ded000 ---p 00002000 08:03 6029374                    /tmp/jogamp_0000/file_cache/jln5792856993810041113/jln2734585383351307938/natives/linux-amd64/libgluegen-rt.so
7fcae3ded000-7fcae3dee000 rw-p 00001000 08:03 6029374                    /tmp/jogamp_0000/file_cache/jln5792856993810041113/jln2734585383351307938/natives/linux-amd64/libgluegen-rt.so
7fcae3dee000-7fcae3dff000 r-xp 00000000 08:03 6425228                    /usr/lib/jvm/java-8-openjdk-amd64/jre/lib/amd64/libnio.so
7fcae3dff000-7fcae3ffe000 ---p 00011000 08:03 6425228                    /usr/lib/jvm/java-8-openjdk-amd64/jre/lib/amd64/libnio.so
7fcae3ffe000-7fcae3fff000 r--p 00010000 08:03 6425228                    /usr/lib/jvm/java-8-openjdk-amd64/jre/lib/amd64/libnio.so
7fcae3fff000-7fcae4000000 rw-p 00011000 08:03 6425228                    /usr/lib/jvm/java-8-openjdk-amd64/jre/lib/amd64/libnio.so
7fcae4000000-7fcae4021000 rw-p 00000000 00:00 0 
7fcae4021000-7fcae8000000 ---p 00000000 00:00 0 
7fcae8000000-7fcae8004000 rw-s 2065b7000 00:06 14302                     /dev/nvidiactl
7fcae8004000-7fcae8005000 rw-s dfd63000 00:06 14303                      /dev/nvidia0
7fcae8005000-7fcae8006000 rw-s dfd63000 00:06 14303                      /dev/nvidia0
7fcae8006000-7fcae8007000 rw-s fa642000 00:06 14303                      /dev/nvidia0
7fcae8007000-7fcae8008000 rw-s 20c129000 00:06 14302                     /dev/nvidiactl
7fcae8008000-7fcae8009000 rw-s fa641000 00:06 14303                      /dev/nvidia0
7fcae8009000-7fcae800a000 rw-s 20c128000 00:06 14302                     /dev/nvidiactl
7fcae800a000-7fcae800b000 rw-s 20647b000 00:06 14302                     /dev/nvidiactl
7fcae800b000-7fcae80bf000 rw-s 21f9f5000 00:06 14302                     /dev/nvidiactl
7fcae80bf000-7fcae80d2000 r--s 00345000 08:03 6425242                    /usr/lib/jvm/java-8-openjdk-amd64/jre/lib/resources.jar
7fcae80d2000-7fcae80d5000 ---p 00000000 00:00 0 
7fcae80d5000-7fcae84d4000 rw-p 00000000 00:00 0                          [stack:2611]
7fcae84d4000-7fcae84eb000 r-xp 00000000 08:03 6425209                    /usr/lib/jvm/java-8-openjdk-amd64/jre/lib/amd64/libnet.so
7fcae84eb000-7fcae86ea000 ---p 00017000 08:03 6425209                    /usr/lib/jvm/java-8-openjdk-amd64/jre/lib/amd64/libnet.so
7fcae86ea000-7fcae86eb000 r--p 00016000 08:03 6425209                    /usr/lib/jvm/java-8-openjdk-amd64/jre/lib/amd64/libnet.so
7fcae86eb000-7fcae86ec000 rw-p 00017000 08:03 6425209                    /usr/lib/jvm/java-8-openjdk-amd64/jre/lib/amd64/libnet.so
7fcae86ec000-7fcae86ef000 ---p 00000000 00:00 0 
7fcae86ef000-7fcae8725000 rw-p 00000000 00:00 0                          [stack:2606]
7fcae8725000-7fcae8726000 r--p 00000000 00:00 0 
7fcae8726000-7fcae872b000 r--s 00094000 08:03 6425238                    /usr/lib/jvm/java-8-openjdk-amd64/jre/lib/jsse.jar
7fcae872b000-7fcae872c000 r--s 00001000 08:03 6029436                    /home/elect/.gradle/caches/modules-2/files-2.1/org.jogamp.gluegen/gluegen-rt/2.3.2/f9b848384a343f39f454e59cead435c2c0cbf542/gluegen-rt-2.3.2-natives-windows-i586.jar
7fcae872c000-7fcae872d000 r--s 00001000 08:03 6029435                    /home/elect/.gradle/caches/modules-2/files-2.1/org.jogamp.gluegen/gluegen-rt/2.3.2/85213c97a5a50d8dd37de4c35ef32cd4b0ac2ef0/gluegen-rt-2.3.2-natives-windows-amd64.jar
7fcae872d000-7fcae872e000 r--s 00000000 08:03 6029434                    /home/elect/.gradle/caches/modules-2/files-2.1/org.jogamp.gluegen/gluegen-rt/2.3.2/a5d9ee96c7a365055fba41e30f9a10f42a3c1a3e/gluegen-rt-2.3.2-natives-solaris-i586.jar
7fcae872e000-7fcae872f000 r--s 00001000 08:03 6029433                    /home/elect/.gradle/caches/modules-2/files-2.1/org.jogamp.gluegen/gluegen-rt/2.3.2/9a23cd22c59e3f04082e7589e850b79c9e696dc4/gluegen-rt-2.3.2-natives-solaris-amd64.jar
7fcae872f000-7fcae8730000 r--s 00001000 08:03 6029432                    /home/elect/.gradle/caches/modules-2/files-2.1/org.jogamp.gluegen/gluegen-rt/2.3.2/7227ae9e480354909d80f4df92b30bbb965387be/gluegen-rt-2.3.2-natives-macosx-universal.jar
7fcae8730000-7fcae8732000 r--s 00000000 08:03 6029431                    /home/elect/.gradle/caches/modules-2/files-2.1/org.jogamp.gluegen/gluegen-rt/2.3.2/da68aff010edd35a9ee89b1801dce6e284c7e673/gluegen-rt-2.3.2-natives-linux-i586.jar
7fcae8732000-7fcae8733000 r--s 00000000 08:03 6029430                    /home/elect/.gradle/caches/modules-2/files-2.1/org.jogamp.gluegen/gluegen-rt/2.3.2/f6d3587b061d7ae6e68932fc62317e3500d2112d/gluegen-rt-2.3.2-natives-linux-armv6hf.jar
7fcae8733000-7fcae8734000 r--s 00000000 08:03 6029429                    /home/elect/.gradle/caches/modules-2/files-2.1/org.jogamp.gluegen/gluegen-rt/2.3.2/c55cd566d98d4fcd004b9aaa2c502c8c2dcec192/gluegen-rt-2.3.2-natives-linux-armv6.jar
7fcae8734000-7fcae8736000 r--s 00000000 08:03 6029428                    /home/elect/.gradle/caches/modules-2/files-2.1/org.jogamp.gluegen/gluegen-rt/2.3.2/477a6bc4f9256d8c9935b75d55e2b7b01314440b/gluegen-rt-2.3.2-natives-linux-amd64.jar
7fcae8736000-7fcae8737000 r--s 00001000 08:03 6029427                    /home/elect/.gradle/caches/modules-2/files-2.1/org.jogamp.gluegen/gluegen-rt/2.3.2/2130295b94ef5c19f85fb4ba6107ca193e987858/gluegen-rt-2.3.2-natives-android-armv6.jar
7fcae8737000-7fcae8738000 r--s 00000000 08:03 6029426                    /home/elect/.gradle/caches/modules-2/files-2.1/org.jogamp.gluegen/gluegen-rt/2.3.2/4c104c7aef98cda5c404eacb96b1a4e04fe0dd68/gluegen-rt-2.3.2-natives-android-aarch64.jar
7fcae8738000-7fcae873e000 r--s 0004f000 08:03 6029425                    /home/elect/.gradle/caches/modules-2/files-2.1/org.jogamp.gluegen/gluegen-rt/2.3.2/edc35ccfc13d4a4ad02c50d580874c18bf48bbef/gluegen-rt-2.3.2.jar
7fcae873e000-7fcae873f000 r--s 00004000 08:03 6029498                    /home/elect/.gradle/caches/modules-2/files-2.1/org.jogamp.jogl/newt/2.3.2/e25eae0a0af4c9881b1f105239eb1a11ba8ff062/newt-2.3.2-natives-windows-i586.jar
7fcae873f000-7fcae8740000 r--s 00004000 08:03 6029497                    /home/elect/.gradle/caches/modules-2/files-2.1/org.jogamp.jogl/newt/2.3.2/345a309326786646a4b288824c285331496ccfbe/newt-2.3.2-natives-windows-amd64.jar
7fcae8740000-7fcae8741000 r--s 00005000 08:03 6029496                    /home/elect/.gradle/caches/modules-2/files-2.1/org.jogamp.jogl/newt/2.3.2/87b54f8bfc1e5190418aaaa6a042473f4f556b15/newt-2.3.2-natives-solaris-i586.jar
7fcae8741000-7fcae8742000 r--s 00006000 08:03 6029495                    /home/elect/.gradle/caches/modules-2/files-2.1/org.jogamp.jogl/newt/2.3.2/5ec2a841e5469e21dd36f3d92365afaad86ade3b/newt-2.3.2-natives-solaris-amd64.jar
7fcae8742000-7fcae8743000 r--s 0000e000 08:03 6029494                    /home/elect/.gradle/caches/modules-2/files-2.1/org.jogamp.jogl/newt/2.3.2/eb1257f13f3b411dc83db05ebeb21d44767eaed6/newt-2.3.2-natives-macosx-universal.jar
7fcae8743000-7fcae8744000 r--s 00006000 08:03 6029493                    /home/elect/.gradle/caches/modules-2/files-2.1/org.jogamp.jogl/newt/2.3.2/8e2017dd73e68ae1753f0724e0489d835f791946/newt-2.3.2-natives-linux-i586.jar
7fcae8744000-7fcae8745000 r--s 00005000 08:03 6029492                    /home/elect/.gradle/caches/modules-2/files-2.1/org.jogamp.jogl/newt/2.3.2/e944b80304cda285686fad84963af27e0746b911/newt-2.3.2-natives-linux-armv6hf.jar
7fcae8745000-7fcae8746000 r--s 00005000 08:03 6029491                    /home/elect/.gradle/caches/modules-2/files-2.1/org.jogamp.jogl/newt/2.3.2/f25e0ab0de2dc29d8b16740ff9ae9e52e503bec0/newt-2.3.2-natives-linux-armv6.jar
7fcae8746000-7fcae8747000 r--s 00006000 08:03 6029490                    /home/elect/.gradle/caches/modules-2/files-2.1/org.jogamp.jogl/newt/2.3.2/24007dc5205f4f9773198d1be5f7013a8b6a2b96/newt-2.3.2-natives-linux-amd64.jar
7fcae8747000-7fcae8748000 r--s 00001000 08:03 6029489                    /home/elect/.gradle/caches/modules-2/files-2.1/org.jogamp.jogl/newt/2.3.2/7b425742f16722273c189f5f860f212a01b3b462/newt-2.3.2-natives-android-armv6.jar
7fcae8748000-7fcae874a000 r--s 00000000 08:03 6029488                    /home/elect/.gradle/caches/modules-2/files-2.1/org.jogamp.jogl/newt/2.3.2/f05e8b11b0f7ba31a75033d9b40da603c449635/newt-2.3.2-natives-android-aarch64.jar
7fcae874a000-7fcae874b000 r--s 00008000 08:03 6029487                    /home/elect/.gradle/caches/modules-2/files-2.1/org.jogamp.jogl/newt/2.3.2/c975b00340f112cb8fbbe35bead078f3e64f5a8c/newt-2.3.2-driver-x11.jar
7fcae874b000-7fcae874d000 r--s 00002000 08:03 6029486                    /home/elect/.gradle/caches/modules-2/files-2.1/org.jogamp.jogl/newt/2.3.2/5a009f4d9a1730839eefbb0990fdacc35859b48a/newt-2.3.2-driver-win.jar
7fcae874d000-7fcae874e000 r--s 00007000 08:03 6029485                    /home/elect/.gradle/caches/modules-2/files-2.1/org.jogamp.jogl/newt/2.3.2/cc363a480a51c59ca3a4a24dc982221a3adb2e81/newt-2.3.2-driver-osx.jar
7fcae874e000-7fcae874f000 r--s 00002000 08:03 6029484                    /home/elect/.gradle/caches/modules-2/files-2.1/org.jogamp.jogl/newt/2.3.2/95ef751e091b696ebc4700b5a04891575990122d/newt-2.3.2-driver-linux.jar
7fcae874f000-7fcae8750000 r--s 00001000 08:03 6029483                    /home/elect/.gradle/caches/modules-2/files-2.1/org.jogamp.jogl/newt/2.3.2/14da99081d9289fa556fc6aab4589b229197a3e4/newt-2.3.2-driver-kd.jar
7fcae8750000-7fcae8751000 r--s 00001000 08:03 6029482                    /home/elect/.gradle/caches/modules-2/files-2.1/org.jogamp.jogl/newt/2.3.2/edb56dfa3e4ecdf08c85e6ad78d3a187f7a753c8/newt-2.3.2-driver-intelgdl.jar
7fcae8751000-7fcae8752000 r--s 00002000 08:03 6029481                    /home/elect/.gradle/caches/modules-2/files-2.1/org.jogamp.jogl/newt/2.3.2/4c53748c34d6d2c30908ba3007816ca85f0e0791/newt-2.3.2-driver-bcm-vc.jar
7fcae8752000-7fcae8753000 r--s 00001000 08:03 6029480                    /home/elect/.gradle/caches/modules-2/files-2.1/org.jogamp.jogl/newt/2.3.2/4b4af96e706899860846f04d2933e859234326ca/newt-2.3.2-driver-bcm-old.jar
7fcae8753000-7fcae8754000 r--s 00008000 08:03 6029479                    /home/elect/.gradle/caches/modules-2/files-2.1/org.jogamp.jogl/newt/2.3.2/a43e9001b3651548ceac27061001a0d0054d2908/newt-2.3.2-driver-android.jar
7fcae8754000-7fcae8755000 r--s 00008000 08:03 6029478                    /home/elect/.gradle/caches/modules-2/files-2.1/org.jogamp.jogl/newt/2.3.2/2b7005b3693c301ba81c00a50dae413427f85791/newt-2.3.2-ogl.jar
7fcae8755000-7fcae8757000 r--s 0000b000 08:03 6029477                    /home/elect/.gradle/caches/modules-2/files-2.1/org.jogamp.jogl/newt/2.3.2/5268c4c933bdcc1188e01dc3d0eb218bda277db3/newt-2.3.2-event.jar
7fcae8757000-7fcae875a000 r--s 0002c000 08:03 6029476                    /home/elect/.gradle/caches/modules-2/files-2.1/org.jogamp.jogl/newt/2.3.2/2f0d759de0a7d61be4cba251b573b98bcef608d8/newt-2.3.2.jar
7fcae875a000-7fcae875b000 r--s 00004000 08:03 6029470                    /home/elect/.gradle/caches/modules-2/files-2.1/org.jogamp.jogl/nativewindow/2.3.2/fda8e3b58cd05acb6bae87966710b7633283704a/nativewindow-2.3.2-natives-windows-i586.jar
7fcae875b000-7fcae875c000 r--s 00004000 08:03 6029469                    /home/elect/.gradle/caches/modules-2/files-2.1/org.jogamp.jogl/nativewindow/2.3.2/1ec8ecfe1a35a8c50fe36708875c93a9664f24e/nativewindow-2.3.2-natives-windows-amd64.jar
7fcae875c000-7fcae875e000 r--s 00002000 08:03 6029468                    /home/elect/.gradle/caches/modules-2/files-2.1/org.jogamp.jogl/nativewindow/2.3.2/b887f303070cd0c87a27feabcf344fef9666af66/nativewindow-2.3.2-natives-solaris-i586.jar
7fcae875e000-7fcae875f000 r--s 00003000 08:03 6029467                    /home/elect/.gradle/caches/modules-2/files-2.1/org.jogamp.jogl/nativewindow/2.3.2/63d814027e5f2a1aeb1e9672ec14bc781b8a9843/nativewindow-2.3.2-natives-solaris-amd64.jar
7fcae875f000-7fcae8760000 r--s 00007000 08:03 6029466                    /home/elect/.gradle/caches/modules-2/files-2.1/org.jogamp.jogl/nativewindow/2.3.2/c6bfd67b0ac217a403f73894bacc7044059c2a0c/nativewindow-2.3.2-natives-macosx-universal.jar
7fcae8760000-7fcae8761000 r--s 00003000 08:03 6029465                    /home/elect/.gradle/caches/modules-2/files-2.1/org.jogamp.jogl/nativewindow/2.3.2/4f556326a5d174a31c9af30127f39fd0c876316b/nativewindow-2.3.2-natives-linux-i586.jar
7fcae8761000-7fcae8762000 r--s 00002000 08:03 6029464                    /home/elect/.gradle/caches/modules-2/files-2.1/org.jogamp.jogl/nativewindow/2.3.2/e959e10219f023c27bd4e5582f626e8874825820/nativewindow-2.3.2-natives-linux-armv6hf.jar
7fcae8762000-7fcae8763000 r--s 00002000 08:03 6029463                    /home/elect/.gradle/caches/modules-2/files-2.1/org.jogamp.jogl/nativewindow/2.3.2/3ce179989908a51aec7799dfab4841685e6350f6/nativewindow-2.3.2-natives-linux-armv6.jar
7fcae8763000-7fcae8764000 r--s 00003000 08:03 6029462                    /home/elect/.gradle/caches/modules-2/files-2.1/org.jogamp.jogl/nativewindow/2.3.2/fe23dbb106657ac76f7c981e5357c294623b9f8f/nativewindow-2.3.2-natives-linux-amd64.jar
7fcae8764000-7fcae8765000 r--s 00000000 08:03 6029461                    /home/elect/.gradle/caches/modules-2/files-2.1/org.jogamp.jogl/nativewindow/2.3.2/c2003f72ca3de3f34e4920dc2c50b83a094959b9/nativewindow-2.3.2-natives-android-armv6.jar
7fcae8765000-7fcae8766000 r--s 00000000 08:03 6029460                    /home/elect/.gradle/caches/modules-2/files-2.1/org.jogamp.jogl/nativewindow/2.3.2/b3f9623ef71eadfafce4c70f485e3a93dfe7abdf/nativewindow-2.3.2-natives-android-aarch64.jar
7fcae8766000-7fcae8767000 r--s 00006000 08:03 6029459                    /home/elect/.gradle/caches/modules-2/files-2.1/org.jogamp.jogl/nativewindow/2.3.2/a75599e783ff6cbee68e60f80f00113b5e95919f/nativewindow-2.3.2-os-x11.jar
7fcae8767000-7fcae8768000 r--s 00001000 08:03 6029458                    /home/elect/.gradle/caches/modules-2/files-2.1/org.jogamp.jogl/nativewindow/2.3.2/bac1ceae906c7a80ad37b42f917ecff289c959d9/nativewindow-2.3.2-os-osx.jar
7fcae8768000-7fcae8769000 r--s 00006000 08:03 6029456                    /home/elect/.gradle/caches/modules-2/files-2.1/org.jogamp.jogl/nativewindow/2.3.2/9eeb70fd34c7c86e586ec02f22eaaf8074ddbcb7/nativewindow-2.3.2-os-win.jar
7fcae8769000-7fcae876c000 r--s 00016000 08:03 6029455                    /home/elect/.gradle/caches/modules-2/files-2.1/org.jogamp.jogl/nativewindow/2.3.2/c4e73108a1ccb49110516be8b63d44cf07f0f26b/nativewindow-2.3.2.jar
7fcae876c000-7fcae876e000 r--s 00032000 08:03 6029418                    /home/elect/.gradle/caches/modules-2/files-2.1/org.jogamp.jogl/jogl-all/2.3.2/5db8db5eca6b4445db6cd14f68938736630ae976/jogl-all-2.3.2-natives-windows-i586.jar
7fcae876e000-7fcae876f000 r--s 0003a000 08:03 6029417                    /home/elect/.gradle/caches/modules-2/files-2.1/org.jogamp.jogl/jogl-all/2.3.2/becd519b1f741176561d93645abd90971ca0dca0/jogl-all-2.3.2-natives-windows-amd64.jar
7fcae876f000-7fcae8770000 r--s 00027000 08:03 6029416                    /home/elect/.gradle/caches/modules-2/files-2.1/org.jogamp.jogl/jogl-all/2.3.2/94d1ed501fe53b7f75eab0f712f39802390d0f5b/jogl-all-2.3.2-natives-solaris-i586.jar
7fcae8770000-7fcae8794000 r--s 0031e000 08:03 6029407                    /home/elect/.gradle/caches/modules-2/files-2.1/org.jogamp.jogl/jogl-all/2.3.2/99e0f64bb8882f054825ae4a8a527a17b544a0b5/jogl-all-2.3.2.jar
7fcae8794000-7fcae87b0000 r--s 00393000 08:03 6425245                    /usr/lib/jvm/java-8-openjdk-amd64/jre/lib/ext/cldrdata.jar
7fcae87b0000-7fcae87ca000 r--s 001d3000 08:03 6425246                    /usr/lib/jvm/java-8-openjdk-amd64/jre/lib/ext/nashorn.jar
7fcae87ca000-7fcae87cb000 ---p 00000000 00:00 0 
7fcae87cb000-7fcae88cb000 rw-p 00000000 00:00 0                          [stack:2602]
7fcae88cb000-7fcae88ce000 ---p 00000000 00:00 0 
7fcae88ce000-7fcae89cc000 rw-p 00000000 00:00 0                          [stack:2601]
7fcae89cc000-7fcae89cf000 ---p 00000000 00:00 0 
7fcae89cf000-7fcae8acd000 rw-p 00000000 00:00 0                          [stack:2600]
7fcae8acd000-7fcae8ad0000 ---p 00000000 00:00 0 
7fcae8ad0000-7fcae8bce000 rw-p 00000000 00:00 0                          [stack:2599]
7fcae8bce000-7fcae8bd1000 ---p 00000000 00:00 0 
7fcae8bd1000-7fcae8ccf000 rw-p 00000000 00:00 0                          [stack:2598]
7fcae8ccf000-7fcae8cd2000 ---p 00000000 00:00 0 
7fcae8cd2000-7fcae8dd0000 rw-p 00000000 00:00 0                          [stack:2597]
7fcae8dd0000-7fcae94b3000 r--p 00000000 08:03 6429964                    /usr/lib/locale/locale-archive
7fcae94b3000-7fcae94b6000 ---p 00000000 00:00 0 
7fcae94b6000-7fcae95b4000 rw-p 00000000 00:00 0                          [stack:2596]
7fcae95b4000-7fcae95b7000 ---p 00000000 00:00 0 
7fcae95b7000-7fcae96b5000 rw-p 00000000 00:00 0                          [stack:2595]
7fcae96b5000-7fcae96b6000 ---p 00000000 00:00 0 
7fcae96b6000-7fcaea796000 rw-p 00000000 00:00 0                          [stack:2594]
7fcaea796000-7fcaea963000 r--s 03bd3000 08:03 6425271                    /usr/lib/jvm/java-8-openjdk-amd64/jre/lib/rt.jar
7fcaea963000-7fcaeb548000 rw-p 00000000 00:00 0 
7fcaeb548000-7fcaeb549000 ---p 00000000 00:00 0 
7fcaeb549000-7fcaeb649000 rw-p 00000000 00:00 0                          [stack:2591]
7fcaeb649000-7fcaeb64a000 ---p 00000000 00:00 0 
7fcaeb64a000-7fcaeb74a000 rw-p 00000000 00:00 0                          [stack:2590]
7fcaeb74a000-7fcaeb74b000 ---p 00000000 00:00 0 
7fcaeb74b000-7fcaeb84b000 rw-p 00000000 00:00 0                          [stack:2589]
7fcaeb84b000-7fcaeb84c000 ---p 00000000 00:00 0 
7fcaeb84c000-7fcaeb976000 rw-p 00000000 00:00 0                          [stack:2588]
7fcaeb976000-7fcaebbe5000 ---p 00000000 00:00 0 
7fcaebbe5000-7fcaebc0f000 rw-p 00000000 00:00 0 
7fcaebc0f000-7fcaebe7d000 ---p 00000000 00:00 0 
7fcaebe7d000-7fcaebe93000 rw-p 00000000 00:00 0 
7fcaebe93000-7fcaebfca000 ---p 00000000 00:00 0 
7fcaebfca000-7fcaebfd8000 rw-p 00000000 00:00 0 
7fcaebfd8000-7fcaec38b000 ---p 00000000 00:00 0 
7fcaec38b000-7fcaec6ab000 rwxp 00000000 00:00 0 
7fcaec6ab000-7fcafb38b000 ---p 00000000 00:00 0 
7fcafb38b000-7fcafb393000 r-xp 00000000 08:03 6425202                    /usr/lib/jvm/java-8-openjdk-amd64/jre/lib/amd64/libzip.so
7fcafb393000-7fcafb592000 ---p 00008000 08:03 6425202                    /usr/lib/jvm/java-8-openjdk-amd64/jre/lib/amd64/libzip.so
7fcafb592000-7fcafb593000 r--p 00007000 08:03 6425202                    /usr/lib/jvm/java-8-openjdk-amd64/jre/lib/amd64/libzip.so
7fcafb593000-7fcafb594000 rw-p 00008000 08:03 6425202                    /usr/lib/jvm/java-8-openjdk-amd64/jre/lib/amd64/libzip.so
7fcafb594000-7fcafb5a0000 r-xp 00000000 08:03 4067608                    /lib/x86_64-linux-gnu/libnss_files-2.21.so
7fcafb5a0000-7fcafb79f000 ---p 0000c000 08:03 4067608                    /lib/x86_64-linux-gnu/libnss_files-2.21.so
7fcafb79f000-7fcafb7a0000 r--p 0000b000 08:03 4067608                    /lib/x86_64-linux-gnu/libnss_files-2.21.so
7fcafb7a0000-7fcafb7a1000 rw-p 0000c000 08:03 4067608                    /lib/x86_64-linux-gnu/libnss_files-2.21.so
7fcafb7a1000-7fcafb7ac000 r-xp 00000000 08:03 4067618                    /lib/x86_64-linux-gnu/libnss_nis-2.21.so
7fcafb7ac000-7fcafb9ab000 ---p 0000b000 08:03 4067618                    /lib/x86_64-linux-gnu/libnss_nis-2.21.so
7fcafb9ab000-7fcafb9ac000 r--p 0000a000 08:03 4067618                    /lib/x86_64-linux-gnu/libnss_nis-2.21.so
7fcafb9ac000-7fcafb9ad000 rw-p 0000b000 08:03 4067618                    /lib/x86_64-linux-gnu/libnss_nis-2.21.so
7fcafb9ad000-7fcafb9c4000 r-xp 00000000 08:03 4067602                    /lib/x86_64-linux-gnu/libnsl-2.21.so
7fcafb9c4000-7fcafbbc3000 ---p 00017000 08:03 4067602                    /lib/x86_64-linux-gnu/libnsl-2.21.so
7fcafbbc3000-7fcafbbc4000 r--p 00016000 08:03 4067602                    /lib/x86_64-linux-gnu/libnsl-2.21.so
7fcafbbc4000-7fcafbbc5000 rw-p 00017000 08:03 4067602                    /lib/x86_64-linux-gnu/libnsl-2.21.so
7fcafbbc5000-7fcafbbc7000 rw-p 00000000 00:00 0 
7fcafbbc7000-7fcafbbcf000 r-xp 00000000 08:03 4067604                    /lib/x86_64-linux-gnu/libnss_compat-2.21.so
7fcafbbcf000-7fcafbdce000 ---p 00008000 08:03 4067604                    /lib/x86_64-linux-gnu/libnss_compat-2.21.so
7fcafbdce000-7fcafbdcf000 r--p 00007000 08:03 4067604                    /lib/x86_64-linux-gnu/libnss_compat-2.21.so
7fcafbdcf000-7fcafbdd0000 rw-p 00008000 08:03 4067604                    /lib/x86_64-linux-gnu/libnss_compat-2.21.so
7fcafbdd0000-7fcafbdfe000 r-xp 00000000 08:03 6425199                    /usr/lib/jvm/java-8-openjdk-amd64/jre/lib/amd64/libjava.so
7fcafbdfe000-7fcafbffd000 ---p 0002e000 08:03 6425199                    /usr/lib/jvm/java-8-openjdk-amd64/jre/lib/amd64/libjava.so
7fcafbffd000-7fcafbffe000 r--p 0002d000 08:03 6425199                    /usr/lib/jvm/java-8-openjdk-amd64/jre/lib/amd64/libjava.so
7fcafbffe000-7fcafc000000 rw-p 0002e000 08:03 6425199                    /usr/lib/jvm/java-8-openjdk-amd64/jre/lib/amd64/libjava.so
7fcafc000000-7fcafcc31000 rw-p 00000000 00:00 0 
7fcafcc31000-7fcb00000000 ---p 00000000 00:00 0 
7fcb00000000-7fcb00001000 r--s 00035000 08:03 6029415                    /home/elect/.gradle/caches/modules-2/files-2.1/org.jogamp.jogl/jogl-all/2.3.2/bde11ff064181af9c307180d8f3f1744b7bdc11d/jogl-all-2.3.2-natives-solaris-amd64.jar
7fcb00001000-7fcb00002000 r--s 0006c000 08:03 6029414                    /home/elect/.gradle/caches/modules-2/files-2.1/org.jogamp.jogl/jogl-all/2.3.2/2da2215dbe1091c54cb83cf2484f8a54a4d0cf7a/jogl-all-2.3.2-natives-macosx-universal.jar
7fcb00002000-7fcb00004000 r--s 00034000 08:03 6029413                    /home/elect/.gradle/caches/modules-2/files-2.1/org.jogamp.jogl/jogl-all/2.3.2/59b7a336c0ee54161e33662d2ca8ac9d8f6c476d/jogl-all-2.3.2-natives-linux-i586.jar
7fcb00004000-7fcb00005000 r--s 00028000 08:03 6029412                    /home/elect/.gradle/caches/modules-2/files-2.1/org.jogamp.jogl/jogl-all/2.3.2/2c434c560dbd821b0ed569e44d3d441727491dac/jogl-all-2.3.2-natives-linux-armv6hf.jar
7fcb00005000-7fcb00006000 r--s 00027000 08:03 6029411                    /home/elect/.gradle/caches/modules-2/files-2.1/org.jogamp.jogl/jogl-all/2.3.2/6d14f46336be9e2dc5f85d5df17490cee5d09a90/jogl-all-2.3.2-natives-linux-armv6.jar
7fcb00006000-7fcb00007000 r--s 00036000 08:03 6029410                    /home/elect/.gradle/caches/modules-2/files-2.1/org.jogamp.jogl/jogl-all/2.3.2/ffd1c6bd5f6fb088df6cad25e25721eb55ad2228/jogl-all-2.3.2-natives-linux-amd64.jar
7fcb00007000-7fcb00008000 r--s 0000f000 08:03 6029409                    /home/elect/.gradle/caches/modules-2/files-2.1/org.jogamp.jogl/jogl-all/2.3.2/ab2c18b8a1327255cc354c19c720807d262baa75/jogl-all-2.3.2-natives-android-armv6.jar
7fcb00008000-7fcb0007e000 rw-p 00000000 00:00 0 
7fcb0007e000-7fcb0008d000 r-xp 00000000 08:03 6425214                    /usr/lib/jvm/java-8-openjdk-amd64/jre/lib/amd64/libverify.so
7fcb0008d000-7fcb0028d000 ---p 0000f000 08:03 6425214                    /usr/lib/jvm/java-8-openjdk-amd64/jre/lib/amd64/libverify.so
7fcb0028d000-7fcb00290000 r--p 0000f000 08:03 6425214                    /usr/lib/jvm/java-8-openjdk-amd64/jre/lib/amd64/libverify.so
7fcb00290000-7fcb00291000 rw-p 00012000 08:03 6425214                    /usr/lib/jvm/java-8-openjdk-amd64/jre/lib/amd64/libverify.so
7fcb00291000-7fcb00298000 r-xp 00000000 08:03 4067663                    /lib/x86_64-linux-gnu/librt-2.21.so
7fcb00298000-7fcb00497000 ---p 00007000 08:03 4067663                    /lib/x86_64-linux-gnu/librt-2.21.so
7fcb00497000-7fcb00498000 r--p 00006000 08:03 4067663                    /lib/x86_64-linux-gnu/librt-2.21.so
7fcb00498000-7fcb00499000 rw-p 00007000 08:03 4067663                    /lib/x86_64-linux-gnu/librt-2.21.so
7fcb00499000-7fcb004af000 r-xp 00000000 08:03 4067514                    /lib/x86_64-linux-gnu/libgcc_s.so.1
7fcb004af000-7fcb006ae000 ---p 00016000 08:03 4067514                    /lib/x86_64-linux-gnu/libgcc_s.so.1
7fcb006ae000-7fcb006af000 rw-p 00015000 08:03 4067514                    /lib/x86_64-linux-gnu/libgcc_s.so.1
7fcb006af000-7fcb007b6000 r-xp 00000000 08:03 4067581                    /lib/x86_64-linux-gnu/libm-2.21.so
7fcb007b6000-7fcb009b5000 ---p 00107000 08:03 4067581                    /lib/x86_64-linux-gnu/libm-2.21.so
7fcb009b5000-7fcb009b6000 r--p 00106000 08:03 4067581                    /lib/x86_64-linux-gnu/libm-2.21.so
7fcb009b6000-7fcb009b7000 rw-p 00107000 08:03 4067581                    /lib/x86_64-linux-gnu/libm-2.21.so
7fcb009b7000-7fcb00aa7000 r-xp 00000000 08:03 6431929                    /usr/lib/x86_64-linux-gnu/libstdc++.so.6.0.20
7fcb00aa7000-7fcb00ca7000 ---p 000f0000 08:03 6431929                    /usr/lib/x86_64-linux-gnu/libstdc++.so.6.0.20
7fcb00ca7000-7fcb00caf000 r--p 000f0000 08:03 6431929                    /usr/lib/x86_64-linux-gnu/libstdc++.so.6.0.20
7fcb00caf000-7fcb00cb1000 rw-p 000f8000 08:03 6431929                    /usr/lib/x86_64-linux-gnu/libstdc++.so.6.0.20
7fcb00cb1000-7fcb00cc6000 rw-p 00000000 00:00 0 
7fcb00cc6000-7fcb01953000 r-xp 00000000 08:03 6425226                    /usr/lib/jvm/java-8-openjdk-amd64/jre/lib/amd64/server/libjvm.so
7fcb01953000-7fcb01b53000 ---p 00c8d000 08:03 6425226                    /usr/lib/jvm/java-8-openjdk-amd64/jre/lib/amd64/server/libjvm.so
7fcb01b53000-7fcb01bf6000 r--p 00c8d000 08:03 6425226                    /usr/lib/jvm/java-8-openjdk-amd64/jre/lib/amd64/server/libjvm.so
7fcb01bf6000-7fcb01c1f000 rw-p 00d30000 08:03 6425226                    /usr/lib/jvm/java-8-openjdk-amd64/jre/lib/amd64/server/libjvm.so
7fcb01c1f000-7fcb01c4e000 rw-p 00000000 00:00 0 
7fcb01c4e000-7fcb01c66000 r-xp 00000000 08:03 4067655                    /lib/x86_64-linux-gnu/libpthread-2.21.so
7fcb01c66000-7fcb01e66000 ---p 00018000 08:03 4067655                    /lib/x86_64-linux-gnu/libpthread-2.21.so
7fcb01e66000-7fcb01e67000 r--p 00018000 08:03 4067655                    /lib/x86_64-linux-gnu/libpthread-2.21.so
7fcb01e67000-7fcb01e68000 rw-p 00019000 08:03 4067655                    /lib/x86_64-linux-gnu/libpthread-2.21.so
7fcb01e68000-7fcb01e6c000 rw-p 00000000 00:00 0 
7fcb01e6c000-7fcb01e6f000 r-xp 00000000 08:03 4067539                    /lib/x86_64-linux-gnu/libdl-2.21.so
7fcb01e6f000-7fcb0206e000 ---p 00003000 08:03 4067539                    /lib/x86_64-linux-gnu/libdl-2.21.so
7fcb0206e000-7fcb0206f000 r--p 00002000 08:03 4067539                    /lib/x86_64-linux-gnu/libdl-2.21.so
7fcb0206f000-7fcb02070000 rw-p 00003000 08:03 4067539                    /lib/x86_64-linux-gnu/libdl-2.21.so
7fcb02070000-7fcb02089000 r-xp 00000000 08:03 4067696                    /lib/x86_64-linux-gnu/libz.so.1.2.8
7fcb02089000-7fcb02289000 ---p 00019000 08:03 4067696                    /lib/x86_64-linux-gnu/libz.so.1.2.8
7fcb02289000-7fcb0228a000 r--p 00019000 08:03 4067696                    /lib/x86_64-linux-gnu/libz.so.1.2.8
7fcb0228a000-7fcb0228b000 rw-p 0001a000 08:03 4067696                    /lib/x86_64-linux-gnu/libz.so.1.2.8
7fcb0228b000-7fcb0244b000 r-xp 00000000 08:03 4067522                    /lib/x86_64-linux-gnu/libc-2.21.so
7fcb0244b000-7fcb0264b000 ---p 001c0000 08:03 4067522                    /lib/x86_64-linux-gnu/libc-2.21.so
7fcb0264b000-7fcb0264f000 r--p 001c0000 08:03 4067522                    /lib/x86_64-linux-gnu/libc-2.21.so
7fcb0264f000-7fcb02651000 rw-p 001c4000 08:03 4067522                    /lib/x86_64-linux-gnu/libc-2.21.so
7fcb02651000-7fcb02655000 rw-p 00000000 00:00 0 
7fcb02655000-7fcb02663000 r-xp 00000000 08:03 6425233                    /usr/lib/jvm/java-8-openjdk-amd64/jre/lib/amd64/jli/libjli.so
7fcb02663000-7fcb02862000 ---p 0000e000 08:03 6425233                    /usr/lib/jvm/java-8-openjdk-amd64/jre/lib/amd64/jli/libjli.so
7fcb02862000-7fcb02863000 r--p 0000d000 08:03 6425233                    /usr/lib/jvm/java-8-openjdk-amd64/jre/lib/amd64/jli/libjli.so
7fcb02863000-7fcb02864000 rw-p 0000e000 08:03 6425233                    /usr/lib/jvm/java-8-openjdk-amd64/jre/lib/amd64/jli/libjli.so
7fcb02864000-7fcb02888000 r-xp 00000000 08:03 4067494                    /lib/x86_64-linux-gnu/ld-2.21.so
7fcb02888000-7fcb02889000 r--s 0000f000 08:03 6029408                    /home/elect/.gradle/caches/modules-2/files-2.1/org.jogamp.jogl/jogl-all/2.3.2/166147f43cf7419c4d858cd31f4b5922d6d10c81/jogl-all-2.3.2-natives-android-aarch64.jar
7fcb02889000-7fcb0288a000 r--s 00000000 08:03 6029424                    /home/elect/.gradle/caches/modules-2/files-2.1/org.jogamp.gluegen/gluegen-rt-main/2.3.2/6a86a9ce357c085e3052efcf639447f9957b82b8/gluegen-rt-main-2.3.2.jar
7fcb0288a000-7fcb0288b000 r--s 00000000 08:03 6029457                    /home/elect/.gradle/caches/modules-2/files-2.1/org.jogamp.jogl/newt-main/2.3.2/6a86a9ce357c085e3052efcf639447f9957b82b8/newt-main-2.3.2.jar
7fcb0288b000-7fcb02891000 r--s 0003a000 08:03 6425250                    /usr/lib/jvm/java-8-openjdk-amd64/jre/lib/ext/sunjce_provider.jar
7fcb02891000-7fcb0295c000 rw-p 00000000 00:00 0 
7fcb0295c000-7fcb0295f000 ---p 00000000 00:00 0 
7fcb0295f000-7fcb02a62000 rw-p 00000000 00:00 0                          [stack:2586]
7fcb02a62000-7fcb02a63000 r--s 00000000 08:03 6029454                    /home/elect/.gradle/caches/modules-2/files-2.1/org.jogamp.jogl/nativewindow-main/2.3.2/6a86a9ce357c085e3052efcf639447f9957b82b8/nativewindow-main-2.3.2.jar
7fcb02a63000-7fcb02a64000 r--s 00000000 08:03 6029406                    /home/elect/.gradle/caches/modules-2/files-2.1/org.jogamp.jogl/jogl-all-main/2.3.2/6a86a9ce357c085e3052efcf639447f9957b82b8/jogl-all-main-2.3.2.jar
7fcb02a64000-7fcb02a67000 r--s 0000f000 08:03 6425252                    /usr/lib/jvm/java-8-openjdk-amd64/jre/lib/ext/icedtea-sound.jar
7fcb02a67000-7fcb02a68000 r--s 00008000 08:03 6425247                    /usr/lib/jvm/java-8-openjdk-amd64/jre/lib/ext/sunec.jar
7fcb02a68000-7fcb02a6a000 r--s 00001000 08:03 6425251                    /usr/lib/jvm/java-8-openjdk-amd64/jre/lib/ext/dnsns.jar
7fcb02a6a000-7fcb02a6b000 r--s 00010000 08:03 6425249                    /usr/lib/jvm/java-8-openjdk-amd64/jre/lib/ext/zipfs.jar
7fcb02a6b000-7fcb02a6e000 r--s 00037000 08:03 6425253                    /usr/lib/jvm/java-8-openjdk-amd64/jre/lib/ext/sunpkcs11.jar
7fcb02a6e000-7fcb02a70000 r--s 00006000 08:03 6818084                    /usr/share/java/java-atk-wrapper.jar
7fcb02a70000-7fcb02a7b000 r--s 00116000 08:03 6425248                    /usr/lib/jvm/java-8-openjdk-amd64/jre/lib/ext/localedata.jar
7fcb02a7b000-7fcb02a83000 rw-s 00000000 08:03 6029392                    /tmp/hsperfdata_elect/2583
7fcb02a83000-7fcb02a84000 rw-p 00000000 00:00 0 
7fcb02a84000-7fcb02a85000 r--p 00000000 00:00 0 
7fcb02a85000-7fcb02a87000 rw-p 00000000 00:00 0 
7fcb02a87000-7fcb02a88000 r--p 00023000 08:03 4067494                    /lib/x86_64-linux-gnu/ld-2.21.so
7fcb02a88000-7fcb02a89000 rw-p 00024000 08:03 4067494                    /lib/x86_64-linux-gnu/ld-2.21.so
7fcb02a89000-7fcb02a8a000 rw-p 00000000 00:00 0 
7ffcdb955000-7ffcdb979000 rw-p 00000000 00:00 0                          [stack]
7ffcdb9e0000-7ffcdb9e2000 r--p 00000000 00:00 0                          [vvar]
7ffcdb9e2000-7ffcdb9e4000 r-xp 00000000 00:00 0                          [vdso]
ffffffffff600000-ffffffffff601000 r-xp 00000000 00:00 0                  [vsyscall]

VM Arguments:
jvm_args: -Dfile.encoding=UTF-8 -Duser.country=US -Duser.language=en -Duser.variant 
java_command: test.Main
java_class_path (initial): /home/elect/NetBeansProjects/jgli/build/classes/main:/home/elect/NetBeansProjects/jgli/build/resources/main:/home/elect/.gradle/caches/modules-2/files-2.1/org.jogamp.jogl/jogl-all-main/2.3.2/6a86a9ce357c085e3052efcf639447f9957b82b8/jogl-all-main-2.3.2.jar:/home/elect/.gradle/caches/modules-2/files-2.1/org.jogamp.jogl/nativewindow-main/2.3.2/6a86a9ce357c085e3052efcf639447f9957b82b8/nativewindow-main-2.3.2.jar:/home/elect/.gradle/caches/modules-2/files-2.1/org.jogamp.jogl/newt-main/2.3.2/6a86a9ce357c085e3052efcf639447f9957b82b8/newt-main-2.3.2.jar:/home/elect/.gradle/caches/modules-2/files-2.1/org.jogamp.gluegen/gluegen-rt-main/2.3.2/6a86a9ce357c085e3052efcf639447f9957b82b8/gluegen-rt-main-2.3.2.jar:/home/elect/.gradle/caches/modules-2/files-2.1/org.jogamp.jogl/jogl-all/2.3.2/99e0f64bb8882f054825ae4a8a527a17b544a0b5/jogl-all-2.3.2.jar:/home/elect/.gradle/caches/modules-2/files-2.1/org.jogamp.jogl/jogl-all/2.3.2/166147f43cf7419c4d858cd31f4b5922d6d10c81/jogl-all-2.3.2-natives-android-aarch64.jar:/home/elect/.gradle/caches/modules-2/files-2.1/org.jogamp.jogl/jogl-all/2.3.2/ab2c18b8a1327255cc354c19c720807d262baa75/jogl-all-2.3.2-natives-android-armv6.jar:/home/elect/.gradle/caches/modules-2/files-2.1/org.jogamp.jogl/jogl-all/2.3.2/ffd1c6bd5f6fb088df6cad25e25721eb55ad2228/jogl-all-2.3.2-natives-linux-amd64.jar:/home/elect/.gradle/caches/modules-2/files-2.1/org.jogamp.jogl/jogl-all/2.3.2/6d14f46336be9e2dc5f85d5df17490cee5d09a90/jogl-all-2.3.2-natives-linux-armv6.jar:/home/elect/.gradle/caches/modules-2/files-2.1/org.jogamp.jogl/jogl-all/2.3.2/2c434c560dbd821b0ed569e44d3d441727491dac/jogl-all-2.3.2-natives-linux-armv6hf.jar:/home/elect/.gradle/caches/modules-2/files-2.1/org.jogamp.jogl/jogl-all/2.3.2/59b7a336c0ee54161e33662d2ca8ac9d8f6c476d/jogl-all-2.3.2-natives-linux-i586.jar:/home/elect/.gradle/caches/modules-2/files-2.1/org.jogamp.jogl/jogl-all/2.3.2/2da2215dbe1091c54cb83cf2484f8a54a4d0cf7a/jogl-all-2.3.2-natives-macosx-universal.jar:/home/el
Launcher Type: SUN_STANDARD

Environment Variables:
PATH=/usr/local/sbin:/usr/local/bin:/usr/sbin:/usr/bin:/sbin:/bin:/usr/games:/usr/local/games
LD_LIBRARY_PATH=/usr/lib/jvm/java-8-openjdk-amd64/jre/lib/amd64:/usr/lib/jvm/java-8-openjdk-amd64/jre/lib/i386:
SHELL=/bin/bash
DISPLAY=:0

Signal Handlers:
SIGSEGV: [libjvm.so+0xa90d80], sa_mask[0]=11111111011111111101111111111110, sa_flags=SA_RESTART|SA_SIGINFO
SIGBUS: [libjvm.so+0xa90d80], sa_mask[0]=11111111011111111101111111111110, sa_flags=SA_RESTART|SA_SIGINFO
SIGFPE: [libjvm.so+0x8dbc70], sa_mask[0]=11111111011111111101111111111110, sa_flags=SA_RESTART|SA_SIGINFO
SIGPIPE: [libjvm.so+0x8dbc70], sa_mask[0]=11111111011111111101111111111110, sa_flags=SA_RESTART|SA_SIGINFO
SIGXFSZ: [libjvm.so+0x8dbc70], sa_mask[0]=11111111011111111101111111111110, sa_flags=SA_RESTART|SA_SIGINFO
SIGILL: [libjvm.so+0x8dbc70], sa_mask[0]=11111111011111111101111111111110, sa_flags=SA_RESTART|SA_SIGINFO
SIGUSR1: SIG_DFL, sa_mask[0]=00000000000000000000000000000000, sa_flags=none
SIGUSR2: [libjvm.so+0x8dbb20], sa_mask[0]=00100000000000000000000000000000, sa_flags=SA_RESTART|SA_SIGINFO
SIGHUP: [libjvm.so+0x8dbd40], sa_mask[0]=11111111011111111101111111111110, sa_flags=SA_RESTART|SA_SIGINFO
SIGINT: SIG_IGN, sa_mask[0]=00000000000000000000000000000000, sa_flags=none
SIGTERM: [libjvm.so+0x8dbd40], sa_mask[0]=11111111011111111101111111111110, sa_flags=SA_RESTART|SA_SIGINFO
SIGQUIT: [libjvm.so+0x8dbd40], sa_mask[0]=11111111011111111101111111111110, sa_flags=SA_RESTART|SA_SIGINFO


---------------  S Y S T E M  ---------------

OS:DISTRIB_ID=Ubuntu
DISTRIB_RELEASE=15.04
DISTRIB_CODENAME=vivid
DISTRIB_DESCRIPTION="Ubuntu 15.04"

uname:Linux 3.19.0-31-generic #36-Ubuntu SMP Wed Oct 7 15:04:02 UTC 2015 x86_64
libc:glibc 2.21 NPTL 2.21 
rlimit: STACK 8192k, CORE 0k, NPROC 31805, NOFILE 65536, AS infinity
load average:0,20 0,40 0,34

/proc/meminfo:
MemTotal:        8164552 kB
MemFree:         4516792 kB
MemAvailable:    5751212 kB
Buffers:           96944 kB
Cached:          1298036 kB
SwapCached:            0 kB
Active:          2448932 kB
Inactive:         973508 kB
Active(anon):    2028180 kB
Inactive(anon):    31608 kB
Active(file):     420752 kB
Inactive(file):   941900 kB
Unevictable:           0 kB
Mlocked:               0 kB
SwapTotal:       1048572 kB
SwapFree:        1048572 kB
Dirty:              1456 kB
Writeback:             0 kB
AnonPages:       2027156 kB
Mapped:           307164 kB
Shmem:             32632 kB
Slab:             110784 kB
SReclaimable:      81404 kB
SUnreclaim:        29380 kB
KernelStack:        8224 kB
PageTables:        28744 kB
NFS_Unstable:          0 kB
Bounce:                0 kB
WritebackTmp:          0 kB
CommitLimit:     5130848 kB
Committed_AS:    5598892 kB
VmallocTotal:   34359738367 kB
VmallocUsed:      325548 kB
VmallocChunk:   34359409628 kB
HardwareCorrupted:     0 kB
AnonHugePages:    847872 kB
CmaTotal:              0 kB
CmaFree:               0 kB
HugePages_Total:       0
HugePages_Free:        0
HugePages_Rsvd:        0
HugePages_Surp:        0
Hugepagesize:       2048 kB
DirectMap4k:      150976 kB
DirectMap2M:     8228864 kB


CPU:total 4 (4 cores per cpu, 1 threads per core) family 6 model 30 stepping 5, cmov, cx8, fxsr, mmx, sse, sse2, sse3, ssse3, sse4.1, sse4.2, popcnt, tsc, tscinvbit

/proc/cpuinfo:
processor	: 0
vendor_id	: GenuineIntel
cpu family	: 6
model		: 30
model name	: Intel(R) Core(TM) i5 CPU         750  @ 2.67GHz
stepping	: 5
microcode	: 0x7
cpu MHz		: 2267.000
cache size	: 8192 KB
physical id	: 0
siblings	: 4
core id		: 0
cpu cores	: 4
apicid		: 0
initial apicid	: 0
fpu		: yes
fpu_exception	: yes
cpuid level	: 11
wp		: yes
flags		: fpu vme de pse tsc msr pae mce cx8 apic sep mtrr pge mca cmov pat pse36 clflush dts acpi mmx fxsr sse sse2 ss ht tm pbe syscall nx rdtscp lm constant_tsc arch_perfmon pebs bts rep_good nopl xtopology nonstop_tsc aperfmperf pni dtes64 monitor ds_cpl vmx smx est tm2 ssse3 cx16 xtpr pdcm sse4_1 sse4_2 popcnt lahf_lm ida dtherm tpr_shadow vnmi flexpriority ept vpid
bugs		:
bogomips	: 5352.01
clflush size	: 64
cache_alignment	: 64
address sizes	: 36 bits physical, 48 bits virtual
power management:

processor	: 1
vendor_id	: GenuineIntel
cpu family	: 6
model		: 30
model name	: Intel(R) Core(TM) i5 CPU         750  @ 2.67GHz
stepping	: 5
microcode	: 0x7
cpu MHz		: 2133.000
cache size	: 8192 KB
physical id	: 0
siblings	: 4
core id		: 1
cpu cores	: 4
apicid		: 2
initial apicid	: 2
fpu		: yes
fpu_exception	: yes
cpuid level	: 11
wp		: yes
flags		: fpu vme de pse tsc msr pae mce cx8 apic sep mtrr pge mca cmov pat pse36 clflush dts acpi mmx fxsr sse sse2 ss ht tm pbe syscall nx rdtscp lm constant_tsc arch_perfmon pebs bts rep_good nopl xtopology nonstop_tsc aperfmperf pni dtes64 monitor ds_cpl vmx smx est tm2 ssse3 cx16 xtpr pdcm sse4_1 sse4_2 popcnt lahf_lm ida dtherm tpr_shadow vnmi flexpriority ept vpid
bugs		:
bogomips	: 5352.01
clflush size	: 64
cache_alignment	: 64
address sizes	: 36 bits physical, 48 bits virtual
power management:

processor	: 2
vendor_id	: GenuineIntel
cpu family	: 6
model		: 30
model name	: Intel(R) Core(TM) i5 CPU         750  @ 2.67GHz
stepping	: 5
microcode	: 0x7
cpu MHz		: 2668.000
cache size	: 8192 KB
physical id	: 0
siblings	: 4
core id		: 2
cpu cores	: 4
apicid		: 4
initial apicid	: 4
fpu		: yes
fpu_exception	: yes
cpuid level	: 11
wp		: yes
flags		: fpu vme de pse tsc msr pae mce cx8 apic sep mtrr pge mca cmov pat pse36 clflush dts acpi mmx fxsr sse sse2 ss ht tm pbe syscall nx rdtscp lm constant_tsc arch_perfmon pebs bts rep_good nopl xtopology nonstop_tsc aperfmperf pni dtes64 monitor ds_cpl vmx smx est tm2 ssse3 cx16 xtpr pdcm sse4_1 sse4_2 popcnt lahf_lm ida dtherm tpr_shadow vnmi flexpriority ept vpid
bugs		:
bogomips	: 5352.01
clflush size	: 64
cache_alignment	: 64
address sizes	: 36 bits physical, 48 bits virtual
power management:

processor	: 3
vendor_id	: GenuineIntel
cpu family	: 6
model		: 30
model name	: Intel(R) Core(TM) i5 CPU         750  @ 2.67GHz
stepping	: 5
microcode	: 0x7
cpu MHz		: 2533.000
cache size	: 8192 KB
physical id	: 0
siblings	: 4
core id		: 3
cpu cores	: 4
apicid		: 6
initial apicid	: 6
fpu		: yes
fpu_exception	: yes
cpuid level	: 11
wp		: yes
flags		: fpu vme de pse tsc msr pae mce cx8 apic sep mtrr pge mca cmov pat pse36 clflush dts acpi mmx fxsr sse sse2 ss ht tm pbe syscall nx rdtscp lm constant_tsc arch_perfmon pebs bts rep_good nopl xtopology nonstop_tsc aperfmperf pni dtes64 monitor ds_cpl vmx smx est tm2 ssse3 cx16 xtpr pdcm sse4_1 sse4_2 popcnt lahf_lm ida dtherm tpr_shadow vnmi flexpriority ept vpid
bugs		:
bogomips	: 5352.01
clflush size	: 64
cache_alignment	: 64
address sizes	: 36 bits physical, 48 bits virtual
power management:



Memory: 4k page, physical 8164552k(4516792k free), swap 1048572k(1048572k free)

vm_info: OpenJDK 64-Bit Server VM (25.45-b02) for linux-amd64 JRE (1.8.0_45-internal-b14), built on Apr 20 2015 00:35:04 by "buildd" with gcc 4.9.2

time: Wed Oct 21 23:21:30 2015
elapsed time: 0 seconds (0d 0h 0m 0s)

