#
# A fatal error has been detected by the Java Runtime Environment:
#
#  SIGSEGV (0xb) at pc=0x0000000000002546, pid=21843, tid=140027433862912
#
# JRE version: OpenJDK Runtime Environment (8.0_45-b14) (build 1.8.0_45-internal-b14)
# Java VM: OpenJDK 64-Bit Server VM (25.45-b02 mixed mode linux-amd64 compressed oops)
# Problematic frame:
# C  0x0000000000002546
#
# Failed to write core dump. Core dumps have been disabled. To enable core dumping, try "ulimit -c unlimited" before starting Java again
#
# If you would like to submit a bug report, please visit:
#   http://bugreport.java.com/bugreport/crash.jsp
# The crash happened outside the Java Virtual Machine in native code.
# See problematic frame for where to report the bug.
#

---------------  T H R E A D  ---------------

Current thread (0x00007f5aa400f000):  JavaThread "main" [_thread_in_native, id=21844, stack(0x00007f5aad644000,0x00007f5aad745000)]

siginfo: si_signo: 11 (SIGSEGV), si_code: 1 (SEGV_MAPERR), si_addr: 0x0000000000002546

Registers:
RAX=0x00007f5aa47372d0, RBX=0x00007f5aa8e3e430, RCX=0x0000000000000000, RDX=0x00007f5aac9170d8
RSP=0x00007f5aad742728, RBP=0x00007f5aad742770, RSI=0x0000000000000030, RDI=0x00007f5aa47372d0
R8 =0x00007f5aa47372d2, R9 =0x00007f5aa47372d2, R10=0x0000000000000000, R11=0x00000000d739a908
R12=0x0000000000000000, R13=0x00007f5aa8e3e430, R14=0x00007f5aad7427e8, R15=0x00007f5aa400f000
RIP=0x0000000000002546, EFLAGS=0x0000000000010202, CSGSFS=0x2018000000000033, ERR=0x0000000000000014
  TRAPNO=0x000000000000000e

Top of Stack: (sp=0x00007f5aad742728)
0x00007f5aad742728:   00007f5a83dfda0b 00007f5aa8d84a38
0x00007f5aad742738:   00007f5aad7427e8 00007f5aad7427d8
0x00007f5aad742748:   00007f5aa400f1e0 00007f5a95005310
0x00007f5aad742758:   00007f5aa47372d0 00007f5aa8d84a38
0x00007f5aad742768:   00007f5aa8e3e430 00007f5aad7427c8
0x00007f5aad742778:   00007f5a950134d4 00007f5aa400f000
0x00007f5aad742788:   00007f5aad742788 0000000000000000
0x00007f5aad742798:   00007f5aad7427e8 00007f5aa8e400a8
0x00007f5aad7427a8:   0000000000000000 00007f5aa8e3e430
0x00007f5aad7427b8:   0000000000000000 00007f5aad7427e8
0x00007f5aad7427c8:   00007f5aad742830 00007f5a950074a0
0x00007f5aad7427d8:   00000000d739a568 00007f5a9500f2b7
0x00007f5aad7427e8:   00000000d739a8f0 00007f5aad7427f0
0x00007f5aad7427f8:   00007f5aa8d84f99 00007f5aad742850
0x00007f5aad742808:   00007f5aa8d85930 0000000000000000
0x00007f5aad742818:   00007f5aa8d84ff0 00007f5aad7427e8
0x00007f5aad742828:   00007f5aad742850 00007f5aad7428a8
0x00007f5aad742838:   00007f5a950074a0 0000000000000000
0x00007f5aad742848:   0000000000000000 00000000d739a8f0
0x00007f5aad742858:   0000000000000001 00000000d734c078
0x00007f5aad742868:   00007f5aad742858 00007f5aa8d84948
0x00007f5aad742878:   00007f5aad7428f0 00007f5aa8d85930
0x00007f5aad742888:   0000000000000000 00007f5aa8d84a38
0x00007f5aad742898:   00007f5aad742850 00007f5aad7428f0
0x00007f5aad7428a8:   00007f5aad742948 00007f5a950074a0
0x00007f5aad7428b8:   0000000000000000 0000000000000000
0x00007f5aad7428c8:   00000000d734c078 0000000000000000
0x00007f5aad7428d8:   0000000000000000 0000000000000000
0x00007f5aad7428e8:   0000000000000000 00000000d739a8f0
0x00007f5aad7428f8:   00000000d804e3e8 00000000d804e3e8
0x00007f5aad742908:   00007f5aad742908 00007f5a8351e98a
0x00007f5aad742918:   00007f5aad742978 00007f5a8351f938 

Instructions: (pc=0x0000000000002546)
0x0000000000002526:   
[error occurred during error reporting (printing registers, top of stack, instructions near pc), id 0xb]

Register to memory mapping:

RAX=0x00007f5aa47372d0 is an unknown value
RBX={method} {0x00007f5aa8e3e430} 'XOpenDisplay' '(Ljava/lang/String;)J' in 'jogamp/nativewindow/x11/X11Lib'
RCX=0x0000000000000000 is an unknown value
RDX=0x00007f5aac9170d8: <offset 0xf690d8> in /usr/lib/jvm/java-8-openjdk-amd64/jre/lib/amd64/server/libjvm.so at 0x00007f5aab9ae000
RSP=0x00007f5aad742728 is pointing into the stack for thread: 0x00007f5aa400f000
RBP=0x00007f5aad742770 is pointing into the stack for thread: 0x00007f5aa400f000
RSI=0x0000000000000030 is an unknown value
RDI=0x00007f5aa47372d0 is an unknown value
R8 =0x00007f5aa47372d2 is an unknown value
R9 =0x00007f5aa47372d2 is an unknown value
R10=0x0000000000000000 is an unknown value
R11=0x00000000d739a908 is an oop
[C 
 - klass: {type array char}
 - length: 2
R12=0x0000000000000000 is an unknown value
R13={method} {0x00007f5aa8e3e430} 'XOpenDisplay' '(Ljava/lang/String;)J' in 'jogamp/nativewindow/x11/X11Lib'
R14=0x00007f5aad7427e8 is pointing into the stack for thread: 0x00007f5aa400f000
R15=0x00007f5aa400f000 is a thread


Stack: [0x00007f5aad644000,0x00007f5aad745000],  sp=0x00007f5aad742728,  free space=1017k
Native frames: (J=compiled Java code, j=interpreted, Vv=VM code, C=native code)
C  0x0000000000002546
j  jogamp.nativewindow.x11.X11Lib.XOpenDisplay(Ljava/lang/String;)J+0
j  jogamp.nativewindow.x11.X11Util.XOpenDisplay(Ljava/lang/String;)J+1
j  jogamp.nativewindow.x11.X11Util.openDisplay(Ljava/lang/String;)J+96
j  jogamp.opengl.x11.glx.X11GLXDrawableFactory$SharedResourceImplementation.isDeviceSupported(Lcom/jogamp/nativewindow/AbstractGraphicsDevice;)Z+10
j  jogamp.opengl.SharedResourceRunner.getOrCreateShared(Lcom/jogamp/nativewindow/AbstractGraphicsDevice;)Ljogamp/opengl/SharedResourceRunner$Resource;+98
j  jogamp.opengl.x11.glx.X11GLXDrawableFactory.getOrCreateSharedResourceImpl(Lcom/jogamp/nativewindow/AbstractGraphicsDevice;)Ljogamp/opengl/x11/glx/X11GLXDrawableFactory$SharedResource;+5
j  jogamp.opengl.x11.glx.X11GLXDrawableFactory.getOrCreateSharedResourceImpl(Lcom/jogamp/nativewindow/AbstractGraphicsDevice;)Ljogamp/opengl/SharedResourceRunner$Resource;+2
j  jogamp.opengl.GLDrawableFactoryImpl.getOrCreateSharedResource(Lcom/jogamp/nativewindow/AbstractGraphicsDevice;)Ljogamp/opengl/SharedResourceRunner$Resource;+13
j  jogamp.opengl.GLDrawableFactoryImpl.createSharedResourceImpl(Lcom/jogamp/nativewindow/AbstractGraphicsDevice;)Z+2
j  com.jogamp.opengl.GLDrawableFactory.createSharedResource(Lcom/jogamp/nativewindow/AbstractGraphicsDevice;)Z+2
j  com.jogamp.opengl.GLProfile.initProfilesForDeviceCritical(Lcom/jogamp/nativewindow/AbstractGraphicsDevice;)Z+231
j  com.jogamp.opengl.GLProfile.initProfilesForDevice(Lcom/jogamp/nativewindow/AbstractGraphicsDevice;)Z+25
j  com.jogamp.opengl.GLProfile.initProfilesForDefaultDevices()V+633
j  com.jogamp.opengl.GLProfile.access$000()V+0
j  com.jogamp.opengl.GLProfile$1.run()Ljava/lang/Object;+58
v  ~StubRoutines::call_stub
V  [libjvm.so+0x6868c3]  JavaCalls::call_helper(JavaValue*, methodHandle*, JavaCallArguments*, Thread*)+0xd63
V  [libjvm.so+0x6d56c4]  JVM_DoPrivileged+0x564
J 458  java.security.AccessController.doPrivileged(Ljava/security/PrivilegedAction;)Ljava/lang/Object; (0 bytes) @ 0x00007f5a952287bf [0x00007f5a95228700+0xbf]
j  com.jogamp.opengl.GLProfile.initSingleton()V+78
j  com.jogamp.opengl.GLProfile.getProfileMap(Lcom/jogamp/nativewindow/AbstractGraphicsDevice;Z)Ljava/util/HashMap;+0
j  com.jogamp.opengl.GLProfile.get(Lcom/jogamp/nativewindow/AbstractGraphicsDevice;Ljava/lang/String;)Lcom/jogamp/opengl/GLProfile;+16
j  com.jogamp.opengl.GLProfile.get(Ljava/lang/String;)Lcom/jogamp/opengl/GLProfile;+4
j  test.Main.main([Ljava/lang/String;)V+13
v  ~StubRoutines::call_stub
V  [libjvm.so+0x6868c3]  JavaCalls::call_helper(JavaValue*, methodHandle*, JavaCallArguments*, Thread*)+0xd63
V  [libjvm.so+0x697d59]  jni_invoke_static(JNIEnv_*, JavaValue*, _jobject*, JNICallType, _jmethodID*, JNI_ArgumentPusher*, Thread*) [clone .isra.88]+0x2f9
V  [libjvm.so+0x6aa2e5]  jni_CallStaticVoidMethod+0x165
C  [libjli.so+0x3888]
C  [libpthread.so.0+0x76aa]  start_thread+0xca

Java frames: (J=compiled Java code, j=interpreted, Vv=VM code)
j  jogamp.nativewindow.x11.X11Lib.XOpenDisplay(Ljava/lang/String;)J+0
j  jogamp.nativewindow.x11.X11Util.XOpenDisplay(Ljava/lang/String;)J+1
j  jogamp.nativewindow.x11.X11Util.openDisplay(Ljava/lang/String;)J+96
j  jogamp.opengl.x11.glx.X11GLXDrawableFactory$SharedResourceImplementation.isDeviceSupported(Lcom/jogamp/nativewindow/AbstractGraphicsDevice;)Z+10
j  jogamp.opengl.SharedResourceRunner.getOrCreateShared(Lcom/jogamp/nativewindow/AbstractGraphicsDevice;)Ljogamp/opengl/SharedResourceRunner$Resource;+98
j  jogamp.opengl.x11.glx.X11GLXDrawableFactory.getOrCreateSharedResourceImpl(Lcom/jogamp/nativewindow/AbstractGraphicsDevice;)Ljogamp/opengl/x11/glx/X11GLXDrawableFactory$SharedResource;+5
j  jogamp.opengl.x11.glx.X11GLXDrawableFactory.getOrCreateSharedResourceImpl(Lcom/jogamp/nativewindow/AbstractGraphicsDevice;)Ljogamp/opengl/SharedResourceRunner$Resource;+2
j  jogamp.opengl.GLDrawableFactoryImpl.getOrCreateSharedResource(Lcom/jogamp/nativewindow/AbstractGraphicsDevice;)Ljogamp/opengl/SharedResourceRunner$Resource;+13
j  jogamp.opengl.GLDrawableFactoryImpl.createSharedResourceImpl(Lcom/jogamp/nativewindow/AbstractGraphicsDevice;)Z+2
j  com.jogamp.opengl.GLDrawableFactory.createSharedResource(Lcom/jogamp/nativewindow/AbstractGraphicsDevice;)Z+2
j  com.jogamp.opengl.GLProfile.initProfilesForDeviceCritical(Lcom/jogamp/nativewindow/AbstractGraphicsDevice;)Z+231
j  com.jogamp.opengl.GLProfile.initProfilesForDevice(Lcom/jogamp/nativewindow/AbstractGraphicsDevice;)Z+25
j  com.jogamp.opengl.GLProfile.initProfilesForDefaultDevices()V+633
j  com.jogamp.opengl.GLProfile.access$000()V+0
j  com.jogamp.opengl.GLProfile$1.run()Ljava/lang/Object;+58
v  ~StubRoutines::call_stub
J 458  java.security.AccessController.doPrivileged(Ljava/security/PrivilegedAction;)Ljava/lang/Object; (0 bytes) @ 0x00007f5a9522874f [0x00007f5a95228700+0x4f]
j  com.jogamp.opengl.GLProfile.initSingleton()V+78
j  com.jogamp.opengl.GLProfile.getProfileMap(Lcom/jogamp/nativewindow/AbstractGraphicsDevice;Z)Ljava/util/HashMap;+0
j  com.jogamp.opengl.GLProfile.get(Lcom/jogamp/nativewindow/AbstractGraphicsDevice;Ljava/lang/String;)Lcom/jogamp/opengl/GLProfile;+16
j  com.jogamp.opengl.GLProfile.get(Ljava/lang/String;)Lcom/jogamp/opengl/GLProfile;+4
j  test.Main.main([Ljava/lang/String;)V+13
v  ~StubRoutines::call_stub

---------------  P R O C E S S  ---------------

Java Threads: ( => current thread )
  0x00007f5aa46a2000 JavaThread "main-SharedResourceRunner" daemon [_thread_blocked, id=21875, stack(0x00007f5a3b513000,0x00007f5a3b614000)]
  0x00007f5aa4729800 JavaThread "main-SharedResourceRunner" daemon [_thread_blocked, id=21874, stack(0x00007f5a8005c000,0x00007f5a8015d000)]
  0x00007f5aa4605000 JavaThread "AWT-EventQueue-0" [_thread_blocked, id=21873, stack(0x00007f5a8800e000,0x00007f5a8810f000)]
  0x00007f5aa4603800 JavaThread "AWT-Shutdown" [_thread_blocked, id=21872, stack(0x00007f5a8810f000,0x00007f5a88210000)]
  0x00007f5aa45a1000 JavaThread "AWT-XAWT" daemon [_thread_in_native, id=21871, stack(0x00007f5a8881a000,0x00007f5a8891b000)]
  0x00007f5aa457e000 JavaThread "Java2D Disposer" daemon [_thread_blocked, id=21870, stack(0x00007f5a8ad58000,0x00007f5a8ae59000)]
  0x00007f5aa44f5000 JavaThread "process reaper" daemon [_thread_blocked, id=21865, stack(0x00007f5a8b584000,0x00007f5a8b5bd000)]
  0x00007f5aa40bc800 JavaThread "Service Thread" daemon [_thread_blocked, id=21860, stack(0x00007f5a8b71b000,0x00007f5a8b81c000)]
  0x00007f5aa40b6800 JavaThread "C1 CompilerThread2" daemon [_thread_blocked, id=21859, stack(0x00007f5a8b81c000,0x00007f5a8b91d000)]
  0x00007f5aa40b4800 JavaThread "C2 CompilerThread1" daemon [_thread_blocked, id=21858, stack(0x00007f5a9003c000,0x00007f5a9013d000)]
  0x00007f5aa40b1800 JavaThread "C2 CompilerThread0" daemon [_thread_blocked, id=21857, stack(0x00007f5a9013d000,0x00007f5a9023e000)]
  0x00007f5aa40af800 JavaThread "Signal Dispatcher" daemon [_thread_blocked, id=21856, stack(0x00007f5a9023e000,0x00007f5a9033f000)]
  0x00007f5aa4084000 JavaThread "Finalizer" daemon [_thread_blocked, id=21855, stack(0x00007f5a9033f000,0x00007f5a90440000)]
  0x00007f5aa4081800 JavaThread "Reference Handler" daemon [_thread_blocked, id=21854, stack(0x00007f5a90440000,0x00007f5a90541000)]
=>0x00007f5aa400f000 JavaThread "main" [_thread_in_native, id=21844, stack(0x00007f5aad644000,0x00007f5aad745000)]

Other Threads:
  0x00007f5aa407c800 VMThread [stack: 0x00007f5a90541000,0x00007f5a90642000] [id=21853]
  0x00007f5aa40be000 WatcherThread [stack: 0x00007f5a8b61a000,0x00007f5a8b71b000] [id=21861]

VM state:not at safepoint (normal execution)

VM Mutex/Monitor currently owned by a thread: None

Heap:
 PSYoungGen      total 37888K, used 28976K [0x00000000d6780000, 0x00000000d9180000, 0x0000000100000000)
  eden space 32768K, 88% used [0x00000000d6780000,0x00000000d83cc190,0x00000000d8780000)
  from space 5120K, 0% used [0x00000000d8c80000,0x00000000d8c80000,0x00000000d9180000)
  to   space 5120K, 0% used [0x00000000d8780000,0x00000000d8780000,0x00000000d8c80000)
 ParOldGen       total 86016K, used 0K [0x0000000083600000, 0x0000000088a00000, 0x00000000d6780000)
  object space 86016K, 0% used [0x0000000083600000,0x0000000083600000,0x0000000088a00000)
 Metaspace       used 13087K, capacity 13262K, committed 13696K, reserved 1060864K
  class space    used 1212K, capacity 1282K, committed 1408K, reserved 1048576K

Card table byte_map: [0x00007f5aa994b000,0x00007f5aa9d31000] byte_map_base: 0x00007f5aa9530000

Marking Bits: (ParMarkBitMap*) 0x00007f5aac91ae80
 Begin Bits: [0x00007f5a911b0000, 0x00007f5a930d8000)
 End Bits:   [0x00007f5a930d8000, 0x00007f5a95000000)

Polling page: 0x00007f5aad76c000

CodeCache: size=245760Kb used=3093Kb max_used=3093Kb free=242666Kb
 bounds [0x00007f5a95000000, 0x00007f5a95310000, 0x00007f5aa4000000]
 total_blobs=1540 nmethods=706 adapters=750
 compilation: enabled

Compilation events (10 events):
Event: 0,959 Thread 0x00007f5aa40b6800  702       3       java.util.ArrayDeque::addLast (53 bytes)
Event: 0,959 Thread 0x00007f5aa40b6800 nmethod 702 0x00007f5a95302d90 code [0x00007f5a95302f20, 0x00007f5a95303338]
Event: 0,959 Thread 0x00007f5aa40b6800  703       3       java.util.StringTokenizer::scanToken (179 bytes)
Event: 0,961 Thread 0x00007f5aa40b6800 nmethod 703 0x00007f5a953034d0 code [0x00007f5a95303760, 0x00007f5a95304a78]
Event: 0,976 Thread 0x00007f5aa40b6800  704       3       java.util.regex.Pattern$Ctype::isSatisfiedBy (24 bytes)
Event: 0,976 Thread 0x00007f5aa40b6800 nmethod 704 0x00007f5a95305250 code [0x00007f5a953053e0, 0x00007f5a95305770]
Event: 0,976 Thread 0x00007f5aa40b6800  705       3       java.util.regex.ASCII::isType (15 bytes)
Event: 0,976 Thread 0x00007f5aa40b6800 nmethod 705 0x00007f5a95305910 code [0x00007f5a95305a80, 0x00007f5a95305cf0]
Event: 0,977 Thread 0x00007f5aa40b6800  706       1       com.jogamp.opengl.GLRendererQuirks::getCount (3 bytes)
Event: 0,977 Thread 0x00007f5aa40b6800 nmethod 706 0x00007f5a95305e10 code [0x00007f5a95305f60, 0x00007f5a95306050]

GC Heap History (0 events):
No events

Deoptimization events (6 events):
Event: 0,156 Thread 0x00007f5aa400f000 Uncommon trap: reason=unstable_if action=reinterpret pc=0x00007f5a9512d83c method=java.lang.String.indexOf(II)I @ 49
Event: 0,183 Thread 0x00007f5aa400f000 Uncommon trap: reason=unstable_if action=reinterpret pc=0x00007f5a95152750 method=java.lang.Math.max(II)I @ 2
Event: 0,242 Thread 0x00007f5aa400f000 Uncommon trap: reason=unstable_if action=reinterpret pc=0x00007f5a9517d234 method=java.lang.String.indexOf([CII[CIII)I @ 3
Event: 0,246 Thread 0x00007f5aa400f000 Uncommon trap: reason=unstable_if action=reinterpret pc=0x00007f5a9516c89c method=java.lang.String.indexOf([CII[CIII)I @ 123
Event: 0,354 Thread 0x00007f5aa400f000 Uncommon trap: reason=unstable_if action=reinterpret pc=0x00007f5a951b00ec method=java.lang.String.replace(CC)Ljava/lang/String; @ 26
Event: 0,934 Thread 0x00007f5aa46a2000 Uncommon trap: reason=unstable_if action=reinterpret pc=0x00007f5a951d4950 method=java.lang.String.startsWith(Ljava/lang/String;I)Z @ 25

Internal exceptions (10 events):
Event: 0,218 Thread 0x00007f5aa400f000 Exception <a 'java/security/PrivilegedActionException'> (0x00000000d6c96110) thrown at [/build/buildd/openjdk-8-8u45-b14/src/hotspot/src/share/vm/prims/jvm.cpp, line 1382]
Event: 0,218 Thread 0x00007f5aa400f000 Exception <a 'java/security/PrivilegedActionException'> (0x00000000d6c962c8) thrown at [/build/buildd/openjdk-8-8u45-b14/src/hotspot/src/share/vm/prims/jvm.cpp, line 1382]
Event: 0,218 Thread 0x00007f5aa400f000 Exception <a 'java/security/PrivilegedActionException'> (0x00000000d6c96ce8) thrown at [/build/buildd/openjdk-8-8u45-b14/src/hotspot/src/share/vm/prims/jvm.cpp, line 1382]
Event: 0,218 Thread 0x00007f5aa400f000 Exception <a 'java/security/PrivilegedActionException'> (0x00000000d6c96ea0) thrown at [/build/buildd/openjdk-8-8u45-b14/src/hotspot/src/share/vm/prims/jvm.cpp, line 1382]
Event: 0,296 Thread 0x00007f5aa400f000 Exception <a 'java/lang/NoSuchFieldError': method resolution failed> (0x00000000d6e1a7c0) thrown at [/build/buildd/openjdk-8-8u45-b14/src/hotspot/src/share/vm/prims/methodHandles.cpp, line 1125]
Event: 0,299 Thread 0x00007f5aa400f000 Exception <a 'java/lang/NoSuchFieldError': method resolution failed> (0x00000000d6e29230) thrown at [/build/buildd/openjdk-8-8u45-b14/src/hotspot/src/share/vm/prims/methodHandles.cpp, line 1125]
Event: 0,372 Thread 0x00007f5aa400f000 Exception <a 'java/io/FileNotFoundException'> (0x00000000d6f1ffe0) thrown at [/build/buildd/openjdk-8-8u45-b14/src/hotspot/src/share/vm/prims/jni.cpp, line 709]
Event: 0,395 Thread 0x00007f5aa400f000 Exception <a 'java/io/FileNotFoundException'> (0x00000000d711b988) thrown at [/build/buildd/openjdk-8-8u45-b14/src/hotspot/src/share/vm/prims/jni.cpp, line 709]
Event: 0,408 Thread 0x00007f5aa400f000 Exception <a 'java/lang/ClassNotFoundException': sun/dc/DuctusRenderingEngine> (0x00000000d71280f0) thrown at [/build/buildd/openjdk-8-8u45-b14/src/hotspot/src/share/vm/classfile/systemDictionary.cpp, line 210]
Event: 0,446 Thread 0x00007f5aa400f000 Exception <a 'java/io/FileNotFoundException'> (0x00000000d719c668) thrown at [/build/buildd/openjdk-8-8u45-b14/src/hotspot/src/share/vm/prims/jni.cpp, line 709]

Events (10 events):
Event: 0,957 loading class jogamp/opengl/es1/GLES1Impl$1
Event: 0,957 loading class jogamp/opengl/es1/GLES1Impl$1 done
Event: 0,957 loading class jogamp/opengl/es1/GLES1Impl$2
Event: 0,957 loading class jogamp/opengl/es1/GLES1Impl$2 done
Event: 0,958 loading class jogamp/opengl/es1/GLES1Impl$3
Event: 0,958 loading class jogamp/opengl/es1/GLES1Impl$3 done
Event: 0,958 loading class jogamp/opengl/es1/GLES1Impl$4
Event: 0,958 loading class jogamp/opengl/es1/GLES1Impl$4 done
Event: 0,977 loading class jogamp/opengl/egl/EGLDrawableFactory$SharedResource
Event: 0,977 loading class jogamp/opengl/egl/EGLDrawableFactory$SharedResource done


Dynamic libraries:
00400000-00401000 r-xp 00000000 08:03 6425286                            /usr/lib/jvm/java-8-openjdk-amd64/jre/bin/java
00600000-00601000 r--p 00000000 08:03 6425286                            /usr/lib/jvm/java-8-openjdk-amd64/jre/bin/java
00601000-00602000 rw-p 00001000 08:03 6425286                            /usr/lib/jvm/java-8-openjdk-amd64/jre/bin/java
00895000-008b6000 rw-p 00000000 00:00 0                                  [heap]
83600000-88a00000 rw-p 00000000 00:00 0 
88a00000-d6780000 ---p 00000000 00:00 0 
d6780000-d9180000 rw-p 00000000 00:00 0 
d9180000-100000000 ---p 00000000 00:00 0 
100000000-100160000 rw-p 00000000 00:00 0 
100160000-140000000 ---p 00000000 00:00 0 
7f5a34000000-7f5a344b7000 rw-p 00000000 00:00 0 
7f5a344b7000-7f5a38000000 ---p 00000000 00:00 0 
7f5a3865c000-7f5a38666000 r-xp 00000000 08:03 6423188                    /usr/lib/x86_64-linux-gnu/libGLESv1_CM.so.352.41
7f5a38666000-7f5a38866000 ---p 0000a000 08:03 6423188                    /usr/lib/x86_64-linux-gnu/libGLESv1_CM.so.352.41
7f5a38866000-7f5a38869000 rw-p 0000a000 08:03 6423188                    /usr/lib/x86_64-linux-gnu/libGLESv1_CM.so.352.41
7f5a3888c000-7f5a3890c000 rw-s 14559f000 00:06 13740                     /dev/nvidiactl
7f5a3890c000-7f5a3898c000 rw-s 20c71f000 00:06 13740                     /dev/nvidiactl
7f5a3898c000-7f5a38a0c000 rw-s 220a9e000 00:06 13740                     /dev/nvidiactl
7f5a38a0c000-7f5a38b0c000 rw-s 145d2e000 00:06 13740                     /dev/nvidiactl
7f5a38b0c000-7f5a38b2c000 rw-s d8360000 00:06 13741                      /dev/nvidia0
7f5a38b2c000-7f5a38b6c000 rw-s 20a69f000 00:06 13740                     /dev/nvidiactl
7f5a38b6c000-7f5a38b8c000 rw-s 1dc880000 00:06 13740                     /dev/nvidiactl
7f5a38b8c000-7f5a3a6e4000 r-xp 00000000 08:03 6422576                    /usr/lib/x86_64-linux-gnu/libnvidia-eglcore.so.352.41
7f5a3a6e4000-7f5a3a8e3000 ---p 01b58000 08:03 6422576                    /usr/lib/x86_64-linux-gnu/libnvidia-eglcore.so.352.41
7f5a3a8e3000-7f5a3b44f000 rw-p 01b57000 08:03 6422576                    /usr/lib/x86_64-linux-gnu/libnvidia-eglcore.so.352.41
7f5a3b44f000-7f5a3b45f000 rw-p 00000000 00:00 0 
7f5a3b45f000-7f5a3b513000 rw-s 21351f000 00:06 13740                     /dev/nvidiactl
7f5a3b513000-7f5a3b516000 ---p 00000000 00:00 0 
7f5a3b516000-7f5a3b614000 rw-p 00000000 00:00 0                          [stack:21875]
7f5a3b614000-7f5a3b670000 r-xp 00000000 08:03 6029541                    /tmp/jogamp_0000/file_cache/jln4653189649197946582/jln3762005200865979548/natives/linux-amd64/libjogl_mobile.so
7f5a3b670000-7f5a3b870000 ---p 0005c000 08:03 6029541                    /tmp/jogamp_0000/file_cache/jln4653189649197946582/jln3762005200865979548/natives/linux-amd64/libjogl_mobile.so
7f5a3b870000-7f5a3b871000 rw-p 0005c000 08:03 6029541                    /tmp/jogamp_0000/file_cache/jln4653189649197946582/jln3762005200865979548/natives/linux-amd64/libjogl_mobile.so
7f5a3b871000-7f5a3b8df000 r-xp 00000000 08:03 6423014                    /usr/lib/x86_64-linux-gnu/libnvidia-glsi.so.352.41
7f5a3b8df000-7f5a3bade000 ---p 0006e000 08:03 6423014                    /usr/lib/x86_64-linux-gnu/libnvidia-glsi.so.352.41
7f5a3bade000-7f5a3bae7000 rw-p 0006d000 08:03 6423014                    /usr/lib/x86_64-linux-gnu/libnvidia-glsi.so.352.41
7f5a3bae7000-7f5a3baf5000 rw-p 00000000 00:00 0 
7f5a3baf5000-7f5a3bbb2000 r-xp 00000000 08:03 6424032                    /usr/lib/x86_64-linux-gnu/libEGL.so.352.41
7f5a3bbb2000-7f5a3bdb2000 ---p 000bd000 08:03 6424032                    /usr/lib/x86_64-linux-gnu/libEGL.so.352.41
7f5a3bdb2000-7f5a3bdd9000 rw-p 000bd000 08:03 6424032                    /usr/lib/x86_64-linux-gnu/libEGL.so.352.41
7f5a3bdd9000-7f5a3bded000 rw-p 00000000 00:00 0 
7f5a3bded000-7f5a3bdfc000 r-xp 00000000 08:03 6423187                    /usr/lib/x86_64-linux-gnu/libGLESv2.so.352.41
7f5a3bdfc000-7f5a3bffc000 ---p 0000f000 08:03 6423187                    /usr/lib/x86_64-linux-gnu/libGLESv2.so.352.41
7f5a3bffc000-7f5a3bfff000 rw-p 0000f000 08:03 6423187                    /usr/lib/x86_64-linux-gnu/libGLESv2.so.352.41
7f5a3bfff000-7f5a3c000000 rw-p 00000000 00:00 0 
7f5a3c000000-7f5a3c021000 rw-p 00000000 00:00 0 
7f5a3c021000-7f5a40000000 ---p 00000000 00:00 0 
7f5a40000000-7f5a40021000 rw-p 00000000 00:00 0 
7f5a40021000-7f5a44000000 ---p 00000000 00:00 0 
7f5a44000000-7f5a44021000 rw-p 00000000 00:00 0 
7f5a44021000-7f5a48000000 ---p 00000000 00:00 0 
7f5a48000000-7f5a48021000 rw-p 00000000 00:00 0 
7f5a48021000-7f5a4c000000 ---p 00000000 00:00 0 
7f5a4c000000-7f5a4c021000 rw-p 00000000 00:00 0 
7f5a4c021000-7f5a50000000 ---p 00000000 00:00 0 
7f5a50000000-7f5a50021000 rw-p 00000000 00:00 0 
7f5a50021000-7f5a54000000 ---p 00000000 00:00 0 
7f5a54000000-7f5a54021000 rw-p 00000000 00:00 0 
7f5a54021000-7f5a58000000 ---p 00000000 00:00 0 
7f5a58000000-7f5a58021000 rw-p 00000000 00:00 0 
7f5a58021000-7f5a5c000000 ---p 00000000 00:00 0 
7f5a5c000000-7f5a5c1f0000 rw-p 00000000 00:00 0 
7f5a5c1f0000-7f5a60000000 ---p 00000000 00:00 0 
7f5a60000000-7f5a60291000 rw-p 00000000 00:00 0 
7f5a60291000-7f5a64000000 ---p 00000000 00:00 0 
7f5a64000000-7f5a64021000 rw-p 00000000 00:00 0 
7f5a64021000-7f5a68000000 ---p 00000000 00:00 0 
7f5a68000000-7f5a68209000 rw-p 00000000 00:00 0 
7f5a68209000-7f5a6c000000 ---p 00000000 00:00 0 
7f5a6c000000-7f5a6c021000 rw-p 00000000 00:00 0 
7f5a6c021000-7f5a70000000 ---p 00000000 00:00 0 
7f5a70000000-7f5a70021000 rw-p 00000000 00:00 0 
7f5a70021000-7f5a74000000 ---p 00000000 00:00 0 
7f5a74000000-7f5a74021000 rw-p 00000000 00:00 0 
7f5a74021000-7f5a78000000 ---p 00000000 00:00 0 
7f5a78000000-7f5a78021000 rw-p 00000000 00:00 0 
7f5a78021000-7f5a7c000000 ---p 00000000 00:00 0 
7f5a7c000000-7f5a7c021000 rw-p 00000000 00:00 0 
7f5a7c021000-7f5a80000000 ---p 00000000 00:00 0 
7f5a80009000-7f5a8001c000 rw-s 145d1b000 00:06 13740                     /dev/nvidiactl
7f5a8001c000-7f5a8005c000 rw-s 20737f000 00:06 13740                     /dev/nvidiactl
7f5a8005c000-7f5a8005f000 ---p 00000000 00:00 0 
7f5a8005f000-7f5a8015d000 rw-p 00000000 00:00 0                          [stack:21874]
7f5a8015d000-7f5a80215000 r-xp 00000000 08:03 6029540                    /tmp/jogamp_0000/file_cache/jln4653189649197946582/jln3762005200865979548/natives/linux-amd64/libjogl_desktop.so
7f5a80215000-7f5a80415000 ---p 000b8000 08:03 6029540                    /tmp/jogamp_0000/file_cache/jln4653189649197946582/jln3762005200865979548/natives/linux-amd64/libjogl_desktop.so
7f5a80415000-7f5a80416000 rw-p 000b8000 08:03 6029540                    /tmp/jogamp_0000/file_cache/jln4653189649197946582/jln3762005200865979548/natives/linux-amd64/libjogl_desktop.so
7f5a80416000-7f5a81e12000 r-xp 00000000 08:03 6426935                    /usr/lib/x86_64-linux-gnu/libnvidia-glcore.so.352.41
7f5a81e12000-7f5a81e32000 rwxp 019fc000 08:03 6426935                    /usr/lib/x86_64-linux-gnu/libnvidia-glcore.so.352.41
7f5a81e32000-7f5a820f9000 r-xp 01a1c000 08:03 6426935                    /usr/lib/x86_64-linux-gnu/libnvidia-glcore.so.352.41
7f5a820f9000-7f5a822f8000 ---p 01ce3000 08:03 6426935                    /usr/lib/x86_64-linux-gnu/libnvidia-glcore.so.352.41
7f5a822f8000-7f5a82e94000 rw-p 01ce2000 08:03 6426935                    /usr/lib/x86_64-linux-gnu/libnvidia-glcore.so.352.41
7f5a82e94000-7f5a82ea8000 rw-p 00000000 00:00 0 
7f5a82ea8000-7f5a82eab000 r-xp 00000000 08:03 6819344                    /usr/lib/x86_64-linux-gnu/tls/libnvidia-tls.so.352.41
7f5a82eab000-7f5a830aa000 ---p 00003000 08:03 6819344                    /usr/lib/x86_64-linux-gnu/tls/libnvidia-tls.so.352.41
7f5a830aa000-7f5a830ab000 rw-p 00002000 08:03 6819344                    /usr/lib/x86_64-linux-gnu/tls/libnvidia-tls.so.352.41
7f5a830ab000-7f5a83169000 r-xp 00000000 08:03 6426936                    /usr/lib/x86_64-linux-gnu/libGL.so.352.41
7f5a83169000-7f5a8319c000 rwxp 000be000 08:03 6426936                    /usr/lib/x86_64-linux-gnu/libGL.so.352.41
7f5a8319c000-7f5a831ae000 r-xp 000f1000 08:03 6426936                    /usr/lib/x86_64-linux-gnu/libGL.so.352.41
7f5a831ae000-7f5a833ad000 ---p 00103000 08:03 6426936                    /usr/lib/x86_64-linux-gnu/libGL.so.352.41
7f5a833ad000-7f5a833d5000 rw-p 00102000 08:03 6426936                    /usr/lib/x86_64-linux-gnu/libGL.so.352.41
7f5a833d5000-7f5a835db000 rw-p 00000000 00:00 0 
7f5a835db000-7f5a835dd000 r-xp 00000000 08:03 6430960                    /usr/lib/x86_64-linux-gnu/libXinerama.so.1.0.0
7f5a835dd000-7f5a837dc000 ---p 00002000 08:03 6430960                    /usr/lib/x86_64-linux-gnu/libXinerama.so.1.0.0
7f5a837dc000-7f5a837dd000 r--p 00001000 08:03 6430960                    /usr/lib/x86_64-linux-gnu/libXinerama.so.1.0.0
7f5a837dd000-7f5a837de000 rw-p 00002000 08:03 6430960                    /usr/lib/x86_64-linux-gnu/libXinerama.so.1.0.0
7f5a837de000-7f5a839de000 rw-p 00000000 00:00 0 
7f5a839de000-7f5a839e7000 r-xp 00000000 08:03 6430970                    /usr/lib/x86_64-linux-gnu/libXrandr.so.2.2.0
7f5a839e7000-7f5a83be6000 ---p 00009000 08:03 6430970                    /usr/lib/x86_64-linux-gnu/libXrandr.so.2.2.0
7f5a83be6000-7f5a83be7000 r--p 00008000 08:03 6430970                    /usr/lib/x86_64-linux-gnu/libXrandr.so.2.2.0
7f5a83be7000-7f5a83be8000 rw-p 00009000 08:03 6430970                    /usr/lib/x86_64-linux-gnu/libXrandr.so.2.2.0
7f5a83be8000-7f5a83bf9000 r-xp 00000000 08:03 6029539                    /tmp/jogamp_0000/file_cache/jln4653189649197946582/jln3762005200865979548/natives/linux-amd64/libnewt.so
7f5a83bf9000-7f5a83df8000 ---p 00011000 08:03 6029539                    /tmp/jogamp_0000/file_cache/jln4653189649197946582/jln3762005200865979548/natives/linux-amd64/libnewt.so
7f5a83df8000-7f5a83df9000 rw-p 00010000 08:03 6029539                    /tmp/jogamp_0000/file_cache/jln4653189649197946582/jln3762005200865979548/natives/linux-amd64/libnewt.so
7f5a83df9000-7f5a83e00000 r-xp 00000000 08:03 6029538                    /tmp/jogamp_0000/file_cache/jln4653189649197946582/jln3762005200865979548/natives/linux-amd64/libnativewindow_x11.so
7f5a83e00000-7f5a83fff000 ---p 00007000 08:03 6029538                    /tmp/jogamp_0000/file_cache/jln4653189649197946582/jln3762005200865979548/natives/linux-amd64/libnativewindow_x11.so
7f5a83fff000-7f5a84000000 rw-p 00006000 08:03 6029538                    /tmp/jogamp_0000/file_cache/jln4653189649197946582/jln3762005200865979548/natives/linux-amd64/libnativewindow_x11.so
7f5a84000000-7f5a84021000 rw-p 00000000 00:00 0 
7f5a84021000-7f5a88000000 ---p 00000000 00:00 0 
7f5a8800e000-7f5a88011000 ---p 00000000 00:00 0 
7f5a88011000-7f5a8810f000 rw-p 00000000 00:00 0                          [stack:21873]
7f5a8810f000-7f5a88112000 ---p 00000000 00:00 0 
7f5a88112000-7f5a88210000 rw-p 00000000 00:00 0                          [stack:21872]
7f5a88210000-7f5a88214000 r-xp 00000000 08:03 6430988                    /usr/lib/x86_64-linux-gnu/libXxf86vm.so.1.0.0
7f5a88214000-7f5a88414000 ---p 00004000 08:03 6430988                    /usr/lib/x86_64-linux-gnu/libXxf86vm.so.1.0.0
7f5a88414000-7f5a88415000 r--p 00004000 08:03 6430988                    /usr/lib/x86_64-linux-gnu/libXxf86vm.so.1.0.0
7f5a88415000-7f5a88416000 rw-p 00005000 08:03 6430988                    /usr/lib/x86_64-linux-gnu/libXxf86vm.so.1.0.0
7f5a88416000-7f5a88418000 r-xp 00000000 08:03 6029537                    /tmp/jogamp_0000/file_cache/jln4653189649197946582/jln3762005200865979548/natives/linux-amd64/libnativewindow_awt.so
7f5a88418000-7f5a88617000 ---p 00002000 08:03 6029537                    /tmp/jogamp_0000/file_cache/jln4653189649197946582/jln3762005200865979548/natives/linux-amd64/libnativewindow_awt.so
7f5a88617000-7f5a88618000 rw-p 00001000 08:03 6029537                    /tmp/jogamp_0000/file_cache/jln4653189649197946582/jln3762005200865979548/natives/linux-amd64/libnativewindow_awt.so
7f5a88618000-7f5a88619000 r-xp 00000000 08:03 6425220                    /usr/lib/jvm/java-8-openjdk-amd64/jre/lib/amd64/libjawt.so
7f5a88619000-7f5a88818000 ---p 00001000 08:03 6425220                    /usr/lib/jvm/java-8-openjdk-amd64/jre/lib/amd64/libjawt.so
7f5a88818000-7f5a88819000 r--p 00000000 08:03 6425220                    /usr/lib/jvm/java-8-openjdk-amd64/jre/lib/amd64/libjawt.so
7f5a88819000-7f5a8881a000 rw-p 00001000 08:03 6425220                    /usr/lib/jvm/java-8-openjdk-amd64/jre/lib/amd64/libjawt.so
7f5a8881a000-7f5a8881d000 ---p 00000000 00:00 0 
7f5a8881d000-7f5a8891b000 rw-p 00000000 00:00 0                          [stack:21871]
7f5a8891b000-7f5a88920000 r-xp 00000000 08:03 6430952                    /usr/lib/x86_64-linux-gnu/libXfixes.so.3.1.0
7f5a88920000-7f5a88b1f000 ---p 00005000 08:03 6430952                    /usr/lib/x86_64-linux-gnu/libXfixes.so.3.1.0
7f5a88b1f000-7f5a88b20000 r--p 00004000 08:03 6430952                    /usr/lib/x86_64-linux-gnu/libXfixes.so.3.1.0
7f5a88b20000-7f5a88b21000 rw-p 00005000 08:03 6430952                    /usr/lib/x86_64-linux-gnu/libXfixes.so.3.1.0
7f5a88b21000-7f5a88b2a000 r-xp 00000000 08:03 6430944                    /usr/lib/x86_64-linux-gnu/libXcursor.so.1.0.2
7f5a88b2a000-7f5a88d29000 ---p 00009000 08:03 6430944                    /usr/lib/x86_64-linux-gnu/libXcursor.so.1.0.2
7f5a88d29000-7f5a88d2a000 r--p 00008000 08:03 6430944                    /usr/lib/x86_64-linux-gnu/libXcursor.so.1.0.2
7f5a88d2a000-7f5a88d2b000 rw-p 00009000 08:03 6430944                    /usr/lib/x86_64-linux-gnu/libXcursor.so.1.0.2
7f5a88d2b000-7f5a88d50000 r-xp 00000000 08:03 4067650                    /lib/x86_64-linux-gnu/libpng12.so.0.51.0
7f5a88d50000-7f5a88f4f000 ---p 00025000 08:03 4067650                    /lib/x86_64-linux-gnu/libpng12.so.0.51.0
7f5a88f4f000-7f5a88f50000 r--p 00024000 08:03 4067650                    /lib/x86_64-linux-gnu/libpng12.so.0.51.0
7f5a88f50000-7f5a88f51000 rw-p 00025000 08:03 4067650                    /lib/x86_64-linux-gnu/libpng12.so.0.51.0
7f5a88f51000-7f5a88ff3000 r-xp 00000000 08:03 6429055                    /usr/lib/x86_64-linux-gnu/libfreetype.so.6.11.1
7f5a88ff3000-7f5a891f2000 ---p 000a2000 08:03 6429055                    /usr/lib/x86_64-linux-gnu/libfreetype.so.6.11.1
7f5a891f2000-7f5a891f8000 r--p 000a1000 08:03 6429055                    /usr/lib/x86_64-linux-gnu/libfreetype.so.6.11.1
7f5a891f8000-7f5a891f9000 rw-p 000a7000 08:03 6429055                    /usr/lib/x86_64-linux-gnu/libfreetype.so.6.11.1
7f5a891fc000-7f5a8921c000 rw-s 156fdf000 00:06 13740                     /dev/nvidiactl
7f5a8921c000-7f5a8926e000 r-xp 00000000 08:03 6425217                    /usr/lib/jvm/java-8-openjdk-amd64/jre/lib/amd64/libfontmanager.so
7f5a8926e000-7f5a8946e000 ---p 00052000 08:03 6425217                    /usr/lib/jvm/java-8-openjdk-amd64/jre/lib/amd64/libfontmanager.so
7f5a8946e000-7f5a89471000 r--p 00052000 08:03 6425217                    /usr/lib/jvm/java-8-openjdk-amd64/jre/lib/amd64/libfontmanager.so
7f5a89471000-7f5a89472000 rw-p 00055000 08:03 6425217                    /usr/lib/jvm/java-8-openjdk-amd64/jre/lib/amd64/libfontmanager.so
7f5a89472000-7f5a89477000 r-xp 00000000 08:03 6430948                    /usr/lib/x86_64-linux-gnu/libXdmcp.so.6.0.0
7f5a89477000-7f5a89676000 ---p 00005000 08:03 6430948                    /usr/lib/x86_64-linux-gnu/libXdmcp.so.6.0.0
7f5a89676000-7f5a89677000 r--p 00004000 08:03 6430948                    /usr/lib/x86_64-linux-gnu/libXdmcp.so.6.0.0
7f5a89677000-7f5a89678000 rw-p 00005000 08:03 6430948                    /usr/lib/x86_64-linux-gnu/libXdmcp.so.6.0.0
7f5a89678000-7f5a8967a000 r-xp 00000000 08:03 6430937                    /usr/lib/x86_64-linux-gnu/libXau.so.6.0.0
7f5a8967a000-7f5a8987a000 ---p 00002000 08:03 6430937                    /usr/lib/x86_64-linux-gnu/libXau.so.6.0.0
7f5a8987a000-7f5a8987b000 r--p 00002000 08:03 6430937                    /usr/lib/x86_64-linux-gnu/libXau.so.6.0.0
7f5a8987b000-7f5a8987c000 rw-p 00003000 08:03 6430937                    /usr/lib/x86_64-linux-gnu/libXau.so.6.0.0
7f5a8987c000-7f5a89899000 r-xp 00000000 08:03 6432135                    /usr/lib/x86_64-linux-gnu/libxcb.so.1.1.0
7f5a89899000-7f5a89a99000 ---p 0001d000 08:03 6432135                    /usr/lib/x86_64-linux-gnu/libxcb.so.1.1.0
7f5a89a99000-7f5a89a9a000 r--p 0001d000 08:03 6432135                    /usr/lib/x86_64-linux-gnu/libxcb.so.1.1.0
7f5a89a9a000-7f5a89a9b000 rw-p 0001e000 08:03 6432135                    /usr/lib/x86_64-linux-gnu/libxcb.so.1.1.0
7f5a89a9b000-7f5a89aaa000 r-xp 00000000 08:03 6430958                    /usr/lib/x86_64-linux-gnu/libXi.so.6.1.0
7f5a89aaa000-7f5a89ca9000 ---p 0000f000 08:03 6430958                    /usr/lib/x86_64-linux-gnu/libXi.so.6.1.0
7f5a89ca9000-7f5a89caa000 r--p 0000e000 08:03 6430958                    /usr/lib/x86_64-linux-gnu/libXi.so.6.1.0
7f5a89caa000-7f5a89cab000 rw-p 0000f000 08:03 6430958                    /usr/lib/x86_64-linux-gnu/libXi.so.6.1.0
7f5a89cab000-7f5a89cb0000 r-xp 00000000 08:03 6430978                    /usr/lib/x86_64-linux-gnu/libXtst.so.6.1.0
7f5a89cb0000-7f5a89eaf000 ---p 00005000 08:03 6430978                    /usr/lib/x86_64-linux-gnu/libXtst.so.6.1.0
7f5a89eaf000-7f5a89eb0000 r--p 00004000 08:03 6430978                    /usr/lib/x86_64-linux-gnu/libXtst.so.6.1.0
7f5a89eb0000-7f5a89eb1000 rw-p 00005000 08:03 6430978                    /usr/lib/x86_64-linux-gnu/libXtst.so.6.1.0
7f5a89eb1000-7f5a89eba000 r-xp 00000000 08:03 6430972                    /usr/lib/x86_64-linux-gnu/libXrender.so.1.3.0
7f5a89eba000-7f5a8a0b9000 ---p 00009000 08:03 6430972                    /usr/lib/x86_64-linux-gnu/libXrender.so.1.3.0
7f5a8a0b9000-7f5a8a0ba000 r--p 00008000 08:03 6430972                    /usr/lib/x86_64-linux-gnu/libXrender.so.1.3.0
7f5a8a0ba000-7f5a8a0bb000 rw-p 00009000 08:03 6430972                    /usr/lib/x86_64-linux-gnu/libXrender.so.1.3.0
7f5a8a0bb000-7f5a8a1ee000 r-xp 00000000 08:03 6430933                    /usr/lib/x86_64-linux-gnu/libX11.so.6.3.0
7f5a8a1ee000-7f5a8a3ee000 ---p 00133000 08:03 6430933                    /usr/lib/x86_64-linux-gnu/libX11.so.6.3.0
7f5a8a3ee000-7f5a8a3ef000 r--p 00133000 08:03 6430933                    /usr/lib/x86_64-linux-gnu/libX11.so.6.3.0
7f5a8a3ef000-7f5a8a3f3000 rw-p 00134000 08:03 6430933                    /usr/lib/x86_64-linux-gnu/libX11.so.6.3.0
7f5a8a3f3000-7f5a8a3f4000 rw-p 00000000 00:00 0 
7f5a8a3f4000-7f5a8a405000 r-xp 00000000 08:03 6430950                    /usr/lib/x86_64-linux-gnu/libXext.so.6.4.0
7f5a8a405000-7f5a8a604000 ---p 00011000 08:03 6430950                    /usr/lib/x86_64-linux-gnu/libXext.so.6.4.0
7f5a8a604000-7f5a8a605000 r--p 00010000 08:03 6430950                    /usr/lib/x86_64-linux-gnu/libXext.so.6.4.0
7f5a8a605000-7f5a8a606000 rw-p 00011000 08:03 6430950                    /usr/lib/x86_64-linux-gnu/libXext.so.6.4.0
7f5a8a607000-7f5a8a60a000 rw-p 00000000 00:00 0 
7f5a8a60a000-7f5a8a60b000 rw-s 145d1a000 00:06 13740                     /dev/nvidiactl
7f5a8a60b000-7f5a8a60f000 rw-s 20d2e4000 00:06 13740                     /dev/nvidiactl
7f5a8a60f000-7f5a8a610000 rw-s dfd65000 00:06 13741                      /dev/nvidia0
7f5a8a610000-7f5a8a611000 rw-s dfd65000 00:06 13741                      /dev/nvidia0
7f5a8a611000-7f5a8a612000 rw-s fa642000 00:06 13741                      /dev/nvidia0
7f5a8a612000-7f5a8a613000 rw-s 1dc8d5000 00:06 13740                     /dev/nvidiactl
7f5a8a613000-7f5a8a614000 rw-s fa641000 00:06 13741                      /dev/nvidia0
7f5a8a614000-7f5a8a615000 rw-s 1feecc000 00:06 13740                     /dev/nvidiactl
7f5a8a615000-7f5a8a616000 rw-s 207374000 00:06 13740                     /dev/nvidiactl
7f5a8a616000-7f5a8a629000 r--s 00345000 08:03 6425242                    /usr/lib/jvm/java-8-openjdk-amd64/jre/lib/resources.jar
7f5a8a629000-7f5a8a680000 r-xp 00000000 08:03 6425205                    /usr/lib/jvm/java-8-openjdk-amd64/jre/lib/amd64/libawt_xawt.so
7f5a8a680000-7f5a8a880000 ---p 00057000 08:03 6425205                    /usr/lib/jvm/java-8-openjdk-amd64/jre/lib/amd64/libawt_xawt.so
7f5a8a880000-7f5a8a881000 r--p 00057000 08:03 6425205                    /usr/lib/jvm/java-8-openjdk-amd64/jre/lib/amd64/libawt_xawt.so
7f5a8a881000-7f5a8a884000 rw-p 00058000 08:03 6425205                    /usr/lib/jvm/java-8-openjdk-amd64/jre/lib/amd64/libawt_xawt.so
7f5a8a884000-7f5a8a885000 rw-p 00000000 00:00 0 
7f5a8a885000-7f5a8a926000 r-xp 00000000 08:03 6425236                    /usr/lib/jvm/java-8-openjdk-amd64/jre/lib/amd64/libawt.so
7f5a8a926000-7f5a8ab25000 ---p 000a1000 08:03 6425236                    /usr/lib/jvm/java-8-openjdk-amd64/jre/lib/amd64/libawt.so
7f5a8ab25000-7f5a8ab26000 r--p 000a0000 08:03 6425236                    /usr/lib/jvm/java-8-openjdk-amd64/jre/lib/amd64/libawt.so
7f5a8ab26000-7f5a8ab31000 rw-p 000a1000 08:03 6425236                    /usr/lib/jvm/java-8-openjdk-amd64/jre/lib/amd64/libawt.so
7f5a8ab31000-7f5a8ab56000 rw-p 00000000 00:00 0 
7f5a8ab56000-7f5a8ab58000 r-xp 00000000 08:03 6029536                    /tmp/jogamp_0000/file_cache/jln4653189649197946582/jln3762005200865979548/natives/linux-amd64/libgluegen-rt.so
7f5a8ab58000-7f5a8ad57000 ---p 00002000 08:03 6029536                    /tmp/jogamp_0000/file_cache/jln4653189649197946582/jln3762005200865979548/natives/linux-amd64/libgluegen-rt.so
7f5a8ad57000-7f5a8ad58000 rw-p 00001000 08:03 6029536                    /tmp/jogamp_0000/file_cache/jln4653189649197946582/jln3762005200865979548/natives/linux-amd64/libgluegen-rt.so
7f5a8ad58000-7f5a8ad5b000 ---p 00000000 00:00 0 
7f5a8ad5b000-7f5a8ae59000 rw-p 00000000 00:00 0                          [stack:21870]
7f5a8ae59000-7f5a8ae6a000 r-xp 00000000 08:03 6425228                    /usr/lib/jvm/java-8-openjdk-amd64/jre/lib/amd64/libnio.so
7f5a8ae6a000-7f5a8b069000 ---p 00011000 08:03 6425228                    /usr/lib/jvm/java-8-openjdk-amd64/jre/lib/amd64/libnio.so
7f5a8b069000-7f5a8b06a000 r--p 00010000 08:03 6425228                    /usr/lib/jvm/java-8-openjdk-amd64/jre/lib/amd64/libnio.so
7f5a8b06a000-7f5a8b06b000 rw-p 00011000 08:03 6425228                    /usr/lib/jvm/java-8-openjdk-amd64/jre/lib/amd64/libnio.so
7f5a8b06b000-7f5a8b36c000 rw-p 00000000 00:00 0 
7f5a8b36c000-7f5a8b383000 r-xp 00000000 08:03 6425209                    /usr/lib/jvm/java-8-openjdk-amd64/jre/lib/amd64/libnet.so
7f5a8b383000-7f5a8b582000 ---p 00017000 08:03 6425209                    /usr/lib/jvm/java-8-openjdk-amd64/jre/lib/amd64/libnet.so
7f5a8b582000-7f5a8b583000 r--p 00016000 08:03 6425209                    /usr/lib/jvm/java-8-openjdk-amd64/jre/lib/amd64/libnet.so
7f5a8b583000-7f5a8b584000 rw-p 00017000 08:03 6425209                    /usr/lib/jvm/java-8-openjdk-amd64/jre/lib/amd64/libnet.so
7f5a8b584000-7f5a8b587000 ---p 00000000 00:00 0 
7f5a8b587000-7f5a8b5bd000 rw-p 00000000 00:00 0                          [stack:21865]
7f5a8b5bd000-7f5a8b5be000 r--p 00000000 00:00 0 
7f5a8b5be000-7f5a8b5c3000 r--s 00094000 08:03 6425238                    /usr/lib/jvm/java-8-openjdk-amd64/jre/lib/jsse.jar
7f5a8b5c3000-7f5a8b5c4000 r--s 00001000 08:03 6029436                    /home/elect/.gradle/caches/modules-2/files-2.1/org.jogamp.gluegen/gluegen-rt/2.3.2/f9b848384a343f39f454e59cead435c2c0cbf542/gluegen-rt-2.3.2-natives-windows-i586.jar
7f5a8b5c4000-7f5a8b5c5000 r--s 00001000 08:03 6029435                    /home/elect/.gradle/caches/modules-2/files-2.1/org.jogamp.gluegen/gluegen-rt/2.3.2/85213c97a5a50d8dd37de4c35ef32cd4b0ac2ef0/gluegen-rt-2.3.2-natives-windows-amd64.jar
7f5a8b5c5000-7f5a8b5c6000 r--s 00000000 08:03 6029434                    /home/elect/.gradle/caches/modules-2/files-2.1/org.jogamp.gluegen/gluegen-rt/2.3.2/a5d9ee96c7a365055fba41e30f9a10f42a3c1a3e/gluegen-rt-2.3.2-natives-solaris-i586.jar
7f5a8b5c6000-7f5a8b5c7000 r--s 00001000 08:03 6029433                    /home/elect/.gradle/caches/modules-2/files-2.1/org.jogamp.gluegen/gluegen-rt/2.3.2/9a23cd22c59e3f04082e7589e850b79c9e696dc4/gluegen-rt-2.3.2-natives-solaris-amd64.jar
7f5a8b5c7000-7f5a8b5c8000 r--s 00001000 08:03 6029432                    /home/elect/.gradle/caches/modules-2/files-2.1/org.jogamp.gluegen/gluegen-rt/2.3.2/7227ae9e480354909d80f4df92b30bbb965387be/gluegen-rt-2.3.2-natives-macosx-universal.jar
7f5a8b5c8000-7f5a8b5ca000 r--s 00000000 08:03 6029431                    /home/elect/.gradle/caches/modules-2/files-2.1/org.jogamp.gluegen/gluegen-rt/2.3.2/da68aff010edd35a9ee89b1801dce6e284c7e673/gluegen-rt-2.3.2-natives-linux-i586.jar
7f5a8b5ca000-7f5a8b5cb000 r--s 00000000 08:03 6029430                    /home/elect/.gradle/caches/modules-2/files-2.1/org.jogamp.gluegen/gluegen-rt/2.3.2/f6d3587b061d7ae6e68932fc62317e3500d2112d/gluegen-rt-2.3.2-natives-linux-armv6hf.jar
7f5a8b5cb000-7f5a8b5cc000 r--s 00000000 08:03 6029429                    /home/elect/.gradle/caches/modules-2/files-2.1/org.jogamp.gluegen/gluegen-rt/2.3.2/c55cd566d98d4fcd004b9aaa2c502c8c2dcec192/gluegen-rt-2.3.2-natives-linux-armv6.jar
7f5a8b5cc000-7f5a8b5ce000 r--s 00000000 08:03 6029428                    /home/elect/.gradle/caches/modules-2/files-2.1/org.jogamp.gluegen/gluegen-rt/2.3.2/477a6bc4f9256d8c9935b75d55e2b7b01314440b/gluegen-rt-2.3.2-natives-linux-amd64.jar
7f5a8b5ce000-7f5a8b5cf000 r--s 00001000 08:03 6029427                    /home/elect/.gradle/caches/modules-2/files-2.1/org.jogamp.gluegen/gluegen-rt/2.3.2/2130295b94ef5c19f85fb4ba6107ca193e987858/gluegen-rt-2.3.2-natives-android-armv6.jar
7f5a8b5cf000-7f5a8b5d0000 r--s 00000000 08:03 6029426                    /home/elect/.gradle/caches/modules-2/files-2.1/org.jogamp.gluegen/gluegen-rt/2.3.2/4c104c7aef98cda5c404eacb96b1a4e04fe0dd68/gluegen-rt-2.3.2-natives-android-aarch64.jar
7f5a8b5d0000-7f5a8b5d6000 r--s 0004f000 08:03 6029425                    /home/elect/.gradle/caches/modules-2/files-2.1/org.jogamp.gluegen/gluegen-rt/2.3.2/edc35ccfc13d4a4ad02c50d580874c18bf48bbef/gluegen-rt-2.3.2.jar
7f5a8b5d6000-7f5a8b5d7000 r--s 00004000 08:03 6029498                    /home/elect/.gradle/caches/modules-2/files-2.1/org.jogamp.jogl/newt/2.3.2/e25eae0a0af4c9881b1f105239eb1a11ba8ff062/newt-2.3.2-natives-windows-i586.jar
7f5a8b5d7000-7f5a8b5d8000 r--s 00004000 08:03 6029497                    /home/elect/.gradle/caches/modules-2/files-2.1/org.jogamp.jogl/newt/2.3.2/345a309326786646a4b288824c285331496ccfbe/newt-2.3.2-natives-windows-amd64.jar
7f5a8b5d8000-7f5a8b5d9000 r--s 00005000 08:03 6029496                    /home/elect/.gradle/caches/modules-2/files-2.1/org.jogamp.jogl/newt/2.3.2/87b54f8bfc1e5190418aaaa6a042473f4f556b15/newt-2.3.2-natives-solaris-i586.jar
7f5a8b5d9000-7f5a8b5da000 r--s 00006000 08:03 6029495                    /home/elect/.gradle/caches/modules-2/files-2.1/org.jogamp.jogl/newt/2.3.2/5ec2a841e5469e21dd36f3d92365afaad86ade3b/newt-2.3.2-natives-solaris-amd64.jar
7f5a8b5da000-7f5a8b5db000 r--s 0000e000 08:03 6029494                    /home/elect/.gradle/caches/modules-2/files-2.1/org.jogamp.jogl/newt/2.3.2/eb1257f13f3b411dc83db05ebeb21d44767eaed6/newt-2.3.2-natives-macosx-universal.jar
7f5a8b5db000-7f5a8b5dc000 r--s 00006000 08:03 6029493                    /home/elect/.gradle/caches/modules-2/files-2.1/org.jogamp.jogl/newt/2.3.2/8e2017dd73e68ae1753f0724e0489d835f791946/newt-2.3.2-natives-linux-i586.jar
7f5a8b5dc000-7f5a8b5dd000 r--s 00005000 08:03 6029492                    /home/elect/.gradle/caches/modules-2/files-2.1/org.jogamp.jogl/newt/2.3.2/e944b80304cda285686fad84963af27e0746b911/newt-2.3.2-natives-linux-armv6hf.jar
7f5a8b5dd000-7f5a8b5de000 r--s 00005000 08:03 6029491                    /home/elect/.gradle/caches/modules-2/files-2.1/org.jogamp.jogl/newt/2.3.2/f25e0ab0de2dc29d8b16740ff9ae9e52e503bec0/newt-2.3.2-natives-linux-armv6.jar
7f5a8b5de000-7f5a8b5df000 r--s 00006000 08:03 6029490                    /home/elect/.gradle/caches/modules-2/files-2.1/org.jogamp.jogl/newt/2.3.2/24007dc5205f4f9773198d1be5f7013a8b6a2b96/newt-2.3.2-natives-linux-amd64.jar
7f5a8b5df000-7f5a8b5e0000 r--s 00001000 08:03 6029489                    /home/elect/.gradle/caches/modules-2/files-2.1/org.jogamp.jogl/newt/2.3.2/7b425742f16722273c189f5f860f212a01b3b462/newt-2.3.2-natives-android-armv6.jar
7f5a8b5e0000-7f5a8b5e2000 r--s 00000000 08:03 6029488                    /home/elect/.gradle/caches/modules-2/files-2.1/org.jogamp.jogl/newt/2.3.2/f05e8b11b0f7ba31a75033d9b40da603c449635/newt-2.3.2-natives-android-aarch64.jar
7f5a8b5e2000-7f5a8b5e3000 r--s 00008000 08:03 6029487                    /home/elect/.gradle/caches/modules-2/files-2.1/org.jogamp.jogl/newt/2.3.2/c975b00340f112cb8fbbe35bead078f3e64f5a8c/newt-2.3.2-driver-x11.jar
7f5a8b5e3000-7f5a8b5e5000 r--s 00002000 08:03 6029486                    /home/elect/.gradle/caches/modules-2/files-2.1/org.jogamp.jogl/newt/2.3.2/5a009f4d9a1730839eefbb0990fdacc35859b48a/newt-2.3.2-driver-win.jar
7f5a8b5e5000-7f5a8b5e6000 r--s 00007000 08:03 6029485                    /home/elect/.gradle/caches/modules-2/files-2.1/org.jogamp.jogl/newt/2.3.2/cc363a480a51c59ca3a4a24dc982221a3adb2e81/newt-2.3.2-driver-osx.jar
7f5a8b5e6000-7f5a8b5e7000 r--s 00002000 08:03 6029484                    /home/elect/.gradle/caches/modules-2/files-2.1/org.jogamp.jogl/newt/2.3.2/95ef751e091b696ebc4700b5a04891575990122d/newt-2.3.2-driver-linux.jar
7f5a8b5e7000-7f5a8b5e8000 r--s 00001000 08:03 6029483                    /home/elect/.gradle/caches/modules-2/files-2.1/org.jogamp.jogl/newt/2.3.2/14da99081d9289fa556fc6aab4589b229197a3e4/newt-2.3.2-driver-kd.jar
7f5a8b5e8000-7f5a8b5e9000 r--s 00001000 08:03 6029482                    /home/elect/.gradle/caches/modules-2/files-2.1/org.jogamp.jogl/newt/2.3.2/edb56dfa3e4ecdf08c85e6ad78d3a187f7a753c8/newt-2.3.2-driver-intelgdl.jar
7f5a8b5e9000-7f5a8b5ea000 r--s 00002000 08:03 6029481                    /home/elect/.gradle/caches/modules-2/files-2.1/org.jogamp.jogl/newt/2.3.2/4c53748c34d6d2c30908ba3007816ca85f0e0791/newt-2.3.2-driver-bcm-vc.jar
7f5a8b5ea000-7f5a8b5eb000 r--s 00001000 08:03 6029480                    /home/elect/.gradle/caches/modules-2/files-2.1/org.jogamp.jogl/newt/2.3.2/4b4af96e706899860846f04d2933e859234326ca/newt-2.3.2-driver-bcm-old.jar
7f5a8b5eb000-7f5a8b5ec000 r--s 00008000 08:03 6029479                    /home/elect/.gradle/caches/modules-2/files-2.1/org.jogamp.jogl/newt/2.3.2/a43e9001b3651548ceac27061001a0d0054d2908/newt-2.3.2-driver-android.jar
7f5a8b5ec000-7f5a8b5ed000 r--s 00008000 08:03 6029478                    /home/elect/.gradle/caches/modules-2/files-2.1/org.jogamp.jogl/newt/2.3.2/2b7005b3693c301ba81c00a50dae413427f85791/newt-2.3.2-ogl.jar
7f5a8b5ed000-7f5a8b5ef000 r--s 0000b000 08:03 6029477                    /home/elect/.gradle/caches/modules-2/files-2.1/org.jogamp.jogl/newt/2.3.2/5268c4c933bdcc1188e01dc3d0eb218bda277db3/newt-2.3.2-event.jar
7f5a8b5ef000-7f5a8b5f2000 r--s 0002c000 08:03 6029476                    /home/elect/.gradle/caches/modules-2/files-2.1/org.jogamp.jogl/newt/2.3.2/2f0d759de0a7d61be4cba251b573b98bcef608d8/newt-2.3.2.jar
7f5a8b5f2000-7f5a8b5f3000 r--s 00004000 08:03 6029470                    /home/elect/.gradle/caches/modules-2/files-2.1/org.jogamp.jogl/nativewindow/2.3.2/fda8e3b58cd05acb6bae87966710b7633283704a/nativewindow-2.3.2-natives-windows-i586.jar
7f5a8b5f3000-7f5a8b5f4000 r--s 00004000 08:03 6029469                    /home/elect/.gradle/caches/modules-2/files-2.1/org.jogamp.jogl/nativewindow/2.3.2/1ec8ecfe1a35a8c50fe36708875c93a9664f24e/nativewindow-2.3.2-natives-windows-amd64.jar
7f5a8b5f4000-7f5a8b5f6000 r--s 00002000 08:03 6029468                    /home/elect/.gradle/caches/modules-2/files-2.1/org.jogamp.jogl/nativewindow/2.3.2/b887f303070cd0c87a27feabcf344fef9666af66/nativewindow-2.3.2-natives-solaris-i586.jar
7f5a8b5f6000-7f5a8b61a000 r--s 0031e000 08:03 6029407                    /home/elect/.gradle/caches/modules-2/files-2.1/org.jogamp.jogl/jogl-all/2.3.2/99e0f64bb8882f054825ae4a8a527a17b544a0b5/jogl-all-2.3.2.jar
7f5a8b61a000-7f5a8b61b000 ---p 00000000 00:00 0 
7f5a8b61b000-7f5a8b71b000 rw-p 00000000 00:00 0                          [stack:21861]
7f5a8b71b000-7f5a8b71e000 ---p 00000000 00:00 0 
7f5a8b71e000-7f5a8b81c000 rw-p 00000000 00:00 0                          [stack:21860]
7f5a8b81c000-7f5a8b81f000 ---p 00000000 00:00 0 
7f5a8b81f000-7f5a8b91d000 rw-p 00000000 00:00 0                          [stack:21859]
7f5a8b91d000-7f5a8c000000 r--p 00000000 08:03 6429964                    /usr/lib/locale/locale-archive
7f5a8c000000-7f5a8c021000 rw-p 00000000 00:00 0 
7f5a8c021000-7f5a90000000 ---p 00000000 00:00 0 
7f5a90000000-7f5a90001000 r--s 00003000 08:03 6029467                    /home/elect/.gradle/caches/modules-2/files-2.1/org.jogamp.jogl/nativewindow/2.3.2/63d814027e5f2a1aeb1e9672ec14bc781b8a9843/nativewindow-2.3.2-natives-solaris-amd64.jar
7f5a90001000-7f5a90002000 r--s 00007000 08:03 6029466                    /home/elect/.gradle/caches/modules-2/files-2.1/org.jogamp.jogl/nativewindow/2.3.2/c6bfd67b0ac217a403f73894bacc7044059c2a0c/nativewindow-2.3.2-natives-macosx-universal.jar
7f5a90002000-7f5a90003000 r--s 00003000 08:03 6029465                    /home/elect/.gradle/caches/modules-2/files-2.1/org.jogamp.jogl/nativewindow/2.3.2/4f556326a5d174a31c9af30127f39fd0c876316b/nativewindow-2.3.2-natives-linux-i586.jar
7f5a90003000-7f5a90004000 r--s 00002000 08:03 6029464                    /home/elect/.gradle/caches/modules-2/files-2.1/org.jogamp.jogl/nativewindow/2.3.2/e959e10219f023c27bd4e5582f626e8874825820/nativewindow-2.3.2-natives-linux-armv6hf.jar
7f5a90004000-7f5a90005000 r--s 00002000 08:03 6029463                    /home/elect/.gradle/caches/modules-2/files-2.1/org.jogamp.jogl/nativewindow/2.3.2/3ce179989908a51aec7799dfab4841685e6350f6/nativewindow-2.3.2-natives-linux-armv6.jar
7f5a90005000-7f5a90006000 r--s 00003000 08:03 6029462                    /home/elect/.gradle/caches/modules-2/files-2.1/org.jogamp.jogl/nativewindow/2.3.2/fe23dbb106657ac76f7c981e5357c294623b9f8f/nativewindow-2.3.2-natives-linux-amd64.jar
7f5a90006000-7f5a90022000 r--s 00393000 08:03 6425245                    /usr/lib/jvm/java-8-openjdk-amd64/jre/lib/ext/cldrdata.jar
7f5a90022000-7f5a9003c000 r--s 001d3000 08:03 6425246                    /usr/lib/jvm/java-8-openjdk-amd64/jre/lib/ext/nashorn.jar
7f5a9003c000-7f5a9003f000 ---p 00000000 00:00 0 
7f5a9003f000-7f5a9013d000 rw-p 00000000 00:00 0                          [stack:21858]
7f5a9013d000-7f5a90140000 ---p 00000000 00:00 0 
7f5a90140000-7f5a9023e000 rw-p 00000000 00:00 0                          [stack:21857]
7f5a9023e000-7f5a90241000 ---p 00000000 00:00 0 
7f5a90241000-7f5a9033f000 rw-p 00000000 00:00 0                          [stack:21856]
7f5a9033f000-7f5a90342000 ---p 00000000 00:00 0 
7f5a90342000-7f5a90440000 rw-p 00000000 00:00 0                          [stack:21855]
7f5a90440000-7f5a90443000 ---p 00000000 00:00 0 
7f5a90443000-7f5a90541000 rw-p 00000000 00:00 0                          [stack:21854]
7f5a90541000-7f5a90542000 ---p 00000000 00:00 0 
7f5a90542000-7f5a95000000 rw-p 00000000 00:00 0                          [stack:21853]
7f5a95000000-7f5a95310000 rwxp 00000000 00:00 0 
7f5a95310000-7f5aa4000000 ---p 00000000 00:00 0 
7f5aa4000000-7f5aa4ca1000 rw-p 00000000 00:00 0 
7f5aa4ca1000-7f5aa8000000 ---p 00000000 00:00 0 
7f5aa8000000-7f5aa8001000 r--s 00000000 08:03 6029461                    /home/elect/.gradle/caches/modules-2/files-2.1/org.jogamp.jogl/nativewindow/2.3.2/c2003f72ca3de3f34e4920dc2c50b83a094959b9/nativewindow-2.3.2-natives-android-armv6.jar
7f5aa8001000-7f5aa8002000 r--s 00000000 08:03 6029460                    /home/elect/.gradle/caches/modules-2/files-2.1/org.jogamp.jogl/nativewindow/2.3.2/b3f9623ef71eadfafce4c70f485e3a93dfe7abdf/nativewindow-2.3.2-natives-android-aarch64.jar
7f5aa8002000-7f5aa8003000 r--s 00006000 08:03 6029459                    /home/elect/.gradle/caches/modules-2/files-2.1/org.jogamp.jogl/nativewindow/2.3.2/a75599e783ff6cbee68e60f80f00113b5e95919f/nativewindow-2.3.2-os-x11.jar
7f5aa8003000-7f5aa8004000 r--s 00001000 08:03 6029458                    /home/elect/.gradle/caches/modules-2/files-2.1/org.jogamp.jogl/nativewindow/2.3.2/bac1ceae906c7a80ad37b42f917ecff289c959d9/nativewindow-2.3.2-os-osx.jar
7f5aa8004000-7f5aa8005000 r--s 00006000 08:03 6029456                    /home/elect/.gradle/caches/modules-2/files-2.1/org.jogamp.jogl/nativewindow/2.3.2/9eeb70fd34c7c86e586ec02f22eaaf8074ddbcb7/nativewindow-2.3.2-os-win.jar
7f5aa8005000-7f5aa8008000 r--s 00016000 08:03 6029455                    /home/elect/.gradle/caches/modules-2/files-2.1/org.jogamp.jogl/nativewindow/2.3.2/c4e73108a1ccb49110516be8b63d44cf07f0f26b/nativewindow-2.3.2.jar
7f5aa8008000-7f5aa800a000 r--s 00032000 08:03 6029418                    /home/elect/.gradle/caches/modules-2/files-2.1/org.jogamp.jogl/jogl-all/2.3.2/5db8db5eca6b4445db6cd14f68938736630ae976/jogl-all-2.3.2-natives-windows-i586.jar
7f5aa800a000-7f5aa800b000 r--s 0003a000 08:03 6029417                    /home/elect/.gradle/caches/modules-2/files-2.1/org.jogamp.jogl/jogl-all/2.3.2/becd519b1f741176561d93645abd90971ca0dca0/jogl-all-2.3.2-natives-windows-amd64.jar
7f5aa800b000-7f5aa800c000 r--s 00027000 08:03 6029416                    /home/elect/.gradle/caches/modules-2/files-2.1/org.jogamp.jogl/jogl-all/2.3.2/94d1ed501fe53b7f75eab0f712f39802390d0f5b/jogl-all-2.3.2-natives-solaris-i586.jar
7f5aa800c000-7f5aa800d000 r--s 00035000 08:03 6029415                    /home/elect/.gradle/caches/modules-2/files-2.1/org.jogamp.jogl/jogl-all/2.3.2/bde11ff064181af9c307180d8f3f1744b7bdc11d/jogl-all-2.3.2-natives-solaris-amd64.jar
7f5aa800d000-7f5aa800e000 r--s 0006c000 08:03 6029414                    /home/elect/.gradle/caches/modules-2/files-2.1/org.jogamp.jogl/jogl-all/2.3.2/2da2215dbe1091c54cb83cf2484f8a54a4d0cf7a/jogl-all-2.3.2-natives-macosx-universal.jar
7f5aa800e000-7f5aa8010000 r--s 00034000 08:03 6029413                    /home/elect/.gradle/caches/modules-2/files-2.1/org.jogamp.jogl/jogl-all/2.3.2/59b7a336c0ee54161e33662d2ca8ac9d8f6c476d/jogl-all-2.3.2-natives-linux-i586.jar
7f5aa8010000-7f5aa8011000 r--s 00028000 08:03 6029412                    /home/elect/.gradle/caches/modules-2/files-2.1/org.jogamp.jogl/jogl-all/2.3.2/2c434c560dbd821b0ed569e44d3d441727491dac/jogl-all-2.3.2-natives-linux-armv6hf.jar
7f5aa8011000-7f5aa8012000 r--s 00027000 08:03 6029411                    /home/elect/.gradle/caches/modules-2/files-2.1/org.jogamp.jogl/jogl-all/2.3.2/6d14f46336be9e2dc5f85d5df17490cee5d09a90/jogl-all-2.3.2-natives-linux-armv6.jar
7f5aa8012000-7f5aa8013000 r--s 00036000 08:03 6029410                    /home/elect/.gradle/caches/modules-2/files-2.1/org.jogamp.jogl/jogl-all/2.3.2/ffd1c6bd5f6fb088df6cad25e25721eb55ad2228/jogl-all-2.3.2-natives-linux-amd64.jar
7f5aa8013000-7f5aa8014000 r--s 0000f000 08:03 6029409                    /home/elect/.gradle/caches/modules-2/files-2.1/org.jogamp.jogl/jogl-all/2.3.2/ab2c18b8a1327255cc354c19c720807d262baa75/jogl-all-2.3.2-natives-android-armv6.jar
7f5aa8014000-7f5aa8486000 rw-p 00000000 00:00 0 
7f5aa8486000-7f5aa8653000 r--s 03bd3000 08:03 6425271                    /usr/lib/jvm/java-8-openjdk-amd64/jre/lib/rt.jar
7f5aa8653000-7f5aa92ae000 rw-p 00000000 00:00 0 
7f5aa92ae000-7f5aa92af000 ---p 00000000 00:00 0 
7f5aa92af000-7f5aa93af000 rw-p 00000000 00:00 0                          [stack:21849]
7f5aa93af000-7f5aa93b0000 ---p 00000000 00:00 0 
7f5aa93b0000-7f5aa94b0000 rw-p 00000000 00:00 0                          [stack:21848]
7f5aa94b0000-7f5aa94b1000 ---p 00000000 00:00 0 
7f5aa94b1000-7f5aa95b1000 rw-p 00000000 00:00 0                          [stack:21847]
7f5aa95b1000-7f5aa95b2000 ---p 00000000 00:00 0 
7f5aa95b2000-7f5aa96dc000 rw-p 00000000 00:00 0                          [stack:21846]
7f5aa96dc000-7f5aa994b000 ---p 00000000 00:00 0 
7f5aa994b000-7f5aa9975000 rw-p 00000000 00:00 0 
7f5aa9975000-7f5aa9be3000 ---p 00000000 00:00 0 
7f5aa9be3000-7f5aa9bf9000 rw-p 00000000 00:00 0 
7f5aa9bf9000-7f5aa9d30000 ---p 00000000 00:00 0 
7f5aa9d30000-7f5aa9d3e000 rw-p 00000000 00:00 0 
7f5aa9d3e000-7f5aaa0f1000 ---p 00000000 00:00 0 
7f5aaa0f1000-7f5aaa0f9000 r-xp 00000000 08:03 6425202                    /usr/lib/jvm/java-8-openjdk-amd64/jre/lib/amd64/libzip.so
7f5aaa0f9000-7f5aaa2f8000 ---p 00008000 08:03 6425202                    /usr/lib/jvm/java-8-openjdk-amd64/jre/lib/amd64/libzip.so
7f5aaa2f8000-7f5aaa2f9000 r--p 00007000 08:03 6425202                    /usr/lib/jvm/java-8-openjdk-amd64/jre/lib/amd64/libzip.so
7f5aaa2f9000-7f5aaa2fa000 rw-p 00008000 08:03 6425202                    /usr/lib/jvm/java-8-openjdk-amd64/jre/lib/amd64/libzip.so
7f5aaa2fa000-7f5aaa306000 r-xp 00000000 08:03 4067608                    /lib/x86_64-linux-gnu/libnss_files-2.21.so
7f5aaa306000-7f5aaa505000 ---p 0000c000 08:03 4067608                    /lib/x86_64-linux-gnu/libnss_files-2.21.so
7f5aaa505000-7f5aaa506000 r--p 0000b000 08:03 4067608                    /lib/x86_64-linux-gnu/libnss_files-2.21.so
7f5aaa506000-7f5aaa507000 rw-p 0000c000 08:03 4067608                    /lib/x86_64-linux-gnu/libnss_files-2.21.so
7f5aaa507000-7f5aaa512000 r-xp 00000000 08:03 4067618                    /lib/x86_64-linux-gnu/libnss_nis-2.21.so
7f5aaa512000-7f5aaa711000 ---p 0000b000 08:03 4067618                    /lib/x86_64-linux-gnu/libnss_nis-2.21.so
7f5aaa711000-7f5aaa712000 r--p 0000a000 08:03 4067618                    /lib/x86_64-linux-gnu/libnss_nis-2.21.so
7f5aaa712000-7f5aaa713000 rw-p 0000b000 08:03 4067618                    /lib/x86_64-linux-gnu/libnss_nis-2.21.so
7f5aaa713000-7f5aaa72a000 r-xp 00000000 08:03 4067602                    /lib/x86_64-linux-gnu/libnsl-2.21.so
7f5aaa72a000-7f5aaa929000 ---p 00017000 08:03 4067602                    /lib/x86_64-linux-gnu/libnsl-2.21.so
7f5aaa929000-7f5aaa92a000 r--p 00016000 08:03 4067602                    /lib/x86_64-linux-gnu/libnsl-2.21.so
7f5aaa92a000-7f5aaa92b000 rw-p 00017000 08:03 4067602                    /lib/x86_64-linux-gnu/libnsl-2.21.so
7f5aaa92b000-7f5aaa92d000 rw-p 00000000 00:00 0 
7f5aaa92d000-7f5aaa935000 r-xp 00000000 08:03 4067604                    /lib/x86_64-linux-gnu/libnss_compat-2.21.so
7f5aaa935000-7f5aaab34000 ---p 00008000 08:03 4067604                    /lib/x86_64-linux-gnu/libnss_compat-2.21.so
7f5aaab34000-7f5aaab35000 r--p 00007000 08:03 4067604                    /lib/x86_64-linux-gnu/libnss_compat-2.21.so
7f5aaab35000-7f5aaab36000 rw-p 00008000 08:03 4067604                    /lib/x86_64-linux-gnu/libnss_compat-2.21.so
7f5aaab36000-7f5aaab64000 r-xp 00000000 08:03 6425199                    /usr/lib/jvm/java-8-openjdk-amd64/jre/lib/amd64/libjava.so
7f5aaab64000-7f5aaad63000 ---p 0002e000 08:03 6425199                    /usr/lib/jvm/java-8-openjdk-amd64/jre/lib/amd64/libjava.so
7f5aaad63000-7f5aaad64000 r--p 0002d000 08:03 6425199                    /usr/lib/jvm/java-8-openjdk-amd64/jre/lib/amd64/libjava.so
7f5aaad64000-7f5aaad66000 rw-p 0002e000 08:03 6425199                    /usr/lib/jvm/java-8-openjdk-amd64/jre/lib/amd64/libjava.so
7f5aaad66000-7f5aaad75000 r-xp 00000000 08:03 6425214                    /usr/lib/jvm/java-8-openjdk-amd64/jre/lib/amd64/libverify.so
7f5aaad75000-7f5aaaf75000 ---p 0000f000 08:03 6425214                    /usr/lib/jvm/java-8-openjdk-amd64/jre/lib/amd64/libverify.so
7f5aaaf75000-7f5aaaf78000 r--p 0000f000 08:03 6425214                    /usr/lib/jvm/java-8-openjdk-amd64/jre/lib/amd64/libverify.so
7f5aaaf78000-7f5aaaf79000 rw-p 00012000 08:03 6425214                    /usr/lib/jvm/java-8-openjdk-amd64/jre/lib/amd64/libverify.so
7f5aaaf79000-7f5aaaf80000 r-xp 00000000 08:03 4067663                    /lib/x86_64-linux-gnu/librt-2.21.so
7f5aaaf80000-7f5aab17f000 ---p 00007000 08:03 4067663                    /lib/x86_64-linux-gnu/librt-2.21.so
7f5aab17f000-7f5aab180000 r--p 00006000 08:03 4067663                    /lib/x86_64-linux-gnu/librt-2.21.so
7f5aab180000-7f5aab181000 rw-p 00007000 08:03 4067663                    /lib/x86_64-linux-gnu/librt-2.21.so
7f5aab181000-7f5aab197000 r-xp 00000000 08:03 4067514                    /lib/x86_64-linux-gnu/libgcc_s.so.1
7f5aab197000-7f5aab396000 ---p 00016000 08:03 4067514                    /lib/x86_64-linux-gnu/libgcc_s.so.1
7f5aab396000-7f5aab397000 rw-p 00015000 08:03 4067514                    /lib/x86_64-linux-gnu/libgcc_s.so.1
7f5aab397000-7f5aab49e000 r-xp 00000000 08:03 4067581                    /lib/x86_64-linux-gnu/libm-2.21.so
7f5aab49e000-7f5aab69d000 ---p 00107000 08:03 4067581                    /lib/x86_64-linux-gnu/libm-2.21.so
7f5aab69d000-7f5aab69e000 r--p 00106000 08:03 4067581                    /lib/x86_64-linux-gnu/libm-2.21.so
7f5aab69e000-7f5aab69f000 rw-p 00107000 08:03 4067581                    /lib/x86_64-linux-gnu/libm-2.21.so
7f5aab69f000-7f5aab78f000 r-xp 00000000 08:03 6431929                    /usr/lib/x86_64-linux-gnu/libstdc++.so.6.0.20
7f5aab78f000-7f5aab98f000 ---p 000f0000 08:03 6431929                    /usr/lib/x86_64-linux-gnu/libstdc++.so.6.0.20
7f5aab98f000-7f5aab997000 r--p 000f0000 08:03 6431929                    /usr/lib/x86_64-linux-gnu/libstdc++.so.6.0.20
7f5aab997000-7f5aab999000 rw-p 000f8000 08:03 6431929                    /usr/lib/x86_64-linux-gnu/libstdc++.so.6.0.20
7f5aab999000-7f5aab9ae000 rw-p 00000000 00:00 0 
7f5aab9ae000-7f5aac63b000 r-xp 00000000 08:03 6425226                    /usr/lib/jvm/java-8-openjdk-amd64/jre/lib/amd64/server/libjvm.so
7f5aac63b000-7f5aac83b000 ---p 00c8d000 08:03 6425226                    /usr/lib/jvm/java-8-openjdk-amd64/jre/lib/amd64/server/libjvm.so
7f5aac83b000-7f5aac8de000 r--p 00c8d000 08:03 6425226                    /usr/lib/jvm/java-8-openjdk-amd64/jre/lib/amd64/server/libjvm.so
7f5aac8de000-7f5aac907000 rw-p 00d30000 08:03 6425226                    /usr/lib/jvm/java-8-openjdk-amd64/jre/lib/amd64/server/libjvm.so
7f5aac907000-7f5aac936000 rw-p 00000000 00:00 0 
7f5aac936000-7f5aac94e000 r-xp 00000000 08:03 4067655                    /lib/x86_64-linux-gnu/libpthread-2.21.so
7f5aac94e000-7f5aacb4e000 ---p 00018000 08:03 4067655                    /lib/x86_64-linux-gnu/libpthread-2.21.so
7f5aacb4e000-7f5aacb4f000 r--p 00018000 08:03 4067655                    /lib/x86_64-linux-gnu/libpthread-2.21.so
7f5aacb4f000-7f5aacb50000 rw-p 00019000 08:03 4067655                    /lib/x86_64-linux-gnu/libpthread-2.21.so
7f5aacb50000-7f5aacb54000 rw-p 00000000 00:00 0 
7f5aacb54000-7f5aacb57000 r-xp 00000000 08:03 4067539                    /lib/x86_64-linux-gnu/libdl-2.21.so
7f5aacb57000-7f5aacd56000 ---p 00003000 08:03 4067539                    /lib/x86_64-linux-gnu/libdl-2.21.so
7f5aacd56000-7f5aacd57000 r--p 00002000 08:03 4067539                    /lib/x86_64-linux-gnu/libdl-2.21.so
7f5aacd57000-7f5aacd58000 rw-p 00003000 08:03 4067539                    /lib/x86_64-linux-gnu/libdl-2.21.so
7f5aacd58000-7f5aacd71000 r-xp 00000000 08:03 4067696                    /lib/x86_64-linux-gnu/libz.so.1.2.8
7f5aacd71000-7f5aacf71000 ---p 00019000 08:03 4067696                    /lib/x86_64-linux-gnu/libz.so.1.2.8
7f5aacf71000-7f5aacf72000 r--p 00019000 08:03 4067696                    /lib/x86_64-linux-gnu/libz.so.1.2.8
7f5aacf72000-7f5aacf73000 rw-p 0001a000 08:03 4067696                    /lib/x86_64-linux-gnu/libz.so.1.2.8
7f5aacf73000-7f5aad133000 r-xp 00000000 08:03 4067522                    /lib/x86_64-linux-gnu/libc-2.21.so
7f5aad133000-7f5aad333000 ---p 001c0000 08:03 4067522                    /lib/x86_64-linux-gnu/libc-2.21.so
7f5aad333000-7f5aad337000 r--p 001c0000 08:03 4067522                    /lib/x86_64-linux-gnu/libc-2.21.so
7f5aad337000-7f5aad339000 rw-p 001c4000 08:03 4067522                    /lib/x86_64-linux-gnu/libc-2.21.so
7f5aad339000-7f5aad33d000 rw-p 00000000 00:00 0 
7f5aad33d000-7f5aad34b000 r-xp 00000000 08:03 6425233                    /usr/lib/jvm/java-8-openjdk-amd64/jre/lib/amd64/jli/libjli.so
7f5aad34b000-7f5aad54a000 ---p 0000e000 08:03 6425233                    /usr/lib/jvm/java-8-openjdk-amd64/jre/lib/amd64/jli/libjli.so
7f5aad54a000-7f5aad54b000 r--p 0000d000 08:03 6425233                    /usr/lib/jvm/java-8-openjdk-amd64/jre/lib/amd64/jli/libjli.so
7f5aad54b000-7f5aad54c000 rw-p 0000e000 08:03 6425233                    /usr/lib/jvm/java-8-openjdk-amd64/jre/lib/amd64/jli/libjli.so
7f5aad54c000-7f5aad570000 r-xp 00000000 08:03 4067494                    /lib/x86_64-linux-gnu/ld-2.21.so
7f5aad570000-7f5aad571000 r--s 0000f000 08:03 6029408                    /home/elect/.gradle/caches/modules-2/files-2.1/org.jogamp.jogl/jogl-all/2.3.2/166147f43cf7419c4d858cd31f4b5922d6d10c81/jogl-all-2.3.2-natives-android-aarch64.jar
7f5aad571000-7f5aad572000 r--s 00000000 08:03 6029424                    /home/elect/.gradle/caches/modules-2/files-2.1/org.jogamp.gluegen/gluegen-rt-main/2.3.2/6a86a9ce357c085e3052efcf639447f9957b82b8/gluegen-rt-main-2.3.2.jar
7f5aad572000-7f5aad573000 r--s 00000000 08:03 6029457                    /home/elect/.gradle/caches/modules-2/files-2.1/org.jogamp.jogl/newt-main/2.3.2/6a86a9ce357c085e3052efcf639447f9957b82b8/newt-main-2.3.2.jar
7f5aad573000-7f5aad579000 r--s 0003a000 08:03 6425250                    /usr/lib/jvm/java-8-openjdk-amd64/jre/lib/ext/sunjce_provider.jar
7f5aad579000-7f5aad644000 rw-p 00000000 00:00 0 
7f5aad644000-7f5aad647000 ---p 00000000 00:00 0 
7f5aad647000-7f5aad74a000 rw-p 00000000 00:00 0                          [stack:21844]
7f5aad74a000-7f5aad74b000 r--s 00000000 08:03 6029454                    /home/elect/.gradle/caches/modules-2/files-2.1/org.jogamp.jogl/nativewindow-main/2.3.2/6a86a9ce357c085e3052efcf639447f9957b82b8/nativewindow-main-2.3.2.jar
7f5aad74b000-7f5aad74c000 r--s 00000000 08:03 6029406                    /home/elect/.gradle/caches/modules-2/files-2.1/org.jogamp.jogl/jogl-all-main/2.3.2/6a86a9ce357c085e3052efcf639447f9957b82b8/jogl-all-main-2.3.2.jar
7f5aad74c000-7f5aad74f000 r--s 0000f000 08:03 6425252                    /usr/lib/jvm/java-8-openjdk-amd64/jre/lib/ext/icedtea-sound.jar
7f5aad74f000-7f5aad750000 r--s 00008000 08:03 6425247                    /usr/lib/jvm/java-8-openjdk-amd64/jre/lib/ext/sunec.jar
7f5aad750000-7f5aad752000 r--s 00001000 08:03 6425251                    /usr/lib/jvm/java-8-openjdk-amd64/jre/lib/ext/dnsns.jar
7f5aad752000-7f5aad753000 r--s 00010000 08:03 6425249                    /usr/lib/jvm/java-8-openjdk-amd64/jre/lib/ext/zipfs.jar
7f5aad753000-7f5aad756000 r--s 00037000 08:03 6425253                    /usr/lib/jvm/java-8-openjdk-amd64/jre/lib/ext/sunpkcs11.jar
7f5aad756000-7f5aad758000 r--s 00006000 08:03 6818084                    /usr/share/java/java-atk-wrapper.jar
7f5aad758000-7f5aad763000 r--s 00116000 08:03 6425248                    /usr/lib/jvm/java-8-openjdk-amd64/jre/lib/ext/localedata.jar
7f5aad763000-7f5aad76b000 rw-s 00000000 08:03 6029528                    /tmp/hsperfdata_elect/21843
7f5aad76b000-7f5aad76c000 rw-p 00000000 00:00 0 
7f5aad76c000-7f5aad76d000 r--p 00000000 00:00 0 
7f5aad76d000-7f5aad76f000 rw-p 00000000 00:00 0 
7f5aad76f000-7f5aad770000 r--p 00023000 08:03 4067494                    /lib/x86_64-linux-gnu/ld-2.21.so
7f5aad770000-7f5aad771000 rw-p 00024000 08:03 4067494                    /lib/x86_64-linux-gnu/ld-2.21.so
7f5aad771000-7f5aad772000 rw-p 00000000 00:00 0 
7ffeef234000-7ffeef258000 rw-p 00000000 00:00 0                          [stack]
7ffeef274000-7ffeef276000 r--p 00000000 00:00 0                          [vvar]
7ffeef276000-7ffeef278000 r-xp 00000000 00:00 0                          [vdso]
ffffffffff600000-ffffffffff601000 r-xp 00000000 00:00 0                  [vsyscall]

VM Arguments:
jvm_args: -Dfile.encoding=UTF-8 -Duser.country=US -Duser.language=en -Duser.variant 
java_command: test.Main
java_class_path (initial): /home/elect/NetBeansProjects/jgli/build/classes/main:/home/elect/NetBeansProjects/jgli/build/resources/main:/home/elect/.gradle/caches/modules-2/files-2.1/org.jogamp.jogl/jogl-all-main/2.3.2/6a86a9ce357c085e3052efcf639447f9957b82b8/jogl-all-main-2.3.2.jar:/home/elect/.gradle/caches/modules-2/files-2.1/org.jogamp.jogl/nativewindow-main/2.3.2/6a86a9ce357c085e3052efcf639447f9957b82b8/nativewindow-main-2.3.2.jar:/home/elect/.gradle/caches/modules-2/files-2.1/org.jogamp.jogl/newt-main/2.3.2/6a86a9ce357c085e3052efcf639447f9957b82b8/newt-main-2.3.2.jar:/home/elect/.gradle/caches/modules-2/files-2.1/org.jogamp.gluegen/gluegen-rt-main/2.3.2/6a86a9ce357c085e3052efcf639447f9957b82b8/gluegen-rt-main-2.3.2.jar:/home/elect/.gradle/caches/modules-2/files-2.1/org.jogamp.jogl/jogl-all/2.3.2/99e0f64bb8882f054825ae4a8a527a17b544a0b5/jogl-all-2.3.2.jar:/home/elect/.gradle/caches/modules-2/files-2.1/org.jogamp.jogl/jogl-all/2.3.2/166147f43cf7419c4d858cd31f4b5922d6d10c81/jogl-all-2.3.2-natives-android-aarch64.jar:/home/elect/.gradle/caches/modules-2/files-2.1/org.jogamp.jogl/jogl-all/2.3.2/ab2c18b8a1327255cc354c19c720807d262baa75/jogl-all-2.3.2-natives-android-armv6.jar:/home/elect/.gradle/caches/modules-2/files-2.1/org.jogamp.jogl/jogl-all/2.3.2/ffd1c6bd5f6fb088df6cad25e25721eb55ad2228/jogl-all-2.3.2-natives-linux-amd64.jar:/home/elect/.gradle/caches/modules-2/files-2.1/org.jogamp.jogl/jogl-all/2.3.2/6d14f46336be9e2dc5f85d5df17490cee5d09a90/jogl-all-2.3.2-natives-linux-armv6.jar:/home/elect/.gradle/caches/modules-2/files-2.1/org.jogamp.jogl/jogl-all/2.3.2/2c434c560dbd821b0ed569e44d3d441727491dac/jogl-all-2.3.2-natives-linux-armv6hf.jar:/home/elect/.gradle/caches/modules-2/files-2.1/org.jogamp.jogl/jogl-all/2.3.2/59b7a336c0ee54161e33662d2ca8ac9d8f6c476d/jogl-all-2.3.2-natives-linux-i586.jar:/home/elect/.gradle/caches/modules-2/files-2.1/org.jogamp.jogl/jogl-all/2.3.2/2da2215dbe1091c54cb83cf2484f8a54a4d0cf7a/jogl-all-2.3.2-natives-macosx-universal.jar:/home/el
Launcher Type: SUN_STANDARD

Environment Variables:
PATH=/usr/local/sbin:/usr/local/bin:/usr/sbin:/usr/bin:/sbin:/bin:/usr/games:/usr/local/games
LD_LIBRARY_PATH=/usr/lib/jvm/java-8-openjdk-amd64/jre/lib/amd64:/usr/lib/jvm/java-8-openjdk-amd64/jre/lib/i386:
SHELL=/bin/bash
DISPLAY=:0

Signal Handlers:
SIGSEGV: [libjvm.so+0xa90d80], sa_mask[0]=11111111011111111101111111111110, sa_flags=SA_RESTART|SA_SIGINFO
SIGBUS: [libjvm.so+0xa90d80], sa_mask[0]=11111111011111111101111111111110, sa_flags=SA_RESTART|SA_SIGINFO
SIGFPE: [libjvm.so+0x8dbc70], sa_mask[0]=11111111011111111101111111111110, sa_flags=SA_RESTART|SA_SIGINFO
SIGPIPE: [libjvm.so+0x8dbc70], sa_mask[0]=11111111011111111101111111111110, sa_flags=SA_RESTART|SA_SIGINFO
SIGXFSZ: [libjvm.so+0x8dbc70], sa_mask[0]=11111111011111111101111111111110, sa_flags=SA_RESTART|SA_SIGINFO
SIGILL: [libjvm.so+0x8dbc70], sa_mask[0]=11111111011111111101111111111110, sa_flags=SA_RESTART|SA_SIGINFO
SIGUSR1: SIG_DFL, sa_mask[0]=00000000000000000000000000000000, sa_flags=none
SIGUSR2: [libjvm.so+0x8dbb20], sa_mask[0]=00100000000000000000000000000000, sa_flags=SA_RESTART|SA_SIGINFO
SIGHUP: [libjvm.so+0x8dbd40], sa_mask[0]=11111111011111111101111111111110, sa_flags=SA_RESTART|SA_SIGINFO
SIGINT: SIG_IGN, sa_mask[0]=00000000000000000000000000000000, sa_flags=none
SIGTERM: [libjvm.so+0x8dbd40], sa_mask[0]=11111111011111111101111111111110, sa_flags=SA_RESTART|SA_SIGINFO
SIGQUIT: [libjvm.so+0x8dbd40], sa_mask[0]=11111111011111111101111111111110, sa_flags=SA_RESTART|SA_SIGINFO


---------------  S Y S T E M  ---------------

OS:DISTRIB_ID=Ubuntu
DISTRIB_RELEASE=15.04
DISTRIB_CODENAME=vivid
DISTRIB_DESCRIPTION="Ubuntu 15.04"

uname:Linux 3.19.0-31-generic #36-Ubuntu SMP Wed Oct 7 15:04:02 UTC 2015 x86_64
libc:glibc 2.21 NPTL 2.21 
rlimit: STACK 8192k, CORE 0k, NPROC 31805, NOFILE 65536, AS infinity
load average:1,64 1,08 0,97

/proc/meminfo:
MemTotal:        8164552 kB
MemFree:         2372356 kB
MemAvailable:    3358040 kB
Buffers:          228948 kB
Cached:           923248 kB
SwapCached:         1308 kB
Active:          3956232 kB
Inactive:        1573688 kB
Active(anon):    3256024 kB
Inactive(anon):  1156244 kB
Active(file):     700208 kB
Inactive(file):   417444 kB
Unevictable:          48 kB
Mlocked:              48 kB
SwapTotal:       1048572 kB
SwapFree:        1005164 kB
Dirty:             16172 kB
Writeback:             0 kB
AnonPages:       4377420 kB
Mapped:           350232 kB
Shmem:             34312 kB
Slab:             109672 kB
SReclaimable:      73936 kB
SUnreclaim:        35736 kB
KernelStack:       11296 kB
PageTables:        36512 kB
NFS_Unstable:          0 kB
Bounce:                0 kB
WritebackTmp:          0 kB
CommitLimit:     5130848 kB
Committed_AS:    9059924 kB
VmallocTotal:   34359738367 kB
VmallocUsed:      326116 kB
VmallocChunk:   34359403516 kB
HardwareCorrupted:     0 kB
AnonHugePages:   2181120 kB
CmaTotal:              0 kB
CmaFree:               0 kB
HugePages_Total:       0
HugePages_Free:        0
HugePages_Rsvd:        0
HugePages_Surp:        0
Hugepagesize:       2048 kB
DirectMap4k:      216512 kB
DirectMap2M:     8163328 kB


CPU:total 4 (4 cores per cpu, 1 threads per core) family 6 model 30 stepping 5, cmov, cx8, fxsr, mmx, sse, sse2, sse3, ssse3, sse4.1, sse4.2, popcnt, tsc, tscinvbit

/proc/cpuinfo:
processor	: 0
vendor_id	: GenuineIntel
cpu family	: 6
model		: 30
model name	: Intel(R) Core(TM) i5 CPU         750  @ 2.67GHz
stepping	: 5
microcode	: 0x7
cpu MHz		: 2000.000
cache size	: 8192 KB
physical id	: 0
siblings	: 4
core id		: 0
cpu cores	: 4
apicid		: 0
initial apicid	: 0
fpu		: yes
fpu_exception	: yes
cpuid level	: 11
wp		: yes
flags		: fpu vme de pse tsc msr pae mce cx8 apic sep mtrr pge mca cmov pat pse36 clflush dts acpi mmx fxsr sse sse2 ss ht tm pbe syscall nx rdtscp lm constant_tsc arch_perfmon pebs bts rep_good nopl xtopology nonstop_tsc aperfmperf pni dtes64 monitor ds_cpl vmx smx est tm2 ssse3 cx16 xtpr pdcm sse4_1 sse4_2 popcnt lahf_lm ida dtherm tpr_shadow vnmi flexpriority ept vpid
bugs		:
bogomips	: 5352.66
clflush size	: 64
cache_alignment	: 64
address sizes	: 36 bits physical, 48 bits virtual
power management:

processor	: 1
vendor_id	: GenuineIntel
cpu family	: 6
model		: 30
model name	: Intel(R) Core(TM) i5 CPU         750  @ 2.67GHz
stepping	: 5
microcode	: 0x7
cpu MHz		: 2133.000
cache size	: 8192 KB
physical id	: 0
siblings	: 4
core id		: 1
cpu cores	: 4
apicid		: 2
initial apicid	: 2
fpu		: yes
fpu_exception	: yes
cpuid level	: 11
wp		: yes
flags		: fpu vme de pse tsc msr pae mce cx8 apic sep mtrr pge mca cmov pat pse36 clflush dts acpi mmx fxsr sse sse2 ss ht tm pbe syscall nx rdtscp lm constant_tsc arch_perfmon pebs bts rep_good nopl xtopology nonstop_tsc aperfmperf pni dtes64 monitor ds_cpl vmx smx est tm2 ssse3 cx16 xtpr pdcm sse4_1 sse4_2 popcnt lahf_lm ida dtherm tpr_shadow vnmi flexpriority ept vpid
bugs		:
bogomips	: 5352.66
clflush size	: 64
cache_alignment	: 64
address sizes	: 36 bits physical, 48 bits virtual
power management:

processor	: 2
vendor_id	: GenuineIntel
cpu family	: 6
model		: 30
model name	: Intel(R) Core(TM) i5 CPU         750  @ 2.67GHz
stepping	: 5
microcode	: 0x7
cpu MHz		: 2133.000
cache size	: 8192 KB
physical id	: 0
siblings	: 4
core id		: 2
cpu cores	: 4
apicid		: 4
initial apicid	: 4
fpu		: yes
fpu_exception	: yes
cpuid level	: 11
wp		: yes
flags		: fpu vme de pse tsc msr pae mce cx8 apic sep mtrr pge mca cmov pat pse36 clflush dts acpi mmx fxsr sse sse2 ss ht tm pbe syscall nx rdtscp lm constant_tsc arch_perfmon pebs bts rep_good nopl xtopology nonstop_tsc aperfmperf pni dtes64 monitor ds_cpl vmx smx est tm2 ssse3 cx16 xtpr pdcm sse4_1 sse4_2 popcnt lahf_lm ida dtherm tpr_shadow vnmi flexpriority ept vpid
bugs		:
bogomips	: 5352.66
clflush size	: 64
cache_alignment	: 64
address sizes	: 36 bits physical, 48 bits virtual
power management:

processor	: 3
vendor_id	: GenuineIntel
cpu family	: 6
model		: 30
model name	: Intel(R) Core(TM) i5 CPU         750  @ 2.67GHz
stepping	: 5
microcode	: 0x7
cpu MHz		: 2400.000
cache size	: 8192 KB
physical id	: 0
siblings	: 4
core id		: 3
cpu cores	: 4
apicid		: 6
initial apicid	: 6
fpu		: yes
fpu_exception	: yes
cpuid level	: 11
wp		: yes
flags		: fpu vme de pse tsc msr pae mce cx8 apic sep mtrr pge mca cmov pat pse36 clflush dts acpi mmx fxsr sse sse2 ss ht tm pbe syscall nx rdtscp lm constant_tsc arch_perfmon pebs bts rep_good nopl xtopology nonstop_tsc aperfmperf pni dtes64 monitor ds_cpl vmx smx est tm2 ssse3 cx16 xtpr pdcm sse4_1 sse4_2 popcnt lahf_lm ida dtherm tpr_shadow vnmi flexpriority ept vpid
bugs		:
bogomips	: 5352.66
clflush size	: 64
cache_alignment	: 64
address sizes	: 36 bits physical, 48 bits virtual
power management:



Memory: 4k page, physical 8164552k(2372356k free), swap 1048572k(1005164k free)

vm_info: OpenJDK 64-Bit Server VM (25.45-b02) for linux-amd64 JRE (1.8.0_45-internal-b14), built on Apr 20 2015 00:35:04 by "buildd" with gcc 4.9.2

time: Wed Oct 21 23:06:40 2015
elapsed time: 0 seconds (0d 0h 0m 0s)

