#
# A fatal error has been detected by the Java Runtime Environment:
#
#  SIGSEGV (0xb) at pc=0x0000000000002546, pid=6600, tid=139771925726976
#
# JRE version: OpenJDK Runtime Environment (8.0_45-b14) (build 1.8.0_45-internal-b14)
# Java VM: OpenJDK 64-Bit Server VM (25.45-b02 mixed mode linux-amd64 compressed oops)
# Problematic frame:
# C  0x0000000000002546
#
# Failed to write core dump. Core dumps have been disabled. To enable core dumping, try "ulimit -c unlimited" before starting Java again
#
# If you would like to submit a bug report, please visit:
#   http://bugreport.java.com/bugreport/crash.jsp
# The crash happened outside the Java Virtual Machine in native code.
# See problematic frame for where to report the bug.
#

---------------  T H R E A D  ---------------

Current thread (0x00007f1f2800f000):  JavaThread "main" [_thread_in_native, id=6602, stack(0x00007f1f2feb8000,0x00007f1f2ffb9000)]

siginfo: si_signo: 11 (SIGSEGV), si_code: 1 (SEGV_MAPERR), si_addr: 0x0000000000002546

Registers:
RAX=0x00007f1f28670380, RBX=0x00007f1f13f76020, RCX=0x0000000000000000, RDX=0x00007f1f2f18b0d8
RSP=0x00007f1f2ffb6728, RBP=0x00007f1f2ffb6770, RSI=0x0000000000000030, RDI=0x00007f1f28670380
R8 =0x00007f1f28670382, R9 =0x00007f1f28670382, R10=0x0000000000000000, R11=0x00000000d743ec88
R12=0x0000000000000000, R13=0x00007f1f13f76020, R14=0x00007f1f2ffb67e8, R15=0x00007f1f2800f000
RIP=0x0000000000002546, EFLAGS=0x0000000000010202, CSGSFS=0x9e45000000000033, ERR=0x0000000000000014
  TRAPNO=0x000000000000000e

Top of Stack: (sp=0x00007f1f2ffb6728)
0x00007f1f2ffb6728:   00007f1ed65b2a0b 00007f1f13ecc6a0
0x00007f1f2ffb6738:   00007f1f2ffb67e8 00007f1f2ffb67d8
0x00007f1f2ffb6748:   00007f1f2800f1e0 00007f1f19005310
0x00007f1f2ffb6758:   00007f1f28670380 00007f1f13ecc6a0
0x00007f1f2ffb6768:   00007f1f13f76020 00007f1f2ffb67c8
0x00007f1f2ffb6778:   00007f1f190134d4 00007f1f2800f000
0x00007f1f2ffb6788:   00007f1f2ffb6788 0000000000000000
0x00007f1f2ffb6798:   00007f1f2ffb67e8 00007f1f13f77c98
0x00007f1f2ffb67a8:   0000000000000000 00007f1f13f76020
0x00007f1f2ffb67b8:   0000000000000000 00007f1f2ffb67e8
0x00007f1f2ffb67c8:   00007f1f2ffb6830 00007f1f190074a0
0x00007f1f2ffb67d8:   00000000d743e8e8 00007f1f1900f2b7
0x00007f1f2ffb67e8:   00000000d743ec70 00007f1f2ffb67f0
0x00007f1f2ffb67f8:   00007f1f13eccc01 00007f1f2ffb6850
0x00007f1f2ffb6808:   00007f1f13ecd598 0000000000000000
0x00007f1f2ffb6818:   00007f1f13eccc58 00007f1f2ffb67e8
0x00007f1f2ffb6828:   00007f1f2ffb6850 00007f1f2ffb68a8
0x00007f1f2ffb6838:   00007f1f190074a0 0000000000000000
0x00007f1f2ffb6848:   0000000000000000 00000000d743ec70
0x00007f1f2ffb6858:   0000000000000001 00000000d73f03f8
0x00007f1f2ffb6868:   00007f1f2ffb6858 00007f1f13ecc5b0
0x00007f1f2ffb6878:   00007f1f2ffb68f0 00007f1f13ecd598
0x00007f1f2ffb6888:   0000000000000000 00007f1f13ecc6a0
0x00007f1f2ffb6898:   00007f1f2ffb6850 00007f1f2ffb68f0
0x00007f1f2ffb68a8:   00007f1f2ffb6948 00007f1f190074a0
0x00007f1f2ffb68b8:   0000000000000000 0000000000000000
0x00007f1f2ffb68c8:   00000000d73f03f8 0000000000000000
0x00007f1f2ffb68d8:   0000000000000000 0000000000000000
0x00007f1f2ffb68e8:   0000000000000000 00000000d743ec70
0x00007f1f2ffb68f8:   00000000d80f1d60 00000000d80f1d60
0x00007f1f2ffb6908:   00007f1f2ffb6908 00007f1ed5cd398a
0x00007f1f2ffb6918:   00007f1f2ffb6978 00007f1ed5cd4938 

Instructions: (pc=0x0000000000002546)
0x0000000000002526:   
[error occurred during error reporting (printing registers, top of stack, instructions near pc), id 0xb]

Register to memory mapping:

RAX=0x00007f1f28670380 is an unknown value
RBX={method} {0x00007f1f13f76020} 'XOpenDisplay' '(Ljava/lang/String;)J' in 'jogamp/nativewindow/x11/X11Lib'
RCX=0x0000000000000000 is an unknown value
RDX=0x00007f1f2f18b0d8: <offset 0xf690d8> in /usr/lib/jvm/java-8-openjdk-amd64/jre/lib/amd64/server/libjvm.so at 0x00007f1f2e222000
RSP=0x00007f1f2ffb6728 is pointing into the stack for thread: 0x00007f1f2800f000
RBP=0x00007f1f2ffb6770 is pointing into the stack for thread: 0x00007f1f2800f000
RSI=0x0000000000000030 is an unknown value
RDI=0x00007f1f28670380 is an unknown value
R8 =0x00007f1f28670382 is an unknown value
R9 =0x00007f1f28670382 is an unknown value
R10=0x0000000000000000 is an unknown value
R11=0x00000000d743ec88 is an oop
[C 
 - klass: {type array char}
 - length: 2
R12=0x0000000000000000 is an unknown value
R13={method} {0x00007f1f13f76020} 'XOpenDisplay' '(Ljava/lang/String;)J' in 'jogamp/nativewindow/x11/X11Lib'
R14=0x00007f1f2ffb67e8 is pointing into the stack for thread: 0x00007f1f2800f000
R15=0x00007f1f2800f000 is a thread


Stack: [0x00007f1f2feb8000,0x00007f1f2ffb9000],  sp=0x00007f1f2ffb6728,  free space=1017k
Native frames: (J=compiled Java code, j=interpreted, Vv=VM code, C=native code)
C  0x0000000000002546
j  jogamp.nativewindow.x11.X11Lib.XOpenDisplay(Ljava/lang/String;)J+0
j  jogamp.nativewindow.x11.X11Util.XOpenDisplay(Ljava/lang/String;)J+1
j  jogamp.nativewindow.x11.X11Util.openDisplay(Ljava/lang/String;)J+96
j  jogamp.opengl.x11.glx.X11GLXDrawableFactory$SharedResourceImplementation.isDeviceSupported(Lcom/jogamp/nativewindow/AbstractGraphicsDevice;)Z+10
j  jogamp.opengl.SharedResourceRunner.getOrCreateShared(Lcom/jogamp/nativewindow/AbstractGraphicsDevice;)Ljogamp/opengl/SharedResourceRunner$Resource;+98
j  jogamp.opengl.x11.glx.X11GLXDrawableFactory.getOrCreateSharedResourceImpl(Lcom/jogamp/nativewindow/AbstractGraphicsDevice;)Ljogamp/opengl/x11/glx/X11GLXDrawableFactory$SharedResource;+5
j  jogamp.opengl.x11.glx.X11GLXDrawableFactory.getOrCreateSharedResourceImpl(Lcom/jogamp/nativewindow/AbstractGraphicsDevice;)Ljogamp/opengl/SharedResourceRunner$Resource;+2
j  jogamp.opengl.GLDrawableFactoryImpl.getOrCreateSharedResource(Lcom/jogamp/nativewindow/AbstractGraphicsDevice;)Ljogamp/opengl/SharedResourceRunner$Resource;+13
j  jogamp.opengl.GLDrawableFactoryImpl.createSharedResourceImpl(Lcom/jogamp/nativewindow/AbstractGraphicsDevice;)Z+2
j  com.jogamp.opengl.GLDrawableFactory.createSharedResource(Lcom/jogamp/nativewindow/AbstractGraphicsDevice;)Z+2
j  com.jogamp.opengl.GLProfile.initProfilesForDeviceCritical(Lcom/jogamp/nativewindow/AbstractGraphicsDevice;)Z+231
j  com.jogamp.opengl.GLProfile.initProfilesForDevice(Lcom/jogamp/nativewindow/AbstractGraphicsDevice;)Z+25
j  com.jogamp.opengl.GLProfile.initProfilesForDefaultDevices()V+633
j  com.jogamp.opengl.GLProfile.access$000()V+0
j  com.jogamp.opengl.GLProfile$1.run()Ljava/lang/Object;+58
v  ~StubRoutines::call_stub
V  [libjvm.so+0x6868c3]  JavaCalls::call_helper(JavaValue*, methodHandle*, JavaCallArguments*, Thread*)+0xd63
V  [libjvm.so+0x6d56c4]  JVM_DoPrivileged+0x564
J 488  java.security.AccessController.doPrivileged(Ljava/security/PrivilegedAction;)Ljava/lang/Object; (0 bytes) @ 0x00007f1f1922dfbf [0x00007f1f1922df00+0xbf]
j  com.jogamp.opengl.GLProfile.initSingleton()V+78
j  com.jogamp.opengl.GLProfile.getProfileMap(Lcom/jogamp/nativewindow/AbstractGraphicsDevice;Z)Ljava/util/HashMap;+0
j  com.jogamp.opengl.GLProfile.get(Lcom/jogamp/nativewindow/AbstractGraphicsDevice;Ljava/lang/String;)Lcom/jogamp/opengl/GLProfile;+16
j  com.jogamp.opengl.GLProfile.get(Ljava/lang/String;)Lcom/jogamp/opengl/GLProfile;+4
j  test.Main.main([Ljava/lang/String;)V+13
v  ~StubRoutines::call_stub
V  [libjvm.so+0x6868c3]  JavaCalls::call_helper(JavaValue*, methodHandle*, JavaCallArguments*, Thread*)+0xd63
V  [libjvm.so+0x697d59]  jni_invoke_static(JNIEnv_*, JavaValue*, _jobject*, JNICallType, _jmethodID*, JNI_ArgumentPusher*, Thread*) [clone .isra.88]+0x2f9
V  [libjvm.so+0x6aa2e5]  jni_CallStaticVoidMethod+0x165
C  [libjli.so+0x3888]
C  [libpthread.so.0+0x76aa]  start_thread+0xca

Java frames: (J=compiled Java code, j=interpreted, Vv=VM code)
j  jogamp.nativewindow.x11.X11Lib.XOpenDisplay(Ljava/lang/String;)J+0
j  jogamp.nativewindow.x11.X11Util.XOpenDisplay(Ljava/lang/String;)J+1
j  jogamp.nativewindow.x11.X11Util.openDisplay(Ljava/lang/String;)J+96
j  jogamp.opengl.x11.glx.X11GLXDrawableFactory$SharedResourceImplementation.isDeviceSupported(Lcom/jogamp/nativewindow/AbstractGraphicsDevice;)Z+10
j  jogamp.opengl.SharedResourceRunner.getOrCreateShared(Lcom/jogamp/nativewindow/AbstractGraphicsDevice;)Ljogamp/opengl/SharedResourceRunner$Resource;+98
j  jogamp.opengl.x11.glx.X11GLXDrawableFactory.getOrCreateSharedResourceImpl(Lcom/jogamp/nativewindow/AbstractGraphicsDevice;)Ljogamp/opengl/x11/glx/X11GLXDrawableFactory$SharedResource;+5
j  jogamp.opengl.x11.glx.X11GLXDrawableFactory.getOrCreateSharedResourceImpl(Lcom/jogamp/nativewindow/AbstractGraphicsDevice;)Ljogamp/opengl/SharedResourceRunner$Resource;+2
j  jogamp.opengl.GLDrawableFactoryImpl.getOrCreateSharedResource(Lcom/jogamp/nativewindow/AbstractGraphicsDevice;)Ljogamp/opengl/SharedResourceRunner$Resource;+13
j  jogamp.opengl.GLDrawableFactoryImpl.createSharedResourceImpl(Lcom/jogamp/nativewindow/AbstractGraphicsDevice;)Z+2
j  com.jogamp.opengl.GLDrawableFactory.createSharedResource(Lcom/jogamp/nativewindow/AbstractGraphicsDevice;)Z+2
j  com.jogamp.opengl.GLProfile.initProfilesForDeviceCritical(Lcom/jogamp/nativewindow/AbstractGraphicsDevice;)Z+231
j  com.jogamp.opengl.GLProfile.initProfilesForDevice(Lcom/jogamp/nativewindow/AbstractGraphicsDevice;)Z+25
j  com.jogamp.opengl.GLProfile.initProfilesForDefaultDevices()V+633
j  com.jogamp.opengl.GLProfile.access$000()V+0
j  com.jogamp.opengl.GLProfile$1.run()Ljava/lang/Object;+58
v  ~StubRoutines::call_stub
J 488  java.security.AccessController.doPrivileged(Ljava/security/PrivilegedAction;)Ljava/lang/Object; (0 bytes) @ 0x00007f1f1922df4f [0x00007f1f1922df00+0x4f]
j  com.jogamp.opengl.GLProfile.initSingleton()V+78
j  com.jogamp.opengl.GLProfile.getProfileMap(Lcom/jogamp/nativewindow/AbstractGraphicsDevice;Z)Ljava/util/HashMap;+0
j  com.jogamp.opengl.GLProfile.get(Lcom/jogamp/nativewindow/AbstractGraphicsDevice;Ljava/lang/String;)Lcom/jogamp/opengl/GLProfile;+16
j  com.jogamp.opengl.GLProfile.get(Ljava/lang/String;)Lcom/jogamp/opengl/GLProfile;+4
j  test.Main.main([Ljava/lang/String;)V+13
v  ~StubRoutines::call_stub

---------------  P R O C E S S  ---------------

Java Threads: ( => current thread )
  0x00007f1f28673000 JavaThread "main-SharedResourceRunner" daemon [_thread_blocked, id=6633, stack(0x00007f1ed47b6000,0x00007f1ed48b7000)]
  0x00007f1f28831000 JavaThread "main-SharedResourceRunner" daemon [_thread_blocked, id=6632, stack(0x00007f1ed52a3000,0x00007f1ed53a4000)]
  0x00007f1f285dc000 JavaThread "AWT-EventQueue-0" [_thread_blocked, id=6631, stack(0x00007f1ed67b5000,0x00007f1ed68b6000)]
  0x00007f1f285da800 JavaThread "AWT-Shutdown" [_thread_blocked, id=6630, stack(0x00007f1ed68b6000,0x00007f1ed69b7000)]
  0x00007f1f285b0000 JavaThread "AWT-XAWT" daemon [_thread_in_native, id=6629, stack(0x00007f1ed6fc1000,0x00007f1ed70c2000)]
  0x00007f1f2858c800 JavaThread "Java2D Disposer" daemon [_thread_blocked, id=6628, stack(0x00007f1f1141c000,0x00007f1f1151d000)]
  0x00007f1f284f5800 JavaThread "process reaper" daemon [_thread_blocked, id=6623, stack(0x00007f1f11c48000,0x00007f1f11c81000)]
  0x00007f1f280ce000 JavaThread "Service Thread" daemon [_thread_blocked, id=6618, stack(0x00007f1f11e0a000,0x00007f1f11f0b000)]
  0x00007f1f280b6000 JavaThread "C1 CompilerThread2" daemon [_thread_blocked, id=6617, stack(0x00007f1f11f0b000,0x00007f1f1200c000)]
  0x00007f1f280b4800 JavaThread "C2 CompilerThread1" daemon [_thread_blocked, id=6616, stack(0x00007f1f1200c000,0x00007f1f1210d000)]
  0x00007f1f280b1800 JavaThread "C2 CompilerThread0" daemon [_thread_blocked, id=6615, stack(0x00007f1f1210d000,0x00007f1f1220e000)]
  0x00007f1f280af000 JavaThread "Signal Dispatcher" daemon [_thread_blocked, id=6614, stack(0x00007f1f1220e000,0x00007f1f1230f000)]
  0x00007f1f28084000 JavaThread "Finalizer" daemon [_thread_blocked, id=6613, stack(0x00007f1f129f2000,0x00007f1f12af3000)]
  0x00007f1f28081800 JavaThread "Reference Handler" daemon [_thread_blocked, id=6612, stack(0x00007f1f12af3000,0x00007f1f12bf4000)]
=>0x00007f1f2800f000 JavaThread "main" [_thread_in_native, id=6602, stack(0x00007f1f2feb8000,0x00007f1f2ffb9000)]

Other Threads:
  0x00007f1f2807c800 VMThread [stack: 0x00007f1f12bf4000,0x00007f1f12cf5000] [id=6611]
  0x00007f1f280d0800 WatcherThread [stack: 0x00007f1f11d09000,0x00007f1f11e0a000] [id=6619]

VM state:not at safepoint (normal execution)

VM Mutex/Monitor currently owned by a thread: None

Heap:
 PSYoungGen      total 37888K, used 29631K [0x00000000d6780000, 0x00000000d9180000, 0x0000000100000000)
  eden space 32768K, 90% used [0x00000000d6780000,0x00000000d846fd20,0x00000000d8780000)
  from space 5120K, 0% used [0x00000000d8c80000,0x00000000d8c80000,0x00000000d9180000)
  to   space 5120K, 0% used [0x00000000d8780000,0x00000000d8780000,0x00000000d8c80000)
 ParOldGen       total 86016K, used 0K [0x0000000083600000, 0x0000000088a00000, 0x00000000d6780000)
  object space 86016K, 0% used [0x0000000083600000,0x0000000083600000,0x0000000088a00000)
 Metaspace       used 13130K, capacity 13326K, committed 13696K, reserved 1060864K
  class space    used 1218K, capacity 1282K, committed 1408K, reserved 1048576K

Card table byte_map: [0x00007f1f2c1bf000,0x00007f1f2c5a5000] byte_map_base: 0x00007f1f2bda4000

Marking Bits: (ParMarkBitMap*) 0x00007f1f2f18ee80
 Begin Bits: [0x00007f1f0cc14000, 0x00007f1f0eb3c000)
 End Bits:   [0x00007f1f0eb3c000, 0x00007f1f10a64000)

Polling page: 0x00007f1f2ffe0000

CodeCache: size=245760Kb used=3174Kb max_used=3174Kb free=242585Kb
 bounds [0x00007f1f19000000, 0x00007f1f19320000, 0x00007f1f28000000]
 total_blobs=1571 nmethods=737 adapters=750
 compilation: enabled

Compilation events (10 events):
Event: 0,743 Thread 0x00007f1f280b6000  733       3       com.jogamp.common.os.DynamicLibraryBundle::dynamicLookupFunctionOnLibs (256 bytes)
Event: 0,744 Thread 0x00007f1f280b6000 nmethod 733 0x00007f1f19316e90 code [0x00007f1f193170a0, 0x00007f1f19317c58]
Event: 0,745 Thread 0x00007f1f280b6000  734       3       java.util.StringTokenizer::scanToken (179 bytes)
Event: 0,746 Thread 0x00007f1f280b6000 nmethod 734 0x00007f1f193180d0 code [0x00007f1f19318360, 0x00007f1f19319678]
Event: 0,750 Thread 0x00007f1f280b6000  735       3       java.util.regex.Pattern$Ctype::isSatisfiedBy (24 bytes)
Event: 0,750 Thread 0x00007f1f280b6000 nmethod 735 0x00007f1f19319e50 code [0x00007f1f19319fe0, 0x00007f1f1931a370]
Event: 0,750 Thread 0x00007f1f280b6000  736       3       java.util.regex.ASCII::isType (15 bytes)
Event: 0,750 Thread 0x00007f1f280b6000 nmethod 736 0x00007f1f1931a510 code [0x00007f1f1931a680, 0x00007f1f1931a8f0]
Event: 0,751 Thread 0x00007f1f280b6000  737       1       com.jogamp.opengl.GLRendererQuirks::getCount (3 bytes)
Event: 0,751 Thread 0x00007f1f280b6000 nmethod 737 0x00007f1f1931aa10 code [0x00007f1f1931ab60, 0x00007f1f1931ac50]

GC Heap History (0 events):
No events

Deoptimization events (6 events):
Event: 0,134 Thread 0x00007f1f2800f000 Uncommon trap: reason=unstable_if action=reinterpret pc=0x00007f1f1912f7fc method=java.lang.String.indexOf(II)I @ 49
Event: 0,157 Thread 0x00007f1f2800f000 Uncommon trap: reason=unstable_if action=reinterpret pc=0x00007f1f1914d190 method=java.lang.Math.max(II)I @ 2
Event: 0,201 Thread 0x00007f1f2800f000 Uncommon trap: reason=unstable_if action=reinterpret pc=0x00007f1f1916fcb4 method=java.lang.String.indexOf([CII[CIII)I @ 3
Event: 0,204 Thread 0x00007f1f2800f000 Uncommon trap: reason=unstable_if action=reinterpret pc=0x00007f1f1916139c method=java.lang.String.indexOf([CII[CIII)I @ 123
Event: 0,273 Thread 0x00007f1f2800f000 Uncommon trap: reason=unstable_if action=reinterpret pc=0x00007f1f191c2f2c method=java.lang.String.replace(CC)Ljava/lang/String; @ 26
Event: 0,728 Thread 0x00007f1f28673000 Uncommon trap: reason=unstable_if action=reinterpret pc=0x00007f1f191e1450 method=java.lang.String.startsWith(Ljava/lang/String;I)Z @ 25

Internal exceptions (10 events):
Event: 0,185 Thread 0x00007f1f2800f000 Exception <a 'java/security/PrivilegedActionException'> (0x00000000d6d39f28) thrown at [/build/buildd/openjdk-8-8u45-b14/src/hotspot/src/share/vm/prims/jvm.cpp, line 1382]
Event: 0,185 Thread 0x00007f1f2800f000 Exception <a 'java/security/PrivilegedActionException'> (0x00000000d6d3a0e0) thrown at [/build/buildd/openjdk-8-8u45-b14/src/hotspot/src/share/vm/prims/jvm.cpp, line 1382]
Event: 0,185 Thread 0x00007f1f2800f000 Exception <a 'java/security/PrivilegedActionException'> (0x00000000d6d3ab00) thrown at [/build/buildd/openjdk-8-8u45-b14/src/hotspot/src/share/vm/prims/jvm.cpp, line 1382]
Event: 0,185 Thread 0x00007f1f2800f000 Exception <a 'java/security/PrivilegedActionException'> (0x00000000d6d3acb8) thrown at [/build/buildd/openjdk-8-8u45-b14/src/hotspot/src/share/vm/prims/jvm.cpp, line 1382]
Event: 0,246 Thread 0x00007f1f2800f000 Exception <a 'java/lang/NoSuchFieldError': method resolution failed> (0x00000000d6ebe5d8) thrown at [/build/buildd/openjdk-8-8u45-b14/src/hotspot/src/share/vm/prims/methodHandles.cpp, line 1125]
Event: 0,248 Thread 0x00007f1f2800f000 Exception <a 'java/lang/NoSuchFieldError': method resolution failed> (0x00000000d6ecd048) thrown at [/build/buildd/openjdk-8-8u45-b14/src/hotspot/src/share/vm/prims/methodHandles.cpp, line 1125]
Event: 0,291 Thread 0x00007f1f2800f000 Exception <a 'java/io/FileNotFoundException'> (0x00000000d6fc3d88) thrown at [/build/buildd/openjdk-8-8u45-b14/src/hotspot/src/share/vm/prims/jni.cpp, line 709]
Event: 0,309 Thread 0x00007f1f2800f000 Exception <a 'java/io/FileNotFoundException'> (0x00000000d71bf898) thrown at [/build/buildd/openjdk-8-8u45-b14/src/hotspot/src/share/vm/prims/jni.cpp, line 709]
Event: 0,320 Thread 0x00007f1f2800f000 Exception <a 'java/lang/ClassNotFoundException': sun/dc/DuctusRenderingEngine> (0x00000000d71cc000) thrown at [/build/buildd/openjdk-8-8u45-b14/src/hotspot/src/share/vm/classfile/systemDictionary.cpp, line 210]
Event: 0,353 Thread 0x00007f1f2800f000 Exception <a 'java/io/FileNotFoundException'> (0x00000000d7240220) thrown at [/build/buildd/openjdk-8-8u45-b14/src/hotspot/src/share/vm/prims/jni.cpp, line 709]

Events (10 events):
Event: 0,744 loading class jogamp/opengl/es1/GLES1Impl$1
Event: 0,744 loading class jogamp/opengl/es1/GLES1Impl$1 done
Event: 0,744 loading class jogamp/opengl/es1/GLES1Impl$2
Event: 0,744 loading class jogamp/opengl/es1/GLES1Impl$2 done
Event: 0,744 loading class jogamp/opengl/es1/GLES1Impl$3
Event: 0,744 loading class jogamp/opengl/es1/GLES1Impl$3 done
Event: 0,744 loading class jogamp/opengl/es1/GLES1Impl$4
Event: 0,744 loading class jogamp/opengl/es1/GLES1Impl$4 done
Event: 0,751 loading class jogamp/opengl/egl/EGLDrawableFactory$SharedResource
Event: 0,751 loading class jogamp/opengl/egl/EGLDrawableFactory$SharedResource done


Dynamic libraries:
00400000-00401000 r-xp 00000000 08:03 6425286                            /usr/lib/jvm/java-8-openjdk-amd64/jre/bin/java
00600000-00601000 r--p 00000000 08:03 6425286                            /usr/lib/jvm/java-8-openjdk-amd64/jre/bin/java
00601000-00602000 rw-p 00001000 08:03 6425286                            /usr/lib/jvm/java-8-openjdk-amd64/jre/bin/java
0119c000-011bd000 rw-p 00000000 00:00 0                                  [heap]
83600000-88a00000 rw-p 00000000 00:00 0 
88a00000-d6780000 ---p 00000000 00:00 0 
d6780000-d9180000 rw-p 00000000 00:00 0 
d9180000-100000000 ---p 00000000 00:00 0 
100000000-100160000 rw-p 00000000 00:00 0 
100160000-140000000 ---p 00000000 00:00 0 
7f1eb4000000-7f1eb44b7000 rw-p 00000000 00:00 0 
7f1eb44b7000-7f1eb8000000 ---p 00000000 00:00 0 
7f1eb972d000-7f1ebb285000 r-xp 00000000 08:03 6422576                    /usr/lib/x86_64-linux-gnu/libnvidia-eglcore.so.352.41
7f1ebb285000-7f1ebb484000 ---p 01b58000 08:03 6422576                    /usr/lib/x86_64-linux-gnu/libnvidia-eglcore.so.352.41
7f1ebb484000-7f1ebbff0000 rw-p 01b57000 08:03 6422576                    /usr/lib/x86_64-linux-gnu/libnvidia-eglcore.so.352.41
7f1ebbff0000-7f1ebc000000 rw-p 00000000 00:00 0 
7f1ebc000000-7f1ebc021000 rw-p 00000000 00:00 0 
7f1ebc021000-7f1ec0000000 ---p 00000000 00:00 0 
7f1ec156e000-7f1ec2f6a000 r-xp 00000000 08:03 6426935                    /usr/lib/x86_64-linux-gnu/libnvidia-glcore.so.352.41
7f1ec2f6a000-7f1ec2f8a000 rwxp 019fc000 08:03 6426935                    /usr/lib/x86_64-linux-gnu/libnvidia-glcore.so.352.41
7f1ec2f8a000-7f1ec3251000 r-xp 01a1c000 08:03 6426935                    /usr/lib/x86_64-linux-gnu/libnvidia-glcore.so.352.41
7f1ec3251000-7f1ec3450000 ---p 01ce3000 08:03 6426935                    /usr/lib/x86_64-linux-gnu/libnvidia-glcore.so.352.41
7f1ec3450000-7f1ec3fec000 rw-p 01ce2000 08:03 6426935                    /usr/lib/x86_64-linux-gnu/libnvidia-glcore.so.352.41
7f1ec3fec000-7f1ec4000000 rw-p 00000000 00:00 0 
7f1ec4000000-7f1ec4021000 rw-p 00000000 00:00 0 
7f1ec4021000-7f1ec8000000 ---p 00000000 00:00 0 
7f1ec8000000-7f1ec8035000 rw-p 00000000 00:00 0 
7f1ec8035000-7f1ecc000000 ---p 00000000 00:00 0 
7f1ecc000000-7f1ecc021000 rw-p 00000000 00:00 0 
7f1ecc021000-7f1ed0000000 ---p 00000000 00:00 0 
7f1ed0000000-7f1ed0021000 rw-p 00000000 00:00 0 
7f1ed0021000-7f1ed4000000 ---p 00000000 00:00 0 
7f1ed4232000-7f1ed423c000 r-xp 00000000 08:03 6423188                    /usr/lib/x86_64-linux-gnu/libGLESv1_CM.so.352.41
7f1ed423c000-7f1ed443c000 ---p 0000a000 08:03 6423188                    /usr/lib/x86_64-linux-gnu/libGLESv1_CM.so.352.41
7f1ed443c000-7f1ed443f000 rw-p 0000a000 08:03 6423188                    /usr/lib/x86_64-linux-gnu/libGLESv1_CM.so.352.41
7f1ed4462000-7f1ed44e2000 rw-s 12840000 00:06 13740                      /dev/nvidiactl
7f1ed44e2000-7f1ed4562000 rw-s 145903000 00:06 13740                     /dev/nvidiactl
7f1ed4562000-7f1ed45e2000 rw-s 2073c3000 00:06 13740                     /dev/nvidiactl
7f1ed45e2000-7f1ed46e2000 rw-s 207396000 00:06 13740                     /dev/nvidiactl
7f1ed46e2000-7f1ed4702000 rw-s d8260000 00:06 13741                      /dev/nvidia0
7f1ed4702000-7f1ed47b6000 rw-s 21351f000 00:06 13740                     /dev/nvidiactl
7f1ed47b6000-7f1ed47b9000 ---p 00000000 00:00 0 
7f1ed47b9000-7f1ed48b7000 rw-p 00000000 00:00 0                          [stack:6633]
7f1ed48b7000-7f1ed4913000 r-xp 00000000 08:03 6029387                    /tmp/jogamp_0000/file_cache/jln5391576321797455102/jln7350621969040436239/natives/linux-amd64/libjogl_mobile.so
7f1ed4913000-7f1ed4b13000 ---p 0005c000 08:03 6029387                    /tmp/jogamp_0000/file_cache/jln5391576321797455102/jln7350621969040436239/natives/linux-amd64/libjogl_mobile.so
7f1ed4b13000-7f1ed4b14000 rw-p 0005c000 08:03 6029387                    /tmp/jogamp_0000/file_cache/jln5391576321797455102/jln7350621969040436239/natives/linux-amd64/libjogl_mobile.so
7f1ed4b14000-7f1ed4b82000 r-xp 00000000 08:03 6423014                    /usr/lib/x86_64-linux-gnu/libnvidia-glsi.so.352.41
7f1ed4b82000-7f1ed4d81000 ---p 0006e000 08:03 6423014                    /usr/lib/x86_64-linux-gnu/libnvidia-glsi.so.352.41
7f1ed4d81000-7f1ed4d8a000 rw-p 0006d000 08:03 6423014                    /usr/lib/x86_64-linux-gnu/libnvidia-glsi.so.352.41
7f1ed4d8a000-7f1ed4d98000 rw-p 00000000 00:00 0 
7f1ed4d98000-7f1ed4e55000 r-xp 00000000 08:03 6424032                    /usr/lib/x86_64-linux-gnu/libEGL.so.352.41
7f1ed4e55000-7f1ed5055000 ---p 000bd000 08:03 6424032                    /usr/lib/x86_64-linux-gnu/libEGL.so.352.41
7f1ed5055000-7f1ed507c000 rw-p 000bd000 08:03 6424032                    /usr/lib/x86_64-linux-gnu/libEGL.so.352.41
7f1ed507c000-7f1ed5090000 rw-p 00000000 00:00 0 
7f1ed5090000-7f1ed509f000 r-xp 00000000 08:03 6423187                    /usr/lib/x86_64-linux-gnu/libGLESv2.so.352.41
7f1ed509f000-7f1ed529f000 ---p 0000f000 08:03 6423187                    /usr/lib/x86_64-linux-gnu/libGLESv2.so.352.41
7f1ed529f000-7f1ed52a2000 rw-p 0000f000 08:03 6423187                    /usr/lib/x86_64-linux-gnu/libGLESv2.so.352.41
7f1ed52a2000-7f1ed52a3000 rw-p 00000000 00:00 0 
7f1ed52a3000-7f1ed52a6000 ---p 00000000 00:00 0 
7f1ed52a6000-7f1ed53a4000 rw-p 00000000 00:00 0                          [stack:6632]
7f1ed53a4000-7f1ed545c000 r-xp 00000000 08:03 6029386                    /tmp/jogamp_0000/file_cache/jln5391576321797455102/jln7350621969040436239/natives/linux-amd64/libjogl_desktop.so
7f1ed545c000-7f1ed565c000 ---p 000b8000 08:03 6029386                    /tmp/jogamp_0000/file_cache/jln5391576321797455102/jln7350621969040436239/natives/linux-amd64/libjogl_desktop.so
7f1ed565c000-7f1ed565d000 rw-p 000b8000 08:03 6029386                    /tmp/jogamp_0000/file_cache/jln5391576321797455102/jln7350621969040436239/natives/linux-amd64/libjogl_desktop.so
7f1ed565d000-7f1ed5660000 r-xp 00000000 08:03 6819344                    /usr/lib/x86_64-linux-gnu/tls/libnvidia-tls.so.352.41
7f1ed5660000-7f1ed585f000 ---p 00003000 08:03 6819344                    /usr/lib/x86_64-linux-gnu/tls/libnvidia-tls.so.352.41
7f1ed585f000-7f1ed5860000 rw-p 00002000 08:03 6819344                    /usr/lib/x86_64-linux-gnu/tls/libnvidia-tls.so.352.41
7f1ed5860000-7f1ed591e000 r-xp 00000000 08:03 6426936                    /usr/lib/x86_64-linux-gnu/libGL.so.352.41
7f1ed591e000-7f1ed5951000 rwxp 000be000 08:03 6426936                    /usr/lib/x86_64-linux-gnu/libGL.so.352.41
7f1ed5951000-7f1ed5963000 r-xp 000f1000 08:03 6426936                    /usr/lib/x86_64-linux-gnu/libGL.so.352.41
7f1ed5963000-7f1ed5b62000 ---p 00103000 08:03 6426936                    /usr/lib/x86_64-linux-gnu/libGL.so.352.41
7f1ed5b62000-7f1ed5b8a000 rw-p 00102000 08:03 6426936                    /usr/lib/x86_64-linux-gnu/libGL.so.352.41
7f1ed5b8a000-7f1ed5d90000 rw-p 00000000 00:00 0 
7f1ed5d90000-7f1ed5d92000 r-xp 00000000 08:03 6430960                    /usr/lib/x86_64-linux-gnu/libXinerama.so.1.0.0
7f1ed5d92000-7f1ed5f91000 ---p 00002000 08:03 6430960                    /usr/lib/x86_64-linux-gnu/libXinerama.so.1.0.0
7f1ed5f91000-7f1ed5f92000 r--p 00001000 08:03 6430960                    /usr/lib/x86_64-linux-gnu/libXinerama.so.1.0.0
7f1ed5f92000-7f1ed5f93000 rw-p 00002000 08:03 6430960                    /usr/lib/x86_64-linux-gnu/libXinerama.so.1.0.0
7f1ed5f93000-7f1ed6193000 rw-p 00000000 00:00 0 
7f1ed6193000-7f1ed619c000 r-xp 00000000 08:03 6430970                    /usr/lib/x86_64-linux-gnu/libXrandr.so.2.2.0
7f1ed619c000-7f1ed639b000 ---p 00009000 08:03 6430970                    /usr/lib/x86_64-linux-gnu/libXrandr.so.2.2.0
7f1ed639b000-7f1ed639c000 r--p 00008000 08:03 6430970                    /usr/lib/x86_64-linux-gnu/libXrandr.so.2.2.0
7f1ed639c000-7f1ed639d000 rw-p 00009000 08:03 6430970                    /usr/lib/x86_64-linux-gnu/libXrandr.so.2.2.0
7f1ed639d000-7f1ed63ae000 r-xp 00000000 08:03 6029385                    /tmp/jogamp_0000/file_cache/jln5391576321797455102/jln7350621969040436239/natives/linux-amd64/libnewt.so
7f1ed63ae000-7f1ed65ad000 ---p 00011000 08:03 6029385                    /tmp/jogamp_0000/file_cache/jln5391576321797455102/jln7350621969040436239/natives/linux-amd64/libnewt.so
7f1ed65ad000-7f1ed65ae000 rw-p 00010000 08:03 6029385                    /tmp/jogamp_0000/file_cache/jln5391576321797455102/jln7350621969040436239/natives/linux-amd64/libnewt.so
7f1ed65ae000-7f1ed65b5000 r-xp 00000000 08:03 6029383                    /tmp/jogamp_0000/file_cache/jln5391576321797455102/jln7350621969040436239/natives/linux-amd64/libnativewindow_x11.so
7f1ed65b5000-7f1ed67b4000 ---p 00007000 08:03 6029383                    /tmp/jogamp_0000/file_cache/jln5391576321797455102/jln7350621969040436239/natives/linux-amd64/libnativewindow_x11.so
7f1ed67b4000-7f1ed67b5000 rw-p 00006000 08:03 6029383                    /tmp/jogamp_0000/file_cache/jln5391576321797455102/jln7350621969040436239/natives/linux-amd64/libnativewindow_x11.so
7f1ed67b5000-7f1ed67b8000 ---p 00000000 00:00 0 
7f1ed67b8000-7f1ed68b6000 rw-p 00000000 00:00 0                          [stack:6631]
7f1ed68b6000-7f1ed68b9000 ---p 00000000 00:00 0 
7f1ed68b9000-7f1ed69b7000 rw-p 00000000 00:00 0                          [stack:6630]
7f1ed69b7000-7f1ed69bb000 r-xp 00000000 08:03 6430988                    /usr/lib/x86_64-linux-gnu/libXxf86vm.so.1.0.0
7f1ed69bb000-7f1ed6bbb000 ---p 00004000 08:03 6430988                    /usr/lib/x86_64-linux-gnu/libXxf86vm.so.1.0.0
7f1ed6bbb000-7f1ed6bbc000 r--p 00004000 08:03 6430988                    /usr/lib/x86_64-linux-gnu/libXxf86vm.so.1.0.0
7f1ed6bbc000-7f1ed6bbd000 rw-p 00005000 08:03 6430988                    /usr/lib/x86_64-linux-gnu/libXxf86vm.so.1.0.0
7f1ed6bbd000-7f1ed6bbf000 r-xp 00000000 08:03 6029378                    /tmp/jogamp_0000/file_cache/jln5391576321797455102/jln7350621969040436239/natives/linux-amd64/libnativewindow_awt.so
7f1ed6bbf000-7f1ed6dbe000 ---p 00002000 08:03 6029378                    /tmp/jogamp_0000/file_cache/jln5391576321797455102/jln7350621969040436239/natives/linux-amd64/libnativewindow_awt.so
7f1ed6dbe000-7f1ed6dbf000 rw-p 00001000 08:03 6029378                    /tmp/jogamp_0000/file_cache/jln5391576321797455102/jln7350621969040436239/natives/linux-amd64/libnativewindow_awt.so
7f1ed6dbf000-7f1ed6dc0000 r-xp 00000000 08:03 6425220                    /usr/lib/jvm/java-8-openjdk-amd64/jre/lib/amd64/libjawt.so
7f1ed6dc0000-7f1ed6fbf000 ---p 00001000 08:03 6425220                    /usr/lib/jvm/java-8-openjdk-amd64/jre/lib/amd64/libjawt.so
7f1ed6fbf000-7f1ed6fc0000 r--p 00000000 08:03 6425220                    /usr/lib/jvm/java-8-openjdk-amd64/jre/lib/amd64/libjawt.so
7f1ed6fc0000-7f1ed6fc1000 rw-p 00001000 08:03 6425220                    /usr/lib/jvm/java-8-openjdk-amd64/jre/lib/amd64/libjawt.so
7f1ed6fc1000-7f1ed6fc4000 ---p 00000000 00:00 0 
7f1ed6fc4000-7f1ed70c2000 rw-p 00000000 00:00 0                          [stack:6629]
7f1ed70c2000-7f1ed70c7000 r-xp 00000000 08:03 6430952                    /usr/lib/x86_64-linux-gnu/libXfixes.so.3.1.0
7f1ed70c7000-7f1ed72c6000 ---p 00005000 08:03 6430952                    /usr/lib/x86_64-linux-gnu/libXfixes.so.3.1.0
7f1ed72c6000-7f1ed72c7000 r--p 00004000 08:03 6430952                    /usr/lib/x86_64-linux-gnu/libXfixes.so.3.1.0
7f1ed72c7000-7f1ed72c8000 rw-p 00005000 08:03 6430952                    /usr/lib/x86_64-linux-gnu/libXfixes.so.3.1.0
7f1ed72c8000-7f1ed72d1000 r-xp 00000000 08:03 6430944                    /usr/lib/x86_64-linux-gnu/libXcursor.so.1.0.2
7f1ed72d1000-7f1ed74d0000 ---p 00009000 08:03 6430944                    /usr/lib/x86_64-linux-gnu/libXcursor.so.1.0.2
7f1ed74d0000-7f1ed74d1000 r--p 00008000 08:03 6430944                    /usr/lib/x86_64-linux-gnu/libXcursor.so.1.0.2
7f1ed74d1000-7f1ed74d2000 rw-p 00009000 08:03 6430944                    /usr/lib/x86_64-linux-gnu/libXcursor.so.1.0.2
7f1ed74d2000-7f1ed74f7000 r-xp 00000000 08:03 4067650                    /lib/x86_64-linux-gnu/libpng12.so.0.51.0
7f1ed74f7000-7f1ed76f6000 ---p 00025000 08:03 4067650                    /lib/x86_64-linux-gnu/libpng12.so.0.51.0
7f1ed76f6000-7f1ed76f7000 r--p 00024000 08:03 4067650                    /lib/x86_64-linux-gnu/libpng12.so.0.51.0
7f1ed76f7000-7f1ed76f8000 rw-p 00025000 08:03 4067650                    /lib/x86_64-linux-gnu/libpng12.so.0.51.0
7f1ed76f8000-7f1ed779a000 r-xp 00000000 08:03 6429055                    /usr/lib/x86_64-linux-gnu/libfreetype.so.6.11.1
7f1ed779a000-7f1ed7999000 ---p 000a2000 08:03 6429055                    /usr/lib/x86_64-linux-gnu/libfreetype.so.6.11.1
7f1ed7999000-7f1ed799f000 r--p 000a1000 08:03 6429055                    /usr/lib/x86_64-linux-gnu/libfreetype.so.6.11.1
7f1ed799f000-7f1ed79a0000 rw-p 000a7000 08:03 6429055                    /usr/lib/x86_64-linux-gnu/libfreetype.so.6.11.1
7f1ed79a0000-7f1ed79f2000 r-xp 00000000 08:03 6425217                    /usr/lib/jvm/java-8-openjdk-amd64/jre/lib/amd64/libfontmanager.so
7f1ed79f2000-7f1ed7bf2000 ---p 00052000 08:03 6425217                    /usr/lib/jvm/java-8-openjdk-amd64/jre/lib/amd64/libfontmanager.so
7f1ed7bf2000-7f1ed7bf5000 r--p 00052000 08:03 6425217                    /usr/lib/jvm/java-8-openjdk-amd64/jre/lib/amd64/libfontmanager.so
7f1ed7bf5000-7f1ed7bf6000 rw-p 00055000 08:03 6425217                    /usr/lib/jvm/java-8-openjdk-amd64/jre/lib/amd64/libfontmanager.so
7f1ed7bf6000-7f1ed7bfb000 r-xp 00000000 08:03 6430948                    /usr/lib/x86_64-linux-gnu/libXdmcp.so.6.0.0
7f1ed7bfb000-7f1ed7dfa000 ---p 00005000 08:03 6430948                    /usr/lib/x86_64-linux-gnu/libXdmcp.so.6.0.0
7f1ed7dfa000-7f1ed7dfb000 r--p 00004000 08:03 6430948                    /usr/lib/x86_64-linux-gnu/libXdmcp.so.6.0.0
7f1ed7dfb000-7f1ed7dfc000 rw-p 00005000 08:03 6430948                    /usr/lib/x86_64-linux-gnu/libXdmcp.so.6.0.0
7f1ed7dfc000-7f1ed7dfe000 r-xp 00000000 08:03 6430937                    /usr/lib/x86_64-linux-gnu/libXau.so.6.0.0
7f1ed7dfe000-7f1ed7ffe000 ---p 00002000 08:03 6430937                    /usr/lib/x86_64-linux-gnu/libXau.so.6.0.0
7f1ed7ffe000-7f1ed7fff000 r--p 00002000 08:03 6430937                    /usr/lib/x86_64-linux-gnu/libXau.so.6.0.0
7f1ed7fff000-7f1ed8000000 rw-p 00003000 08:03 6430937                    /usr/lib/x86_64-linux-gnu/libXau.so.6.0.0
7f1ed8000000-7f1ed8021000 rw-p 00000000 00:00 0 
7f1ed8021000-7f1edc000000 ---p 00000000 00:00 0 
7f1edc000000-7f1edc021000 rw-p 00000000 00:00 0 
7f1edc021000-7f1ee0000000 ---p 00000000 00:00 0 
7f1ee0000000-7f1ee022d000 rw-p 00000000 00:00 0 
7f1ee022d000-7f1ee4000000 ---p 00000000 00:00 0 
7f1ee4000000-7f1ee4021000 rw-p 00000000 00:00 0 
7f1ee4021000-7f1ee8000000 ---p 00000000 00:00 0 
7f1ee8000000-7f1ee81f4000 rw-p 00000000 00:00 0 
7f1ee81f4000-7f1eec000000 ---p 00000000 00:00 0 
7f1eec000000-7f1eec214000 rw-p 00000000 00:00 0 
7f1eec214000-7f1ef0000000 ---p 00000000 00:00 0 
7f1ef0000000-7f1ef0021000 rw-p 00000000 00:00 0 
7f1ef0021000-7f1ef4000000 ---p 00000000 00:00 0 
7f1ef4000000-7f1ef4021000 rw-p 00000000 00:00 0 
7f1ef4021000-7f1ef8000000 ---p 00000000 00:00 0 
7f1ef8000000-7f1ef8021000 rw-p 00000000 00:00 0 
7f1ef8021000-7f1efc000000 ---p 00000000 00:00 0 
7f1efc000000-7f1efc021000 rw-p 00000000 00:00 0 
7f1efc021000-7f1f00000000 ---p 00000000 00:00 0 
7f1f00000000-7f1f00021000 rw-p 00000000 00:00 0 
7f1f00021000-7f1f04000000 ---p 00000000 00:00 0 
7f1f04000000-7f1f04021000 rw-p 00000000 00:00 0 
7f1f04021000-7f1f08000000 ---p 00000000 00:00 0 
7f1f08000000-7f1f08021000 rw-p 00000000 00:00 0 
7f1f08021000-7f1f0c000000 ---p 00000000 00:00 0 
7f1f0c01c000-7f1f0c05c000 rw-s 145a9e000 00:06 13740                     /dev/nvidiactl
7f1f0c05c000-7f1f0c09c000 rw-s 20c58d000 00:06 13740                     /dev/nvidiactl
7f1f0c09c000-7f1f0c0b9000 r-xp 00000000 08:03 6432135                    /usr/lib/x86_64-linux-gnu/libxcb.so.1.1.0
7f1f0c0b9000-7f1f0c2b9000 ---p 0001d000 08:03 6432135                    /usr/lib/x86_64-linux-gnu/libxcb.so.1.1.0
7f1f0c2b9000-7f1f0c2ba000 r--p 0001d000 08:03 6432135                    /usr/lib/x86_64-linux-gnu/libxcb.so.1.1.0
7f1f0c2ba000-7f1f0c2bb000 rw-p 0001e000 08:03 6432135                    /usr/lib/x86_64-linux-gnu/libxcb.so.1.1.0
7f1f0c2bb000-7f1f0c2ca000 r-xp 00000000 08:03 6430958                    /usr/lib/x86_64-linux-gnu/libXi.so.6.1.0
7f1f0c2ca000-7f1f0c4c9000 ---p 0000f000 08:03 6430958                    /usr/lib/x86_64-linux-gnu/libXi.so.6.1.0
7f1f0c4c9000-7f1f0c4ca000 r--p 0000e000 08:03 6430958                    /usr/lib/x86_64-linux-gnu/libXi.so.6.1.0
7f1f0c4ca000-7f1f0c4cb000 rw-p 0000f000 08:03 6430958                    /usr/lib/x86_64-linux-gnu/libXi.so.6.1.0
7f1f0c4cb000-7f1f0c4d0000 r-xp 00000000 08:03 6430978                    /usr/lib/x86_64-linux-gnu/libXtst.so.6.1.0
7f1f0c4d0000-7f1f0c6cf000 ---p 00005000 08:03 6430978                    /usr/lib/x86_64-linux-gnu/libXtst.so.6.1.0
7f1f0c6cf000-7f1f0c6d0000 r--p 00004000 08:03 6430978                    /usr/lib/x86_64-linux-gnu/libXtst.so.6.1.0
7f1f0c6d0000-7f1f0c6d1000 rw-p 00005000 08:03 6430978                    /usr/lib/x86_64-linux-gnu/libXtst.so.6.1.0
7f1f0c6d1000-7f1f0c6da000 r-xp 00000000 08:03 6430972                    /usr/lib/x86_64-linux-gnu/libXrender.so.1.3.0
7f1f0c6da000-7f1f0c8d9000 ---p 00009000 08:03 6430972                    /usr/lib/x86_64-linux-gnu/libXrender.so.1.3.0
7f1f0c8d9000-7f1f0c8da000 r--p 00008000 08:03 6430972                    /usr/lib/x86_64-linux-gnu/libXrender.so.1.3.0
7f1f0c8da000-7f1f0c8db000 rw-p 00009000 08:03 6430972                    /usr/lib/x86_64-linux-gnu/libXrender.so.1.3.0
7f1f0c8db000-7f1f0ca0e000 r-xp 00000000 08:03 6430933                    /usr/lib/x86_64-linux-gnu/libX11.so.6.3.0
7f1f0ca0e000-7f1f0cc0e000 ---p 00133000 08:03 6430933                    /usr/lib/x86_64-linux-gnu/libX11.so.6.3.0
7f1f0cc0e000-7f1f0cc0f000 r--p 00133000 08:03 6430933                    /usr/lib/x86_64-linux-gnu/libX11.so.6.3.0
7f1f0cc0f000-7f1f0cc13000 rw-p 00134000 08:03 6430933                    /usr/lib/x86_64-linux-gnu/libX11.so.6.3.0
7f1f0cc13000-7f1f10a64000 rw-p 00000000 00:00 0 
7f1f10a65000-7f1f10a78000 rw-s 145b26000 00:06 13740                     /dev/nvidiactl
7f1f10a78000-7f1f10a98000 rw-s 146305000 00:06 13740                     /dev/nvidiactl
7f1f10a98000-7f1f10ab8000 rw-s 145a3a000 00:06 13740                     /dev/nvidiactl
7f1f10ab8000-7f1f10ac9000 r-xp 00000000 08:03 6430950                    /usr/lib/x86_64-linux-gnu/libXext.so.6.4.0
7f1f10ac9000-7f1f10cc8000 ---p 00011000 08:03 6430950                    /usr/lib/x86_64-linux-gnu/libXext.so.6.4.0
7f1f10cc8000-7f1f10cc9000 r--p 00010000 08:03 6430950                    /usr/lib/x86_64-linux-gnu/libXext.so.6.4.0
7f1f10cc9000-7f1f10cca000 rw-p 00011000 08:03 6430950                    /usr/lib/x86_64-linux-gnu/libXext.so.6.4.0
7f1f10ccb000-7f1f10cce000 rw-p 00000000 00:00 0 
7f1f10cce000-7f1f10ccf000 rw-s 145b25000 00:06 13740                     /dev/nvidiactl
7f1f10ccf000-7f1f10cd3000 rw-s 145a18000 00:06 13740                     /dev/nvidiactl
7f1f10cd3000-7f1f10cd4000 rw-s dfd64000 00:06 13741                      /dev/nvidia0
7f1f10cd4000-7f1f10cd5000 rw-s dfd64000 00:06 13741                      /dev/nvidia0
7f1f10cd5000-7f1f10cd6000 rw-s fa642000 00:06 13741                      /dev/nvidia0
7f1f10cd6000-7f1f10cd7000 rw-s 21f399000 00:06 13740                     /dev/nvidiactl
7f1f10cd7000-7f1f10cd8000 rw-s fa641000 00:06 13741                      /dev/nvidia0
7f1f10cd8000-7f1f10cd9000 rw-s 21f398000 00:06 13740                     /dev/nvidiactl
7f1f10cd9000-7f1f10cda000 rw-s 145a3b000 00:06 13740                     /dev/nvidiactl
7f1f10cda000-7f1f10ced000 r--s 00345000 08:03 6425242                    /usr/lib/jvm/java-8-openjdk-amd64/jre/lib/resources.jar
7f1f10ced000-7f1f10d44000 r-xp 00000000 08:03 6425205                    /usr/lib/jvm/java-8-openjdk-amd64/jre/lib/amd64/libawt_xawt.so
7f1f10d44000-7f1f10f44000 ---p 00057000 08:03 6425205                    /usr/lib/jvm/java-8-openjdk-amd64/jre/lib/amd64/libawt_xawt.so
7f1f10f44000-7f1f10f45000 r--p 00057000 08:03 6425205                    /usr/lib/jvm/java-8-openjdk-amd64/jre/lib/amd64/libawt_xawt.so
7f1f10f45000-7f1f10f48000 rw-p 00058000 08:03 6425205                    /usr/lib/jvm/java-8-openjdk-amd64/jre/lib/amd64/libawt_xawt.so
7f1f10f48000-7f1f10f49000 rw-p 00000000 00:00 0 
7f1f10f49000-7f1f10fea000 r-xp 00000000 08:03 6425236                    /usr/lib/jvm/java-8-openjdk-amd64/jre/lib/amd64/libawt.so
7f1f10fea000-7f1f111e9000 ---p 000a1000 08:03 6425236                    /usr/lib/jvm/java-8-openjdk-amd64/jre/lib/amd64/libawt.so
7f1f111e9000-7f1f111ea000 r--p 000a0000 08:03 6425236                    /usr/lib/jvm/java-8-openjdk-amd64/jre/lib/amd64/libawt.so
7f1f111ea000-7f1f111f5000 rw-p 000a1000 08:03 6425236                    /usr/lib/jvm/java-8-openjdk-amd64/jre/lib/amd64/libawt.so
7f1f111f5000-7f1f1121a000 rw-p 00000000 00:00 0 
7f1f1121a000-7f1f1121c000 r-xp 00000000 08:03 6029377                    /tmp/jogamp_0000/file_cache/jln5391576321797455102/jln7350621969040436239/natives/linux-amd64/libgluegen-rt.so
7f1f1121c000-7f1f1141b000 ---p 00002000 08:03 6029377                    /tmp/jogamp_0000/file_cache/jln5391576321797455102/jln7350621969040436239/natives/linux-amd64/libgluegen-rt.so
7f1f1141b000-7f1f1141c000 rw-p 00001000 08:03 6029377                    /tmp/jogamp_0000/file_cache/jln5391576321797455102/jln7350621969040436239/natives/linux-amd64/libgluegen-rt.so
7f1f1141c000-7f1f1141f000 ---p 00000000 00:00 0 
7f1f1141f000-7f1f1151d000 rw-p 00000000 00:00 0                          [stack:6628]
7f1f1151d000-7f1f1152e000 r-xp 00000000 08:03 6425228                    /usr/lib/jvm/java-8-openjdk-amd64/jre/lib/amd64/libnio.so
7f1f1152e000-7f1f1172d000 ---p 00011000 08:03 6425228                    /usr/lib/jvm/java-8-openjdk-amd64/jre/lib/amd64/libnio.so
7f1f1172d000-7f1f1172e000 r--p 00010000 08:03 6425228                    /usr/lib/jvm/java-8-openjdk-amd64/jre/lib/amd64/libnio.so
7f1f1172e000-7f1f1172f000 rw-p 00011000 08:03 6425228                    /usr/lib/jvm/java-8-openjdk-amd64/jre/lib/amd64/libnio.so
7f1f1172f000-7f1f11a30000 rw-p 00000000 00:00 0 
7f1f11a30000-7f1f11a47000 r-xp 00000000 08:03 6425209                    /usr/lib/jvm/java-8-openjdk-amd64/jre/lib/amd64/libnet.so
7f1f11a47000-7f1f11c46000 ---p 00017000 08:03 6425209                    /usr/lib/jvm/java-8-openjdk-amd64/jre/lib/amd64/libnet.so
7f1f11c46000-7f1f11c47000 r--p 00016000 08:03 6425209                    /usr/lib/jvm/java-8-openjdk-amd64/jre/lib/amd64/libnet.so
7f1f11c47000-7f1f11c48000 rw-p 00017000 08:03 6425209                    /usr/lib/jvm/java-8-openjdk-amd64/jre/lib/amd64/libnet.so
7f1f11c48000-7f1f11c4b000 ---p 00000000 00:00 0 
7f1f11c4b000-7f1f11c81000 rw-p 00000000 00:00 0                          [stack:6623]
7f1f11c81000-7f1f11c82000 r--p 00000000 00:00 0 
7f1f11c82000-7f1f11c87000 r--s 00094000 08:03 6425238                    /usr/lib/jvm/java-8-openjdk-amd64/jre/lib/jsse.jar
7f1f11c87000-7f1f11c88000 r--s 00001000 08:03 6029436                    /home/elect/.gradle/caches/modules-2/files-2.1/org.jogamp.gluegen/gluegen-rt/2.3.2/f9b848384a343f39f454e59cead435c2c0cbf542/gluegen-rt-2.3.2-natives-windows-i586.jar
7f1f11c88000-7f1f11c89000 r--s 00001000 08:03 6029435                    /home/elect/.gradle/caches/modules-2/files-2.1/org.jogamp.gluegen/gluegen-rt/2.3.2/85213c97a5a50d8dd37de4c35ef32cd4b0ac2ef0/gluegen-rt-2.3.2-natives-windows-amd64.jar
7f1f11c89000-7f1f11c8a000 r--s 00000000 08:03 6029434                    /home/elect/.gradle/caches/modules-2/files-2.1/org.jogamp.gluegen/gluegen-rt/2.3.2/a5d9ee96c7a365055fba41e30f9a10f42a3c1a3e/gluegen-rt-2.3.2-natives-solaris-i586.jar
7f1f11c8a000-7f1f11c8b000 r--s 00001000 08:03 6029433                    /home/elect/.gradle/caches/modules-2/files-2.1/org.jogamp.gluegen/gluegen-rt/2.3.2/9a23cd22c59e3f04082e7589e850b79c9e696dc4/gluegen-rt-2.3.2-natives-solaris-amd64.jar
7f1f11c8b000-7f1f11c8c000 r--s 00001000 08:03 6029432                    /home/elect/.gradle/caches/modules-2/files-2.1/org.jogamp.gluegen/gluegen-rt/2.3.2/7227ae9e480354909d80f4df92b30bbb965387be/gluegen-rt-2.3.2-natives-macosx-universal.jar
7f1f11c8c000-7f1f11c8e000 r--s 00000000 08:03 6029431                    /home/elect/.gradle/caches/modules-2/files-2.1/org.jogamp.gluegen/gluegen-rt/2.3.2/da68aff010edd35a9ee89b1801dce6e284c7e673/gluegen-rt-2.3.2-natives-linux-i586.jar
7f1f11c8e000-7f1f11c8f000 r--s 00000000 08:03 6029430                    /home/elect/.gradle/caches/modules-2/files-2.1/org.jogamp.gluegen/gluegen-rt/2.3.2/f6d3587b061d7ae6e68932fc62317e3500d2112d/gluegen-rt-2.3.2-natives-linux-armv6hf.jar
7f1f11c8f000-7f1f11c90000 r--s 00000000 08:03 6029429                    /home/elect/.gradle/caches/modules-2/files-2.1/org.jogamp.gluegen/gluegen-rt/2.3.2/c55cd566d98d4fcd004b9aaa2c502c8c2dcec192/gluegen-rt-2.3.2-natives-linux-armv6.jar
7f1f11c90000-7f1f11c92000 r--s 00000000 08:03 6029428                    /home/elect/.gradle/caches/modules-2/files-2.1/org.jogamp.gluegen/gluegen-rt/2.3.2/477a6bc4f9256d8c9935b75d55e2b7b01314440b/gluegen-rt-2.3.2-natives-linux-amd64.jar
7f1f11c92000-7f1f11c93000 r--s 00001000 08:03 6029427                    /home/elect/.gradle/caches/modules-2/files-2.1/org.jogamp.gluegen/gluegen-rt/2.3.2/2130295b94ef5c19f85fb4ba6107ca193e987858/gluegen-rt-2.3.2-natives-android-armv6.jar
7f1f11c93000-7f1f11c94000 r--s 00000000 08:03 6029426                    /home/elect/.gradle/caches/modules-2/files-2.1/org.jogamp.gluegen/gluegen-rt/2.3.2/4c104c7aef98cda5c404eacb96b1a4e04fe0dd68/gluegen-rt-2.3.2-natives-android-aarch64.jar
7f1f11c94000-7f1f11c9a000 r--s 0004f000 08:03 6029425                    /home/elect/.gradle/caches/modules-2/files-2.1/org.jogamp.gluegen/gluegen-rt/2.3.2/edc35ccfc13d4a4ad02c50d580874c18bf48bbef/gluegen-rt-2.3.2.jar
7f1f11c9a000-7f1f11c9b000 r--s 00004000 08:03 6029498                    /home/elect/.gradle/caches/modules-2/files-2.1/org.jogamp.jogl/newt/2.3.2/e25eae0a0af4c9881b1f105239eb1a11ba8ff062/newt-2.3.2-natives-windows-i586.jar
7f1f11c9b000-7f1f11c9c000 r--s 00004000 08:03 6029497                    /home/elect/.gradle/caches/modules-2/files-2.1/org.jogamp.jogl/newt/2.3.2/345a309326786646a4b288824c285331496ccfbe/newt-2.3.2-natives-windows-amd64.jar
7f1f11c9c000-7f1f11c9d000 r--s 00005000 08:03 6029496                    /home/elect/.gradle/caches/modules-2/files-2.1/org.jogamp.jogl/newt/2.3.2/87b54f8bfc1e5190418aaaa6a042473f4f556b15/newt-2.3.2-natives-solaris-i586.jar
7f1f11c9d000-7f1f11c9e000 r--s 00006000 08:03 6029495                    /home/elect/.gradle/caches/modules-2/files-2.1/org.jogamp.jogl/newt/2.3.2/5ec2a841e5469e21dd36f3d92365afaad86ade3b/newt-2.3.2-natives-solaris-amd64.jar
7f1f11c9e000-7f1f11c9f000 r--s 0000e000 08:03 6029494                    /home/elect/.gradle/caches/modules-2/files-2.1/org.jogamp.jogl/newt/2.3.2/eb1257f13f3b411dc83db05ebeb21d44767eaed6/newt-2.3.2-natives-macosx-universal.jar
7f1f11c9f000-7f1f11ca0000 r--s 00006000 08:03 6029493                    /home/elect/.gradle/caches/modules-2/files-2.1/org.jogamp.jogl/newt/2.3.2/8e2017dd73e68ae1753f0724e0489d835f791946/newt-2.3.2-natives-linux-i586.jar
7f1f11ca0000-7f1f11ca1000 r--s 00005000 08:03 6029492                    /home/elect/.gradle/caches/modules-2/files-2.1/org.jogamp.jogl/newt/2.3.2/e944b80304cda285686fad84963af27e0746b911/newt-2.3.2-natives-linux-armv6hf.jar
7f1f11ca1000-7f1f11ca2000 r--s 00005000 08:03 6029491                    /home/elect/.gradle/caches/modules-2/files-2.1/org.jogamp.jogl/newt/2.3.2/f25e0ab0de2dc29d8b16740ff9ae9e52e503bec0/newt-2.3.2-natives-linux-armv6.jar
7f1f11ca2000-7f1f11ca3000 r--s 00006000 08:03 6029490                    /home/elect/.gradle/caches/modules-2/files-2.1/org.jogamp.jogl/newt/2.3.2/24007dc5205f4f9773198d1be5f7013a8b6a2b96/newt-2.3.2-natives-linux-amd64.jar
7f1f11ca3000-7f1f11ca4000 r--s 00001000 08:03 6029489                    /home/elect/.gradle/caches/modules-2/files-2.1/org.jogamp.jogl/newt/2.3.2/7b425742f16722273c189f5f860f212a01b3b462/newt-2.3.2-natives-android-armv6.jar
7f1f11ca4000-7f1f11ca6000 r--s 00000000 08:03 6029488                    /home/elect/.gradle/caches/modules-2/files-2.1/org.jogamp.jogl/newt/2.3.2/f05e8b11b0f7ba31a75033d9b40da603c449635/newt-2.3.2-natives-android-aarch64.jar
7f1f11ca6000-7f1f11ca7000 r--s 00008000 08:03 6029487                    /home/elect/.gradle/caches/modules-2/files-2.1/org.jogamp.jogl/newt/2.3.2/c975b00340f112cb8fbbe35bead078f3e64f5a8c/newt-2.3.2-driver-x11.jar
7f1f11ca7000-7f1f11ca9000 r--s 00002000 08:03 6029486                    /home/elect/.gradle/caches/modules-2/files-2.1/org.jogamp.jogl/newt/2.3.2/5a009f4d9a1730839eefbb0990fdacc35859b48a/newt-2.3.2-driver-win.jar
7f1f11ca9000-7f1f11caa000 r--s 00007000 08:03 6029485                    /home/elect/.gradle/caches/modules-2/files-2.1/org.jogamp.jogl/newt/2.3.2/cc363a480a51c59ca3a4a24dc982221a3adb2e81/newt-2.3.2-driver-osx.jar
7f1f11caa000-7f1f11cab000 r--s 00002000 08:03 6029484                    /home/elect/.gradle/caches/modules-2/files-2.1/org.jogamp.jogl/newt/2.3.2/95ef751e091b696ebc4700b5a04891575990122d/newt-2.3.2-driver-linux.jar
7f1f11cab000-7f1f11cac000 r--s 00001000 08:03 6029483                    /home/elect/.gradle/caches/modules-2/files-2.1/org.jogamp.jogl/newt/2.3.2/14da99081d9289fa556fc6aab4589b229197a3e4/newt-2.3.2-driver-kd.jar
7f1f11cac000-7f1f11cad000 r--s 00001000 08:03 6029482                    /home/elect/.gradle/caches/modules-2/files-2.1/org.jogamp.jogl/newt/2.3.2/edb56dfa3e4ecdf08c85e6ad78d3a187f7a753c8/newt-2.3.2-driver-intelgdl.jar
7f1f11cad000-7f1f11cae000 r--s 00002000 08:03 6029481                    /home/elect/.gradle/caches/modules-2/files-2.1/org.jogamp.jogl/newt/2.3.2/4c53748c34d6d2c30908ba3007816ca85f0e0791/newt-2.3.2-driver-bcm-vc.jar
7f1f11cae000-7f1f11caf000 r--s 00001000 08:03 6029480                    /home/elect/.gradle/caches/modules-2/files-2.1/org.jogamp.jogl/newt/2.3.2/4b4af96e706899860846f04d2933e859234326ca/newt-2.3.2-driver-bcm-old.jar
7f1f11caf000-7f1f11cb0000 r--s 00008000 08:03 6029479                    /home/elect/.gradle/caches/modules-2/files-2.1/org.jogamp.jogl/newt/2.3.2/a43e9001b3651548ceac27061001a0d0054d2908/newt-2.3.2-driver-android.jar
7f1f11cb0000-7f1f11cb1000 r--s 00008000 08:03 6029478                    /home/elect/.gradle/caches/modules-2/files-2.1/org.jogamp.jogl/newt/2.3.2/2b7005b3693c301ba81c00a50dae413427f85791/newt-2.3.2-ogl.jar
7f1f11cb1000-7f1f11cb3000 r--s 0000b000 08:03 6029477                    /home/elect/.gradle/caches/modules-2/files-2.1/org.jogamp.jogl/newt/2.3.2/5268c4c933bdcc1188e01dc3d0eb218bda277db3/newt-2.3.2-event.jar
7f1f11cb3000-7f1f11cb6000 r--s 0002c000 08:03 6029476                    /home/elect/.gradle/caches/modules-2/files-2.1/org.jogamp.jogl/newt/2.3.2/2f0d759de0a7d61be4cba251b573b98bcef608d8/newt-2.3.2.jar
7f1f11cb6000-7f1f11cb7000 r--s 00004000 08:03 6029470                    /home/elect/.gradle/caches/modules-2/files-2.1/org.jogamp.jogl/nativewindow/2.3.2/fda8e3b58cd05acb6bae87966710b7633283704a/nativewindow-2.3.2-natives-windows-i586.jar
7f1f11cb7000-7f1f11cb8000 r--s 00004000 08:03 6029469                    /home/elect/.gradle/caches/modules-2/files-2.1/org.jogamp.jogl/nativewindow/2.3.2/1ec8ecfe1a35a8c50fe36708875c93a9664f24e/nativewindow-2.3.2-natives-windows-amd64.jar
7f1f11cb8000-7f1f11cba000 r--s 00002000 08:03 6029468                    /home/elect/.gradle/caches/modules-2/files-2.1/org.jogamp.jogl/nativewindow/2.3.2/b887f303070cd0c87a27feabcf344fef9666af66/nativewindow-2.3.2-natives-solaris-i586.jar
7f1f11cba000-7f1f11cbb000 r--s 00003000 08:03 6029467                    /home/elect/.gradle/caches/modules-2/files-2.1/org.jogamp.jogl/nativewindow/2.3.2/63d814027e5f2a1aeb1e9672ec14bc781b8a9843/nativewindow-2.3.2-natives-solaris-amd64.jar
7f1f11cbb000-7f1f11cbc000 r--s 00007000 08:03 6029466                    /home/elect/.gradle/caches/modules-2/files-2.1/org.jogamp.jogl/nativewindow/2.3.2/c6bfd67b0ac217a403f73894bacc7044059c2a0c/nativewindow-2.3.2-natives-macosx-universal.jar
7f1f11cbc000-7f1f11cbd000 r--s 00003000 08:03 6029465                    /home/elect/.gradle/caches/modules-2/files-2.1/org.jogamp.jogl/nativewindow/2.3.2/4f556326a5d174a31c9af30127f39fd0c876316b/nativewindow-2.3.2-natives-linux-i586.jar
7f1f11cbd000-7f1f11cbe000 r--s 00002000 08:03 6029464                    /home/elect/.gradle/caches/modules-2/files-2.1/org.jogamp.jogl/nativewindow/2.3.2/e959e10219f023c27bd4e5582f626e8874825820/nativewindow-2.3.2-natives-linux-armv6hf.jar
7f1f11cbe000-7f1f11cbf000 r--s 00002000 08:03 6029463                    /home/elect/.gradle/caches/modules-2/files-2.1/org.jogamp.jogl/nativewindow/2.3.2/3ce179989908a51aec7799dfab4841685e6350f6/nativewindow-2.3.2-natives-linux-armv6.jar
7f1f11cbf000-7f1f11cc0000 r--s 00003000 08:03 6029462                    /home/elect/.gradle/caches/modules-2/files-2.1/org.jogamp.jogl/nativewindow/2.3.2/fe23dbb106657ac76f7c981e5357c294623b9f8f/nativewindow-2.3.2-natives-linux-amd64.jar
7f1f11cc0000-7f1f11cc1000 r--s 00000000 08:03 6029461                    /home/elect/.gradle/caches/modules-2/files-2.1/org.jogamp.jogl/nativewindow/2.3.2/c2003f72ca3de3f34e4920dc2c50b83a094959b9/nativewindow-2.3.2-natives-android-armv6.jar
7f1f11cc1000-7f1f11cc2000 r--s 00000000 08:03 6029460                    /home/elect/.gradle/caches/modules-2/files-2.1/org.jogamp.jogl/nativewindow/2.3.2/b3f9623ef71eadfafce4c70f485e3a93dfe7abdf/nativewindow-2.3.2-natives-android-aarch64.jar
7f1f11cc2000-7f1f11cc3000 r--s 00006000 08:03 6029459                    /home/elect/.gradle/caches/modules-2/files-2.1/org.jogamp.jogl/nativewindow/2.3.2/a75599e783ff6cbee68e60f80f00113b5e95919f/nativewindow-2.3.2-os-x11.jar
7f1f11cc3000-7f1f11cc4000 r--s 00001000 08:03 6029458                    /home/elect/.gradle/caches/modules-2/files-2.1/org.jogamp.jogl/nativewindow/2.3.2/bac1ceae906c7a80ad37b42f917ecff289c959d9/nativewindow-2.3.2-os-osx.jar
7f1f11cc4000-7f1f11cc7000 r--s 00016000 08:03 6029455                    /home/elect/.gradle/caches/modules-2/files-2.1/org.jogamp.jogl/nativewindow/2.3.2/c4e73108a1ccb49110516be8b63d44cf07f0f26b/nativewindow-2.3.2.jar
7f1f11cc7000-7f1f11cc9000 r--s 00032000 08:03 6029418                    /home/elect/.gradle/caches/modules-2/files-2.1/org.jogamp.jogl/jogl-all/2.3.2/5db8db5eca6b4445db6cd14f68938736630ae976/jogl-all-2.3.2-natives-windows-i586.jar
7f1f11cc9000-7f1f11ced000 r--s 0031e000 08:03 6029407                    /home/elect/.gradle/caches/modules-2/files-2.1/org.jogamp.jogl/jogl-all/2.3.2/99e0f64bb8882f054825ae4a8a527a17b544a0b5/jogl-all-2.3.2.jar
7f1f11ced000-7f1f11d09000 r--s 00393000 08:03 6425245                    /usr/lib/jvm/java-8-openjdk-amd64/jre/lib/ext/cldrdata.jar
7f1f11d09000-7f1f11d0a000 ---p 00000000 00:00 0 
7f1f11d0a000-7f1f11e0a000 rw-p 00000000 00:00 0                          [stack:6619]
7f1f11e0a000-7f1f11e0d000 ---p 00000000 00:00 0 
7f1f11e0d000-7f1f11f0b000 rw-p 00000000 00:00 0                          [stack:6618]
7f1f11f0b000-7f1f11f0e000 ---p 00000000 00:00 0 
7f1f11f0e000-7f1f1200c000 rw-p 00000000 00:00 0                          [stack:6617]
7f1f1200c000-7f1f1200f000 ---p 00000000 00:00 0 
7f1f1200f000-7f1f1210d000 rw-p 00000000 00:00 0                          [stack:6616]
7f1f1210d000-7f1f12110000 ---p 00000000 00:00 0 
7f1f12110000-7f1f1220e000 rw-p 00000000 00:00 0                          [stack:6615]
7f1f1220e000-7f1f12211000 ---p 00000000 00:00 0 
7f1f12211000-7f1f1230f000 rw-p 00000000 00:00 0                          [stack:6614]
7f1f1230f000-7f1f129f2000 r--p 00000000 08:03 6429964                    /usr/lib/locale/locale-archive
7f1f129f2000-7f1f129f5000 ---p 00000000 00:00 0 
7f1f129f5000-7f1f12af3000 rw-p 00000000 00:00 0                          [stack:6613]
7f1f12af3000-7f1f12af6000 ---p 00000000 00:00 0 
7f1f12af6000-7f1f12bf4000 rw-p 00000000 00:00 0                          [stack:6612]
7f1f12bf4000-7f1f12bf5000 ---p 00000000 00:00 0 
7f1f12bf5000-7f1f14000000 rw-p 00000000 00:00 0                          [stack:6611]
7f1f14000000-7f1f14021000 rw-p 00000000 00:00 0 
7f1f14021000-7f1f18000000 ---p 00000000 00:00 0 
7f1f18000000-7f1f18001000 r--s 00006000 08:03 6029456                    /home/elect/.gradle/caches/modules-2/files-2.1/org.jogamp.jogl/nativewindow/2.3.2/9eeb70fd34c7c86e586ec02f22eaaf8074ddbcb7/nativewindow-2.3.2-os-win.jar
7f1f18001000-7f1f18002000 r--s 0003a000 08:03 6029417                    /home/elect/.gradle/caches/modules-2/files-2.1/org.jogamp.jogl/jogl-all/2.3.2/becd519b1f741176561d93645abd90971ca0dca0/jogl-all-2.3.2-natives-windows-amd64.jar
7f1f18002000-7f1f18003000 r--s 00027000 08:03 6029416                    /home/elect/.gradle/caches/modules-2/files-2.1/org.jogamp.jogl/jogl-all/2.3.2/94d1ed501fe53b7f75eab0f712f39802390d0f5b/jogl-all-2.3.2-natives-solaris-i586.jar
7f1f18003000-7f1f18004000 r--s 00035000 08:03 6029415                    /home/elect/.gradle/caches/modules-2/files-2.1/org.jogamp.jogl/jogl-all/2.3.2/bde11ff064181af9c307180d8f3f1744b7bdc11d/jogl-all-2.3.2-natives-solaris-amd64.jar
7f1f18004000-7f1f18005000 r--s 0006c000 08:03 6029414                    /home/elect/.gradle/caches/modules-2/files-2.1/org.jogamp.jogl/jogl-all/2.3.2/2da2215dbe1091c54cb83cf2484f8a54a4d0cf7a/jogl-all-2.3.2-natives-macosx-universal.jar
7f1f18005000-7f1f1801f000 r--s 001d3000 08:03 6425246                    /usr/lib/jvm/java-8-openjdk-amd64/jre/lib/ext/nashorn.jar
7f1f1801f000-7f1f184b2000 rw-p 00000000 00:00 0 
7f1f184b2000-7f1f1867f000 r--s 03bd3000 08:03 6425271                    /usr/lib/jvm/java-8-openjdk-amd64/jre/lib/rt.jar
7f1f1867f000-7f1f18a64000 rw-p 00000000 00:00 0 
7f1f18a64000-7f1f18a65000 ---p 00000000 00:00 0 
7f1f18a65000-7f1f18b65000 rw-p 00000000 00:00 0                          [stack:6609]
7f1f18b65000-7f1f18b66000 ---p 00000000 00:00 0 
7f1f18b66000-7f1f18c66000 rw-p 00000000 00:00 0                          [stack:6608]
7f1f18c66000-7f1f18c67000 ---p 00000000 00:00 0 
7f1f18c67000-7f1f18d91000 rw-p 00000000 00:00 0                          [stack:6607]
7f1f18d91000-7f1f19000000 ---p 00000000 00:00 0 
7f1f19000000-7f1f19320000 rwxp 00000000 00:00 0 
7f1f19320000-7f1f28000000 ---p 00000000 00:00 0 
7f1f28000000-7f1f28cc0000 rw-p 00000000 00:00 0 
7f1f28cc0000-7f1f2c000000 ---p 00000000 00:00 0 
7f1f2c000000-7f1f2c002000 r--s 00034000 08:03 6029413                    /home/elect/.gradle/caches/modules-2/files-2.1/org.jogamp.jogl/jogl-all/2.3.2/59b7a336c0ee54161e33662d2ca8ac9d8f6c476d/jogl-all-2.3.2-natives-linux-i586.jar
7f1f2c002000-7f1f2c003000 r--s 00028000 08:03 6029412                    /home/elect/.gradle/caches/modules-2/files-2.1/org.jogamp.jogl/jogl-all/2.3.2/2c434c560dbd821b0ed569e44d3d441727491dac/jogl-all-2.3.2-natives-linux-armv6hf.jar
7f1f2c003000-7f1f2c004000 r--s 00027000 08:03 6029411                    /home/elect/.gradle/caches/modules-2/files-2.1/org.jogamp.jogl/jogl-all/2.3.2/6d14f46336be9e2dc5f85d5df17490cee5d09a90/jogl-all-2.3.2-natives-linux-armv6.jar
7f1f2c004000-7f1f2c005000 r--s 00036000 08:03 6029410                    /home/elect/.gradle/caches/modules-2/files-2.1/org.jogamp.jogl/jogl-all/2.3.2/ffd1c6bd5f6fb088df6cad25e25721eb55ad2228/jogl-all-2.3.2-natives-linux-amd64.jar
7f1f2c005000-7f1f2c006000 r--s 0000f000 08:03 6029409                    /home/elect/.gradle/caches/modules-2/files-2.1/org.jogamp.jogl/jogl-all/2.3.2/ab2c18b8a1327255cc354c19c720807d262baa75/jogl-all-2.3.2-natives-android-armv6.jar
7f1f2c006000-7f1f2c0be000 rw-p 00000000 00:00 0 
7f1f2c0be000-7f1f2c0bf000 ---p 00000000 00:00 0 
7f1f2c0bf000-7f1f2c1e9000 rw-p 00000000 00:00 0                          [stack:6605]
7f1f2c1e9000-7f1f2c457000 ---p 00000000 00:00 0 
7f1f2c457000-7f1f2c46d000 rw-p 00000000 00:00 0 
7f1f2c46d000-7f1f2c5a4000 ---p 00000000 00:00 0 
7f1f2c5a4000-7f1f2c5b2000 rw-p 00000000 00:00 0 
7f1f2c5b2000-7f1f2c965000 ---p 00000000 00:00 0 
7f1f2c965000-7f1f2c96d000 r-xp 00000000 08:03 6425202                    /usr/lib/jvm/java-8-openjdk-amd64/jre/lib/amd64/libzip.so
7f1f2c96d000-7f1f2cb6c000 ---p 00008000 08:03 6425202                    /usr/lib/jvm/java-8-openjdk-amd64/jre/lib/amd64/libzip.so
7f1f2cb6c000-7f1f2cb6d000 r--p 00007000 08:03 6425202                    /usr/lib/jvm/java-8-openjdk-amd64/jre/lib/amd64/libzip.so
7f1f2cb6d000-7f1f2cb6e000 rw-p 00008000 08:03 6425202                    /usr/lib/jvm/java-8-openjdk-amd64/jre/lib/amd64/libzip.so
7f1f2cb6e000-7f1f2cb7a000 r-xp 00000000 08:03 4067608                    /lib/x86_64-linux-gnu/libnss_files-2.21.so
7f1f2cb7a000-7f1f2cd79000 ---p 0000c000 08:03 4067608                    /lib/x86_64-linux-gnu/libnss_files-2.21.so
7f1f2cd79000-7f1f2cd7a000 r--p 0000b000 08:03 4067608                    /lib/x86_64-linux-gnu/libnss_files-2.21.so
7f1f2cd7a000-7f1f2cd7b000 rw-p 0000c000 08:03 4067608                    /lib/x86_64-linux-gnu/libnss_files-2.21.so
7f1f2cd7b000-7f1f2cd86000 r-xp 00000000 08:03 4067618                    /lib/x86_64-linux-gnu/libnss_nis-2.21.so
7f1f2cd86000-7f1f2cf85000 ---p 0000b000 08:03 4067618                    /lib/x86_64-linux-gnu/libnss_nis-2.21.so
7f1f2cf85000-7f1f2cf86000 r--p 0000a000 08:03 4067618                    /lib/x86_64-linux-gnu/libnss_nis-2.21.so
7f1f2cf86000-7f1f2cf87000 rw-p 0000b000 08:03 4067618                    /lib/x86_64-linux-gnu/libnss_nis-2.21.so
7f1f2cf87000-7f1f2cf9e000 r-xp 00000000 08:03 4067602                    /lib/x86_64-linux-gnu/libnsl-2.21.so
7f1f2cf9e000-7f1f2d19d000 ---p 00017000 08:03 4067602                    /lib/x86_64-linux-gnu/libnsl-2.21.so
7f1f2d19d000-7f1f2d19e000 r--p 00016000 08:03 4067602                    /lib/x86_64-linux-gnu/libnsl-2.21.so
7f1f2d19e000-7f1f2d19f000 rw-p 00017000 08:03 4067602                    /lib/x86_64-linux-gnu/libnsl-2.21.so
7f1f2d19f000-7f1f2d1a1000 rw-p 00000000 00:00 0 
7f1f2d1a1000-7f1f2d1a9000 r-xp 00000000 08:03 4067604                    /lib/x86_64-linux-gnu/libnss_compat-2.21.so
7f1f2d1a9000-7f1f2d3a8000 ---p 00008000 08:03 4067604                    /lib/x86_64-linux-gnu/libnss_compat-2.21.so
7f1f2d3a8000-7f1f2d3a9000 r--p 00007000 08:03 4067604                    /lib/x86_64-linux-gnu/libnss_compat-2.21.so
7f1f2d3a9000-7f1f2d3aa000 rw-p 00008000 08:03 4067604                    /lib/x86_64-linux-gnu/libnss_compat-2.21.so
7f1f2d3aa000-7f1f2d3d8000 r-xp 00000000 08:03 6425199                    /usr/lib/jvm/java-8-openjdk-amd64/jre/lib/amd64/libjava.so
7f1f2d3d8000-7f1f2d5d7000 ---p 0002e000 08:03 6425199                    /usr/lib/jvm/java-8-openjdk-amd64/jre/lib/amd64/libjava.so
7f1f2d5d7000-7f1f2d5d8000 r--p 0002d000 08:03 6425199                    /usr/lib/jvm/java-8-openjdk-amd64/jre/lib/amd64/libjava.so
7f1f2d5d8000-7f1f2d5da000 rw-p 0002e000 08:03 6425199                    /usr/lib/jvm/java-8-openjdk-amd64/jre/lib/amd64/libjava.so
7f1f2d5da000-7f1f2d5e9000 r-xp 00000000 08:03 6425214                    /usr/lib/jvm/java-8-openjdk-amd64/jre/lib/amd64/libverify.so
7f1f2d5e9000-7f1f2d7e9000 ---p 0000f000 08:03 6425214                    /usr/lib/jvm/java-8-openjdk-amd64/jre/lib/amd64/libverify.so
7f1f2d7e9000-7f1f2d7ec000 r--p 0000f000 08:03 6425214                    /usr/lib/jvm/java-8-openjdk-amd64/jre/lib/amd64/libverify.so
7f1f2d7ec000-7f1f2d7ed000 rw-p 00012000 08:03 6425214                    /usr/lib/jvm/java-8-openjdk-amd64/jre/lib/amd64/libverify.so
7f1f2d7ed000-7f1f2d7f4000 r-xp 00000000 08:03 4067663                    /lib/x86_64-linux-gnu/librt-2.21.so
7f1f2d7f4000-7f1f2d9f3000 ---p 00007000 08:03 4067663                    /lib/x86_64-linux-gnu/librt-2.21.so
7f1f2d9f3000-7f1f2d9f4000 r--p 00006000 08:03 4067663                    /lib/x86_64-linux-gnu/librt-2.21.so
7f1f2d9f4000-7f1f2d9f5000 rw-p 00007000 08:03 4067663                    /lib/x86_64-linux-gnu/librt-2.21.so
7f1f2d9f5000-7f1f2da0b000 r-xp 00000000 08:03 4067514                    /lib/x86_64-linux-gnu/libgcc_s.so.1
7f1f2da0b000-7f1f2dc0a000 ---p 00016000 08:03 4067514                    /lib/x86_64-linux-gnu/libgcc_s.so.1
7f1f2dc0a000-7f1f2dc0b000 rw-p 00015000 08:03 4067514                    /lib/x86_64-linux-gnu/libgcc_s.so.1
7f1f2dc0b000-7f1f2dd12000 r-xp 00000000 08:03 4067581                    /lib/x86_64-linux-gnu/libm-2.21.so
7f1f2dd12000-7f1f2df11000 ---p 00107000 08:03 4067581                    /lib/x86_64-linux-gnu/libm-2.21.so
7f1f2df11000-7f1f2df12000 r--p 00106000 08:03 4067581                    /lib/x86_64-linux-gnu/libm-2.21.so
7f1f2df12000-7f1f2df13000 rw-p 00107000 08:03 4067581                    /lib/x86_64-linux-gnu/libm-2.21.so
7f1f2df13000-7f1f2e003000 r-xp 00000000 08:03 6431929                    /usr/lib/x86_64-linux-gnu/libstdc++.so.6.0.20
7f1f2e003000-7f1f2e203000 ---p 000f0000 08:03 6431929                    /usr/lib/x86_64-linux-gnu/libstdc++.so.6.0.20
7f1f2e203000-7f1f2e20b000 r--p 000f0000 08:03 6431929                    /usr/lib/x86_64-linux-gnu/libstdc++.so.6.0.20
7f1f2e20b000-7f1f2e20d000 rw-p 000f8000 08:03 6431929                    /usr/lib/x86_64-linux-gnu/libstdc++.so.6.0.20
7f1f2e20d000-7f1f2e222000 rw-p 00000000 00:00 0 
7f1f2e222000-7f1f2eeaf000 r-xp 00000000 08:03 6425226                    /usr/lib/jvm/java-8-openjdk-amd64/jre/lib/amd64/server/libjvm.so
7f1f2eeaf000-7f1f2f0af000 ---p 00c8d000 08:03 6425226                    /usr/lib/jvm/java-8-openjdk-amd64/jre/lib/amd64/server/libjvm.so
7f1f2f0af000-7f1f2f152000 r--p 00c8d000 08:03 6425226                    /usr/lib/jvm/java-8-openjdk-amd64/jre/lib/amd64/server/libjvm.so
7f1f2f152000-7f1f2f17b000 rw-p 00d30000 08:03 6425226                    /usr/lib/jvm/java-8-openjdk-amd64/jre/lib/amd64/server/libjvm.so
7f1f2f17b000-7f1f2f1aa000 rw-p 00000000 00:00 0 
7f1f2f1aa000-7f1f2f1c2000 r-xp 00000000 08:03 4067655                    /lib/x86_64-linux-gnu/libpthread-2.21.so
7f1f2f1c2000-7f1f2f3c2000 ---p 00018000 08:03 4067655                    /lib/x86_64-linux-gnu/libpthread-2.21.so
7f1f2f3c2000-7f1f2f3c3000 r--p 00018000 08:03 4067655                    /lib/x86_64-linux-gnu/libpthread-2.21.so
7f1f2f3c3000-7f1f2f3c4000 rw-p 00019000 08:03 4067655                    /lib/x86_64-linux-gnu/libpthread-2.21.so
7f1f2f3c4000-7f1f2f3c8000 rw-p 00000000 00:00 0 
7f1f2f3c8000-7f1f2f3cb000 r-xp 00000000 08:03 4067539                    /lib/x86_64-linux-gnu/libdl-2.21.so
7f1f2f3cb000-7f1f2f5ca000 ---p 00003000 08:03 4067539                    /lib/x86_64-linux-gnu/libdl-2.21.so
7f1f2f5ca000-7f1f2f5cb000 r--p 00002000 08:03 4067539                    /lib/x86_64-linux-gnu/libdl-2.21.so
7f1f2f5cb000-7f1f2f5cc000 rw-p 00003000 08:03 4067539                    /lib/x86_64-linux-gnu/libdl-2.21.so
7f1f2f5cc000-7f1f2f5e5000 r-xp 00000000 08:03 4067696                    /lib/x86_64-linux-gnu/libz.so.1.2.8
7f1f2f5e5000-7f1f2f7e5000 ---p 00019000 08:03 4067696                    /lib/x86_64-linux-gnu/libz.so.1.2.8
7f1f2f7e5000-7f1f2f7e6000 r--p 00019000 08:03 4067696                    /lib/x86_64-linux-gnu/libz.so.1.2.8
7f1f2f7e6000-7f1f2f7e7000 rw-p 0001a000 08:03 4067696                    /lib/x86_64-linux-gnu/libz.so.1.2.8
7f1f2f7e7000-7f1f2f9a7000 r-xp 00000000 08:03 4067522                    /lib/x86_64-linux-gnu/libc-2.21.so
7f1f2f9a7000-7f1f2fba7000 ---p 001c0000 08:03 4067522                    /lib/x86_64-linux-gnu/libc-2.21.so
7f1f2fba7000-7f1f2fbab000 r--p 001c0000 08:03 4067522                    /lib/x86_64-linux-gnu/libc-2.21.so
7f1f2fbab000-7f1f2fbad000 rw-p 001c4000 08:03 4067522                    /lib/x86_64-linux-gnu/libc-2.21.so
7f1f2fbad000-7f1f2fbb1000 rw-p 00000000 00:00 0 
7f1f2fbb1000-7f1f2fbbf000 r-xp 00000000 08:03 6425233                    /usr/lib/jvm/java-8-openjdk-amd64/jre/lib/amd64/jli/libjli.so
7f1f2fbbf000-7f1f2fdbe000 ---p 0000e000 08:03 6425233                    /usr/lib/jvm/java-8-openjdk-amd64/jre/lib/amd64/jli/libjli.so
7f1f2fdbe000-7f1f2fdbf000 r--p 0000d000 08:03 6425233                    /usr/lib/jvm/java-8-openjdk-amd64/jre/lib/amd64/jli/libjli.so
7f1f2fdbf000-7f1f2fdc0000 rw-p 0000e000 08:03 6425233                    /usr/lib/jvm/java-8-openjdk-amd64/jre/lib/amd64/jli/libjli.so
7f1f2fdc0000-7f1f2fde4000 r-xp 00000000 08:03 4067494                    /lib/x86_64-linux-gnu/ld-2.21.so
7f1f2fde4000-7f1f2fde5000 r--s 0000f000 08:03 6029408                    /home/elect/.gradle/caches/modules-2/files-2.1/org.jogamp.jogl/jogl-all/2.3.2/166147f43cf7419c4d858cd31f4b5922d6d10c81/jogl-all-2.3.2-natives-android-aarch64.jar
7f1f2fde5000-7f1f2fde6000 r--s 00000000 08:03 6029424                    /home/elect/.gradle/caches/modules-2/files-2.1/org.jogamp.gluegen/gluegen-rt-main/2.3.2/6a86a9ce357c085e3052efcf639447f9957b82b8/gluegen-rt-main-2.3.2.jar
7f1f2fde6000-7f1f2fde7000 r--s 00000000 08:03 6029457                    /home/elect/.gradle/caches/modules-2/files-2.1/org.jogamp.jogl/newt-main/2.3.2/6a86a9ce357c085e3052efcf639447f9957b82b8/newt-main-2.3.2.jar
7f1f2fde7000-7f1f2fded000 r--s 0003a000 08:03 6425250                    /usr/lib/jvm/java-8-openjdk-amd64/jre/lib/ext/sunjce_provider.jar
7f1f2fded000-7f1f2feb8000 rw-p 00000000 00:00 0 
7f1f2feb8000-7f1f2febb000 ---p 00000000 00:00 0 
7f1f2febb000-7f1f2ffbe000 rw-p 00000000 00:00 0                          [stack:6602]
7f1f2ffbe000-7f1f2ffbf000 r--s 00000000 08:03 6029454                    /home/elect/.gradle/caches/modules-2/files-2.1/org.jogamp.jogl/nativewindow-main/2.3.2/6a86a9ce357c085e3052efcf639447f9957b82b8/nativewindow-main-2.3.2.jar
7f1f2ffbf000-7f1f2ffc0000 r--s 00000000 08:03 6029406                    /home/elect/.gradle/caches/modules-2/files-2.1/org.jogamp.jogl/jogl-all-main/2.3.2/6a86a9ce357c085e3052efcf639447f9957b82b8/jogl-all-main-2.3.2.jar
7f1f2ffc0000-7f1f2ffc3000 r--s 0000f000 08:03 6425252                    /usr/lib/jvm/java-8-openjdk-amd64/jre/lib/ext/icedtea-sound.jar
7f1f2ffc3000-7f1f2ffc4000 r--s 00008000 08:03 6425247                    /usr/lib/jvm/java-8-openjdk-amd64/jre/lib/ext/sunec.jar
7f1f2ffc4000-7f1f2ffc6000 r--s 00001000 08:03 6425251                    /usr/lib/jvm/java-8-openjdk-amd64/jre/lib/ext/dnsns.jar
7f1f2ffc6000-7f1f2ffc7000 r--s 00010000 08:03 6425249                    /usr/lib/jvm/java-8-openjdk-amd64/jre/lib/ext/zipfs.jar
7f1f2ffc7000-7f1f2ffca000 r--s 00037000 08:03 6425253                    /usr/lib/jvm/java-8-openjdk-amd64/jre/lib/ext/sunpkcs11.jar
7f1f2ffca000-7f1f2ffcc000 r--s 00006000 08:03 6818084                    /usr/share/java/java-atk-wrapper.jar
7f1f2ffcc000-7f1f2ffd7000 r--s 00116000 08:03 6425248                    /usr/lib/jvm/java-8-openjdk-amd64/jre/lib/ext/localedata.jar
7f1f2ffd7000-7f1f2ffdf000 rw-s 00000000 08:03 6029363                    /tmp/hsperfdata_elect/6600
7f1f2ffdf000-7f1f2ffe0000 rw-p 00000000 00:00 0 
7f1f2ffe0000-7f1f2ffe1000 r--p 00000000 00:00 0 
7f1f2ffe1000-7f1f2ffe3000 rw-p 00000000 00:00 0 
7f1f2ffe3000-7f1f2ffe4000 r--p 00023000 08:03 4067494                    /lib/x86_64-linux-gnu/ld-2.21.so
7f1f2ffe4000-7f1f2ffe5000 rw-p 00024000 08:03 4067494                    /lib/x86_64-linux-gnu/ld-2.21.so
7f1f2ffe5000-7f1f2ffe6000 rw-p 00000000 00:00 0 
7fffe2022000-7fffe2046000 rw-p 00000000 00:00 0                          [stack]
7fffe21d7000-7fffe21d9000 r--p 00000000 00:00 0                          [vvar]
7fffe21d9000-7fffe21db000 r-xp 00000000 00:00 0                          [vdso]
ffffffffff600000-ffffffffff601000 r-xp 00000000 00:00 0                  [vsyscall]

VM Arguments:
jvm_args: -Dfile.encoding=UTF-8 -Duser.country=US -Duser.language=en -Duser.variant 
java_command: test.Main
java_class_path (initial): /home/elect/NetBeansProjects/jgli/build/classes/main:/home/elect/NetBeansProjects/jgli/build/resources/main:/home/elect/.gradle/caches/modules-2/files-2.1/org.jogamp.jogl/jogl-all-main/2.3.2/6a86a9ce357c085e3052efcf639447f9957b82b8/jogl-all-main-2.3.2.jar:/home/elect/.gradle/caches/modules-2/files-2.1/org.jogamp.jogl/nativewindow-main/2.3.2/6a86a9ce357c085e3052efcf639447f9957b82b8/nativewindow-main-2.3.2.jar:/home/elect/.gradle/caches/modules-2/files-2.1/org.jogamp.jogl/newt-main/2.3.2/6a86a9ce357c085e3052efcf639447f9957b82b8/newt-main-2.3.2.jar:/home/elect/.gradle/caches/modules-2/files-2.1/org.jogamp.gluegen/gluegen-rt-main/2.3.2/6a86a9ce357c085e3052efcf639447f9957b82b8/gluegen-rt-main-2.3.2.jar:/home/elect/.gradle/caches/modules-2/files-2.1/org.jogamp.jogl/jogl-all/2.3.2/99e0f64bb8882f054825ae4a8a527a17b544a0b5/jogl-all-2.3.2.jar:/home/elect/.gradle/caches/modules-2/files-2.1/org.jogamp.jogl/jogl-all/2.3.2/166147f43cf7419c4d858cd31f4b5922d6d10c81/jogl-all-2.3.2-natives-android-aarch64.jar:/home/elect/.gradle/caches/modules-2/files-2.1/org.jogamp.jogl/jogl-all/2.3.2/ab2c18b8a1327255cc354c19c720807d262baa75/jogl-all-2.3.2-natives-android-armv6.jar:/home/elect/.gradle/caches/modules-2/files-2.1/org.jogamp.jogl/jogl-all/2.3.2/ffd1c6bd5f6fb088df6cad25e25721eb55ad2228/jogl-all-2.3.2-natives-linux-amd64.jar:/home/elect/.gradle/caches/modules-2/files-2.1/org.jogamp.jogl/jogl-all/2.3.2/6d14f46336be9e2dc5f85d5df17490cee5d09a90/jogl-all-2.3.2-natives-linux-armv6.jar:/home/elect/.gradle/caches/modules-2/files-2.1/org.jogamp.jogl/jogl-all/2.3.2/2c434c560dbd821b0ed569e44d3d441727491dac/jogl-all-2.3.2-natives-linux-armv6hf.jar:/home/elect/.gradle/caches/modules-2/files-2.1/org.jogamp.jogl/jogl-all/2.3.2/59b7a336c0ee54161e33662d2ca8ac9d8f6c476d/jogl-all-2.3.2-natives-linux-i586.jar:/home/elect/.gradle/caches/modules-2/files-2.1/org.jogamp.jogl/jogl-all/2.3.2/2da2215dbe1091c54cb83cf2484f8a54a4d0cf7a/jogl-all-2.3.2-natives-macosx-universal.jar:/home/el
Launcher Type: SUN_STANDARD

Environment Variables:
PATH=/usr/local/sbin:/usr/local/bin:/usr/sbin:/usr/bin:/sbin:/bin:/usr/games:/usr/local/games
LD_LIBRARY_PATH=/usr/lib/jvm/java-8-openjdk-amd64/jre/lib/amd64:/usr/lib/jvm/java-8-openjdk-amd64/jre/lib/i386:
SHELL=/bin/bash
DISPLAY=:0

Signal Handlers:
SIGSEGV: [libjvm.so+0xa90d80], sa_mask[0]=11111111011111111101111111111110, sa_flags=SA_RESTART|SA_SIGINFO
SIGBUS: [libjvm.so+0xa90d80], sa_mask[0]=11111111011111111101111111111110, sa_flags=SA_RESTART|SA_SIGINFO
SIGFPE: [libjvm.so+0x8dbc70], sa_mask[0]=11111111011111111101111111111110, sa_flags=SA_RESTART|SA_SIGINFO
SIGPIPE: [libjvm.so+0x8dbc70], sa_mask[0]=11111111011111111101111111111110, sa_flags=SA_RESTART|SA_SIGINFO
SIGXFSZ: [libjvm.so+0x8dbc70], sa_mask[0]=11111111011111111101111111111110, sa_flags=SA_RESTART|SA_SIGINFO
SIGILL: [libjvm.so+0x8dbc70], sa_mask[0]=11111111011111111101111111111110, sa_flags=SA_RESTART|SA_SIGINFO
SIGUSR1: SIG_DFL, sa_mask[0]=00000000000000000000000000000000, sa_flags=none
SIGUSR2: [libjvm.so+0x8dbb20], sa_mask[0]=00100000000000000000000000000000, sa_flags=SA_RESTART|SA_SIGINFO
SIGHUP: [libjvm.so+0x8dbd40], sa_mask[0]=11111111011111111101111111111110, sa_flags=SA_RESTART|SA_SIGINFO
SIGINT: SIG_IGN, sa_mask[0]=00000000000000000000000000000000, sa_flags=none
SIGTERM: [libjvm.so+0x8dbd40], sa_mask[0]=11111111011111111101111111111110, sa_flags=SA_RESTART|SA_SIGINFO
SIGQUIT: [libjvm.so+0x8dbd40], sa_mask[0]=11111111011111111101111111111110, sa_flags=SA_RESTART|SA_SIGINFO


---------------  S Y S T E M  ---------------

OS:DISTRIB_ID=Ubuntu
DISTRIB_RELEASE=15.04
DISTRIB_CODENAME=vivid
DISTRIB_DESCRIPTION="Ubuntu 15.04"

uname:Linux 3.19.0-31-generic #36-Ubuntu SMP Wed Oct 7 15:04:02 UTC 2015 x86_64
libc:glibc 2.21 NPTL 2.21 
rlimit: STACK 8192k, CORE 0k, NPROC 31805, NOFILE 65536, AS infinity
load average:0,18 0,14 0,22

/proc/meminfo:
MemTotal:        8164552 kB
MemFree:          910528 kB
MemAvailable:    4131280 kB
Buffers:          288596 kB
Cached:          2974940 kB
SwapCached:            0 kB
Active:          5305116 kB
Inactive:        1535160 kB
Active(anon):    3580580 kB
Inactive(anon):    32000 kB
Active(file):    1724536 kB
Inactive(file):  1503160 kB
Unevictable:          48 kB
Mlocked:              48 kB
SwapTotal:       1048572 kB
SwapFree:        1048572 kB
Dirty:              2204 kB
Writeback:             0 kB
AnonPages:       3576744 kB
Mapped:           345596 kB
Shmem:             35844 kB
Slab:             280176 kB
SReclaimable:     246460 kB
SUnreclaim:        33716 kB
KernelStack:        9248 kB
PageTables:        33660 kB
NFS_Unstable:          0 kB
Bounce:                0 kB
WritebackTmp:          0 kB
CommitLimit:     5130848 kB
Committed_AS:    7832760 kB
VmallocTotal:   34359738367 kB
VmallocUsed:      325484 kB
VmallocChunk:   34359403516 kB
HardwareCorrupted:     0 kB
AnonHugePages:   2150400 kB
CmaTotal:              0 kB
CmaFree:               0 kB
HugePages_Total:       0
HugePages_Free:        0
HugePages_Rsvd:        0
HugePages_Surp:        0
Hugepagesize:       2048 kB
DirectMap4k:      196032 kB
DirectMap2M:     8183808 kB


CPU:total 4 (4 cores per cpu, 1 threads per core) family 6 model 30 stepping 5, cmov, cx8, fxsr, mmx, sse, sse2, sse3, ssse3, sse4.1, sse4.2, popcnt, tsc, tscinvbit

/proc/cpuinfo:
processor	: 0
vendor_id	: GenuineIntel
cpu family	: 6
model		: 30
model name	: Intel(R) Core(TM) i5 CPU         750  @ 2.67GHz
stepping	: 5
microcode	: 0x7
cpu MHz		: 2133.000
cache size	: 8192 KB
physical id	: 0
siblings	: 4
core id		: 0
cpu cores	: 4
apicid		: 0
initial apicid	: 0
fpu		: yes
fpu_exception	: yes
cpuid level	: 11
wp		: yes
flags		: fpu vme de pse tsc msr pae mce cx8 apic sep mtrr pge mca cmov pat pse36 clflush dts acpi mmx fxsr sse sse2 ss ht tm pbe syscall nx rdtscp lm constant_tsc arch_perfmon pebs bts rep_good nopl xtopology nonstop_tsc aperfmperf pni dtes64 monitor ds_cpl vmx smx est tm2 ssse3 cx16 xtpr pdcm sse4_1 sse4_2 popcnt lahf_lm ida dtherm tpr_shadow vnmi flexpriority ept vpid
bugs		:
bogomips	: 5352.66
clflush size	: 64
cache_alignment	: 64
address sizes	: 36 bits physical, 48 bits virtual
power management:

processor	: 1
vendor_id	: GenuineIntel
cpu family	: 6
model		: 30
model name	: Intel(R) Core(TM) i5 CPU         750  @ 2.67GHz
stepping	: 5
microcode	: 0x7
cpu MHz		: 2533.000
cache size	: 8192 KB
physical id	: 0
siblings	: 4
core id		: 1
cpu cores	: 4
apicid		: 2
initial apicid	: 2
fpu		: yes
fpu_exception	: yes
cpuid level	: 11
wp		: yes
flags		: fpu vme de pse tsc msr pae mce cx8 apic sep mtrr pge mca cmov pat pse36 clflush dts acpi mmx fxsr sse sse2 ss ht tm pbe syscall nx rdtscp lm constant_tsc arch_perfmon pebs bts rep_good nopl xtopology nonstop_tsc aperfmperf pni dtes64 monitor ds_cpl vmx smx est tm2 ssse3 cx16 xtpr pdcm sse4_1 sse4_2 popcnt lahf_lm ida dtherm tpr_shadow vnmi flexpriority ept vpid
bugs		:
bogomips	: 5352.66
clflush size	: 64
cache_alignment	: 64
address sizes	: 36 bits physical, 48 bits virtual
power management:

processor	: 2
vendor_id	: GenuineIntel
cpu family	: 6
model		: 30
model name	: Intel(R) Core(TM) i5 CPU         750  @ 2.67GHz
stepping	: 5
microcode	: 0x7
cpu MHz		: 2668.000
cache size	: 8192 KB
physical id	: 0
siblings	: 4
core id		: 2
cpu cores	: 4
apicid		: 4
initial apicid	: 4
fpu		: yes
fpu_exception	: yes
cpuid level	: 11
wp		: yes
flags		: fpu vme de pse tsc msr pae mce cx8 apic sep mtrr pge mca cmov pat pse36 clflush dts acpi mmx fxsr sse sse2 ss ht tm pbe syscall nx rdtscp lm constant_tsc arch_perfmon pebs bts rep_good nopl xtopology nonstop_tsc aperfmperf pni dtes64 monitor ds_cpl vmx smx est tm2 ssse3 cx16 xtpr pdcm sse4_1 sse4_2 popcnt lahf_lm ida dtherm tpr_shadow vnmi flexpriority ept vpid
bugs		:
bogomips	: 5352.66
clflush size	: 64
cache_alignment	: 64
address sizes	: 36 bits physical, 48 bits virtual
power management:

processor	: 3
vendor_id	: GenuineIntel
cpu family	: 6
model		: 30
model name	: Intel(R) Core(TM) i5 CPU         750  @ 2.67GHz
stepping	: 5
microcode	: 0x7
cpu MHz		: 2400.000
cache size	: 8192 KB
physical id	: 0
siblings	: 4
core id		: 3
cpu cores	: 4
apicid		: 6
initial apicid	: 6
fpu		: yes
fpu_exception	: yes
cpuid level	: 11
wp		: yes
flags		: fpu vme de pse tsc msr pae mce cx8 apic sep mtrr pge mca cmov pat pse36 clflush dts acpi mmx fxsr sse sse2 ss ht tm pbe syscall nx rdtscp lm constant_tsc arch_perfmon pebs bts rep_good nopl xtopology nonstop_tsc aperfmperf pni dtes64 monitor ds_cpl vmx smx est tm2 ssse3 cx16 xtpr pdcm sse4_1 sse4_2 popcnt lahf_lm ida dtherm tpr_shadow vnmi flexpriority ept vpid
bugs		:
bogomips	: 5352.66
clflush size	: 64
cache_alignment	: 64
address sizes	: 36 bits physical, 48 bits virtual
power management:



Memory: 4k page, physical 8164552k(910528k free), swap 1048572k(1048572k free)

vm_info: OpenJDK 64-Bit Server VM (25.45-b02) for linux-amd64 JRE (1.8.0_45-internal-b14), built on Apr 20 2015 00:35:04 by "buildd" with gcc 4.9.2

time: Wed Oct 21 19:14:30 2015
elapsed time: 0 seconds (0d 0h 0m 0s)

