#
# A fatal error has been detected by the Java Runtime Environment:
#
#  SIGSEGV (0xb) at pc=0x0000000000002546, pid=14243, tid=140554612987648
#
# JRE version: OpenJDK Runtime Environment (8.0_45-b14) (build 1.8.0_45-internal-b14)
# Java VM: OpenJDK 64-Bit Server VM (25.45-b02 mixed mode linux-amd64 compressed oops)
# Problematic frame:
# C  0x0000000000002546
#
# Failed to write core dump. Core dumps have been disabled. To enable core dumping, try "ulimit -c unlimited" before starting Java again
#
# If you would like to submit a bug report, please visit:
#   http://bugreport.java.com/bugreport/crash.jsp
# The crash happened outside the Java Virtual Machine in native code.
# See problematic frame for where to report the bug.
#

---------------  T H R E A D  ---------------

Current thread (0x00007fd56400f000):  JavaThread "main" [_thread_in_native, id=14245, stack(0x00007fd56bb75000,0x00007fd56bc76000)]

siginfo: si_signo: 11 (SIGSEGV), si_code: 1 (SEGV_MAPERR), si_addr: 0x0000000000002546

Registers:
RAX=0x00007fd5646b3770, RBX=0x00007fd5504bf430, RCX=0x0000000000000000, RDX=0x00007fd56ae480d8
RSP=0x00007fd56bc73728, RBP=0x00007fd56bc73770, RSI=0x0000000000000030, RDI=0x00007fd5646b3770
R8 =0x00007fd5646b3772, R9 =0x00007fd5646b3772, R10=0x0000000000000000, R11=0x00000000d743e720
R12=0x0000000000000000, R13=0x00007fd5504bf430, R14=0x00007fd56bc737e8, R15=0x00007fd56400f000
RIP=0x0000000000002546, EFLAGS=0x0000000000010202, CSGSFS=0xa37c000000000033, ERR=0x0000000000000014
  TRAPNO=0x000000000000000e

Top of Stack: (sp=0x00007fd56bc73728)
0x00007fd56bc73728:   00007fd50e284a0b 00007fd550415a38
0x00007fd56bc73738:   00007fd56bc737e8 00007fd56bc737d8
0x00007fd56bc73748:   00007fd56400f1e0 00007fd555005310
0x00007fd56bc73758:   00007fd5646b3770 00007fd550415a38
0x00007fd56bc73768:   00007fd5504bf430 00007fd56bc737c8
0x00007fd56bc73778:   00007fd5550134d4 00007fd56400f000
0x00007fd56bc73788:   00007fd56bc73788 0000000000000000
0x00007fd56bc73798:   00007fd56bc737e8 00007fd5504c10a8
0x00007fd56bc737a8:   0000000000000000 00007fd5504bf430
0x00007fd56bc737b8:   0000000000000000 00007fd56bc737e8
0x00007fd56bc737c8:   00007fd56bc73830 00007fd5550074a0
0x00007fd56bc737d8:   00000000d743e380 00007fd55500f2b7
0x00007fd56bc737e8:   00000000d743e708 00007fd56bc737f0
0x00007fd56bc737f8:   00007fd550415f99 00007fd56bc73850
0x00007fd56bc73808:   00007fd550416930 0000000000000000
0x00007fd56bc73818:   00007fd550415ff0 00007fd56bc737e8
0x00007fd56bc73828:   00007fd56bc73850 00007fd56bc738a8
0x00007fd56bc73838:   00007fd5550074a0 0000000000000000
0x00007fd56bc73848:   0000000000000000 00000000d743e708
0x00007fd56bc73858:   0000000000000001 00000000d73efd50
0x00007fd56bc73868:   00007fd56bc73858 00007fd550415948
0x00007fd56bc73878:   00007fd56bc738f0 00007fd550416930
0x00007fd56bc73888:   0000000000000000 00007fd550415a38
0x00007fd56bc73898:   00007fd56bc73850 00007fd56bc738f0
0x00007fd56bc738a8:   00007fd56bc73948 00007fd5550074a0
0x00007fd56bc738b8:   0000000000000000 0000000000000000
0x00007fd56bc738c8:   00000000d73efd50 0000000000000000
0x00007fd56bc738d8:   0000000000000000 0000000000000000
0x00007fd56bc738e8:   0000000000000000 00000000d743e708
0x00007fd56bc738f8:   00000000d80f1ef0 00000000d80f1ef0
0x00007fd56bc73908:   00007fd56bc73908 00007fd50d9a598a
0x00007fd56bc73918:   00007fd56bc73978 00007fd50d9a6938 

Instructions: (pc=0x0000000000002546)
0x0000000000002526:   
[error occurred during error reporting (printing registers, top of stack, instructions near pc), id 0xb]

Register to memory mapping:

RAX=0x00007fd5646b3770 is an unknown value
RBX={method} {0x00007fd5504bf430} 'XOpenDisplay' '(Ljava/lang/String;)J' in 'jogamp/nativewindow/x11/X11Lib'
RCX=0x0000000000000000 is an unknown value
RDX=0x00007fd56ae480d8: <offset 0xf690d8> in /usr/lib/jvm/java-8-openjdk-amd64/jre/lib/amd64/server/libjvm.so at 0x00007fd569edf000
RSP=0x00007fd56bc73728 is pointing into the stack for thread: 0x00007fd56400f000
RBP=0x00007fd56bc73770 is pointing into the stack for thread: 0x00007fd56400f000
RSI=0x0000000000000030 is an unknown value
RDI=0x00007fd5646b3770 is an unknown value
R8 =0x00007fd5646b3772 is an unknown value
R9 =0x00007fd5646b3772 is an unknown value
R10=0x0000000000000000 is an unknown value
R11=0x00000000d743e720 is an oop
[C 
 - klass: {type array char}
 - length: 2
R12=0x0000000000000000 is an unknown value
R13={method} {0x00007fd5504bf430} 'XOpenDisplay' '(Ljava/lang/String;)J' in 'jogamp/nativewindow/x11/X11Lib'
R14=0x00007fd56bc737e8 is pointing into the stack for thread: 0x00007fd56400f000
R15=0x00007fd56400f000 is a thread


Stack: [0x00007fd56bb75000,0x00007fd56bc76000],  sp=0x00007fd56bc73728,  free space=1017k
Native frames: (J=compiled Java code, j=interpreted, Vv=VM code, C=native code)
C  0x0000000000002546
j  jogamp.nativewindow.x11.X11Lib.XOpenDisplay(Ljava/lang/String;)J+0
j  jogamp.nativewindow.x11.X11Util.XOpenDisplay(Ljava/lang/String;)J+1
j  jogamp.nativewindow.x11.X11Util.openDisplay(Ljava/lang/String;)J+96
j  jogamp.opengl.x11.glx.X11GLXDrawableFactory$SharedResourceImplementation.isDeviceSupported(Lcom/jogamp/nativewindow/AbstractGraphicsDevice;)Z+10
j  jogamp.opengl.SharedResourceRunner.getOrCreateShared(Lcom/jogamp/nativewindow/AbstractGraphicsDevice;)Ljogamp/opengl/SharedResourceRunner$Resource;+98
j  jogamp.opengl.x11.glx.X11GLXDrawableFactory.getOrCreateSharedResourceImpl(Lcom/jogamp/nativewindow/AbstractGraphicsDevice;)Ljogamp/opengl/x11/glx/X11GLXDrawableFactory$SharedResource;+5
j  jogamp.opengl.x11.glx.X11GLXDrawableFactory.getOrCreateSharedResourceImpl(Lcom/jogamp/nativewindow/AbstractGraphicsDevice;)Ljogamp/opengl/SharedResourceRunner$Resource;+2
j  jogamp.opengl.GLDrawableFactoryImpl.getOrCreateSharedResource(Lcom/jogamp/nativewindow/AbstractGraphicsDevice;)Ljogamp/opengl/SharedResourceRunner$Resource;+13
j  jogamp.opengl.GLDrawableFactoryImpl.createSharedResourceImpl(Lcom/jogamp/nativewindow/AbstractGraphicsDevice;)Z+2
j  com.jogamp.opengl.GLDrawableFactory.createSharedResource(Lcom/jogamp/nativewindow/AbstractGraphicsDevice;)Z+2
j  com.jogamp.opengl.GLProfile.initProfilesForDeviceCritical(Lcom/jogamp/nativewindow/AbstractGraphicsDevice;)Z+231
j  com.jogamp.opengl.GLProfile.initProfilesForDevice(Lcom/jogamp/nativewindow/AbstractGraphicsDevice;)Z+25
j  com.jogamp.opengl.GLProfile.initProfilesForDefaultDevices()V+633
j  com.jogamp.opengl.GLProfile.access$000()V+0
j  com.jogamp.opengl.GLProfile$1.run()Ljava/lang/Object;+58
v  ~StubRoutines::call_stub
V  [libjvm.so+0x6868c3]  JavaCalls::call_helper(JavaValue*, methodHandle*, JavaCallArguments*, Thread*)+0xd63
V  [libjvm.so+0x6d56c4]  JVM_DoPrivileged+0x564
J 504  java.security.AccessController.doPrivileged(Ljava/security/PrivilegedAction;)Ljava/lang/Object; (0 bytes) @ 0x00007fd55524327f [0x00007fd5552431c0+0xbf]
j  com.jogamp.opengl.GLProfile.initSingleton()V+78
j  com.jogamp.opengl.GLProfile.getProfileMap(Lcom/jogamp/nativewindow/AbstractGraphicsDevice;Z)Ljava/util/HashMap;+0
j  com.jogamp.opengl.GLProfile.get(Lcom/jogamp/nativewindow/AbstractGraphicsDevice;Ljava/lang/String;)Lcom/jogamp/opengl/GLProfile;+16
j  com.jogamp.opengl.GLProfile.get(Ljava/lang/String;)Lcom/jogamp/opengl/GLProfile;+4
j  test.Main.main([Ljava/lang/String;)V+13
v  ~StubRoutines::call_stub
V  [libjvm.so+0x6868c3]  JavaCalls::call_helper(JavaValue*, methodHandle*, JavaCallArguments*, Thread*)+0xd63
V  [libjvm.so+0x697d59]  jni_invoke_static(JNIEnv_*, JavaValue*, _jobject*, JNICallType, _jmethodID*, JNI_ArgumentPusher*, Thread*) [clone .isra.88]+0x2f9
V  [libjvm.so+0x6aa2e5]  jni_CallStaticVoidMethod+0x165
C  [libjli.so+0x3888]
C  [libpthread.so.0+0x76aa]  start_thread+0xca

Java frames: (J=compiled Java code, j=interpreted, Vv=VM code)
j  jogamp.nativewindow.x11.X11Lib.XOpenDisplay(Ljava/lang/String;)J+0
j  jogamp.nativewindow.x11.X11Util.XOpenDisplay(Ljava/lang/String;)J+1
j  jogamp.nativewindow.x11.X11Util.openDisplay(Ljava/lang/String;)J+96
j  jogamp.opengl.x11.glx.X11GLXDrawableFactory$SharedResourceImplementation.isDeviceSupported(Lcom/jogamp/nativewindow/AbstractGraphicsDevice;)Z+10
j  jogamp.opengl.SharedResourceRunner.getOrCreateShared(Lcom/jogamp/nativewindow/AbstractGraphicsDevice;)Ljogamp/opengl/SharedResourceRunner$Resource;+98
j  jogamp.opengl.x11.glx.X11GLXDrawableFactory.getOrCreateSharedResourceImpl(Lcom/jogamp/nativewindow/AbstractGraphicsDevice;)Ljogamp/opengl/x11/glx/X11GLXDrawableFactory$SharedResource;+5
j  jogamp.opengl.x11.glx.X11GLXDrawableFactory.getOrCreateSharedResourceImpl(Lcom/jogamp/nativewindow/AbstractGraphicsDevice;)Ljogamp/opengl/SharedResourceRunner$Resource;+2
j  jogamp.opengl.GLDrawableFactoryImpl.getOrCreateSharedResource(Lcom/jogamp/nativewindow/AbstractGraphicsDevice;)Ljogamp/opengl/SharedResourceRunner$Resource;+13
j  jogamp.opengl.GLDrawableFactoryImpl.createSharedResourceImpl(Lcom/jogamp/nativewindow/AbstractGraphicsDevice;)Z+2
j  com.jogamp.opengl.GLDrawableFactory.createSharedResource(Lcom/jogamp/nativewindow/AbstractGraphicsDevice;)Z+2
j  com.jogamp.opengl.GLProfile.initProfilesForDeviceCritical(Lcom/jogamp/nativewindow/AbstractGraphicsDevice;)Z+231
j  com.jogamp.opengl.GLProfile.initProfilesForDevice(Lcom/jogamp/nativewindow/AbstractGraphicsDevice;)Z+25
j  com.jogamp.opengl.GLProfile.initProfilesForDefaultDevices()V+633
j  com.jogamp.opengl.GLProfile.access$000()V+0
j  com.jogamp.opengl.GLProfile$1.run()Ljava/lang/Object;+58
v  ~StubRoutines::call_stub
J 504  java.security.AccessController.doPrivileged(Ljava/security/PrivilegedAction;)Ljava/lang/Object; (0 bytes) @ 0x00007fd55524320f [0x00007fd5552431c0+0x4f]
j  com.jogamp.opengl.GLProfile.initSingleton()V+78
j  com.jogamp.opengl.GLProfile.getProfileMap(Lcom/jogamp/nativewindow/AbstractGraphicsDevice;Z)Ljava/util/HashMap;+0
j  com.jogamp.opengl.GLProfile.get(Lcom/jogamp/nativewindow/AbstractGraphicsDevice;Ljava/lang/String;)Lcom/jogamp/opengl/GLProfile;+16
j  com.jogamp.opengl.GLProfile.get(Ljava/lang/String;)Lcom/jogamp/opengl/GLProfile;+4
j  test.Main.main([Ljava/lang/String;)V+13
v  ~StubRoutines::call_stub

---------------  P R O C E S S  ---------------

Java Threads: ( => current thread )
  0x00007fd56461e000 JavaThread "main-SharedResourceRunner" daemon [_thread_blocked, id=14276, stack(0x00007fd50c488000,0x00007fd50c589000)]
  0x00007fd5646a6000 JavaThread "main-SharedResourceRunner" daemon [_thread_blocked, id=14275, stack(0x00007fd50cf75000,0x00007fd50d076000)]
  0x00007fd564583800 JavaThread "AWT-EventQueue-0" [_thread_blocked, id=14274, stack(0x00007fd50e487000,0x00007fd50e588000)]
  0x00007fd564582000 JavaThread "AWT-Shutdown" [_thread_blocked, id=14273, stack(0x00007fd50e588000,0x00007fd50e689000)]
  0x00007fd564537800 JavaThread "AWT-XAWT" daemon [_thread_in_native, id=14272, stack(0x00007fd54c0db000,0x00007fd54c1dc000)]
  0x00007fd564514000 JavaThread "Java2D Disposer" daemon [_thread_blocked, id=14271, stack(0x00007fd54d289000,0x00007fd54d38a000)]
  0x00007fd564495000 JavaThread "process reaper" daemon [_thread_blocked, id=14266, stack(0x00007fd54dab5000,0x00007fd54daee000)]
  0x00007fd5640c4000 JavaThread "Service Thread" daemon [_thread_blocked, id=14261, stack(0x00007fd54dc89000,0x00007fd54dd8a000)]
  0x00007fd5640b6800 JavaThread "C1 CompilerThread2" daemon [_thread_blocked, id=14260, stack(0x00007fd54dd8a000,0x00007fd54de8b000)]
  0x00007fd5640b4800 JavaThread "C2 CompilerThread1" daemon [_thread_blocked, id=14259, stack(0x00007fd54de8b000,0x00007fd54df8c000)]
  0x00007fd5640b1800 JavaThread "C2 CompilerThread0" daemon [_thread_blocked, id=14258, stack(0x00007fd54df8c000,0x00007fd54e08d000)]
  0x00007fd5640af800 JavaThread "Signal Dispatcher" daemon [_thread_blocked, id=14257, stack(0x00007fd54e08d000,0x00007fd54e18e000)]
  0x00007fd564084000 JavaThread "Finalizer" daemon [_thread_blocked, id=14256, stack(0x00007fd54e871000,0x00007fd54e972000)]
  0x00007fd564081800 JavaThread "Reference Handler" daemon [_thread_blocked, id=14255, stack(0x00007fd54e972000,0x00007fd54ea73000)]
=>0x00007fd56400f000 JavaThread "main" [_thread_in_native, id=14245, stack(0x00007fd56bb75000,0x00007fd56bc76000)]

Other Threads:
  0x00007fd56407c800 VMThread [stack: 0x00007fd54ea73000,0x00007fd54eb74000] [id=14254]
  0x00007fd5640c6800 WatcherThread [stack: 0x00007fd54db88000,0x00007fd54dc89000] [id=14262]

VM state:not at safepoint (normal execution)

VM Mutex/Monitor currently owned by a thread: None

Heap:
 PSYoungGen      total 37888K, used 29631K [0x00000000d6780000, 0x00000000d9180000, 0x0000000100000000)
  eden space 32768K, 90% used [0x00000000d6780000,0x00000000d846fde8,0x00000000d8780000)
  from space 5120K, 0% used [0x00000000d8c80000,0x00000000d8c80000,0x00000000d9180000)
  to   space 5120K, 0% used [0x00000000d8780000,0x00000000d8780000,0x00000000d8c80000)
 ParOldGen       total 86016K, used 0K [0x0000000083600000, 0x0000000088a00000, 0x00000000d6780000)
  object space 86016K, 0% used [0x0000000083600000,0x0000000083600000,0x0000000088a00000)
 Metaspace       used 13131K, capacity 13326K, committed 13696K, reserved 1060864K
  class space    used 1217K, capacity 1282K, committed 1408K, reserved 1048576K

Card table byte_map: [0x00007fd554c1a000,0x00007fd555000000] byte_map_base: 0x00007fd5547ff000

Marking Bits: (ParMarkBitMap*) 0x00007fd56ae4be80
 Begin Bits: [0x00007fd55092f000, 0x00007fd552857000)
 End Bits:   [0x00007fd552857000, 0x00007fd55477f000)

Polling page: 0x00007fd56bc9d000

CodeCache: size=245760Kb used=3171Kb max_used=3171Kb free=242588Kb
 bounds [0x00007fd555000000, 0x00007fd555320000, 0x00007fd564000000]
 total_blobs=1571 nmethods=737 adapters=750
 compilation: enabled

Compilation events (10 events):
Event: 0,982 Thread 0x00007fd5640b6800  731       3       sun.reflect.UnsafeFieldAccessorImpl::ensureObj (23 bytes)
Event: 0,982 Thread 0x00007fd5640b6800 nmethod 731 0x00007fd55530fcd0 code [0x00007fd55530fea0, 0x00007fd5553107f8]
Event: 0,993 Thread 0x00007fd5640b6800  734       3       com.jogamp.common.os.DynamicLibraryBundle::dynamicLookupFunctionOnLibs (256 bytes)
Event: 0,994 Thread 0x00007fd5640b6800 nmethod 734 0x00007fd5553173d0 code [0x00007fd5553175e0, 0x00007fd555318198]
Event: 0,995 Thread 0x00007fd5640b6800  735       3       java.util.StringTokenizer::scanToken (179 bytes)
Event: 0,996 Thread 0x00007fd5640b6800 nmethod 735 0x00007fd555318610 code [0x00007fd5553188a0, 0x00007fd555319bb8]
Event: 1,000 Thread 0x00007fd5640b6800  736       3       java.util.regex.Pattern$Ctype::isSatisfiedBy (24 bytes)
Event: 1,000 Thread 0x00007fd5640b6800 nmethod 736 0x00007fd55530e390 code [0x00007fd55530e520, 0x00007fd55530e8b0]
Event: 1,001 Thread 0x00007fd5640b6800  737       1       com.jogamp.opengl.GLRendererQuirks::getCount (3 bytes)
Event: 1,001 Thread 0x00007fd5640b6800 nmethod 737 0x00007fd55531a390 code [0x00007fd55531a4e0, 0x00007fd55531a5d0]

GC Heap History (0 events):
No events

Deoptimization events (6 events):
Event: 0,112 Thread 0x00007fd56400f000 Uncommon trap: reason=unstable_if action=reinterpret pc=0x00007fd555138dfc method=java.lang.String.indexOf(II)I @ 49
Event: 0,133 Thread 0x00007fd56400f000 Uncommon trap: reason=unstable_if action=reinterpret pc=0x00007fd55515c850 method=java.lang.Math.max(II)I @ 2
Event: 0,177 Thread 0x00007fd56400f000 Uncommon trap: reason=unstable_if action=reinterpret pc=0x00007fd55518b734 method=java.lang.String.indexOf([CII[CIII)I @ 3
Event: 0,181 Thread 0x00007fd56400f000 Uncommon trap: reason=unstable_if action=reinterpret pc=0x00007fd555169ddc method=java.lang.String.indexOf([CII[CIII)I @ 123
Event: 0,252 Thread 0x00007fd56400f000 Uncommon trap: reason=unstable_if action=reinterpret pc=0x00007fd5551ddd6c method=java.lang.String.replace(CC)Ljava/lang/String; @ 26
Event: 0,970 Thread 0x00007fd56461e000 Uncommon trap: reason=unstable_if action=reinterpret pc=0x00007fd5552040d0 method=java.lang.String.startsWith(Ljava/lang/String;I)Z @ 25

Internal exceptions (10 events):
Event: 0,161 Thread 0x00007fd56400f000 Exception <a 'java/security/PrivilegedActionException'> (0x00000000d6d39f00) thrown at [/build/buildd/openjdk-8-8u45-b14/src/hotspot/src/share/vm/prims/jvm.cpp, line 1382]
Event: 0,161 Thread 0x00007fd56400f000 Exception <a 'java/security/PrivilegedActionException'> (0x00000000d6d3a0b8) thrown at [/build/buildd/openjdk-8-8u45-b14/src/hotspot/src/share/vm/prims/jvm.cpp, line 1382]
Event: 0,161 Thread 0x00007fd56400f000 Exception <a 'java/security/PrivilegedActionException'> (0x00000000d6d3aad8) thrown at [/build/buildd/openjdk-8-8u45-b14/src/hotspot/src/share/vm/prims/jvm.cpp, line 1382]
Event: 0,161 Thread 0x00007fd56400f000 Exception <a 'java/security/PrivilegedActionException'> (0x00000000d6d3ac90) thrown at [/build/buildd/openjdk-8-8u45-b14/src/hotspot/src/share/vm/prims/jvm.cpp, line 1382]
Event: 0,224 Thread 0x00007fd56400f000 Exception <a 'java/lang/NoSuchFieldError': method resolution failed> (0x00000000d6ebe5b0) thrown at [/build/buildd/openjdk-8-8u45-b14/src/hotspot/src/share/vm/prims/methodHandles.cpp, line 1125]
Event: 0,226 Thread 0x00007fd56400f000 Exception <a 'java/lang/NoSuchFieldError': method resolution failed> (0x00000000d6ecd020) thrown at [/build/buildd/openjdk-8-8u45-b14/src/hotspot/src/share/vm/prims/methodHandles.cpp, line 1125]
Event: 0,273 Thread 0x00007fd56400f000 Exception <a 'java/io/FileNotFoundException'> (0x00000000d6fc3d60) thrown at [/build/buildd/openjdk-8-8u45-b14/src/hotspot/src/share/vm/prims/jni.cpp, line 709]
Event: 0,291 Thread 0x00007fd56400f000 Exception <a 'java/io/FileNotFoundException'> (0x00000000d71bf870) thrown at [/build/buildd/openjdk-8-8u45-b14/src/hotspot/src/share/vm/prims/jni.cpp, line 709]
Event: 0,307 Thread 0x00007fd56400f000 Exception <a 'java/lang/ClassNotFoundException': sun/dc/DuctusRenderingEngine> (0x00000000d71cbfd8) thrown at [/build/buildd/openjdk-8-8u45-b14/src/hotspot/src/share/vm/classfile/systemDictionary.cpp, line 210]
Event: 0,343 Thread 0x00007fd56400f000 Exception <a 'java/io/FileNotFoundException'> (0x00000000d7240688) thrown at [/build/buildd/openjdk-8-8u45-b14/src/hotspot/src/share/vm/prims/jni.cpp, line 709]

Events (10 events):
Event: 0,993 loading class jogamp/opengl/es1/GLES1Impl$1
Event: 0,993 loading class jogamp/opengl/es1/GLES1Impl$1 done
Event: 0,994 loading class jogamp/opengl/es1/GLES1Impl$2
Event: 0,994 loading class jogamp/opengl/es1/GLES1Impl$2 done
Event: 0,994 loading class jogamp/opengl/es1/GLES1Impl$3
Event: 0,994 loading class jogamp/opengl/es1/GLES1Impl$3 done
Event: 0,994 loading class jogamp/opengl/es1/GLES1Impl$4
Event: 0,994 loading class jogamp/opengl/es1/GLES1Impl$4 done
Event: 1,001 loading class jogamp/opengl/egl/EGLDrawableFactory$SharedResource
Event: 1,001 loading class jogamp/opengl/egl/EGLDrawableFactory$SharedResource done


Dynamic libraries:
00400000-00401000 r-xp 00000000 08:03 6425286                            /usr/lib/jvm/java-8-openjdk-amd64/jre/bin/java
00600000-00601000 r--p 00000000 08:03 6425286                            /usr/lib/jvm/java-8-openjdk-amd64/jre/bin/java
00601000-00602000 rw-p 00001000 08:03 6425286                            /usr/lib/jvm/java-8-openjdk-amd64/jre/bin/java
02078000-02099000 rw-p 00000000 00:00 0                                  [heap]
83600000-88a00000 rw-p 00000000 00:00 0 
88a00000-d6780000 ---p 00000000 00:00 0 
d6780000-d9180000 rw-p 00000000 00:00 0 
d9180000-100000000 ---p 00000000 00:00 0 
100000000-100160000 rw-p 00000000 00:00 0 
100160000-140000000 ---p 00000000 00:00 0 
7fd4f0000000-7fd4f04b7000 rw-p 00000000 00:00 0 
7fd4f04b7000-7fd4f4000000 ---p 00000000 00:00 0 
7fd4f572d000-7fd4f7285000 r-xp 00000000 08:03 6422576                    /usr/lib/x86_64-linux-gnu/libnvidia-eglcore.so.352.41
7fd4f7285000-7fd4f7484000 ---p 01b58000 08:03 6422576                    /usr/lib/x86_64-linux-gnu/libnvidia-eglcore.so.352.41
7fd4f7484000-7fd4f7ff0000 rw-p 01b57000 08:03 6422576                    /usr/lib/x86_64-linux-gnu/libnvidia-eglcore.so.352.41
7fd4f7ff0000-7fd4f8000000 rw-p 00000000 00:00 0 
7fd4f8000000-7fd4f8021000 rw-p 00000000 00:00 0 
7fd4f8021000-7fd4fc000000 ---p 00000000 00:00 0 
7fd4fd361000-7fd4fd36b000 r-xp 00000000 08:03 6423188                    /usr/lib/x86_64-linux-gnu/libGLESv1_CM.so.352.41
7fd4fd36b000-7fd4fd56b000 ---p 0000a000 08:03 6423188                    /usr/lib/x86_64-linux-gnu/libGLESv1_CM.so.352.41
7fd4fd56b000-7fd4fd56e000 rw-p 0000a000 08:03 6423188                    /usr/lib/x86_64-linux-gnu/libGLESv1_CM.so.352.41
7fd4fd56e000-7fd4fef6a000 r-xp 00000000 08:03 6426935                    /usr/lib/x86_64-linux-gnu/libnvidia-glcore.so.352.41
7fd4fef6a000-7fd4fef8a000 rwxp 019fc000 08:03 6426935                    /usr/lib/x86_64-linux-gnu/libnvidia-glcore.so.352.41
7fd4fef8a000-7fd4ff251000 r-xp 01a1c000 08:03 6426935                    /usr/lib/x86_64-linux-gnu/libnvidia-glcore.so.352.41
7fd4ff251000-7fd4ff450000 ---p 01ce3000 08:03 6426935                    /usr/lib/x86_64-linux-gnu/libnvidia-glcore.so.352.41
7fd4ff450000-7fd4fffec000 rw-p 01ce2000 08:03 6426935                    /usr/lib/x86_64-linux-gnu/libnvidia-glcore.so.352.41
7fd4fffec000-7fd500000000 rw-p 00000000 00:00 0 
7fd500000000-7fd500021000 rw-p 00000000 00:00 0 
7fd500021000-7fd504000000 ---p 00000000 00:00 0 
7fd504000000-7fd504021000 rw-p 00000000 00:00 0 
7fd504021000-7fd508000000 ---p 00000000 00:00 0 
7fd508000000-7fd508021000 rw-p 00000000 00:00 0 
7fd508021000-7fd50c000000 ---p 00000000 00:00 0 
7fd50c135000-7fd50c1b5000 rw-s af018000 00:06 14302                      /dev/nvidiactl
7fd50c1b5000-7fd50c235000 rw-s 0a2cf000 00:06 14302                      /dev/nvidiactl
7fd50c235000-7fd50c2b5000 rw-s 06fb3000 00:06 14302                      /dev/nvidiactl
7fd50c2b5000-7fd50c3b5000 rw-s 06c97000 00:06 14302                      /dev/nvidiactl
7fd50c3b5000-7fd50c3c8000 rw-s 9dcf0000 00:06 14302                      /dev/nvidiactl
7fd50c3c8000-7fd50c3e8000 rw-s d8260000 00:06 14303                      /dev/nvidia0
7fd50c3e8000-7fd50c428000 rw-s 96ff4000 00:06 14302                      /dev/nvidiactl
7fd50c428000-7fd50c448000 rw-s 6e30c000 00:06 14302                      /dev/nvidiactl
7fd50c448000-7fd50c488000 rw-s 0b1cf000 00:06 14302                      /dev/nvidiactl
7fd50c488000-7fd50c48b000 ---p 00000000 00:00 0 
7fd50c48b000-7fd50c589000 rw-p 00000000 00:00 0                          [stack:14276]
7fd50c589000-7fd50c5e5000 r-xp 00000000 08:03 6165684                    /tmp/jogamp_0000/file_cache/jln6062595336924863147/jln1543904323104581577/natives/linux-amd64/libjogl_mobile.so
7fd50c5e5000-7fd50c7e5000 ---p 0005c000 08:03 6165684                    /tmp/jogamp_0000/file_cache/jln6062595336924863147/jln1543904323104581577/natives/linux-amd64/libjogl_mobile.so
7fd50c7e5000-7fd50c7e6000 rw-p 0005c000 08:03 6165684                    /tmp/jogamp_0000/file_cache/jln6062595336924863147/jln1543904323104581577/natives/linux-amd64/libjogl_mobile.so
7fd50c7e6000-7fd50c854000 r-xp 00000000 08:03 6423014                    /usr/lib/x86_64-linux-gnu/libnvidia-glsi.so.352.41
7fd50c854000-7fd50ca53000 ---p 0006e000 08:03 6423014                    /usr/lib/x86_64-linux-gnu/libnvidia-glsi.so.352.41
7fd50ca53000-7fd50ca5c000 rw-p 0006d000 08:03 6423014                    /usr/lib/x86_64-linux-gnu/libnvidia-glsi.so.352.41
7fd50ca5c000-7fd50ca6a000 rw-p 00000000 00:00 0 
7fd50ca6a000-7fd50cb27000 r-xp 00000000 08:03 6424032                    /usr/lib/x86_64-linux-gnu/libEGL.so.352.41
7fd50cb27000-7fd50cd27000 ---p 000bd000 08:03 6424032                    /usr/lib/x86_64-linux-gnu/libEGL.so.352.41
7fd50cd27000-7fd50cd4e000 rw-p 000bd000 08:03 6424032                    /usr/lib/x86_64-linux-gnu/libEGL.so.352.41
7fd50cd4e000-7fd50cd62000 rw-p 00000000 00:00 0 
7fd50cd62000-7fd50cd71000 r-xp 00000000 08:03 6423187                    /usr/lib/x86_64-linux-gnu/libGLESv2.so.352.41
7fd50cd71000-7fd50cf71000 ---p 0000f000 08:03 6423187                    /usr/lib/x86_64-linux-gnu/libGLESv2.so.352.41
7fd50cf71000-7fd50cf74000 rw-p 0000f000 08:03 6423187                    /usr/lib/x86_64-linux-gnu/libGLESv2.so.352.41
7fd50cf74000-7fd50cf75000 rw-p 00000000 00:00 0 
7fd50cf75000-7fd50cf78000 ---p 00000000 00:00 0 
7fd50cf78000-7fd50d076000 rw-p 00000000 00:00 0                          [stack:14275]
7fd50d076000-7fd50d12e000 r-xp 00000000 08:03 6165683                    /tmp/jogamp_0000/file_cache/jln6062595336924863147/jln1543904323104581577/natives/linux-amd64/libjogl_desktop.so
7fd50d12e000-7fd50d32e000 ---p 000b8000 08:03 6165683                    /tmp/jogamp_0000/file_cache/jln6062595336924863147/jln1543904323104581577/natives/linux-amd64/libjogl_desktop.so
7fd50d32e000-7fd50d32f000 rw-p 000b8000 08:03 6165683                    /tmp/jogamp_0000/file_cache/jln6062595336924863147/jln1543904323104581577/natives/linux-amd64/libjogl_desktop.so
7fd50d32f000-7fd50d332000 r-xp 00000000 08:03 6819344                    /usr/lib/x86_64-linux-gnu/tls/libnvidia-tls.so.352.41
7fd50d332000-7fd50d531000 ---p 00003000 08:03 6819344                    /usr/lib/x86_64-linux-gnu/tls/libnvidia-tls.so.352.41
7fd50d531000-7fd50d532000 rw-p 00002000 08:03 6819344                    /usr/lib/x86_64-linux-gnu/tls/libnvidia-tls.so.352.41
7fd50d532000-7fd50d5f0000 r-xp 00000000 08:03 6426936                    /usr/lib/x86_64-linux-gnu/libGL.so.352.41
7fd50d5f0000-7fd50d623000 rwxp 000be000 08:03 6426936                    /usr/lib/x86_64-linux-gnu/libGL.so.352.41
7fd50d623000-7fd50d635000 r-xp 000f1000 08:03 6426936                    /usr/lib/x86_64-linux-gnu/libGL.so.352.41
7fd50d635000-7fd50d834000 ---p 00103000 08:03 6426936                    /usr/lib/x86_64-linux-gnu/libGL.so.352.41
7fd50d834000-7fd50d85c000 rw-p 00102000 08:03 6426936                    /usr/lib/x86_64-linux-gnu/libGL.so.352.41
7fd50d85c000-7fd50da62000 rw-p 00000000 00:00 0 
7fd50da62000-7fd50da64000 r-xp 00000000 08:03 6430960                    /usr/lib/x86_64-linux-gnu/libXinerama.so.1.0.0
7fd50da64000-7fd50dc63000 ---p 00002000 08:03 6430960                    /usr/lib/x86_64-linux-gnu/libXinerama.so.1.0.0
7fd50dc63000-7fd50dc64000 r--p 00001000 08:03 6430960                    /usr/lib/x86_64-linux-gnu/libXinerama.so.1.0.0
7fd50dc64000-7fd50dc65000 rw-p 00002000 08:03 6430960                    /usr/lib/x86_64-linux-gnu/libXinerama.so.1.0.0
7fd50dc65000-7fd50de65000 rw-p 00000000 00:00 0 
7fd50de65000-7fd50de6e000 r-xp 00000000 08:03 6430970                    /usr/lib/x86_64-linux-gnu/libXrandr.so.2.2.0
7fd50de6e000-7fd50e06d000 ---p 00009000 08:03 6430970                    /usr/lib/x86_64-linux-gnu/libXrandr.so.2.2.0
7fd50e06d000-7fd50e06e000 r--p 00008000 08:03 6430970                    /usr/lib/x86_64-linux-gnu/libXrandr.so.2.2.0
7fd50e06e000-7fd50e06f000 rw-p 00009000 08:03 6430970                    /usr/lib/x86_64-linux-gnu/libXrandr.so.2.2.0
7fd50e06f000-7fd50e080000 r-xp 00000000 08:03 6165682                    /tmp/jogamp_0000/file_cache/jln6062595336924863147/jln1543904323104581577/natives/linux-amd64/libnewt.so
7fd50e080000-7fd50e27f000 ---p 00011000 08:03 6165682                    /tmp/jogamp_0000/file_cache/jln6062595336924863147/jln1543904323104581577/natives/linux-amd64/libnewt.so
7fd50e27f000-7fd50e280000 rw-p 00010000 08:03 6165682                    /tmp/jogamp_0000/file_cache/jln6062595336924863147/jln1543904323104581577/natives/linux-amd64/libnewt.so
7fd50e280000-7fd50e287000 r-xp 00000000 08:03 6165681                    /tmp/jogamp_0000/file_cache/jln6062595336924863147/jln1543904323104581577/natives/linux-amd64/libnativewindow_x11.so
7fd50e287000-7fd50e486000 ---p 00007000 08:03 6165681                    /tmp/jogamp_0000/file_cache/jln6062595336924863147/jln1543904323104581577/natives/linux-amd64/libnativewindow_x11.so
7fd50e486000-7fd50e487000 rw-p 00006000 08:03 6165681                    /tmp/jogamp_0000/file_cache/jln6062595336924863147/jln1543904323104581577/natives/linux-amd64/libnativewindow_x11.so
7fd50e487000-7fd50e48a000 ---p 00000000 00:00 0 
7fd50e48a000-7fd50e588000 rw-p 00000000 00:00 0                          [stack:14274]
7fd50e588000-7fd50e58b000 ---p 00000000 00:00 0 
7fd50e58b000-7fd50e689000 rw-p 00000000 00:00 0                          [stack:14273]
7fd50e689000-7fd50e68d000 r-xp 00000000 08:03 6430988                    /usr/lib/x86_64-linux-gnu/libXxf86vm.so.1.0.0
7fd50e68d000-7fd50e88d000 ---p 00004000 08:03 6430988                    /usr/lib/x86_64-linux-gnu/libXxf86vm.so.1.0.0
7fd50e88d000-7fd50e88e000 r--p 00004000 08:03 6430988                    /usr/lib/x86_64-linux-gnu/libXxf86vm.so.1.0.0
7fd50e88e000-7fd50e88f000 rw-p 00005000 08:03 6430988                    /usr/lib/x86_64-linux-gnu/libXxf86vm.so.1.0.0
7fd50e88f000-7fd50e891000 r-xp 00000000 08:03 6165680                    /tmp/jogamp_0000/file_cache/jln6062595336924863147/jln1543904323104581577/natives/linux-amd64/libnativewindow_awt.so
7fd50e891000-7fd50ea90000 ---p 00002000 08:03 6165680                    /tmp/jogamp_0000/file_cache/jln6062595336924863147/jln1543904323104581577/natives/linux-amd64/libnativewindow_awt.so
7fd50ea90000-7fd50ea91000 rw-p 00001000 08:03 6165680                    /tmp/jogamp_0000/file_cache/jln6062595336924863147/jln1543904323104581577/natives/linux-amd64/libnativewindow_awt.so
7fd50ea91000-7fd50ea92000 r-xp 00000000 08:03 6425220                    /usr/lib/jvm/java-8-openjdk-amd64/jre/lib/amd64/libjawt.so
7fd50ea92000-7fd50ec91000 ---p 00001000 08:03 6425220                    /usr/lib/jvm/java-8-openjdk-amd64/jre/lib/amd64/libjawt.so
7fd50ec91000-7fd50ec92000 r--p 00000000 08:03 6425220                    /usr/lib/jvm/java-8-openjdk-amd64/jre/lib/amd64/libjawt.so
7fd50ec92000-7fd50ec93000 rw-p 00001000 08:03 6425220                    /usr/lib/jvm/java-8-openjdk-amd64/jre/lib/amd64/libjawt.so
7fd50ec93000-7fd50ec98000 r-xp 00000000 08:03 6430952                    /usr/lib/x86_64-linux-gnu/libXfixes.so.3.1.0
7fd50ec98000-7fd50ee97000 ---p 00005000 08:03 6430952                    /usr/lib/x86_64-linux-gnu/libXfixes.so.3.1.0
7fd50ee97000-7fd50ee98000 r--p 00004000 08:03 6430952                    /usr/lib/x86_64-linux-gnu/libXfixes.so.3.1.0
7fd50ee98000-7fd50ee99000 rw-p 00005000 08:03 6430952                    /usr/lib/x86_64-linux-gnu/libXfixes.so.3.1.0
7fd50ee99000-7fd50eea2000 r-xp 00000000 08:03 6430944                    /usr/lib/x86_64-linux-gnu/libXcursor.so.1.0.2
7fd50eea2000-7fd50f0a1000 ---p 00009000 08:03 6430944                    /usr/lib/x86_64-linux-gnu/libXcursor.so.1.0.2
7fd50f0a1000-7fd50f0a2000 r--p 00008000 08:03 6430944                    /usr/lib/x86_64-linux-gnu/libXcursor.so.1.0.2
7fd50f0a2000-7fd50f0a3000 rw-p 00009000 08:03 6430944                    /usr/lib/x86_64-linux-gnu/libXcursor.so.1.0.2
7fd50f0a3000-7fd50f0c8000 r-xp 00000000 08:03 4067650                    /lib/x86_64-linux-gnu/libpng12.so.0.51.0
7fd50f0c8000-7fd50f2c7000 ---p 00025000 08:03 4067650                    /lib/x86_64-linux-gnu/libpng12.so.0.51.0
7fd50f2c7000-7fd50f2c8000 r--p 00024000 08:03 4067650                    /lib/x86_64-linux-gnu/libpng12.so.0.51.0
7fd50f2c8000-7fd50f2c9000 rw-p 00025000 08:03 4067650                    /lib/x86_64-linux-gnu/libpng12.so.0.51.0
7fd50f2c9000-7fd50f36b000 r-xp 00000000 08:03 6429055                    /usr/lib/x86_64-linux-gnu/libfreetype.so.6.11.1
7fd50f36b000-7fd50f56a000 ---p 000a2000 08:03 6429055                    /usr/lib/x86_64-linux-gnu/libfreetype.so.6.11.1
7fd50f56a000-7fd50f570000 r--p 000a1000 08:03 6429055                    /usr/lib/x86_64-linux-gnu/libfreetype.so.6.11.1
7fd50f570000-7fd50f571000 rw-p 000a7000 08:03 6429055                    /usr/lib/x86_64-linux-gnu/libfreetype.so.6.11.1
7fd50f571000-7fd50f5c3000 r-xp 00000000 08:03 6425217                    /usr/lib/jvm/java-8-openjdk-amd64/jre/lib/amd64/libfontmanager.so
7fd50f5c3000-7fd50f7c3000 ---p 00052000 08:03 6425217                    /usr/lib/jvm/java-8-openjdk-amd64/jre/lib/amd64/libfontmanager.so
7fd50f7c3000-7fd50f7c6000 r--p 00052000 08:03 6425217                    /usr/lib/jvm/java-8-openjdk-amd64/jre/lib/amd64/libfontmanager.so
7fd50f7c6000-7fd50f7c7000 rw-p 00055000 08:03 6425217                    /usr/lib/jvm/java-8-openjdk-amd64/jre/lib/amd64/libfontmanager.so
7fd50f7c7000-7fd50f7cc000 r-xp 00000000 08:03 6430948                    /usr/lib/x86_64-linux-gnu/libXdmcp.so.6.0.0
7fd50f7cc000-7fd50f9cb000 ---p 00005000 08:03 6430948                    /usr/lib/x86_64-linux-gnu/libXdmcp.so.6.0.0
7fd50f9cb000-7fd50f9cc000 r--p 00004000 08:03 6430948                    /usr/lib/x86_64-linux-gnu/libXdmcp.so.6.0.0
7fd50f9cc000-7fd50f9cd000 rw-p 00005000 08:03 6430948                    /usr/lib/x86_64-linux-gnu/libXdmcp.so.6.0.0
7fd50f9cd000-7fd50f9cf000 r-xp 00000000 08:03 6430937                    /usr/lib/x86_64-linux-gnu/libXau.so.6.0.0
7fd50f9cf000-7fd50fbcf000 ---p 00002000 08:03 6430937                    /usr/lib/x86_64-linux-gnu/libXau.so.6.0.0
7fd50fbcf000-7fd50fbd0000 r--p 00002000 08:03 6430937                    /usr/lib/x86_64-linux-gnu/libXau.so.6.0.0
7fd50fbd0000-7fd50fbd1000 rw-p 00003000 08:03 6430937                    /usr/lib/x86_64-linux-gnu/libXau.so.6.0.0
7fd50fbd1000-7fd50fbee000 r-xp 00000000 08:03 6432135                    /usr/lib/x86_64-linux-gnu/libxcb.so.1.1.0
7fd50fbee000-7fd50fdee000 ---p 0001d000 08:03 6432135                    /usr/lib/x86_64-linux-gnu/libxcb.so.1.1.0
7fd50fdee000-7fd50fdef000 r--p 0001d000 08:03 6432135                    /usr/lib/x86_64-linux-gnu/libxcb.so.1.1.0
7fd50fdef000-7fd50fdf0000 rw-p 0001e000 08:03 6432135                    /usr/lib/x86_64-linux-gnu/libxcb.so.1.1.0
7fd50fdf0000-7fd50fdff000 r-xp 00000000 08:03 6430958                    /usr/lib/x86_64-linux-gnu/libXi.so.6.1.0
7fd50fdff000-7fd50fffe000 ---p 0000f000 08:03 6430958                    /usr/lib/x86_64-linux-gnu/libXi.so.6.1.0
7fd50fffe000-7fd50ffff000 r--p 0000e000 08:03 6430958                    /usr/lib/x86_64-linux-gnu/libXi.so.6.1.0
7fd50ffff000-7fd510000000 rw-p 0000f000 08:03 6430958                    /usr/lib/x86_64-linux-gnu/libXi.so.6.1.0
7fd510000000-7fd510021000 rw-p 00000000 00:00 0 
7fd510021000-7fd514000000 ---p 00000000 00:00 0 
7fd514000000-7fd514021000 rw-p 00000000 00:00 0 
7fd514021000-7fd518000000 ---p 00000000 00:00 0 
7fd518000000-7fd518021000 rw-p 00000000 00:00 0 
7fd518021000-7fd51c000000 ---p 00000000 00:00 0 
7fd51c000000-7fd51c021000 rw-p 00000000 00:00 0 
7fd51c021000-7fd520000000 ---p 00000000 00:00 0 
7fd520000000-7fd520291000 rw-p 00000000 00:00 0 
7fd520291000-7fd524000000 ---p 00000000 00:00 0 
7fd524000000-7fd52422d000 rw-p 00000000 00:00 0 
7fd52422d000-7fd528000000 ---p 00000000 00:00 0 
7fd528000000-7fd528021000 rw-p 00000000 00:00 0 
7fd528021000-7fd52c000000 ---p 00000000 00:00 0 
7fd52c000000-7fd52c268000 rw-p 00000000 00:00 0 
7fd52c268000-7fd530000000 ---p 00000000 00:00 0 
7fd530000000-7fd530021000 rw-p 00000000 00:00 0 
7fd530021000-7fd534000000 ---p 00000000 00:00 0 
7fd534000000-7fd534021000 rw-p 00000000 00:00 0 
7fd534021000-7fd538000000 ---p 00000000 00:00 0 
7fd538000000-7fd538021000 rw-p 00000000 00:00 0 
7fd538021000-7fd53c000000 ---p 00000000 00:00 0 
7fd53c000000-7fd53c021000 rw-p 00000000 00:00 0 
7fd53c021000-7fd540000000 ---p 00000000 00:00 0 
7fd540000000-7fd540021000 rw-p 00000000 00:00 0 
7fd540021000-7fd544000000 ---p 00000000 00:00 0 
7fd544000000-7fd544021000 rw-p 00000000 00:00 0 
7fd544021000-7fd548000000 ---p 00000000 00:00 0 
7fd548000000-7fd548021000 rw-p 00000000 00:00 0 
7fd548021000-7fd54c000000 ---p 00000000 00:00 0 
7fd54c007000-7fd54c027000 rw-s 63ab1000 00:06 14302                      /dev/nvidiactl
7fd54c027000-7fd54c0db000 rw-s 21f9f5000 00:06 14302                     /dev/nvidiactl
7fd54c0db000-7fd54c0de000 ---p 00000000 00:00 0 
7fd54c0de000-7fd54c1dc000 rw-p 00000000 00:00 0                          [stack:14272]
7fd54c1dc000-7fd54c1e1000 r-xp 00000000 08:03 6430978                    /usr/lib/x86_64-linux-gnu/libXtst.so.6.1.0
7fd54c1e1000-7fd54c3e0000 ---p 00005000 08:03 6430978                    /usr/lib/x86_64-linux-gnu/libXtst.so.6.1.0
7fd54c3e0000-7fd54c3e1000 r--p 00004000 08:03 6430978                    /usr/lib/x86_64-linux-gnu/libXtst.so.6.1.0
7fd54c3e1000-7fd54c3e2000 rw-p 00005000 08:03 6430978                    /usr/lib/x86_64-linux-gnu/libXtst.so.6.1.0
7fd54c3e2000-7fd54c3eb000 r-xp 00000000 08:03 6430972                    /usr/lib/x86_64-linux-gnu/libXrender.so.1.3.0
7fd54c3eb000-7fd54c5ea000 ---p 00009000 08:03 6430972                    /usr/lib/x86_64-linux-gnu/libXrender.so.1.3.0
7fd54c5ea000-7fd54c5eb000 r--p 00008000 08:03 6430972                    /usr/lib/x86_64-linux-gnu/libXrender.so.1.3.0
7fd54c5eb000-7fd54c5ec000 rw-p 00009000 08:03 6430972                    /usr/lib/x86_64-linux-gnu/libXrender.so.1.3.0
7fd54c5ec000-7fd54c71f000 r-xp 00000000 08:03 6430933                    /usr/lib/x86_64-linux-gnu/libX11.so.6.3.0
7fd54c71f000-7fd54c91f000 ---p 00133000 08:03 6430933                    /usr/lib/x86_64-linux-gnu/libX11.so.6.3.0
7fd54c91f000-7fd54c920000 r--p 00133000 08:03 6430933                    /usr/lib/x86_64-linux-gnu/libX11.so.6.3.0
7fd54c920000-7fd54c924000 rw-p 00134000 08:03 6430933                    /usr/lib/x86_64-linux-gnu/libX11.so.6.3.0
7fd54c924000-7fd54c925000 rw-p 00000000 00:00 0 
7fd54c925000-7fd54c936000 r-xp 00000000 08:03 6430950                    /usr/lib/x86_64-linux-gnu/libXext.so.6.4.0
7fd54c936000-7fd54cb35000 ---p 00011000 08:03 6430950                    /usr/lib/x86_64-linux-gnu/libXext.so.6.4.0
7fd54cb35000-7fd54cb36000 r--p 00010000 08:03 6430950                    /usr/lib/x86_64-linux-gnu/libXext.so.6.4.0
7fd54cb36000-7fd54cb37000 rw-p 00011000 08:03 6430950                    /usr/lib/x86_64-linux-gnu/libXext.so.6.4.0
7fd54cb38000-7fd54cb3b000 rw-p 00000000 00:00 0 
7fd54cb3b000-7fd54cb3c000 rw-s c25c3000 00:06 14302                      /dev/nvidiactl
7fd54cb3c000-7fd54cb40000 rw-s 6e20d000 00:06 14302                      /dev/nvidiactl
7fd54cb40000-7fd54cb41000 rw-s dfd64000 00:06 14303                      /dev/nvidia0
7fd54cb41000-7fd54cb42000 rw-s dfd64000 00:06 14303                      /dev/nvidia0
7fd54cb42000-7fd54cb43000 rw-s fa642000 00:06 14303                      /dev/nvidia0
7fd54cb43000-7fd54cb44000 rw-s 105a29000 00:06 14302                     /dev/nvidiactl
7fd54cb44000-7fd54cb45000 rw-s fa641000 00:06 14303                      /dev/nvidia0
7fd54cb45000-7fd54cb46000 rw-s 204929000 00:06 14302                     /dev/nvidiactl
7fd54cb46000-7fd54cb47000 rw-s 63aa5000 00:06 14302                      /dev/nvidiactl
7fd54cb47000-7fd54cb5a000 r--s 00345000 08:03 6425242                    /usr/lib/jvm/java-8-openjdk-amd64/jre/lib/resources.jar
7fd54cb5a000-7fd54cbb1000 r-xp 00000000 08:03 6425205                    /usr/lib/jvm/java-8-openjdk-amd64/jre/lib/amd64/libawt_xawt.so
7fd54cbb1000-7fd54cdb1000 ---p 00057000 08:03 6425205                    /usr/lib/jvm/java-8-openjdk-amd64/jre/lib/amd64/libawt_xawt.so
7fd54cdb1000-7fd54cdb2000 r--p 00057000 08:03 6425205                    /usr/lib/jvm/java-8-openjdk-amd64/jre/lib/amd64/libawt_xawt.so
7fd54cdb2000-7fd54cdb5000 rw-p 00058000 08:03 6425205                    /usr/lib/jvm/java-8-openjdk-amd64/jre/lib/amd64/libawt_xawt.so
7fd54cdb5000-7fd54cdb6000 rw-p 00000000 00:00 0 
7fd54cdb6000-7fd54ce57000 r-xp 00000000 08:03 6425236                    /usr/lib/jvm/java-8-openjdk-amd64/jre/lib/amd64/libawt.so
7fd54ce57000-7fd54d056000 ---p 000a1000 08:03 6425236                    /usr/lib/jvm/java-8-openjdk-amd64/jre/lib/amd64/libawt.so
7fd54d056000-7fd54d057000 r--p 000a0000 08:03 6425236                    /usr/lib/jvm/java-8-openjdk-amd64/jre/lib/amd64/libawt.so
7fd54d057000-7fd54d062000 rw-p 000a1000 08:03 6425236                    /usr/lib/jvm/java-8-openjdk-amd64/jre/lib/amd64/libawt.so
7fd54d062000-7fd54d087000 rw-p 00000000 00:00 0 
7fd54d087000-7fd54d089000 r-xp 00000000 08:03 6165679                    /tmp/jogamp_0000/file_cache/jln6062595336924863147/jln1543904323104581577/natives/linux-amd64/libgluegen-rt.so
7fd54d089000-7fd54d288000 ---p 00002000 08:03 6165679                    /tmp/jogamp_0000/file_cache/jln6062595336924863147/jln1543904323104581577/natives/linux-amd64/libgluegen-rt.so
7fd54d288000-7fd54d289000 rw-p 00001000 08:03 6165679                    /tmp/jogamp_0000/file_cache/jln6062595336924863147/jln1543904323104581577/natives/linux-amd64/libgluegen-rt.so
7fd54d289000-7fd54d28c000 ---p 00000000 00:00 0 
7fd54d28c000-7fd54d38a000 rw-p 00000000 00:00 0                          [stack:14271]
7fd54d38a000-7fd54d39b000 r-xp 00000000 08:03 6425228                    /usr/lib/jvm/java-8-openjdk-amd64/jre/lib/amd64/libnio.so
7fd54d39b000-7fd54d59a000 ---p 00011000 08:03 6425228                    /usr/lib/jvm/java-8-openjdk-amd64/jre/lib/amd64/libnio.so
7fd54d59a000-7fd54d59b000 r--p 00010000 08:03 6425228                    /usr/lib/jvm/java-8-openjdk-amd64/jre/lib/amd64/libnio.so
7fd54d59b000-7fd54d59c000 rw-p 00011000 08:03 6425228                    /usr/lib/jvm/java-8-openjdk-amd64/jre/lib/amd64/libnio.so
7fd54d59c000-7fd54d89d000 rw-p 00000000 00:00 0 
7fd54d89d000-7fd54d8b4000 r-xp 00000000 08:03 6425209                    /usr/lib/jvm/java-8-openjdk-amd64/jre/lib/amd64/libnet.so
7fd54d8b4000-7fd54dab3000 ---p 00017000 08:03 6425209                    /usr/lib/jvm/java-8-openjdk-amd64/jre/lib/amd64/libnet.so
7fd54dab3000-7fd54dab4000 r--p 00016000 08:03 6425209                    /usr/lib/jvm/java-8-openjdk-amd64/jre/lib/amd64/libnet.so
7fd54dab4000-7fd54dab5000 rw-p 00017000 08:03 6425209                    /usr/lib/jvm/java-8-openjdk-amd64/jre/lib/amd64/libnet.so
7fd54dab5000-7fd54dab8000 ---p 00000000 00:00 0 
7fd54dab8000-7fd54daee000 rw-p 00000000 00:00 0                          [stack:14266]
7fd54daee000-7fd54daef000 r--p 00000000 00:00 0 
7fd54daef000-7fd54daf4000 r--s 00094000 08:03 6425238                    /usr/lib/jvm/java-8-openjdk-amd64/jre/lib/jsse.jar
7fd54daf4000-7fd54daf5000 r--s 00001000 08:03 6029436                    /home/elect/.gradle/caches/modules-2/files-2.1/org.jogamp.gluegen/gluegen-rt/2.3.2/f9b848384a343f39f454e59cead435c2c0cbf542/gluegen-rt-2.3.2-natives-windows-i586.jar
7fd54daf5000-7fd54daf6000 r--s 00001000 08:03 6029435                    /home/elect/.gradle/caches/modules-2/files-2.1/org.jogamp.gluegen/gluegen-rt/2.3.2/85213c97a5a50d8dd37de4c35ef32cd4b0ac2ef0/gluegen-rt-2.3.2-natives-windows-amd64.jar
7fd54daf6000-7fd54daf7000 r--s 00000000 08:03 6029434                    /home/elect/.gradle/caches/modules-2/files-2.1/org.jogamp.gluegen/gluegen-rt/2.3.2/a5d9ee96c7a365055fba41e30f9a10f42a3c1a3e/gluegen-rt-2.3.2-natives-solaris-i586.jar
7fd54daf7000-7fd54daf8000 r--s 00001000 08:03 6029433                    /home/elect/.gradle/caches/modules-2/files-2.1/org.jogamp.gluegen/gluegen-rt/2.3.2/9a23cd22c59e3f04082e7589e850b79c9e696dc4/gluegen-rt-2.3.2-natives-solaris-amd64.jar
7fd54daf8000-7fd54daf9000 r--s 00001000 08:03 6029432                    /home/elect/.gradle/caches/modules-2/files-2.1/org.jogamp.gluegen/gluegen-rt/2.3.2/7227ae9e480354909d80f4df92b30bbb965387be/gluegen-rt-2.3.2-natives-macosx-universal.jar
7fd54daf9000-7fd54dafb000 r--s 00000000 08:03 6029431                    /home/elect/.gradle/caches/modules-2/files-2.1/org.jogamp.gluegen/gluegen-rt/2.3.2/da68aff010edd35a9ee89b1801dce6e284c7e673/gluegen-rt-2.3.2-natives-linux-i586.jar
7fd54dafb000-7fd54dafc000 r--s 00000000 08:03 6029430                    /home/elect/.gradle/caches/modules-2/files-2.1/org.jogamp.gluegen/gluegen-rt/2.3.2/f6d3587b061d7ae6e68932fc62317e3500d2112d/gluegen-rt-2.3.2-natives-linux-armv6hf.jar
7fd54dafc000-7fd54dafd000 r--s 00000000 08:03 6029429                    /home/elect/.gradle/caches/modules-2/files-2.1/org.jogamp.gluegen/gluegen-rt/2.3.2/c55cd566d98d4fcd004b9aaa2c502c8c2dcec192/gluegen-rt-2.3.2-natives-linux-armv6.jar
7fd54dafd000-7fd54daff000 r--s 00000000 08:03 6029428                    /home/elect/.gradle/caches/modules-2/files-2.1/org.jogamp.gluegen/gluegen-rt/2.3.2/477a6bc4f9256d8c9935b75d55e2b7b01314440b/gluegen-rt-2.3.2-natives-linux-amd64.jar
7fd54daff000-7fd54db00000 r--s 00001000 08:03 6029427                    /home/elect/.gradle/caches/modules-2/files-2.1/org.jogamp.gluegen/gluegen-rt/2.3.2/2130295b94ef5c19f85fb4ba6107ca193e987858/gluegen-rt-2.3.2-natives-android-armv6.jar
7fd54db00000-7fd54db01000 r--s 00000000 08:03 6029426                    /home/elect/.gradle/caches/modules-2/files-2.1/org.jogamp.gluegen/gluegen-rt/2.3.2/4c104c7aef98cda5c404eacb96b1a4e04fe0dd68/gluegen-rt-2.3.2-natives-android-aarch64.jar
7fd54db01000-7fd54db07000 r--s 0004f000 08:03 6029425                    /home/elect/.gradle/caches/modules-2/files-2.1/org.jogamp.gluegen/gluegen-rt/2.3.2/edc35ccfc13d4a4ad02c50d580874c18bf48bbef/gluegen-rt-2.3.2.jar
7fd54db07000-7fd54db08000 r--s 00004000 08:03 6029498                    /home/elect/.gradle/caches/modules-2/files-2.1/org.jogamp.jogl/newt/2.3.2/e25eae0a0af4c9881b1f105239eb1a11ba8ff062/newt-2.3.2-natives-windows-i586.jar
7fd54db08000-7fd54db09000 r--s 00004000 08:03 6029497                    /home/elect/.gradle/caches/modules-2/files-2.1/org.jogamp.jogl/newt/2.3.2/345a309326786646a4b288824c285331496ccfbe/newt-2.3.2-natives-windows-amd64.jar
7fd54db09000-7fd54db0a000 r--s 00005000 08:03 6029496                    /home/elect/.gradle/caches/modules-2/files-2.1/org.jogamp.jogl/newt/2.3.2/87b54f8bfc1e5190418aaaa6a042473f4f556b15/newt-2.3.2-natives-solaris-i586.jar
7fd54db0a000-7fd54db0b000 r--s 00006000 08:03 6029495                    /home/elect/.gradle/caches/modules-2/files-2.1/org.jogamp.jogl/newt/2.3.2/5ec2a841e5469e21dd36f3d92365afaad86ade3b/newt-2.3.2-natives-solaris-amd64.jar
7fd54db0b000-7fd54db0c000 r--s 0000e000 08:03 6029494                    /home/elect/.gradle/caches/modules-2/files-2.1/org.jogamp.jogl/newt/2.3.2/eb1257f13f3b411dc83db05ebeb21d44767eaed6/newt-2.3.2-natives-macosx-universal.jar
7fd54db0c000-7fd54db0d000 r--s 00006000 08:03 6029493                    /home/elect/.gradle/caches/modules-2/files-2.1/org.jogamp.jogl/newt/2.3.2/8e2017dd73e68ae1753f0724e0489d835f791946/newt-2.3.2-natives-linux-i586.jar
7fd54db0d000-7fd54db0e000 r--s 00005000 08:03 6029492                    /home/elect/.gradle/caches/modules-2/files-2.1/org.jogamp.jogl/newt/2.3.2/e944b80304cda285686fad84963af27e0746b911/newt-2.3.2-natives-linux-armv6hf.jar
7fd54db0e000-7fd54db0f000 r--s 00005000 08:03 6029491                    /home/elect/.gradle/caches/modules-2/files-2.1/org.jogamp.jogl/newt/2.3.2/f25e0ab0de2dc29d8b16740ff9ae9e52e503bec0/newt-2.3.2-natives-linux-armv6.jar
7fd54db0f000-7fd54db10000 r--s 00006000 08:03 6029490                    /home/elect/.gradle/caches/modules-2/files-2.1/org.jogamp.jogl/newt/2.3.2/24007dc5205f4f9773198d1be5f7013a8b6a2b96/newt-2.3.2-natives-linux-amd64.jar
7fd54db10000-7fd54db11000 r--s 00001000 08:03 6029489                    /home/elect/.gradle/caches/modules-2/files-2.1/org.jogamp.jogl/newt/2.3.2/7b425742f16722273c189f5f860f212a01b3b462/newt-2.3.2-natives-android-armv6.jar
7fd54db11000-7fd54db13000 r--s 00000000 08:03 6029488                    /home/elect/.gradle/caches/modules-2/files-2.1/org.jogamp.jogl/newt/2.3.2/f05e8b11b0f7ba31a75033d9b40da603c449635/newt-2.3.2-natives-android-aarch64.jar
7fd54db13000-7fd54db14000 r--s 00008000 08:03 6029487                    /home/elect/.gradle/caches/modules-2/files-2.1/org.jogamp.jogl/newt/2.3.2/c975b00340f112cb8fbbe35bead078f3e64f5a8c/newt-2.3.2-driver-x11.jar
7fd54db14000-7fd54db16000 r--s 00002000 08:03 6029486                    /home/elect/.gradle/caches/modules-2/files-2.1/org.jogamp.jogl/newt/2.3.2/5a009f4d9a1730839eefbb0990fdacc35859b48a/newt-2.3.2-driver-win.jar
7fd54db16000-7fd54db17000 r--s 00007000 08:03 6029485                    /home/elect/.gradle/caches/modules-2/files-2.1/org.jogamp.jogl/newt/2.3.2/cc363a480a51c59ca3a4a24dc982221a3adb2e81/newt-2.3.2-driver-osx.jar
7fd54db17000-7fd54db18000 r--s 00002000 08:03 6029484                    /home/elect/.gradle/caches/modules-2/files-2.1/org.jogamp.jogl/newt/2.3.2/95ef751e091b696ebc4700b5a04891575990122d/newt-2.3.2-driver-linux.jar
7fd54db18000-7fd54db19000 r--s 00001000 08:03 6029483                    /home/elect/.gradle/caches/modules-2/files-2.1/org.jogamp.jogl/newt/2.3.2/14da99081d9289fa556fc6aab4589b229197a3e4/newt-2.3.2-driver-kd.jar
7fd54db19000-7fd54db1a000 r--s 00001000 08:03 6029482                    /home/elect/.gradle/caches/modules-2/files-2.1/org.jogamp.jogl/newt/2.3.2/edb56dfa3e4ecdf08c85e6ad78d3a187f7a753c8/newt-2.3.2-driver-intelgdl.jar
7fd54db1a000-7fd54db1b000 r--s 00002000 08:03 6029481                    /home/elect/.gradle/caches/modules-2/files-2.1/org.jogamp.jogl/newt/2.3.2/4c53748c34d6d2c30908ba3007816ca85f0e0791/newt-2.3.2-driver-bcm-vc.jar
7fd54db1b000-7fd54db1c000 r--s 00001000 08:03 6029480                    /home/elect/.gradle/caches/modules-2/files-2.1/org.jogamp.jogl/newt/2.3.2/4b4af96e706899860846f04d2933e859234326ca/newt-2.3.2-driver-bcm-old.jar
7fd54db1c000-7fd54db1d000 r--s 00008000 08:03 6029479                    /home/elect/.gradle/caches/modules-2/files-2.1/org.jogamp.jogl/newt/2.3.2/a43e9001b3651548ceac27061001a0d0054d2908/newt-2.3.2-driver-android.jar
7fd54db1d000-7fd54db1e000 r--s 00008000 08:03 6029478                    /home/elect/.gradle/caches/modules-2/files-2.1/org.jogamp.jogl/newt/2.3.2/2b7005b3693c301ba81c00a50dae413427f85791/newt-2.3.2-ogl.jar
7fd54db1e000-7fd54db20000 r--s 0000b000 08:03 6029477                    /home/elect/.gradle/caches/modules-2/files-2.1/org.jogamp.jogl/newt/2.3.2/5268c4c933bdcc1188e01dc3d0eb218bda277db3/newt-2.3.2-event.jar
7fd54db20000-7fd54db23000 r--s 0002c000 08:03 6029476                    /home/elect/.gradle/caches/modules-2/files-2.1/org.jogamp.jogl/newt/2.3.2/2f0d759de0a7d61be4cba251b573b98bcef608d8/newt-2.3.2.jar
7fd54db23000-7fd54db24000 r--s 00004000 08:03 6029470                    /home/elect/.gradle/caches/modules-2/files-2.1/org.jogamp.jogl/nativewindow/2.3.2/fda8e3b58cd05acb6bae87966710b7633283704a/nativewindow-2.3.2-natives-windows-i586.jar
7fd54db24000-7fd54db25000 r--s 00004000 08:03 6029469                    /home/elect/.gradle/caches/modules-2/files-2.1/org.jogamp.jogl/nativewindow/2.3.2/1ec8ecfe1a35a8c50fe36708875c93a9664f24e/nativewindow-2.3.2-natives-windows-amd64.jar
7fd54db25000-7fd54db27000 r--s 00002000 08:03 6029468                    /home/elect/.gradle/caches/modules-2/files-2.1/org.jogamp.jogl/nativewindow/2.3.2/b887f303070cd0c87a27feabcf344fef9666af66/nativewindow-2.3.2-natives-solaris-i586.jar
7fd54db27000-7fd54db28000 r--s 00003000 08:03 6029467                    /home/elect/.gradle/caches/modules-2/files-2.1/org.jogamp.jogl/nativewindow/2.3.2/63d814027e5f2a1aeb1e9672ec14bc781b8a9843/nativewindow-2.3.2-natives-solaris-amd64.jar
7fd54db28000-7fd54db29000 r--s 00007000 08:03 6029466                    /home/elect/.gradle/caches/modules-2/files-2.1/org.jogamp.jogl/nativewindow/2.3.2/c6bfd67b0ac217a403f73894bacc7044059c2a0c/nativewindow-2.3.2-natives-macosx-universal.jar
7fd54db29000-7fd54db2a000 r--s 00003000 08:03 6029465                    /home/elect/.gradle/caches/modules-2/files-2.1/org.jogamp.jogl/nativewindow/2.3.2/4f556326a5d174a31c9af30127f39fd0c876316b/nativewindow-2.3.2-natives-linux-i586.jar
7fd54db2a000-7fd54db2b000 r--s 00002000 08:03 6029464                    /home/elect/.gradle/caches/modules-2/files-2.1/org.jogamp.jogl/nativewindow/2.3.2/e959e10219f023c27bd4e5582f626e8874825820/nativewindow-2.3.2-natives-linux-armv6hf.jar
7fd54db2b000-7fd54db2c000 r--s 00002000 08:03 6029463                    /home/elect/.gradle/caches/modules-2/files-2.1/org.jogamp.jogl/nativewindow/2.3.2/3ce179989908a51aec7799dfab4841685e6350f6/nativewindow-2.3.2-natives-linux-armv6.jar
7fd54db2c000-7fd54db2d000 r--s 00003000 08:03 6029462                    /home/elect/.gradle/caches/modules-2/files-2.1/org.jogamp.jogl/nativewindow/2.3.2/fe23dbb106657ac76f7c981e5357c294623b9f8f/nativewindow-2.3.2-natives-linux-amd64.jar
7fd54db2d000-7fd54db2e000 r--s 00000000 08:03 6029461                    /home/elect/.gradle/caches/modules-2/files-2.1/org.jogamp.jogl/nativewindow/2.3.2/c2003f72ca3de3f34e4920dc2c50b83a094959b9/nativewindow-2.3.2-natives-android-armv6.jar
7fd54db2e000-7fd54db52000 r--s 0031e000 08:03 6029407                    /home/elect/.gradle/caches/modules-2/files-2.1/org.jogamp.jogl/jogl-all/2.3.2/99e0f64bb8882f054825ae4a8a527a17b544a0b5/jogl-all-2.3.2.jar
7fd54db52000-7fd54db6e000 r--s 00393000 08:03 6425245                    /usr/lib/jvm/java-8-openjdk-amd64/jre/lib/ext/cldrdata.jar
7fd54db6e000-7fd54db88000 r--s 001d3000 08:03 6425246                    /usr/lib/jvm/java-8-openjdk-amd64/jre/lib/ext/nashorn.jar
7fd54db88000-7fd54db89000 ---p 00000000 00:00 0 
7fd54db89000-7fd54dc89000 rw-p 00000000 00:00 0                          [stack:14262]
7fd54dc89000-7fd54dc8c000 ---p 00000000 00:00 0 
7fd54dc8c000-7fd54dd8a000 rw-p 00000000 00:00 0                          [stack:14261]
7fd54dd8a000-7fd54dd8d000 ---p 00000000 00:00 0 
7fd54dd8d000-7fd54de8b000 rw-p 00000000 00:00 0                          [stack:14260]
7fd54de8b000-7fd54de8e000 ---p 00000000 00:00 0 
7fd54de8e000-7fd54df8c000 rw-p 00000000 00:00 0                          [stack:14259]
7fd54df8c000-7fd54df8f000 ---p 00000000 00:00 0 
7fd54df8f000-7fd54e08d000 rw-p 00000000 00:00 0                          [stack:14258]
7fd54e08d000-7fd54e090000 ---p 00000000 00:00 0 
7fd54e090000-7fd54e18e000 rw-p 00000000 00:00 0                          [stack:14257]
7fd54e18e000-7fd54e871000 r--p 00000000 08:03 6429964                    /usr/lib/locale/locale-archive
7fd54e871000-7fd54e874000 ---p 00000000 00:00 0 
7fd54e874000-7fd54e972000 rw-p 00000000 00:00 0                          [stack:14256]
7fd54e972000-7fd54e975000 ---p 00000000 00:00 0 
7fd54e975000-7fd54ea73000 rw-p 00000000 00:00 0                          [stack:14255]
7fd54ea73000-7fd54ea74000 ---p 00000000 00:00 0 
7fd54ea74000-7fd54fb07000 rw-p 00000000 00:00 0                          [stack:14254]
7fd54fb07000-7fd54fcd4000 r--s 03bd3000 08:03 6425271                    /usr/lib/jvm/java-8-openjdk-amd64/jre/lib/rt.jar
7fd54fcd4000-7fd55477f000 rw-p 00000000 00:00 0 
7fd55477f000-7fd554780000 ---p 00000000 00:00 0 
7fd554780000-7fd554880000 rw-p 00000000 00:00 0                          [stack:14253]
7fd554880000-7fd554881000 ---p 00000000 00:00 0 
7fd554881000-7fd5549ab000 rw-p 00000000 00:00 0                          [stack:14252]
7fd5549ab000-7fd554c1a000 ---p 00000000 00:00 0 
7fd554c1a000-7fd554c44000 rw-p 00000000 00:00 0 
7fd554c44000-7fd554eb2000 ---p 00000000 00:00 0 
7fd554eb2000-7fd554ec8000 rw-p 00000000 00:00 0 
7fd554ec8000-7fd554fff000 ---p 00000000 00:00 0 
7fd554fff000-7fd555000000 rw-p 00000000 00:00 0 
7fd555000000-7fd555320000 rwxp 00000000 00:00 0 
7fd555320000-7fd564000000 ---p 00000000 00:00 0 
7fd564000000-7fd564c0f000 rw-p 00000000 00:00 0 
7fd564c0f000-7fd568000000 ---p 00000000 00:00 0 
7fd568000000-7fd568001000 r--s 00000000 08:03 6029460                    /home/elect/.gradle/caches/modules-2/files-2.1/org.jogamp.jogl/nativewindow/2.3.2/b3f9623ef71eadfafce4c70f485e3a93dfe7abdf/nativewindow-2.3.2-natives-android-aarch64.jar
7fd568001000-7fd568002000 r--s 00006000 08:03 6029459                    /home/elect/.gradle/caches/modules-2/files-2.1/org.jogamp.jogl/nativewindow/2.3.2/a75599e783ff6cbee68e60f80f00113b5e95919f/nativewindow-2.3.2-os-x11.jar
7fd568002000-7fd568003000 r--s 00001000 08:03 6029458                    /home/elect/.gradle/caches/modules-2/files-2.1/org.jogamp.jogl/nativewindow/2.3.2/bac1ceae906c7a80ad37b42f917ecff289c959d9/nativewindow-2.3.2-os-osx.jar
7fd568003000-7fd568004000 r--s 00006000 08:03 6029456                    /home/elect/.gradle/caches/modules-2/files-2.1/org.jogamp.jogl/nativewindow/2.3.2/9eeb70fd34c7c86e586ec02f22eaaf8074ddbcb7/nativewindow-2.3.2-os-win.jar
7fd568004000-7fd568007000 r--s 00016000 08:03 6029455                    /home/elect/.gradle/caches/modules-2/files-2.1/org.jogamp.jogl/nativewindow/2.3.2/c4e73108a1ccb49110516be8b63d44cf07f0f26b/nativewindow-2.3.2.jar
7fd568007000-7fd568009000 r--s 00032000 08:03 6029418                    /home/elect/.gradle/caches/modules-2/files-2.1/org.jogamp.jogl/jogl-all/2.3.2/5db8db5eca6b4445db6cd14f68938736630ae976/jogl-all-2.3.2-natives-windows-i586.jar
7fd568009000-7fd56800a000 r--s 0003a000 08:03 6029417                    /home/elect/.gradle/caches/modules-2/files-2.1/org.jogamp.jogl/jogl-all/2.3.2/becd519b1f741176561d93645abd90971ca0dca0/jogl-all-2.3.2-natives-windows-amd64.jar
7fd56800a000-7fd56800b000 r--s 00027000 08:03 6029416                    /home/elect/.gradle/caches/modules-2/files-2.1/org.jogamp.jogl/jogl-all/2.3.2/94d1ed501fe53b7f75eab0f712f39802390d0f5b/jogl-all-2.3.2-natives-solaris-i586.jar
7fd56800b000-7fd56800c000 r--s 00035000 08:03 6029415                    /home/elect/.gradle/caches/modules-2/files-2.1/org.jogamp.jogl/jogl-all/2.3.2/bde11ff064181af9c307180d8f3f1744b7bdc11d/jogl-all-2.3.2-natives-solaris-amd64.jar
7fd56800c000-7fd56800d000 r--s 0006c000 08:03 6029414                    /home/elect/.gradle/caches/modules-2/files-2.1/org.jogamp.jogl/jogl-all/2.3.2/2da2215dbe1091c54cb83cf2484f8a54a4d0cf7a/jogl-all-2.3.2-natives-macosx-universal.jar
7fd56800d000-7fd56800f000 r--s 00034000 08:03 6029413                    /home/elect/.gradle/caches/modules-2/files-2.1/org.jogamp.jogl/jogl-all/2.3.2/59b7a336c0ee54161e33662d2ca8ac9d8f6c476d/jogl-all-2.3.2-natives-linux-i586.jar
7fd56800f000-7fd568010000 r--s 00028000 08:03 6029412                    /home/elect/.gradle/caches/modules-2/files-2.1/org.jogamp.jogl/jogl-all/2.3.2/2c434c560dbd821b0ed569e44d3d441727491dac/jogl-all-2.3.2-natives-linux-armv6hf.jar
7fd568010000-7fd568011000 r--s 00027000 08:03 6029411                    /home/elect/.gradle/caches/modules-2/files-2.1/org.jogamp.jogl/jogl-all/2.3.2/6d14f46336be9e2dc5f85d5df17490cee5d09a90/jogl-all-2.3.2-natives-linux-armv6.jar
7fd568011000-7fd568012000 r--s 00036000 08:03 6029410                    /home/elect/.gradle/caches/modules-2/files-2.1/org.jogamp.jogl/jogl-all/2.3.2/ffd1c6bd5f6fb088df6cad25e25721eb55ad2228/jogl-all-2.3.2-natives-linux-amd64.jar
7fd568012000-7fd568013000 r--s 0000f000 08:03 6029409                    /home/elect/.gradle/caches/modules-2/files-2.1/org.jogamp.jogl/jogl-all/2.3.2/ab2c18b8a1327255cc354c19c720807d262baa75/jogl-all-2.3.2-natives-android-armv6.jar
7fd568013000-7fd568060000 rw-p 00000000 00:00 0 
7fd568060000-7fd568061000 ---p 00000000 00:00 0 
7fd568061000-7fd568161000 rw-p 00000000 00:00 0                          [stack:14251]
7fd568161000-7fd568162000 ---p 00000000 00:00 0 
7fd568162000-7fd56826f000 rw-p 00000000 00:00 0                          [stack:14250]
7fd56826f000-7fd568622000 ---p 00000000 00:00 0 
7fd568622000-7fd56862a000 r-xp 00000000 08:03 6425202                    /usr/lib/jvm/java-8-openjdk-amd64/jre/lib/amd64/libzip.so
7fd56862a000-7fd568829000 ---p 00008000 08:03 6425202                    /usr/lib/jvm/java-8-openjdk-amd64/jre/lib/amd64/libzip.so
7fd568829000-7fd56882a000 r--p 00007000 08:03 6425202                    /usr/lib/jvm/java-8-openjdk-amd64/jre/lib/amd64/libzip.so
7fd56882a000-7fd56882b000 rw-p 00008000 08:03 6425202                    /usr/lib/jvm/java-8-openjdk-amd64/jre/lib/amd64/libzip.so
7fd56882b000-7fd568837000 r-xp 00000000 08:03 4067608                    /lib/x86_64-linux-gnu/libnss_files-2.21.so
7fd568837000-7fd568a36000 ---p 0000c000 08:03 4067608                    /lib/x86_64-linux-gnu/libnss_files-2.21.so
7fd568a36000-7fd568a37000 r--p 0000b000 08:03 4067608                    /lib/x86_64-linux-gnu/libnss_files-2.21.so
7fd568a37000-7fd568a38000 rw-p 0000c000 08:03 4067608                    /lib/x86_64-linux-gnu/libnss_files-2.21.so
7fd568a38000-7fd568a43000 r-xp 00000000 08:03 4067618                    /lib/x86_64-linux-gnu/libnss_nis-2.21.so
7fd568a43000-7fd568c42000 ---p 0000b000 08:03 4067618                    /lib/x86_64-linux-gnu/libnss_nis-2.21.so
7fd568c42000-7fd568c43000 r--p 0000a000 08:03 4067618                    /lib/x86_64-linux-gnu/libnss_nis-2.21.so
7fd568c43000-7fd568c44000 rw-p 0000b000 08:03 4067618                    /lib/x86_64-linux-gnu/libnss_nis-2.21.so
7fd568c44000-7fd568c5b000 r-xp 00000000 08:03 4067602                    /lib/x86_64-linux-gnu/libnsl-2.21.so
7fd568c5b000-7fd568e5a000 ---p 00017000 08:03 4067602                    /lib/x86_64-linux-gnu/libnsl-2.21.so
7fd568e5a000-7fd568e5b000 r--p 00016000 08:03 4067602                    /lib/x86_64-linux-gnu/libnsl-2.21.so
7fd568e5b000-7fd568e5c000 rw-p 00017000 08:03 4067602                    /lib/x86_64-linux-gnu/libnsl-2.21.so
7fd568e5c000-7fd568e5e000 rw-p 00000000 00:00 0 
7fd568e5e000-7fd568e66000 r-xp 00000000 08:03 4067604                    /lib/x86_64-linux-gnu/libnss_compat-2.21.so
7fd568e66000-7fd569065000 ---p 00008000 08:03 4067604                    /lib/x86_64-linux-gnu/libnss_compat-2.21.so
7fd569065000-7fd569066000 r--p 00007000 08:03 4067604                    /lib/x86_64-linux-gnu/libnss_compat-2.21.so
7fd569066000-7fd569067000 rw-p 00008000 08:03 4067604                    /lib/x86_64-linux-gnu/libnss_compat-2.21.so
7fd569067000-7fd569095000 r-xp 00000000 08:03 6425199                    /usr/lib/jvm/java-8-openjdk-amd64/jre/lib/amd64/libjava.so
7fd569095000-7fd569294000 ---p 0002e000 08:03 6425199                    /usr/lib/jvm/java-8-openjdk-amd64/jre/lib/amd64/libjava.so
7fd569294000-7fd569295000 r--p 0002d000 08:03 6425199                    /usr/lib/jvm/java-8-openjdk-amd64/jre/lib/amd64/libjava.so
7fd569295000-7fd569297000 rw-p 0002e000 08:03 6425199                    /usr/lib/jvm/java-8-openjdk-amd64/jre/lib/amd64/libjava.so
7fd569297000-7fd5692a6000 r-xp 00000000 08:03 6425214                    /usr/lib/jvm/java-8-openjdk-amd64/jre/lib/amd64/libverify.so
7fd5692a6000-7fd5694a6000 ---p 0000f000 08:03 6425214                    /usr/lib/jvm/java-8-openjdk-amd64/jre/lib/amd64/libverify.so
7fd5694a6000-7fd5694a9000 r--p 0000f000 08:03 6425214                    /usr/lib/jvm/java-8-openjdk-amd64/jre/lib/amd64/libverify.so
7fd5694a9000-7fd5694aa000 rw-p 00012000 08:03 6425214                    /usr/lib/jvm/java-8-openjdk-amd64/jre/lib/amd64/libverify.so
7fd5694aa000-7fd5694b1000 r-xp 00000000 08:03 4067663                    /lib/x86_64-linux-gnu/librt-2.21.so
7fd5694b1000-7fd5696b0000 ---p 00007000 08:03 4067663                    /lib/x86_64-linux-gnu/librt-2.21.so
7fd5696b0000-7fd5696b1000 r--p 00006000 08:03 4067663                    /lib/x86_64-linux-gnu/librt-2.21.so
7fd5696b1000-7fd5696b2000 rw-p 00007000 08:03 4067663                    /lib/x86_64-linux-gnu/librt-2.21.so
7fd5696b2000-7fd5696c8000 r-xp 00000000 08:03 4067514                    /lib/x86_64-linux-gnu/libgcc_s.so.1
7fd5696c8000-7fd5698c7000 ---p 00016000 08:03 4067514                    /lib/x86_64-linux-gnu/libgcc_s.so.1
7fd5698c7000-7fd5698c8000 rw-p 00015000 08:03 4067514                    /lib/x86_64-linux-gnu/libgcc_s.so.1
7fd5698c8000-7fd5699cf000 r-xp 00000000 08:03 4067581                    /lib/x86_64-linux-gnu/libm-2.21.so
7fd5699cf000-7fd569bce000 ---p 00107000 08:03 4067581                    /lib/x86_64-linux-gnu/libm-2.21.so
7fd569bce000-7fd569bcf000 r--p 00106000 08:03 4067581                    /lib/x86_64-linux-gnu/libm-2.21.so
7fd569bcf000-7fd569bd0000 rw-p 00107000 08:03 4067581                    /lib/x86_64-linux-gnu/libm-2.21.so
7fd569bd0000-7fd569cc0000 r-xp 00000000 08:03 6431929                    /usr/lib/x86_64-linux-gnu/libstdc++.so.6.0.20
7fd569cc0000-7fd569ec0000 ---p 000f0000 08:03 6431929                    /usr/lib/x86_64-linux-gnu/libstdc++.so.6.0.20
7fd569ec0000-7fd569ec8000 r--p 000f0000 08:03 6431929                    /usr/lib/x86_64-linux-gnu/libstdc++.so.6.0.20
7fd569ec8000-7fd569eca000 rw-p 000f8000 08:03 6431929                    /usr/lib/x86_64-linux-gnu/libstdc++.so.6.0.20
7fd569eca000-7fd569edf000 rw-p 00000000 00:00 0 
7fd569edf000-7fd56ab6c000 r-xp 00000000 08:03 6425226                    /usr/lib/jvm/java-8-openjdk-amd64/jre/lib/amd64/server/libjvm.so
7fd56ab6c000-7fd56ad6c000 ---p 00c8d000 08:03 6425226                    /usr/lib/jvm/java-8-openjdk-amd64/jre/lib/amd64/server/libjvm.so
7fd56ad6c000-7fd56ae0f000 r--p 00c8d000 08:03 6425226                    /usr/lib/jvm/java-8-openjdk-amd64/jre/lib/amd64/server/libjvm.so
7fd56ae0f000-7fd56ae38000 rw-p 00d30000 08:03 6425226                    /usr/lib/jvm/java-8-openjdk-amd64/jre/lib/amd64/server/libjvm.so
7fd56ae38000-7fd56ae67000 rw-p 00000000 00:00 0 
7fd56ae67000-7fd56ae7f000 r-xp 00000000 08:03 4067655                    /lib/x86_64-linux-gnu/libpthread-2.21.so
7fd56ae7f000-7fd56b07f000 ---p 00018000 08:03 4067655                    /lib/x86_64-linux-gnu/libpthread-2.21.so
7fd56b07f000-7fd56b080000 r--p 00018000 08:03 4067655                    /lib/x86_64-linux-gnu/libpthread-2.21.so
7fd56b080000-7fd56b081000 rw-p 00019000 08:03 4067655                    /lib/x86_64-linux-gnu/libpthread-2.21.so
7fd56b081000-7fd56b085000 rw-p 00000000 00:00 0 
7fd56b085000-7fd56b088000 r-xp 00000000 08:03 4067539                    /lib/x86_64-linux-gnu/libdl-2.21.so
7fd56b088000-7fd56b287000 ---p 00003000 08:03 4067539                    /lib/x86_64-linux-gnu/libdl-2.21.so
7fd56b287000-7fd56b288000 r--p 00002000 08:03 4067539                    /lib/x86_64-linux-gnu/libdl-2.21.so
7fd56b288000-7fd56b289000 rw-p 00003000 08:03 4067539                    /lib/x86_64-linux-gnu/libdl-2.21.so
7fd56b289000-7fd56b2a2000 r-xp 00000000 08:03 4067696                    /lib/x86_64-linux-gnu/libz.so.1.2.8
7fd56b2a2000-7fd56b4a2000 ---p 00019000 08:03 4067696                    /lib/x86_64-linux-gnu/libz.so.1.2.8
7fd56b4a2000-7fd56b4a3000 r--p 00019000 08:03 4067696                    /lib/x86_64-linux-gnu/libz.so.1.2.8
7fd56b4a3000-7fd56b4a4000 rw-p 0001a000 08:03 4067696                    /lib/x86_64-linux-gnu/libz.so.1.2.8
7fd56b4a4000-7fd56b664000 r-xp 00000000 08:03 4067522                    /lib/x86_64-linux-gnu/libc-2.21.so
7fd56b664000-7fd56b864000 ---p 001c0000 08:03 4067522                    /lib/x86_64-linux-gnu/libc-2.21.so
7fd56b864000-7fd56b868000 r--p 001c0000 08:03 4067522                    /lib/x86_64-linux-gnu/libc-2.21.so
7fd56b868000-7fd56b86a000 rw-p 001c4000 08:03 4067522                    /lib/x86_64-linux-gnu/libc-2.21.so
7fd56b86a000-7fd56b86e000 rw-p 00000000 00:00 0 
7fd56b86e000-7fd56b87c000 r-xp 00000000 08:03 6425233                    /usr/lib/jvm/java-8-openjdk-amd64/jre/lib/amd64/jli/libjli.so
7fd56b87c000-7fd56ba7b000 ---p 0000e000 08:03 6425233                    /usr/lib/jvm/java-8-openjdk-amd64/jre/lib/amd64/jli/libjli.so
7fd56ba7b000-7fd56ba7c000 r--p 0000d000 08:03 6425233                    /usr/lib/jvm/java-8-openjdk-amd64/jre/lib/amd64/jli/libjli.so
7fd56ba7c000-7fd56ba7d000 rw-p 0000e000 08:03 6425233                    /usr/lib/jvm/java-8-openjdk-amd64/jre/lib/amd64/jli/libjli.so
7fd56ba7d000-7fd56baa1000 r-xp 00000000 08:03 4067494                    /lib/x86_64-linux-gnu/ld-2.21.so
7fd56baa1000-7fd56baa2000 r--s 0000f000 08:03 6029408                    /home/elect/.gradle/caches/modules-2/files-2.1/org.jogamp.jogl/jogl-all/2.3.2/166147f43cf7419c4d858cd31f4b5922d6d10c81/jogl-all-2.3.2-natives-android-aarch64.jar
7fd56baa2000-7fd56baa3000 r--s 00000000 08:03 6029424                    /home/elect/.gradle/caches/modules-2/files-2.1/org.jogamp.gluegen/gluegen-rt-main/2.3.2/6a86a9ce357c085e3052efcf639447f9957b82b8/gluegen-rt-main-2.3.2.jar
7fd56baa3000-7fd56baa4000 r--s 00000000 08:03 6029457                    /home/elect/.gradle/caches/modules-2/files-2.1/org.jogamp.jogl/newt-main/2.3.2/6a86a9ce357c085e3052efcf639447f9957b82b8/newt-main-2.3.2.jar
7fd56baa4000-7fd56baaa000 r--s 0003a000 08:03 6425250                    /usr/lib/jvm/java-8-openjdk-amd64/jre/lib/ext/sunjce_provider.jar
7fd56baaa000-7fd56bb75000 rw-p 00000000 00:00 0 
7fd56bb75000-7fd56bb78000 ---p 00000000 00:00 0 
7fd56bb78000-7fd56bc7b000 rw-p 00000000 00:00 0                          [stack:14245]
7fd56bc7b000-7fd56bc7c000 r--s 00000000 08:03 6029454                    /home/elect/.gradle/caches/modules-2/files-2.1/org.jogamp.jogl/nativewindow-main/2.3.2/6a86a9ce357c085e3052efcf639447f9957b82b8/nativewindow-main-2.3.2.jar
7fd56bc7c000-7fd56bc7d000 r--s 00000000 08:03 6029406                    /home/elect/.gradle/caches/modules-2/files-2.1/org.jogamp.jogl/jogl-all-main/2.3.2/6a86a9ce357c085e3052efcf639447f9957b82b8/jogl-all-main-2.3.2.jar
7fd56bc7d000-7fd56bc80000 r--s 0000f000 08:03 6425252                    /usr/lib/jvm/java-8-openjdk-amd64/jre/lib/ext/icedtea-sound.jar
7fd56bc80000-7fd56bc81000 r--s 00008000 08:03 6425247                    /usr/lib/jvm/java-8-openjdk-amd64/jre/lib/ext/sunec.jar
7fd56bc81000-7fd56bc83000 r--s 00001000 08:03 6425251                    /usr/lib/jvm/java-8-openjdk-amd64/jre/lib/ext/dnsns.jar
7fd56bc83000-7fd56bc84000 r--s 00010000 08:03 6425249                    /usr/lib/jvm/java-8-openjdk-amd64/jre/lib/ext/zipfs.jar
7fd56bc84000-7fd56bc87000 r--s 00037000 08:03 6425253                    /usr/lib/jvm/java-8-openjdk-amd64/jre/lib/ext/sunpkcs11.jar
7fd56bc87000-7fd56bc89000 r--s 00006000 08:03 6818084                    /usr/share/java/java-atk-wrapper.jar
7fd56bc89000-7fd56bc94000 r--s 00116000 08:03 6425248                    /usr/lib/jvm/java-8-openjdk-amd64/jre/lib/ext/localedata.jar
7fd56bc94000-7fd56bc9c000 rw-s 00000000 08:03 6029400                    /tmp/hsperfdata_elect/14243
7fd56bc9c000-7fd56bc9d000 rw-p 00000000 00:00 0 
7fd56bc9d000-7fd56bc9e000 r--p 00000000 00:00 0 
7fd56bc9e000-7fd56bca0000 rw-p 00000000 00:00 0 
7fd56bca0000-7fd56bca1000 r--p 00023000 08:03 4067494                    /lib/x86_64-linux-gnu/ld-2.21.so
7fd56bca1000-7fd56bca2000 rw-p 00024000 08:03 4067494                    /lib/x86_64-linux-gnu/ld-2.21.so
7fd56bca2000-7fd56bca3000 rw-p 00000000 00:00 0 
7ffc98a7b000-7ffc98a9f000 rw-p 00000000 00:00 0                          [stack]
7ffc98ace000-7ffc98ad0000 r--p 00000000 00:00 0                          [vvar]
7ffc98ad0000-7ffc98ad2000 r-xp 00000000 00:00 0                          [vdso]
ffffffffff600000-ffffffffff601000 r-xp 00000000 00:00 0                  [vsyscall]

VM Arguments:
jvm_args: -Dfile.encoding=UTF-8 -Duser.country=US -Duser.language=en -Duser.variant 
java_command: test.Main
java_class_path (initial): /home/elect/NetBeansProjects/jgli/build/classes/main:/home/elect/NetBeansProjects/jgli/build/resources/main:/home/elect/.gradle/caches/modules-2/files-2.1/org.jogamp.jogl/jogl-all-main/2.3.2/6a86a9ce357c085e3052efcf639447f9957b82b8/jogl-all-main-2.3.2.jar:/home/elect/.gradle/caches/modules-2/files-2.1/org.jogamp.jogl/nativewindow-main/2.3.2/6a86a9ce357c085e3052efcf639447f9957b82b8/nativewindow-main-2.3.2.jar:/home/elect/.gradle/caches/modules-2/files-2.1/org.jogamp.jogl/newt-main/2.3.2/6a86a9ce357c085e3052efcf639447f9957b82b8/newt-main-2.3.2.jar:/home/elect/.gradle/caches/modules-2/files-2.1/org.jogamp.gluegen/gluegen-rt-main/2.3.2/6a86a9ce357c085e3052efcf639447f9957b82b8/gluegen-rt-main-2.3.2.jar:/home/elect/.gradle/caches/modules-2/files-2.1/org.jogamp.jogl/jogl-all/2.3.2/99e0f64bb8882f054825ae4a8a527a17b544a0b5/jogl-all-2.3.2.jar:/home/elect/.gradle/caches/modules-2/files-2.1/org.jogamp.jogl/jogl-all/2.3.2/166147f43cf7419c4d858cd31f4b5922d6d10c81/jogl-all-2.3.2-natives-android-aarch64.jar:/home/elect/.gradle/caches/modules-2/files-2.1/org.jogamp.jogl/jogl-all/2.3.2/ab2c18b8a1327255cc354c19c720807d262baa75/jogl-all-2.3.2-natives-android-armv6.jar:/home/elect/.gradle/caches/modules-2/files-2.1/org.jogamp.jogl/jogl-all/2.3.2/ffd1c6bd5f6fb088df6cad25e25721eb55ad2228/jogl-all-2.3.2-natives-linux-amd64.jar:/home/elect/.gradle/caches/modules-2/files-2.1/org.jogamp.jogl/jogl-all/2.3.2/6d14f46336be9e2dc5f85d5df17490cee5d09a90/jogl-all-2.3.2-natives-linux-armv6.jar:/home/elect/.gradle/caches/modules-2/files-2.1/org.jogamp.jogl/jogl-all/2.3.2/2c434c560dbd821b0ed569e44d3d441727491dac/jogl-all-2.3.2-natives-linux-armv6hf.jar:/home/elect/.gradle/caches/modules-2/files-2.1/org.jogamp.jogl/jogl-all/2.3.2/59b7a336c0ee54161e33662d2ca8ac9d8f6c476d/jogl-all-2.3.2-natives-linux-i586.jar:/home/elect/.gradle/caches/modules-2/files-2.1/org.jogamp.jogl/jogl-all/2.3.2/2da2215dbe1091c54cb83cf2484f8a54a4d0cf7a/jogl-all-2.3.2-natives-macosx-universal.jar:/home/el
Launcher Type: SUN_STANDARD

Environment Variables:
PATH=/usr/local/sbin:/usr/local/bin:/usr/sbin:/usr/bin:/sbin:/bin:/usr/games:/usr/local/games
LD_LIBRARY_PATH=/usr/lib/jvm/java-8-openjdk-amd64/jre/lib/amd64:/usr/lib/jvm/java-8-openjdk-amd64/jre/lib/i386:
SHELL=/bin/bash
DISPLAY=:0

Signal Handlers:
SIGSEGV: [libjvm.so+0xa90d80], sa_mask[0]=11111111011111111101111111111110, sa_flags=SA_RESTART|SA_SIGINFO
SIGBUS: [libjvm.so+0xa90d80], sa_mask[0]=11111111011111111101111111111110, sa_flags=SA_RESTART|SA_SIGINFO
SIGFPE: [libjvm.so+0x8dbc70], sa_mask[0]=11111111011111111101111111111110, sa_flags=SA_RESTART|SA_SIGINFO
SIGPIPE: [libjvm.so+0x8dbc70], sa_mask[0]=11111111011111111101111111111110, sa_flags=SA_RESTART|SA_SIGINFO
SIGXFSZ: [libjvm.so+0x8dbc70], sa_mask[0]=11111111011111111101111111111110, sa_flags=SA_RESTART|SA_SIGINFO
SIGILL: [libjvm.so+0x8dbc70], sa_mask[0]=11111111011111111101111111111110, sa_flags=SA_RESTART|SA_SIGINFO
SIGUSR1: SIG_DFL, sa_mask[0]=00000000000000000000000000000000, sa_flags=none
SIGUSR2: [libjvm.so+0x8dbb20], sa_mask[0]=00100000000000000000000000000000, sa_flags=SA_RESTART|SA_SIGINFO
SIGHUP: [libjvm.so+0x8dbd40], sa_mask[0]=11111111011111111101111111111110, sa_flags=SA_RESTART|SA_SIGINFO
SIGINT: SIG_IGN, sa_mask[0]=00000000000000000000000000000000, sa_flags=none
SIGTERM: [libjvm.so+0x8dbd40], sa_mask[0]=11111111011111111101111111111110, sa_flags=SA_RESTART|SA_SIGINFO
SIGQUIT: [libjvm.so+0x8dbd40], sa_mask[0]=11111111011111111101111111111110, sa_flags=SA_RESTART|SA_SIGINFO


---------------  S Y S T E M  ---------------

OS:DISTRIB_ID=Ubuntu
DISTRIB_RELEASE=15.04
DISTRIB_CODENAME=vivid
DISTRIB_DESCRIPTION="Ubuntu 15.04"

uname:Linux 3.19.0-31-generic #36-Ubuntu SMP Wed Oct 7 15:04:02 UTC 2015 x86_64
libc:glibc 2.21 NPTL 2.21 
rlimit: STACK 8192k, CORE 0k, NPROC 31805, NOFILE 65536, AS infinity
load average:1,40 1,19 0,89

/proc/meminfo:
MemTotal:        8164552 kB
MemFree:         2543424 kB
MemAvailable:    4531584 kB
Buffers:          297932 kB
Cached:          1897288 kB
SwapCached:        29692 kB
Active:          3173004 kB
Inactive:        2091828 kB
Active(anon):    2305892 kB
Inactive(anon):   876560 kB
Active(file):     867112 kB
Inactive(file):  1215268 kB
Unevictable:          32 kB
Mlocked:              32 kB
SwapTotal:       1048572 kB
SwapFree:         564336 kB
Dirty:              3228 kB
Writeback:             0 kB
AnonPages:       3052200 kB
Mapped:           428388 kB
Shmem:            112348 kB
Slab:             188748 kB
SReclaimable:     149428 kB
SUnreclaim:        39320 kB
KernelStack:       11616 kB
PageTables:        37404 kB
NFS_Unstable:          0 kB
Bounce:                0 kB
WritebackTmp:          0 kB
CommitLimit:     5130848 kB
Committed_AS:    8867704 kB
VmallocTotal:   34359738367 kB
VmallocUsed:      331452 kB
VmallocChunk:   34359403424 kB
HardwareCorrupted:     0 kB
AnonHugePages:   1224704 kB
CmaTotal:              0 kB
CmaFree:               0 kB
HugePages_Total:       0
HugePages_Free:        0
HugePages_Rsvd:        0
HugePages_Surp:        0
Hugepagesize:       2048 kB
DirectMap4k:      409024 kB
DirectMap2M:     7970816 kB


CPU:total 4 (4 cores per cpu, 1 threads per core) family 6 model 30 stepping 5, cmov, cx8, fxsr, mmx, sse, sse2, sse3, ssse3, sse4.1, sse4.2, popcnt, tsc, tscinvbit

/proc/cpuinfo:
processor	: 0
vendor_id	: GenuineIntel
cpu family	: 6
model		: 30
model name	: Intel(R) Core(TM) i5 CPU         750  @ 2.67GHz
stepping	: 5
microcode	: 0x7
cpu MHz		: 2668.000
cache size	: 8192 KB
physical id	: 0
siblings	: 4
core id		: 0
cpu cores	: 4
apicid		: 0
initial apicid	: 0
fpu		: yes
fpu_exception	: yes
cpuid level	: 11
wp		: yes
flags		: fpu vme de pse tsc msr pae mce cx8 apic sep mtrr pge mca cmov pat pse36 clflush dts acpi mmx fxsr sse sse2 ss ht tm pbe syscall nx rdtscp lm constant_tsc arch_perfmon pebs bts rep_good nopl xtopology nonstop_tsc aperfmperf pni dtes64 monitor ds_cpl vmx smx est tm2 ssse3 cx16 xtpr pdcm sse4_1 sse4_2 popcnt lahf_lm ida dtherm tpr_shadow vnmi flexpriority ept vpid
bugs		:
bogomips	: 5352.01
clflush size	: 64
cache_alignment	: 64
address sizes	: 36 bits physical, 48 bits virtual
power management:

processor	: 1
vendor_id	: GenuineIntel
cpu family	: 6
model		: 30
model name	: Intel(R) Core(TM) i5 CPU         750  @ 2.67GHz
stepping	: 5
microcode	: 0x7
cpu MHz		: 2668.000
cache size	: 8192 KB
physical id	: 0
siblings	: 4
core id		: 1
cpu cores	: 4
apicid		: 2
initial apicid	: 2
fpu		: yes
fpu_exception	: yes
cpuid level	: 11
wp		: yes
flags		: fpu vme de pse tsc msr pae mce cx8 apic sep mtrr pge mca cmov pat pse36 clflush dts acpi mmx fxsr sse sse2 ss ht tm pbe syscall nx rdtscp lm constant_tsc arch_perfmon pebs bts rep_good nopl xtopology nonstop_tsc aperfmperf pni dtes64 monitor ds_cpl vmx smx est tm2 ssse3 cx16 xtpr pdcm sse4_1 sse4_2 popcnt lahf_lm ida dtherm tpr_shadow vnmi flexpriority ept vpid
bugs		:
bogomips	: 5352.01
clflush size	: 64
cache_alignment	: 64
address sizes	: 36 bits physical, 48 bits virtual
power management:

processor	: 2
vendor_id	: GenuineIntel
cpu family	: 6
model		: 30
model name	: Intel(R) Core(TM) i5 CPU         750  @ 2.67GHz
stepping	: 5
microcode	: 0x7
cpu MHz		: 2533.000
cache size	: 8192 KB
physical id	: 0
siblings	: 4
core id		: 2
cpu cores	: 4
apicid		: 4
initial apicid	: 4
fpu		: yes
fpu_exception	: yes
cpuid level	: 11
wp		: yes
flags		: fpu vme de pse tsc msr pae mce cx8 apic sep mtrr pge mca cmov pat pse36 clflush dts acpi mmx fxsr sse sse2 ss ht tm pbe syscall nx rdtscp lm constant_tsc arch_perfmon pebs bts rep_good nopl xtopology nonstop_tsc aperfmperf pni dtes64 monitor ds_cpl vmx smx est tm2 ssse3 cx16 xtpr pdcm sse4_1 sse4_2 popcnt lahf_lm ida dtherm tpr_shadow vnmi flexpriority ept vpid
bugs		:
bogomips	: 5352.01
clflush size	: 64
cache_alignment	: 64
address sizes	: 36 bits physical, 48 bits virtual
power management:

processor	: 3
vendor_id	: GenuineIntel
cpu family	: 6
model		: 30
model name	: Intel(R) Core(TM) i5 CPU         750  @ 2.67GHz
stepping	: 5
microcode	: 0x7
cpu MHz		: 2668.000
cache size	: 8192 KB
physical id	: 0
siblings	: 4
core id		: 3
cpu cores	: 4
apicid		: 6
initial apicid	: 6
fpu		: yes
fpu_exception	: yes
cpuid level	: 11
wp		: yes
flags		: fpu vme de pse tsc msr pae mce cx8 apic sep mtrr pge mca cmov pat pse36 clflush dts acpi mmx fxsr sse sse2 ss ht tm pbe syscall nx rdtscp lm constant_tsc arch_perfmon pebs bts rep_good nopl xtopology nonstop_tsc aperfmperf pni dtes64 monitor ds_cpl vmx smx est tm2 ssse3 cx16 xtpr pdcm sse4_1 sse4_2 popcnt lahf_lm ida dtherm tpr_shadow vnmi flexpriority ept vpid
bugs		:
bogomips	: 5352.01
clflush size	: 64
cache_alignment	: 64
address sizes	: 36 bits physical, 48 bits virtual
power management:



Memory: 4k page, physical 8164552k(2543424k free), swap 1048572k(564336k free)

vm_info: OpenJDK 64-Bit Server VM (25.45-b02) for linux-amd64 JRE (1.8.0_45-internal-b14), built on Apr 20 2015 00:35:04 by "buildd" with gcc 4.9.2

time: Tue Oct 27 21:28:56 2015
elapsed time: 1 seconds (0d 0h 0m 1s)

