#
# A fatal error has been detected by the Java Runtime Environment:
#
#  SIGSEGV (0xb) at pc=0x0000000000002546, pid=6401, tid=140340025358080
#
# JRE version: OpenJDK Runtime Environment (8.0_45-b14) (build 1.8.0_45-internal-b14)
# Java VM: OpenJDK 64-Bit Server VM (25.45-b02 mixed mode linux-amd64 compressed oops)
# Problematic frame:
# C  0x0000000000002546
#
# Failed to write core dump. Core dumps have been disabled. To enable core dumping, try "ulimit -c unlimited" before starting Java again
#
# If you would like to submit a bug report, please visit:
#   http://bugreport.java.com/bugreport/crash.jsp
# The crash happened outside the Java Virtual Machine in native code.
# See problematic frame for where to report the bug.
#

---------------  T H R E A D  ---------------

Current thread (0x00007fa36c00f000):  JavaThread "main" [_thread_in_native, id=6403, stack(0x00007fa3754bf000,0x00007fa3755c0000)]

siginfo: si_signo: 11 (SIGSEGV), si_code: 1 (SEGV_MAPERR), si_addr: 0x0000000000002546

Registers:
RAX=0x00007fa36c7635a0, RBX=0x00007fa370cb9430, RCX=0x0000000000000000, RDX=0x00007fa3747920d8
RSP=0x00007fa3755bd728, RBP=0x00007fa3755bd770, RSI=0x0000000000000030, RDI=0x00007fa36c7635a0
R8 =0x00007fa36c7635a2, R9 =0x00007fa36c7635a2, R10=0x0000000000000000, R11=0x00000000d739a8d8
R12=0x0000000000000000, R13=0x00007fa370cb9430, R14=0x00007fa3755bd7e8, R15=0x00007fa36c00f000
RIP=0x0000000000002546, EFLAGS=0x0000000000010206, CSGSFS=0x93db000000000033, ERR=0x0000000000000014
  TRAPNO=0x000000000000000e

Top of Stack: (sp=0x00007fa3755bd728)
0x00007fa3755bd728:   00007fa317af6a0b 00007fa370bffa38
0x00007fa3755bd738:   00007fa3755bd7e8 00007fa3755bd7d8
0x00007fa3755bd748:   00007fa36c00f1e0 00007fa35d005310
0x00007fa3755bd758:   00007fa36c7635a0 00007fa370bffa38
0x00007fa3755bd768:   00007fa370cb9430 00007fa3755bd7c8
0x00007fa3755bd778:   00007fa35d0134d4 00007fa36c00f000
0x00007fa3755bd788:   00007fa3755bd788 0000000000000000
0x00007fa3755bd798:   00007fa3755bd7e8 00007fa370cbb0a8
0x00007fa3755bd7a8:   0000000000000000 00007fa370cb9430
0x00007fa3755bd7b8:   0000000000000000 00007fa3755bd7e8
0x00007fa3755bd7c8:   00007fa3755bd830 00007fa35d0074a0
0x00007fa3755bd7d8:   00000000d739a538 00007fa35d00f2b7
0x00007fa3755bd7e8:   00000000d739a8c0 00007fa3755bd7f0
0x00007fa3755bd7f8:   00007fa370bfff99 00007fa3755bd850
0x00007fa3755bd808:   00007fa370c00930 0000000000000000
0x00007fa3755bd818:   00007fa370bffff0 00007fa3755bd7e8
0x00007fa3755bd828:   00007fa3755bd850 00007fa3755bd8a8
0x00007fa3755bd838:   00007fa35d0074a0 0000000000000000
0x00007fa3755bd848:   0000000000000000 00000000d739a8c0
0x00007fa3755bd858:   0000000000000001 00000000d734c048
0x00007fa3755bd868:   00007fa3755bd858 00007fa370bff948
0x00007fa3755bd878:   00007fa3755bd8f0 00007fa370c00930
0x00007fa3755bd888:   0000000000000000 00007fa370bffa38
0x00007fa3755bd898:   00007fa3755bd850 00007fa3755bd8f0
0x00007fa3755bd8a8:   00007fa3755bd948 00007fa35d0074a0
0x00007fa3755bd8b8:   0000000000000000 0000000000000000
0x00007fa3755bd8c8:   00000000d734c048 0000000000000000
0x00007fa3755bd8d8:   0000000000000000 0000000000000000
0x00007fa3755bd8e8:   0000000000000000 00000000d739a8c0
0x00007fa3755bd8f8:   00000000d804d7a8 00000000d804d7a8
0x00007fa3755bd908:   00007fa3755bd908 00007fa31721798a
0x00007fa3755bd918:   00007fa3755bd978 00007fa317218938 

Instructions: (pc=0x0000000000002546)
0x0000000000002526:   
[error occurred during error reporting (printing registers, top of stack, instructions near pc), id 0xb]

Register to memory mapping:

RAX=0x00007fa36c7635a0 is an unknown value
RBX={method} {0x00007fa370cb9430} 'XOpenDisplay' '(Ljava/lang/String;)J' in 'jogamp/nativewindow/x11/X11Lib'
RCX=0x0000000000000000 is an unknown value
RDX=0x00007fa3747920d8: <offset 0xf690d8> in /usr/lib/jvm/java-8-openjdk-amd64/jre/lib/amd64/server/libjvm.so at 0x00007fa373829000
RSP=0x00007fa3755bd728 is pointing into the stack for thread: 0x00007fa36c00f000
RBP=0x00007fa3755bd770 is pointing into the stack for thread: 0x00007fa36c00f000
RSI=0x0000000000000030 is an unknown value
RDI=0x00007fa36c7635a0 is an unknown value
R8 =0x00007fa36c7635a2 is an unknown value
R9 =0x00007fa36c7635a2 is an unknown value
R10=0x0000000000000000 is an unknown value
R11=0x00000000d739a8d8 is an oop
[C 
 - klass: {type array char}
 - length: 2
R12=0x0000000000000000 is an unknown value
R13={method} {0x00007fa370cb9430} 'XOpenDisplay' '(Ljava/lang/String;)J' in 'jogamp/nativewindow/x11/X11Lib'
R14=0x00007fa3755bd7e8 is pointing into the stack for thread: 0x00007fa36c00f000
R15=0x00007fa36c00f000 is a thread


Stack: [0x00007fa3754bf000,0x00007fa3755c0000],  sp=0x00007fa3755bd728,  free space=1017k
Native frames: (J=compiled Java code, j=interpreted, Vv=VM code, C=native code)
C  0x0000000000002546
j  jogamp.nativewindow.x11.X11Lib.XOpenDisplay(Ljava/lang/String;)J+0
j  jogamp.nativewindow.x11.X11Util.XOpenDisplay(Ljava/lang/String;)J+1
j  jogamp.nativewindow.x11.X11Util.openDisplay(Ljava/lang/String;)J+96
j  jogamp.opengl.x11.glx.X11GLXDrawableFactory$SharedResourceImplementation.isDeviceSupported(Lcom/jogamp/nativewindow/AbstractGraphicsDevice;)Z+10
j  jogamp.opengl.SharedResourceRunner.getOrCreateShared(Lcom/jogamp/nativewindow/AbstractGraphicsDevice;)Ljogamp/opengl/SharedResourceRunner$Resource;+98
j  jogamp.opengl.x11.glx.X11GLXDrawableFactory.getOrCreateSharedResourceImpl(Lcom/jogamp/nativewindow/AbstractGraphicsDevice;)Ljogamp/opengl/x11/glx/X11GLXDrawableFactory$SharedResource;+5
j  jogamp.opengl.x11.glx.X11GLXDrawableFactory.getOrCreateSharedResourceImpl(Lcom/jogamp/nativewindow/AbstractGraphicsDevice;)Ljogamp/opengl/SharedResourceRunner$Resource;+2
j  jogamp.opengl.GLDrawableFactoryImpl.getOrCreateSharedResource(Lcom/jogamp/nativewindow/AbstractGraphicsDevice;)Ljogamp/opengl/SharedResourceRunner$Resource;+13
j  jogamp.opengl.GLDrawableFactoryImpl.createSharedResourceImpl(Lcom/jogamp/nativewindow/AbstractGraphicsDevice;)Z+2
j  com.jogamp.opengl.GLDrawableFactory.createSharedResource(Lcom/jogamp/nativewindow/AbstractGraphicsDevice;)Z+2
j  com.jogamp.opengl.GLProfile.initProfilesForDeviceCritical(Lcom/jogamp/nativewindow/AbstractGraphicsDevice;)Z+231
j  com.jogamp.opengl.GLProfile.initProfilesForDevice(Lcom/jogamp/nativewindow/AbstractGraphicsDevice;)Z+25
j  com.jogamp.opengl.GLProfile.initProfilesForDefaultDevices()V+633
j  com.jogamp.opengl.GLProfile.access$000()V+0
j  com.jogamp.opengl.GLProfile$1.run()Ljava/lang/Object;+58
v  ~StubRoutines::call_stub
V  [libjvm.so+0x6868c3]  JavaCalls::call_helper(JavaValue*, methodHandle*, JavaCallArguments*, Thread*)+0xd63
V  [libjvm.so+0x6d56c4]  JVM_DoPrivileged+0x564
J 501  java.security.AccessController.doPrivileged(Ljava/security/PrivilegedAction;)Ljava/lang/Object; (0 bytes) @ 0x00007fa35d238a3f [0x00007fa35d238980+0xbf]
j  com.jogamp.opengl.GLProfile.initSingleton()V+78
j  com.jogamp.opengl.GLProfile.getProfileMap(Lcom/jogamp/nativewindow/AbstractGraphicsDevice;Z)Ljava/util/HashMap;+0
j  com.jogamp.opengl.GLProfile.get(Lcom/jogamp/nativewindow/AbstractGraphicsDevice;Ljava/lang/String;)Lcom/jogamp/opengl/GLProfile;+16
j  com.jogamp.opengl.GLProfile.get(Ljava/lang/String;)Lcom/jogamp/opengl/GLProfile;+4
j  test.Main.main([Ljava/lang/String;)V+13
v  ~StubRoutines::call_stub
V  [libjvm.so+0x6868c3]  JavaCalls::call_helper(JavaValue*, methodHandle*, JavaCallArguments*, Thread*)+0xd63
V  [libjvm.so+0x697d59]  jni_invoke_static(JNIEnv_*, JavaValue*, _jobject*, JNICallType, _jmethodID*, JNI_ArgumentPusher*, Thread*) [clone .isra.88]+0x2f9
V  [libjvm.so+0x6aa2e5]  jni_CallStaticVoidMethod+0x165
C  [libjli.so+0x3888]
C  [libpthread.so.0+0x76aa]  start_thread+0xca

Java frames: (J=compiled Java code, j=interpreted, Vv=VM code)
j  jogamp.nativewindow.x11.X11Lib.XOpenDisplay(Ljava/lang/String;)J+0
j  jogamp.nativewindow.x11.X11Util.XOpenDisplay(Ljava/lang/String;)J+1
j  jogamp.nativewindow.x11.X11Util.openDisplay(Ljava/lang/String;)J+96
j  jogamp.opengl.x11.glx.X11GLXDrawableFactory$SharedResourceImplementation.isDeviceSupported(Lcom/jogamp/nativewindow/AbstractGraphicsDevice;)Z+10
j  jogamp.opengl.SharedResourceRunner.getOrCreateShared(Lcom/jogamp/nativewindow/AbstractGraphicsDevice;)Ljogamp/opengl/SharedResourceRunner$Resource;+98
j  jogamp.opengl.x11.glx.X11GLXDrawableFactory.getOrCreateSharedResourceImpl(Lcom/jogamp/nativewindow/AbstractGraphicsDevice;)Ljogamp/opengl/x11/glx/X11GLXDrawableFactory$SharedResource;+5
j  jogamp.opengl.x11.glx.X11GLXDrawableFactory.getOrCreateSharedResourceImpl(Lcom/jogamp/nativewindow/AbstractGraphicsDevice;)Ljogamp/opengl/SharedResourceRunner$Resource;+2
j  jogamp.opengl.GLDrawableFactoryImpl.getOrCreateSharedResource(Lcom/jogamp/nativewindow/AbstractGraphicsDevice;)Ljogamp/opengl/SharedResourceRunner$Resource;+13
j  jogamp.opengl.GLDrawableFactoryImpl.createSharedResourceImpl(Lcom/jogamp/nativewindow/AbstractGraphicsDevice;)Z+2
j  com.jogamp.opengl.GLDrawableFactory.createSharedResource(Lcom/jogamp/nativewindow/AbstractGraphicsDevice;)Z+2
j  com.jogamp.opengl.GLProfile.initProfilesForDeviceCritical(Lcom/jogamp/nativewindow/AbstractGraphicsDevice;)Z+231
j  com.jogamp.opengl.GLProfile.initProfilesForDevice(Lcom/jogamp/nativewindow/AbstractGraphicsDevice;)Z+25
j  com.jogamp.opengl.GLProfile.initProfilesForDefaultDevices()V+633
j  com.jogamp.opengl.GLProfile.access$000()V+0
j  com.jogamp.opengl.GLProfile$1.run()Ljava/lang/Object;+58
v  ~StubRoutines::call_stub
J 501  java.security.AccessController.doPrivileged(Ljava/security/PrivilegedAction;)Ljava/lang/Object; (0 bytes) @ 0x00007fa35d2389cf [0x00007fa35d238980+0x4f]
j  com.jogamp.opengl.GLProfile.initSingleton()V+78
j  com.jogamp.opengl.GLProfile.getProfileMap(Lcom/jogamp/nativewindow/AbstractGraphicsDevice;Z)Ljava/util/HashMap;+0
j  com.jogamp.opengl.GLProfile.get(Lcom/jogamp/nativewindow/AbstractGraphicsDevice;Ljava/lang/String;)Lcom/jogamp/opengl/GLProfile;+16
j  com.jogamp.opengl.GLProfile.get(Ljava/lang/String;)Lcom/jogamp/opengl/GLProfile;+4
j  test.Main.main([Ljava/lang/String;)V+13
v  ~StubRoutines::call_stub

---------------  P R O C E S S  ---------------

Java Threads: ( => current thread )
  0x00007fa36c6ce000 JavaThread "main-SharedResourceRunner" daemon [_thread_blocked, id=6433, stack(0x00007fa30b25a000,0x00007fa30b35b000)]
  0x00007fa36c755800 JavaThread "main-SharedResourceRunner" daemon [_thread_blocked, id=6432, stack(0x00007fa31400e000,0x00007fa31410f000)]
  0x00007fa36c632800 JavaThread "AWT-EventQueue-0" [_thread_blocked, id=6431, stack(0x00007fa317cf9000,0x00007fa317dfa000)]
  0x00007fa36c631800 JavaThread "AWT-Shutdown" [_thread_blocked, id=6430, stack(0x00007fa34c0ee000,0x00007fa34c1ef000)]
  0x00007fa36c5a7000 JavaThread "AWT-XAWT" daemon [_thread_in_native, id=6429, stack(0x00007fa34c5f3000,0x00007fa34c6f4000)]
  0x00007fa36c583800 JavaThread "Java2D Disposer" daemon [_thread_blocked, id=6428, stack(0x00007fa34eaeb000,0x00007fa34ebec000)]
  0x00007fa36c504800 JavaThread "process reaper" daemon [_thread_blocked, id=6423, stack(0x00007fa35c039000,0x00007fa35c072000)]
  0x00007fa36c0bc800 JavaThread "Service Thread" daemon [_thread_blocked, id=6418, stack(0x00007fa34f418000,0x00007fa34f519000)]
  0x00007fa36c0b6800 JavaThread "C1 CompilerThread2" daemon [_thread_blocked, id=6417, stack(0x00007fa34f519000,0x00007fa34f61a000)]
  0x00007fa36c0b4800 JavaThread "C2 CompilerThread1" daemon [_thread_blocked, id=6416, stack(0x00007fa34f61a000,0x00007fa34f71b000)]
  0x00007fa36c0b1800 JavaThread "C2 CompilerThread0" daemon [_thread_blocked, id=6415, stack(0x00007fa34f71b000,0x00007fa34f81c000)]
  0x00007fa36c0af800 JavaThread "Signal Dispatcher" daemon [_thread_blocked, id=6414, stack(0x00007fa34f81c000,0x00007fa34f91d000)]
  0x00007fa36c084000 JavaThread "Finalizer" daemon [_thread_blocked, id=6413, stack(0x00007fa3540af000,0x00007fa3541b0000)]
  0x00007fa36c081800 JavaThread "Reference Handler" daemon [_thread_blocked, id=6412, stack(0x00007fa35c0f1000,0x00007fa35c1f2000)]
=>0x00007fa36c00f000 JavaThread "main" [_thread_in_native, id=6403, stack(0x00007fa3754bf000,0x00007fa3755c0000)]

Other Threads:
  0x00007fa36c07c800 VMThread [stack: 0x00007fa35c1f2000,0x00007fa35c2f3000] [id=6411]
  0x00007fa36c0be000 WatcherThread [stack: 0x00007fa34f317000,0x00007fa34f418000] [id=6419]

VM state:not at safepoint (normal execution)

VM Mutex/Monitor currently owned by a thread: None

Heap:
 PSYoungGen      total 37888K, used 28973K [0x00000000d6780000, 0x00000000d9180000, 0x0000000100000000)
  eden space 32768K, 88% used [0x00000000d6780000,0x00000000d83cb598,0x00000000d8780000)
  from space 5120K, 0% used [0x00000000d8c80000,0x00000000d8c80000,0x00000000d9180000)
  to   space 5120K, 0% used [0x00000000d8780000,0x00000000d8780000,0x00000000d8c80000)
 ParOldGen       total 86016K, used 0K [0x0000000083600000, 0x0000000088a00000, 0x00000000d6780000)
  object space 86016K, 0% used [0x0000000083600000,0x0000000083600000,0x0000000088a00000)
 Metaspace       used 13096K, capacity 13326K, committed 13696K, reserved 1060864K
  class space    used 1212K, capacity 1282K, committed 1408K, reserved 1048576K

Card table byte_map: [0x00007fa3717c6000,0x00007fa371bac000] byte_map_base: 0x00007fa3713ab000

Marking Bits: (ParMarkBitMap*) 0x00007fa374795e80
 Begin Bits: [0x00007fa3541b0000, 0x00007fa3560d8000)
 End Bits:   [0x00007fa3560d8000, 0x00007fa358000000)

Polling page: 0x00007fa3755e7000

CodeCache: size=245760Kb used=3168Kb max_used=3168Kb free=242591Kb
 bounds [0x00007fa35d000000, 0x00007fa35d320000, 0x00007fa36c000000]
 total_blobs=1578 nmethods=744 adapters=750
 compilation: enabled

Compilation events (10 events):
Event: 0,803 Thread 0x00007fa36c0b6800  740       3       java.util.ArrayDeque::addLast (53 bytes)
Event: 0,803 Thread 0x00007fa36c0b6800 nmethod 740 0x00007fa35d316290 code [0x00007fa35d316420, 0x00007fa35d316838]
Event: 0,803 Thread 0x00007fa36c0b6800  741       3       java.util.StringTokenizer::scanToken (179 bytes)
Event: 0,804 Thread 0x00007fa36c0b6800 nmethod 741 0x00007fa35d3169d0 code [0x00007fa35d316c60, 0x00007fa35d317f78]
Event: 0,808 Thread 0x00007fa36c0b6800  742       3       java.util.regex.Pattern$Ctype::isSatisfiedBy (24 bytes)
Event: 0,808 Thread 0x00007fa36c0b6800 nmethod 742 0x00007fa35d318750 code [0x00007fa35d3188e0, 0x00007fa35d318c70]
Event: 0,808 Thread 0x00007fa36c0b6800  743       3       java.util.regex.ASCII::isType (15 bytes)
Event: 0,808 Thread 0x00007fa36c0b6800 nmethod 743 0x00007fa35d318e10 code [0x00007fa35d318f80, 0x00007fa35d3191f0]
Event: 0,809 Thread 0x00007fa36c0b6800  744       1       com.jogamp.opengl.GLRendererQuirks::getCount (3 bytes)
Event: 0,809 Thread 0x00007fa36c0b6800 nmethod 744 0x00007fa35d319310 code [0x00007fa35d319460, 0x00007fa35d319550]

GC Heap History (0 events):
No events

Deoptimization events (6 events):
Event: 0,177 Thread 0x00007fa36c00f000 Uncommon trap: reason=unstable_if action=reinterpret pc=0x00007fa35d137b3c method=java.lang.String.indexOf(II)I @ 49
Event: 0,196 Thread 0x00007fa36c00f000 Uncommon trap: reason=unstable_if action=reinterpret pc=0x00007fa35d154fd0 method=java.lang.Math.max(II)I @ 2
Event: 0,237 Thread 0x00007fa36c00f000 Uncommon trap: reason=unstable_if action=reinterpret pc=0x00007fa35d16e3b4 method=java.lang.String.indexOf([CII[CIII)I @ 3
Event: 0,241 Thread 0x00007fa36c00f000 Uncommon trap: reason=unstable_if action=reinterpret pc=0x00007fa35d16badc method=java.lang.String.indexOf([CII[CIII)I @ 123
Event: 0,313 Thread 0x00007fa36c00f000 Uncommon trap: reason=unstable_if action=reinterpret pc=0x00007fa35d1d66e4 method=java.lang.String.replace(CC)Ljava/lang/String; @ 26
Event: 0,786 Thread 0x00007fa36c6ce000 Uncommon trap: reason=unstable_if action=reinterpret pc=0x00007fa35d1fad90 method=java.lang.String.startsWith(Ljava/lang/String;I)Z @ 25

Internal exceptions (10 events):
Event: 0,222 Thread 0x00007fa36c00f000 Exception <a 'java/security/PrivilegedActionException'> (0x00000000d6c960e0) thrown at [/build/buildd/openjdk-8-8u45-b14/src/hotspot/src/share/vm/prims/jvm.cpp, line 1382]
Event: 0,222 Thread 0x00007fa36c00f000 Exception <a 'java/security/PrivilegedActionException'> (0x00000000d6c96298) thrown at [/build/buildd/openjdk-8-8u45-b14/src/hotspot/src/share/vm/prims/jvm.cpp, line 1382]
Event: 0,222 Thread 0x00007fa36c00f000 Exception <a 'java/security/PrivilegedActionException'> (0x00000000d6c96cb8) thrown at [/build/buildd/openjdk-8-8u45-b14/src/hotspot/src/share/vm/prims/jvm.cpp, line 1382]
Event: 0,222 Thread 0x00007fa36c00f000 Exception <a 'java/security/PrivilegedActionException'> (0x00000000d6c96e70) thrown at [/build/buildd/openjdk-8-8u45-b14/src/hotspot/src/share/vm/prims/jvm.cpp, line 1382]
Event: 0,282 Thread 0x00007fa36c00f000 Exception <a 'java/lang/NoSuchFieldError': method resolution failed> (0x00000000d6e1a790) thrown at [/build/buildd/openjdk-8-8u45-b14/src/hotspot/src/share/vm/prims/methodHandles.cpp, line 1125]
Event: 0,284 Thread 0x00007fa36c00f000 Exception <a 'java/lang/NoSuchFieldError': method resolution failed> (0x00000000d6e29200) thrown at [/build/buildd/openjdk-8-8u45-b14/src/hotspot/src/share/vm/prims/methodHandles.cpp, line 1125]
Event: 0,327 Thread 0x00007fa36c00f000 Exception <a 'java/io/FileNotFoundException'> (0x00000000d6f1ff40) thrown at [/build/buildd/openjdk-8-8u45-b14/src/hotspot/src/share/vm/prims/jni.cpp, line 709]
Event: 0,345 Thread 0x00007fa36c00f000 Exception <a 'java/io/FileNotFoundException'> (0x00000000d711ba50) thrown at [/build/buildd/openjdk-8-8u45-b14/src/hotspot/src/share/vm/prims/jni.cpp, line 709]
Event: 0,355 Thread 0x00007fa36c00f000 Exception <a 'java/lang/ClassNotFoundException': sun/dc/DuctusRenderingEngine> (0x00000000d71281b8) thrown at [/build/buildd/openjdk-8-8u45-b14/src/hotspot/src/share/vm/classfile/systemDictionary.cpp, line 210]
Event: 0,389 Thread 0x00007fa36c00f000 Exception <a 'java/io/FileNotFoundException'> (0x00000000d719c868) thrown at [/build/buildd/openjdk-8-8u45-b14/src/hotspot/src/share/vm/prims/jni.cpp, line 709]

Events (10 events):
Event: 0,802 loading class jogamp/opengl/es1/GLES1Impl$1
Event: 0,802 loading class jogamp/opengl/es1/GLES1Impl$1 done
Event: 0,802 loading class jogamp/opengl/es1/GLES1Impl$2
Event: 0,802 loading class jogamp/opengl/es1/GLES1Impl$2 done
Event: 0,802 loading class jogamp/opengl/es1/GLES1Impl$3
Event: 0,802 loading class jogamp/opengl/es1/GLES1Impl$3 done
Event: 0,802 loading class jogamp/opengl/es1/GLES1Impl$4
Event: 0,802 loading class jogamp/opengl/es1/GLES1Impl$4 done
Event: 0,809 loading class jogamp/opengl/egl/EGLDrawableFactory$SharedResource
Event: 0,809 loading class jogamp/opengl/egl/EGLDrawableFactory$SharedResource done


Dynamic libraries:
00400000-00401000 r-xp 00000000 08:03 6425286                            /usr/lib/jvm/java-8-openjdk-amd64/jre/bin/java
00600000-00601000 r--p 00000000 08:03 6425286                            /usr/lib/jvm/java-8-openjdk-amd64/jre/bin/java
00601000-00602000 rw-p 00001000 08:03 6425286                            /usr/lib/jvm/java-8-openjdk-amd64/jre/bin/java
01073000-01094000 rw-p 00000000 00:00 0                                  [heap]
83600000-88a00000 rw-p 00000000 00:00 0 
88a00000-d6780000 ---p 00000000 00:00 0 
d6780000-d9180000 rw-p 00000000 00:00 0 
d9180000-100000000 ---p 00000000 00:00 0 
100000000-100160000 rw-p 00000000 00:00 0 
100160000-140000000 ---p 00000000 00:00 0 
7fa2f8000000-7fa2f84b7000 rw-p 00000000 00:00 0 
7fa2f84b7000-7fa2fc000000 ---p 00000000 00:00 0 
7fa300000000-7fa300021000 rw-p 00000000 00:00 0 
7fa300021000-7fa304000000 ---p 00000000 00:00 0 
7fa304000000-7fa304021000 rw-p 00000000 00:00 0 
7fa304021000-7fa308000000 ---p 00000000 00:00 0 
7fa3084d7000-7fa3084e1000 r-xp 00000000 08:03 6423188                    /usr/lib/x86_64-linux-gnu/libGLESv1_CM.so.352.41
7fa3084e1000-7fa3086e1000 ---p 0000a000 08:03 6423188                    /usr/lib/x86_64-linux-gnu/libGLESv1_CM.so.352.41
7fa3086e1000-7fa3086e4000 rw-p 0000a000 08:03 6423188                    /usr/lib/x86_64-linux-gnu/libGLESv1_CM.so.352.41
7fa308707000-7fa308787000 rw-s 156f94000 00:06 13740                     /dev/nvidiactl
7fa308787000-7fa308807000 rw-s 2071bf000 00:06 13740                     /dev/nvidiactl
7fa308807000-7fa308887000 rw-s 2070d7000 00:06 13740                     /dev/nvidiactl
7fa308887000-7fa308987000 rw-s 156d0f000 00:06 13740                     /dev/nvidiactl
7fa308987000-7fa30a4df000 r-xp 00000000 08:03 6422576                    /usr/lib/x86_64-linux-gnu/libnvidia-eglcore.so.352.41
7fa30a4df000-7fa30a6de000 ---p 01b58000 08:03 6422576                    /usr/lib/x86_64-linux-gnu/libnvidia-eglcore.so.352.41
7fa30a6de000-7fa30b24a000 rw-p 01b57000 08:03 6422576                    /usr/lib/x86_64-linux-gnu/libnvidia-eglcore.so.352.41
7fa30b24a000-7fa30b25a000 rw-p 00000000 00:00 0 
7fa30b25a000-7fa30b25d000 ---p 00000000 00:00 0 
7fa30b25d000-7fa30b35b000 rw-p 00000000 00:00 0                          [stack:6433]
7fa30b35b000-7fa30b3b7000 r-xp 00000000 08:03 6029387                    /tmp/jogamp_0000/file_cache/jln1037746613255542144/jln2695060865984472622/natives/linux-amd64/libjogl_mobile.so
7fa30b3b7000-7fa30b5b7000 ---p 0005c000 08:03 6029387                    /tmp/jogamp_0000/file_cache/jln1037746613255542144/jln2695060865984472622/natives/linux-amd64/libjogl_mobile.so
7fa30b5b7000-7fa30b5b8000 rw-p 0005c000 08:03 6029387                    /tmp/jogamp_0000/file_cache/jln1037746613255542144/jln2695060865984472622/natives/linux-amd64/libjogl_mobile.so
7fa30b5b8000-7fa30b626000 r-xp 00000000 08:03 6423014                    /usr/lib/x86_64-linux-gnu/libnvidia-glsi.so.352.41
7fa30b626000-7fa30b825000 ---p 0006e000 08:03 6423014                    /usr/lib/x86_64-linux-gnu/libnvidia-glsi.so.352.41
7fa30b825000-7fa30b82e000 rw-p 0006d000 08:03 6423014                    /usr/lib/x86_64-linux-gnu/libnvidia-glsi.so.352.41
7fa30b82e000-7fa30b83c000 rw-p 00000000 00:00 0 
7fa30b83c000-7fa30b8f9000 r-xp 00000000 08:03 6424032                    /usr/lib/x86_64-linux-gnu/libEGL.so.352.41
7fa30b8f9000-7fa30baf9000 ---p 000bd000 08:03 6424032                    /usr/lib/x86_64-linux-gnu/libEGL.so.352.41
7fa30baf9000-7fa30bb20000 rw-p 000bd000 08:03 6424032                    /usr/lib/x86_64-linux-gnu/libEGL.so.352.41
7fa30bb20000-7fa30bb34000 rw-p 00000000 00:00 0 
7fa30bb34000-7fa30bb43000 r-xp 00000000 08:03 6423187                    /usr/lib/x86_64-linux-gnu/libGLESv2.so.352.41
7fa30bb43000-7fa30bd43000 ---p 0000f000 08:03 6423187                    /usr/lib/x86_64-linux-gnu/libGLESv2.so.352.41
7fa30bd43000-7fa30bd46000 rw-p 0000f000 08:03 6423187                    /usr/lib/x86_64-linux-gnu/libGLESv2.so.352.41
7fa30bd46000-7fa30bd47000 rw-p 00000000 00:00 0 
7fa30bd47000-7fa30bdff000 r-xp 00000000 08:03 6029386                    /tmp/jogamp_0000/file_cache/jln1037746613255542144/jln2695060865984472622/natives/linux-amd64/libjogl_desktop.so
7fa30bdff000-7fa30bfff000 ---p 000b8000 08:03 6029386                    /tmp/jogamp_0000/file_cache/jln1037746613255542144/jln2695060865984472622/natives/linux-amd64/libjogl_desktop.so
7fa30bfff000-7fa30c000000 rw-p 000b8000 08:03 6029386                    /tmp/jogamp_0000/file_cache/jln1037746613255542144/jln2695060865984472622/natives/linux-amd64/libjogl_desktop.so
7fa30c000000-7fa30c021000 rw-p 00000000 00:00 0 
7fa30c021000-7fa310000000 ---p 00000000 00:00 0 
7fa310000000-7fa310021000 rw-p 00000000 00:00 0 
7fa310021000-7fa314000000 ---p 00000000 00:00 0 
7fa31400e000-7fa314011000 ---p 00000000 00:00 0 
7fa314011000-7fa31410f000 rw-p 00000000 00:00 0                          [stack:6432]
7fa31410f000-7fa315b0b000 r-xp 00000000 08:03 6426935                    /usr/lib/x86_64-linux-gnu/libnvidia-glcore.so.352.41
7fa315b0b000-7fa315b2b000 rwxp 019fc000 08:03 6426935                    /usr/lib/x86_64-linux-gnu/libnvidia-glcore.so.352.41
7fa315b2b000-7fa315df2000 r-xp 01a1c000 08:03 6426935                    /usr/lib/x86_64-linux-gnu/libnvidia-glcore.so.352.41
7fa315df2000-7fa315ff1000 ---p 01ce3000 08:03 6426935                    /usr/lib/x86_64-linux-gnu/libnvidia-glcore.so.352.41
7fa315ff1000-7fa316b8d000 rw-p 01ce2000 08:03 6426935                    /usr/lib/x86_64-linux-gnu/libnvidia-glcore.so.352.41
7fa316b8d000-7fa316ba1000 rw-p 00000000 00:00 0 
7fa316ba1000-7fa316ba4000 r-xp 00000000 08:03 6819344                    /usr/lib/x86_64-linux-gnu/tls/libnvidia-tls.so.352.41
7fa316ba4000-7fa316da3000 ---p 00003000 08:03 6819344                    /usr/lib/x86_64-linux-gnu/tls/libnvidia-tls.so.352.41
7fa316da3000-7fa316da4000 rw-p 00002000 08:03 6819344                    /usr/lib/x86_64-linux-gnu/tls/libnvidia-tls.so.352.41
7fa316da4000-7fa316e62000 r-xp 00000000 08:03 6426936                    /usr/lib/x86_64-linux-gnu/libGL.so.352.41
7fa316e62000-7fa316e95000 rwxp 000be000 08:03 6426936                    /usr/lib/x86_64-linux-gnu/libGL.so.352.41
7fa316e95000-7fa316ea7000 r-xp 000f1000 08:03 6426936                    /usr/lib/x86_64-linux-gnu/libGL.so.352.41
7fa316ea7000-7fa3170a6000 ---p 00103000 08:03 6426936                    /usr/lib/x86_64-linux-gnu/libGL.so.352.41
7fa3170a6000-7fa3170ce000 rw-p 00102000 08:03 6426936                    /usr/lib/x86_64-linux-gnu/libGL.so.352.41
7fa3170ce000-7fa3172d4000 rw-p 00000000 00:00 0 
7fa3172d4000-7fa3172d6000 r-xp 00000000 08:03 6430960                    /usr/lib/x86_64-linux-gnu/libXinerama.so.1.0.0
7fa3172d6000-7fa3174d5000 ---p 00002000 08:03 6430960                    /usr/lib/x86_64-linux-gnu/libXinerama.so.1.0.0
7fa3174d5000-7fa3174d6000 r--p 00001000 08:03 6430960                    /usr/lib/x86_64-linux-gnu/libXinerama.so.1.0.0
7fa3174d6000-7fa3174d7000 rw-p 00002000 08:03 6430960                    /usr/lib/x86_64-linux-gnu/libXinerama.so.1.0.0
7fa3174d7000-7fa3176d7000 rw-p 00000000 00:00 0 
7fa3176d7000-7fa3176e0000 r-xp 00000000 08:03 6430970                    /usr/lib/x86_64-linux-gnu/libXrandr.so.2.2.0
7fa3176e0000-7fa3178df000 ---p 00009000 08:03 6430970                    /usr/lib/x86_64-linux-gnu/libXrandr.so.2.2.0
7fa3178df000-7fa3178e0000 r--p 00008000 08:03 6430970                    /usr/lib/x86_64-linux-gnu/libXrandr.so.2.2.0
7fa3178e0000-7fa3178e1000 rw-p 00009000 08:03 6430970                    /usr/lib/x86_64-linux-gnu/libXrandr.so.2.2.0
7fa3178e1000-7fa3178f2000 r-xp 00000000 08:03 6029385                    /tmp/jogamp_0000/file_cache/jln1037746613255542144/jln2695060865984472622/natives/linux-amd64/libnewt.so
7fa3178f2000-7fa317af1000 ---p 00011000 08:03 6029385                    /tmp/jogamp_0000/file_cache/jln1037746613255542144/jln2695060865984472622/natives/linux-amd64/libnewt.so
7fa317af1000-7fa317af2000 rw-p 00010000 08:03 6029385                    /tmp/jogamp_0000/file_cache/jln1037746613255542144/jln2695060865984472622/natives/linux-amd64/libnewt.so
7fa317af2000-7fa317af9000 r-xp 00000000 08:03 6029383                    /tmp/jogamp_0000/file_cache/jln1037746613255542144/jln2695060865984472622/natives/linux-amd64/libnativewindow_x11.so
7fa317af9000-7fa317cf8000 ---p 00007000 08:03 6029383                    /tmp/jogamp_0000/file_cache/jln1037746613255542144/jln2695060865984472622/natives/linux-amd64/libnativewindow_x11.so
7fa317cf8000-7fa317cf9000 rw-p 00006000 08:03 6029383                    /tmp/jogamp_0000/file_cache/jln1037746613255542144/jln2695060865984472622/natives/linux-amd64/libnativewindow_x11.so
7fa317cf9000-7fa317cfc000 ---p 00000000 00:00 0 
7fa317cfc000-7fa317dfa000 rw-p 00000000 00:00 0                          [stack:6431]
7fa317dfa000-7fa317dfe000 r-xp 00000000 08:03 6430988                    /usr/lib/x86_64-linux-gnu/libXxf86vm.so.1.0.0
7fa317dfe000-7fa317ffe000 ---p 00004000 08:03 6430988                    /usr/lib/x86_64-linux-gnu/libXxf86vm.so.1.0.0
7fa317ffe000-7fa317fff000 r--p 00004000 08:03 6430988                    /usr/lib/x86_64-linux-gnu/libXxf86vm.so.1.0.0
7fa317fff000-7fa318000000 rw-p 00005000 08:03 6430988                    /usr/lib/x86_64-linux-gnu/libXxf86vm.so.1.0.0
7fa318000000-7fa318021000 rw-p 00000000 00:00 0 
7fa318021000-7fa31c000000 ---p 00000000 00:00 0 
7fa31c000000-7fa31c021000 rw-p 00000000 00:00 0 
7fa31c021000-7fa320000000 ---p 00000000 00:00 0 
7fa320000000-7fa320021000 rw-p 00000000 00:00 0 
7fa320021000-7fa324000000 ---p 00000000 00:00 0 
7fa324000000-7fa324021000 rw-p 00000000 00:00 0 
7fa324021000-7fa328000000 ---p 00000000 00:00 0 
7fa328000000-7fa328191000 rw-p 00000000 00:00 0 
7fa328191000-7fa32c000000 ---p 00000000 00:00 0 
7fa32c000000-7fa32c2bc000 rw-p 00000000 00:00 0 
7fa32c2bc000-7fa330000000 ---p 00000000 00:00 0 
7fa330000000-7fa330021000 rw-p 00000000 00:00 0 
7fa330021000-7fa334000000 ---p 00000000 00:00 0 
7fa334000000-7fa33425c000 rw-p 00000000 00:00 0 
7fa33425c000-7fa338000000 ---p 00000000 00:00 0 
7fa338000000-7fa338021000 rw-p 00000000 00:00 0 
7fa338021000-7fa33c000000 ---p 00000000 00:00 0 
7fa33c000000-7fa33c021000 rw-p 00000000 00:00 0 
7fa33c021000-7fa340000000 ---p 00000000 00:00 0 
7fa340000000-7fa340021000 rw-p 00000000 00:00 0 
7fa340021000-7fa344000000 ---p 00000000 00:00 0 
7fa344000000-7fa344021000 rw-p 00000000 00:00 0 
7fa344021000-7fa348000000 ---p 00000000 00:00 0 
7fa348000000-7fa348021000 rw-p 00000000 00:00 0 
7fa348021000-7fa34c000000 ---p 00000000 00:00 0 
7fa34c007000-7fa34c01a000 rw-s 145be0000 00:06 13740                     /dev/nvidiactl
7fa34c01a000-7fa34c03a000 rw-s d8260000 00:06 13741                      /dev/nvidia0
7fa34c03a000-7fa34c0ee000 rw-s 21351f000 00:06 13740                     /dev/nvidiactl
7fa34c0ee000-7fa34c0f1000 ---p 00000000 00:00 0 
7fa34c0f1000-7fa34c1ef000 rw-p 00000000 00:00 0                          [stack:6430]
7fa34c1ef000-7fa34c1f1000 r-xp 00000000 08:03 6029378                    /tmp/jogamp_0000/file_cache/jln1037746613255542144/jln2695060865984472622/natives/linux-amd64/libnativewindow_awt.so
7fa34c1f1000-7fa34c3f0000 ---p 00002000 08:03 6029378                    /tmp/jogamp_0000/file_cache/jln1037746613255542144/jln2695060865984472622/natives/linux-amd64/libnativewindow_awt.so
7fa34c3f0000-7fa34c3f1000 rw-p 00001000 08:03 6029378                    /tmp/jogamp_0000/file_cache/jln1037746613255542144/jln2695060865984472622/natives/linux-amd64/libnativewindow_awt.so
7fa34c3f1000-7fa34c3f2000 r-xp 00000000 08:03 6425220                    /usr/lib/jvm/java-8-openjdk-amd64/jre/lib/amd64/libjawt.so
7fa34c3f2000-7fa34c5f1000 ---p 00001000 08:03 6425220                    /usr/lib/jvm/java-8-openjdk-amd64/jre/lib/amd64/libjawt.so
7fa34c5f1000-7fa34c5f2000 r--p 00000000 08:03 6425220                    /usr/lib/jvm/java-8-openjdk-amd64/jre/lib/amd64/libjawt.so
7fa34c5f2000-7fa34c5f3000 rw-p 00001000 08:03 6425220                    /usr/lib/jvm/java-8-openjdk-amd64/jre/lib/amd64/libjawt.so
7fa34c5f3000-7fa34c5f6000 ---p 00000000 00:00 0 
7fa34c5f6000-7fa34c6f4000 rw-p 00000000 00:00 0                          [stack:6429]
7fa34c6f4000-7fa34c6f9000 r-xp 00000000 08:03 6430952                    /usr/lib/x86_64-linux-gnu/libXfixes.so.3.1.0
7fa34c6f9000-7fa34c8f8000 ---p 00005000 08:03 6430952                    /usr/lib/x86_64-linux-gnu/libXfixes.so.3.1.0
7fa34c8f8000-7fa34c8f9000 r--p 00004000 08:03 6430952                    /usr/lib/x86_64-linux-gnu/libXfixes.so.3.1.0
7fa34c8f9000-7fa34c8fa000 rw-p 00005000 08:03 6430952                    /usr/lib/x86_64-linux-gnu/libXfixes.so.3.1.0
7fa34c8fa000-7fa34c903000 r-xp 00000000 08:03 6430944                    /usr/lib/x86_64-linux-gnu/libXcursor.so.1.0.2
7fa34c903000-7fa34cb02000 ---p 00009000 08:03 6430944                    /usr/lib/x86_64-linux-gnu/libXcursor.so.1.0.2
7fa34cb02000-7fa34cb03000 r--p 00008000 08:03 6430944                    /usr/lib/x86_64-linux-gnu/libXcursor.so.1.0.2
7fa34cb03000-7fa34cb04000 rw-p 00009000 08:03 6430944                    /usr/lib/x86_64-linux-gnu/libXcursor.so.1.0.2
7fa34cb04000-7fa34cb29000 r-xp 00000000 08:03 4067650                    /lib/x86_64-linux-gnu/libpng12.so.0.51.0
7fa34cb29000-7fa34cd28000 ---p 00025000 08:03 4067650                    /lib/x86_64-linux-gnu/libpng12.so.0.51.0
7fa34cd28000-7fa34cd29000 r--p 00024000 08:03 4067650                    /lib/x86_64-linux-gnu/libpng12.so.0.51.0
7fa34cd29000-7fa34cd2a000 rw-p 00025000 08:03 4067650                    /lib/x86_64-linux-gnu/libpng12.so.0.51.0
7fa34cd2a000-7fa34cdcc000 r-xp 00000000 08:03 6429055                    /usr/lib/x86_64-linux-gnu/libfreetype.so.6.11.1
7fa34cdcc000-7fa34cfcb000 ---p 000a2000 08:03 6429055                    /usr/lib/x86_64-linux-gnu/libfreetype.so.6.11.1
7fa34cfcb000-7fa34cfd1000 r--p 000a1000 08:03 6429055                    /usr/lib/x86_64-linux-gnu/libfreetype.so.6.11.1
7fa34cfd1000-7fa34cfd2000 rw-p 000a7000 08:03 6429055                    /usr/lib/x86_64-linux-gnu/libfreetype.so.6.11.1
7fa34cfd2000-7fa34d024000 r-xp 00000000 08:03 6425217                    /usr/lib/jvm/java-8-openjdk-amd64/jre/lib/amd64/libfontmanager.so
7fa34d024000-7fa34d224000 ---p 00052000 08:03 6425217                    /usr/lib/jvm/java-8-openjdk-amd64/jre/lib/amd64/libfontmanager.so
7fa34d224000-7fa34d227000 r--p 00052000 08:03 6425217                    /usr/lib/jvm/java-8-openjdk-amd64/jre/lib/amd64/libfontmanager.so
7fa34d227000-7fa34d228000 rw-p 00055000 08:03 6425217                    /usr/lib/jvm/java-8-openjdk-amd64/jre/lib/amd64/libfontmanager.so
7fa34d228000-7fa34d22d000 r-xp 00000000 08:03 6430948                    /usr/lib/x86_64-linux-gnu/libXdmcp.so.6.0.0
7fa34d22d000-7fa34d42c000 ---p 00005000 08:03 6430948                    /usr/lib/x86_64-linux-gnu/libXdmcp.so.6.0.0
7fa34d42c000-7fa34d42d000 r--p 00004000 08:03 6430948                    /usr/lib/x86_64-linux-gnu/libXdmcp.so.6.0.0
7fa34d42d000-7fa34d42e000 rw-p 00005000 08:03 6430948                    /usr/lib/x86_64-linux-gnu/libXdmcp.so.6.0.0
7fa34d42e000-7fa34d430000 r-xp 00000000 08:03 6430937                    /usr/lib/x86_64-linux-gnu/libXau.so.6.0.0
7fa34d430000-7fa34d630000 ---p 00002000 08:03 6430937                    /usr/lib/x86_64-linux-gnu/libXau.so.6.0.0
7fa34d630000-7fa34d631000 r--p 00002000 08:03 6430937                    /usr/lib/x86_64-linux-gnu/libXau.so.6.0.0
7fa34d631000-7fa34d632000 rw-p 00003000 08:03 6430937                    /usr/lib/x86_64-linux-gnu/libXau.so.6.0.0
7fa34d632000-7fa34d64f000 r-xp 00000000 08:03 6432135                    /usr/lib/x86_64-linux-gnu/libxcb.so.1.1.0
7fa34d64f000-7fa34d84f000 ---p 0001d000 08:03 6432135                    /usr/lib/x86_64-linux-gnu/libxcb.so.1.1.0
7fa34d84f000-7fa34d850000 r--p 0001d000 08:03 6432135                    /usr/lib/x86_64-linux-gnu/libxcb.so.1.1.0
7fa34d850000-7fa34d851000 rw-p 0001e000 08:03 6432135                    /usr/lib/x86_64-linux-gnu/libxcb.so.1.1.0
7fa34d851000-7fa34d860000 r-xp 00000000 08:03 6430958                    /usr/lib/x86_64-linux-gnu/libXi.so.6.1.0
7fa34d860000-7fa34da5f000 ---p 0000f000 08:03 6430958                    /usr/lib/x86_64-linux-gnu/libXi.so.6.1.0
7fa34da5f000-7fa34da60000 r--p 0000e000 08:03 6430958                    /usr/lib/x86_64-linux-gnu/libXi.so.6.1.0
7fa34da60000-7fa34da61000 rw-p 0000f000 08:03 6430958                    /usr/lib/x86_64-linux-gnu/libXi.so.6.1.0
7fa34da61000-7fa34da66000 r-xp 00000000 08:03 6430978                    /usr/lib/x86_64-linux-gnu/libXtst.so.6.1.0
7fa34da66000-7fa34dc65000 ---p 00005000 08:03 6430978                    /usr/lib/x86_64-linux-gnu/libXtst.so.6.1.0
7fa34dc65000-7fa34dc66000 r--p 00004000 08:03 6430978                    /usr/lib/x86_64-linux-gnu/libXtst.so.6.1.0
7fa34dc66000-7fa34dc67000 rw-p 00005000 08:03 6430978                    /usr/lib/x86_64-linux-gnu/libXtst.so.6.1.0
7fa34dc67000-7fa34dc70000 r-xp 00000000 08:03 6430972                    /usr/lib/x86_64-linux-gnu/libXrender.so.1.3.0
7fa34dc70000-7fa34de6f000 ---p 00009000 08:03 6430972                    /usr/lib/x86_64-linux-gnu/libXrender.so.1.3.0
7fa34de6f000-7fa34de70000 r--p 00008000 08:03 6430972                    /usr/lib/x86_64-linux-gnu/libXrender.so.1.3.0
7fa34de70000-7fa34de71000 rw-p 00009000 08:03 6430972                    /usr/lib/x86_64-linux-gnu/libXrender.so.1.3.0
7fa34de71000-7fa34dfa4000 r-xp 00000000 08:03 6430933                    /usr/lib/x86_64-linux-gnu/libX11.so.6.3.0
7fa34dfa4000-7fa34e1a4000 ---p 00133000 08:03 6430933                    /usr/lib/x86_64-linux-gnu/libX11.so.6.3.0
7fa34e1a4000-7fa34e1a5000 r--p 00133000 08:03 6430933                    /usr/lib/x86_64-linux-gnu/libX11.so.6.3.0
7fa34e1a5000-7fa34e1a9000 rw-p 00134000 08:03 6430933                    /usr/lib/x86_64-linux-gnu/libX11.so.6.3.0
7fa34e1a9000-7fa34e1aa000 rw-p 00000000 00:00 0 
7fa34e1aa000-7fa34e1bb000 r-xp 00000000 08:03 6430950                    /usr/lib/x86_64-linux-gnu/libXext.so.6.4.0
7fa34e1bb000-7fa34e3ba000 ---p 00011000 08:03 6430950                    /usr/lib/x86_64-linux-gnu/libXext.so.6.4.0
7fa34e3ba000-7fa34e3bb000 r--p 00010000 08:03 6430950                    /usr/lib/x86_64-linux-gnu/libXext.so.6.4.0
7fa34e3bb000-7fa34e3bc000 rw-p 00011000 08:03 6430950                    /usr/lib/x86_64-linux-gnu/libXext.so.6.4.0
7fa34e3bc000-7fa34e413000 r-xp 00000000 08:03 6425205                    /usr/lib/jvm/java-8-openjdk-amd64/jre/lib/amd64/libawt_xawt.so
7fa34e413000-7fa34e613000 ---p 00057000 08:03 6425205                    /usr/lib/jvm/java-8-openjdk-amd64/jre/lib/amd64/libawt_xawt.so
7fa34e613000-7fa34e614000 r--p 00057000 08:03 6425205                    /usr/lib/jvm/java-8-openjdk-amd64/jre/lib/amd64/libawt_xawt.so
7fa34e614000-7fa34e617000 rw-p 00058000 08:03 6425205                    /usr/lib/jvm/java-8-openjdk-amd64/jre/lib/amd64/libawt_xawt.so
7fa34e617000-7fa34e618000 rw-p 00000000 00:00 0 
7fa34e618000-7fa34e6b9000 r-xp 00000000 08:03 6425236                    /usr/lib/jvm/java-8-openjdk-amd64/jre/lib/amd64/libawt.so
7fa34e6b9000-7fa34e8b8000 ---p 000a1000 08:03 6425236                    /usr/lib/jvm/java-8-openjdk-amd64/jre/lib/amd64/libawt.so
7fa34e8b8000-7fa34e8b9000 r--p 000a0000 08:03 6425236                    /usr/lib/jvm/java-8-openjdk-amd64/jre/lib/amd64/libawt.so
7fa34e8b9000-7fa34e8c4000 rw-p 000a1000 08:03 6425236                    /usr/lib/jvm/java-8-openjdk-amd64/jre/lib/amd64/libawt.so
7fa34e8c4000-7fa34e8e9000 rw-p 00000000 00:00 0 
7fa34e8e9000-7fa34e8eb000 r-xp 00000000 08:03 6029377                    /tmp/jogamp_0000/file_cache/jln1037746613255542144/jln2695060865984472622/natives/linux-amd64/libgluegen-rt.so
7fa34e8eb000-7fa34eaea000 ---p 00002000 08:03 6029377                    /tmp/jogamp_0000/file_cache/jln1037746613255542144/jln2695060865984472622/natives/linux-amd64/libgluegen-rt.so
7fa34eaea000-7fa34eaeb000 rw-p 00001000 08:03 6029377                    /tmp/jogamp_0000/file_cache/jln1037746613255542144/jln2695060865984472622/natives/linux-amd64/libgluegen-rt.so
7fa34eaeb000-7fa34eaee000 ---p 00000000 00:00 0 
7fa34eaee000-7fa34ebec000 rw-p 00000000 00:00 0                          [stack:6428]
7fa34ebec000-7fa34ebfd000 r-xp 00000000 08:03 6425228                    /usr/lib/jvm/java-8-openjdk-amd64/jre/lib/amd64/libnio.so
7fa34ebfd000-7fa34edfc000 ---p 00011000 08:03 6425228                    /usr/lib/jvm/java-8-openjdk-amd64/jre/lib/amd64/libnio.so
7fa34edfc000-7fa34edfd000 r--p 00010000 08:03 6425228                    /usr/lib/jvm/java-8-openjdk-amd64/jre/lib/amd64/libnio.so
7fa34edfd000-7fa34edfe000 rw-p 00011000 08:03 6425228                    /usr/lib/jvm/java-8-openjdk-amd64/jre/lib/amd64/libnio.so
7fa34edfe000-7fa34f0ff000 rw-p 00000000 00:00 0 
7fa34f0ff000-7fa34f116000 r-xp 00000000 08:03 6425209                    /usr/lib/jvm/java-8-openjdk-amd64/jre/lib/amd64/libnet.so
7fa34f116000-7fa34f315000 ---p 00017000 08:03 6425209                    /usr/lib/jvm/java-8-openjdk-amd64/jre/lib/amd64/libnet.so
7fa34f315000-7fa34f316000 r--p 00016000 08:03 6425209                    /usr/lib/jvm/java-8-openjdk-amd64/jre/lib/amd64/libnet.so
7fa34f316000-7fa34f317000 rw-p 00017000 08:03 6425209                    /usr/lib/jvm/java-8-openjdk-amd64/jre/lib/amd64/libnet.so
7fa34f317000-7fa34f318000 ---p 00000000 00:00 0 
7fa34f318000-7fa34f418000 rw-p 00000000 00:00 0                          [stack:6419]
7fa34f418000-7fa34f41b000 ---p 00000000 00:00 0 
7fa34f41b000-7fa34f519000 rw-p 00000000 00:00 0                          [stack:6418]
7fa34f519000-7fa34f51c000 ---p 00000000 00:00 0 
7fa34f51c000-7fa34f61a000 rw-p 00000000 00:00 0                          [stack:6417]
7fa34f61a000-7fa34f61d000 ---p 00000000 00:00 0 
7fa34f61d000-7fa34f71b000 rw-p 00000000 00:00 0                          [stack:6416]
7fa34f71b000-7fa34f71e000 ---p 00000000 00:00 0 
7fa34f71e000-7fa34f81c000 rw-p 00000000 00:00 0                          [stack:6415]
7fa34f81c000-7fa34f81f000 ---p 00000000 00:00 0 
7fa34f81f000-7fa34f91d000 rw-p 00000000 00:00 0                          [stack:6414]
7fa34f91d000-7fa350000000 r--p 00000000 08:03 6429964                    /usr/lib/locale/locale-archive
7fa350000000-7fa350021000 rw-p 00000000 00:00 0 
7fa350021000-7fa354000000 ---p 00000000 00:00 0 
7fa354006000-7fa354009000 rw-p 00000000 00:00 0 
7fa354009000-7fa35400a000 rw-s 156c2b000 00:06 13740                     /dev/nvidiactl
7fa35400a000-7fa35400e000 rw-s 20c40e000 00:06 13740                     /dev/nvidiactl
7fa35400e000-7fa35400f000 rw-s dfd64000 00:06 13741                      /dev/nvidia0
7fa35400f000-7fa35404f000 rw-s 156d68000 00:06 13740                     /dev/nvidiactl
7fa35404f000-7fa35406f000 rw-s 156d59000 00:06 13740                     /dev/nvidiactl
7fa35406f000-7fa3540af000 rw-s 20c410000 00:06 13740                     /dev/nvidiactl
7fa3540af000-7fa3540b2000 ---p 00000000 00:00 0 
7fa3540b2000-7fa358000000 rw-p 00000000 00:00 0                          [stack:6413]
7fa358000000-7fa358021000 rw-p 00000000 00:00 0 
7fa358021000-7fa35c000000 ---p 00000000 00:00 0 
7fa35c000000-7fa35c001000 rw-s dfd64000 00:06 13741                      /dev/nvidia0
7fa35c001000-7fa35c021000 rw-s 1459d2000 00:06 13740                     /dev/nvidiactl
7fa35c021000-7fa35c022000 rw-s fa642000 00:06 13741                      /dev/nvidia0
7fa35c022000-7fa35c023000 rw-s 21f399000 00:06 13740                     /dev/nvidiactl
7fa35c023000-7fa35c024000 rw-s fa641000 00:06 13741                      /dev/nvidia0
7fa35c024000-7fa35c025000 rw-s 21f398000 00:06 13740                     /dev/nvidiactl
7fa35c025000-7fa35c026000 rw-s 21f39a000 00:06 13740                     /dev/nvidiactl
7fa35c026000-7fa35c039000 r--s 00345000 08:03 6425242                    /usr/lib/jvm/java-8-openjdk-amd64/jre/lib/resources.jar
7fa35c039000-7fa35c03c000 ---p 00000000 00:00 0 
7fa35c03c000-7fa35c072000 rw-p 00000000 00:00 0                          [stack:6423]
7fa35c072000-7fa35c073000 r--p 00000000 00:00 0 
7fa35c073000-7fa35c078000 r--s 00094000 08:03 6425238                    /usr/lib/jvm/java-8-openjdk-amd64/jre/lib/jsse.jar
7fa35c078000-7fa35c079000 r--s 00001000 08:03 6029436                    /home/elect/.gradle/caches/modules-2/files-2.1/org.jogamp.gluegen/gluegen-rt/2.3.2/f9b848384a343f39f454e59cead435c2c0cbf542/gluegen-rt-2.3.2-natives-windows-i586.jar
7fa35c079000-7fa35c07a000 r--s 00001000 08:03 6029435                    /home/elect/.gradle/caches/modules-2/files-2.1/org.jogamp.gluegen/gluegen-rt/2.3.2/85213c97a5a50d8dd37de4c35ef32cd4b0ac2ef0/gluegen-rt-2.3.2-natives-windows-amd64.jar
7fa35c07a000-7fa35c07b000 r--s 00000000 08:03 6029434                    /home/elect/.gradle/caches/modules-2/files-2.1/org.jogamp.gluegen/gluegen-rt/2.3.2/a5d9ee96c7a365055fba41e30f9a10f42a3c1a3e/gluegen-rt-2.3.2-natives-solaris-i586.jar
7fa35c07b000-7fa35c07c000 r--s 00001000 08:03 6029433                    /home/elect/.gradle/caches/modules-2/files-2.1/org.jogamp.gluegen/gluegen-rt/2.3.2/9a23cd22c59e3f04082e7589e850b79c9e696dc4/gluegen-rt-2.3.2-natives-solaris-amd64.jar
7fa35c07c000-7fa35c07d000 r--s 00001000 08:03 6029432                    /home/elect/.gradle/caches/modules-2/files-2.1/org.jogamp.gluegen/gluegen-rt/2.3.2/7227ae9e480354909d80f4df92b30bbb965387be/gluegen-rt-2.3.2-natives-macosx-universal.jar
7fa35c07d000-7fa35c07f000 r--s 00000000 08:03 6029431                    /home/elect/.gradle/caches/modules-2/files-2.1/org.jogamp.gluegen/gluegen-rt/2.3.2/da68aff010edd35a9ee89b1801dce6e284c7e673/gluegen-rt-2.3.2-natives-linux-i586.jar
7fa35c07f000-7fa35c080000 r--s 00000000 08:03 6029430                    /home/elect/.gradle/caches/modules-2/files-2.1/org.jogamp.gluegen/gluegen-rt/2.3.2/f6d3587b061d7ae6e68932fc62317e3500d2112d/gluegen-rt-2.3.2-natives-linux-armv6hf.jar
7fa35c080000-7fa35c081000 r--s 00000000 08:03 6029429                    /home/elect/.gradle/caches/modules-2/files-2.1/org.jogamp.gluegen/gluegen-rt/2.3.2/c55cd566d98d4fcd004b9aaa2c502c8c2dcec192/gluegen-rt-2.3.2-natives-linux-armv6.jar
7fa35c081000-7fa35c083000 r--s 00000000 08:03 6029428                    /home/elect/.gradle/caches/modules-2/files-2.1/org.jogamp.gluegen/gluegen-rt/2.3.2/477a6bc4f9256d8c9935b75d55e2b7b01314440b/gluegen-rt-2.3.2-natives-linux-amd64.jar
7fa35c083000-7fa35c084000 r--s 00001000 08:03 6029427                    /home/elect/.gradle/caches/modules-2/files-2.1/org.jogamp.gluegen/gluegen-rt/2.3.2/2130295b94ef5c19f85fb4ba6107ca193e987858/gluegen-rt-2.3.2-natives-android-armv6.jar
7fa35c084000-7fa35c085000 r--s 00000000 08:03 6029426                    /home/elect/.gradle/caches/modules-2/files-2.1/org.jogamp.gluegen/gluegen-rt/2.3.2/4c104c7aef98cda5c404eacb96b1a4e04fe0dd68/gluegen-rt-2.3.2-natives-android-aarch64.jar
7fa35c085000-7fa35c08b000 r--s 0004f000 08:03 6029425                    /home/elect/.gradle/caches/modules-2/files-2.1/org.jogamp.gluegen/gluegen-rt/2.3.2/edc35ccfc13d4a4ad02c50d580874c18bf48bbef/gluegen-rt-2.3.2.jar
7fa35c08b000-7fa35c08c000 r--s 00004000 08:03 6029498                    /home/elect/.gradle/caches/modules-2/files-2.1/org.jogamp.jogl/newt/2.3.2/e25eae0a0af4c9881b1f105239eb1a11ba8ff062/newt-2.3.2-natives-windows-i586.jar
7fa35c08c000-7fa35c08d000 r--s 00004000 08:03 6029497                    /home/elect/.gradle/caches/modules-2/files-2.1/org.jogamp.jogl/newt/2.3.2/345a309326786646a4b288824c285331496ccfbe/newt-2.3.2-natives-windows-amd64.jar
7fa35c08d000-7fa35c08e000 r--s 00005000 08:03 6029496                    /home/elect/.gradle/caches/modules-2/files-2.1/org.jogamp.jogl/newt/2.3.2/87b54f8bfc1e5190418aaaa6a042473f4f556b15/newt-2.3.2-natives-solaris-i586.jar
7fa35c08e000-7fa35c08f000 r--s 00006000 08:03 6029495                    /home/elect/.gradle/caches/modules-2/files-2.1/org.jogamp.jogl/newt/2.3.2/5ec2a841e5469e21dd36f3d92365afaad86ade3b/newt-2.3.2-natives-solaris-amd64.jar
7fa35c08f000-7fa35c090000 r--s 0000e000 08:03 6029494                    /home/elect/.gradle/caches/modules-2/files-2.1/org.jogamp.jogl/newt/2.3.2/eb1257f13f3b411dc83db05ebeb21d44767eaed6/newt-2.3.2-natives-macosx-universal.jar
7fa35c090000-7fa35c091000 r--s 00006000 08:03 6029493                    /home/elect/.gradle/caches/modules-2/files-2.1/org.jogamp.jogl/newt/2.3.2/8e2017dd73e68ae1753f0724e0489d835f791946/newt-2.3.2-natives-linux-i586.jar
7fa35c091000-7fa35c092000 r--s 00005000 08:03 6029492                    /home/elect/.gradle/caches/modules-2/files-2.1/org.jogamp.jogl/newt/2.3.2/e944b80304cda285686fad84963af27e0746b911/newt-2.3.2-natives-linux-armv6hf.jar
7fa35c092000-7fa35c093000 r--s 00005000 08:03 6029491                    /home/elect/.gradle/caches/modules-2/files-2.1/org.jogamp.jogl/newt/2.3.2/f25e0ab0de2dc29d8b16740ff9ae9e52e503bec0/newt-2.3.2-natives-linux-armv6.jar
7fa35c093000-7fa35c094000 r--s 00006000 08:03 6029490                    /home/elect/.gradle/caches/modules-2/files-2.1/org.jogamp.jogl/newt/2.3.2/24007dc5205f4f9773198d1be5f7013a8b6a2b96/newt-2.3.2-natives-linux-amd64.jar
7fa35c094000-7fa35c095000 r--s 00001000 08:03 6029489                    /home/elect/.gradle/caches/modules-2/files-2.1/org.jogamp.jogl/newt/2.3.2/7b425742f16722273c189f5f860f212a01b3b462/newt-2.3.2-natives-android-armv6.jar
7fa35c095000-7fa35c097000 r--s 00000000 08:03 6029488                    /home/elect/.gradle/caches/modules-2/files-2.1/org.jogamp.jogl/newt/2.3.2/f05e8b11b0f7ba31a75033d9b40da603c449635/newt-2.3.2-natives-android-aarch64.jar
7fa35c097000-7fa35c098000 r--s 00008000 08:03 6029487                    /home/elect/.gradle/caches/modules-2/files-2.1/org.jogamp.jogl/newt/2.3.2/c975b00340f112cb8fbbe35bead078f3e64f5a8c/newt-2.3.2-driver-x11.jar
7fa35c098000-7fa35c09a000 r--s 00002000 08:03 6029486                    /home/elect/.gradle/caches/modules-2/files-2.1/org.jogamp.jogl/newt/2.3.2/5a009f4d9a1730839eefbb0990fdacc35859b48a/newt-2.3.2-driver-win.jar
7fa35c09a000-7fa35c09b000 r--s 00007000 08:03 6029485                    /home/elect/.gradle/caches/modules-2/files-2.1/org.jogamp.jogl/newt/2.3.2/cc363a480a51c59ca3a4a24dc982221a3adb2e81/newt-2.3.2-driver-osx.jar
7fa35c09b000-7fa35c09c000 r--s 00002000 08:03 6029484                    /home/elect/.gradle/caches/modules-2/files-2.1/org.jogamp.jogl/newt/2.3.2/95ef751e091b696ebc4700b5a04891575990122d/newt-2.3.2-driver-linux.jar
7fa35c09c000-7fa35c09d000 r--s 00001000 08:03 6029483                    /home/elect/.gradle/caches/modules-2/files-2.1/org.jogamp.jogl/newt/2.3.2/14da99081d9289fa556fc6aab4589b229197a3e4/newt-2.3.2-driver-kd.jar
7fa35c09d000-7fa35c09e000 r--s 00001000 08:03 6029482                    /home/elect/.gradle/caches/modules-2/files-2.1/org.jogamp.jogl/newt/2.3.2/edb56dfa3e4ecdf08c85e6ad78d3a187f7a753c8/newt-2.3.2-driver-intelgdl.jar
7fa35c09e000-7fa35c09f000 r--s 00002000 08:03 6029481                    /home/elect/.gradle/caches/modules-2/files-2.1/org.jogamp.jogl/newt/2.3.2/4c53748c34d6d2c30908ba3007816ca85f0e0791/newt-2.3.2-driver-bcm-vc.jar
7fa35c09f000-7fa35c0a0000 r--s 00001000 08:03 6029480                    /home/elect/.gradle/caches/modules-2/files-2.1/org.jogamp.jogl/newt/2.3.2/4b4af96e706899860846f04d2933e859234326ca/newt-2.3.2-driver-bcm-old.jar
7fa35c0a0000-7fa35c0a1000 r--s 00008000 08:03 6029479                    /home/elect/.gradle/caches/modules-2/files-2.1/org.jogamp.jogl/newt/2.3.2/a43e9001b3651548ceac27061001a0d0054d2908/newt-2.3.2-driver-android.jar
7fa35c0a1000-7fa35c0a2000 r--s 00008000 08:03 6029478                    /home/elect/.gradle/caches/modules-2/files-2.1/org.jogamp.jogl/newt/2.3.2/2b7005b3693c301ba81c00a50dae413427f85791/newt-2.3.2-ogl.jar
7fa35c0a2000-7fa35c0a4000 r--s 0000b000 08:03 6029477                    /home/elect/.gradle/caches/modules-2/files-2.1/org.jogamp.jogl/newt/2.3.2/5268c4c933bdcc1188e01dc3d0eb218bda277db3/newt-2.3.2-event.jar
7fa35c0a4000-7fa35c0a7000 r--s 0002c000 08:03 6029476                    /home/elect/.gradle/caches/modules-2/files-2.1/org.jogamp.jogl/newt/2.3.2/2f0d759de0a7d61be4cba251b573b98bcef608d8/newt-2.3.2.jar
7fa35c0a7000-7fa35c0a8000 r--s 00004000 08:03 6029470                    /home/elect/.gradle/caches/modules-2/files-2.1/org.jogamp.jogl/nativewindow/2.3.2/fda8e3b58cd05acb6bae87966710b7633283704a/nativewindow-2.3.2-natives-windows-i586.jar
7fa35c0a8000-7fa35c0a9000 r--s 00004000 08:03 6029469                    /home/elect/.gradle/caches/modules-2/files-2.1/org.jogamp.jogl/nativewindow/2.3.2/1ec8ecfe1a35a8c50fe36708875c93a9664f24e/nativewindow-2.3.2-natives-windows-amd64.jar
7fa35c0a9000-7fa35c0ab000 r--s 00002000 08:03 6029468                    /home/elect/.gradle/caches/modules-2/files-2.1/org.jogamp.jogl/nativewindow/2.3.2/b887f303070cd0c87a27feabcf344fef9666af66/nativewindow-2.3.2-natives-solaris-i586.jar
7fa35c0ab000-7fa35c0ac000 r--s 00003000 08:03 6029467                    /home/elect/.gradle/caches/modules-2/files-2.1/org.jogamp.jogl/nativewindow/2.3.2/63d814027e5f2a1aeb1e9672ec14bc781b8a9843/nativewindow-2.3.2-natives-solaris-amd64.jar
7fa35c0ac000-7fa35c0ad000 r--s 00007000 08:03 6029466                    /home/elect/.gradle/caches/modules-2/files-2.1/org.jogamp.jogl/nativewindow/2.3.2/c6bfd67b0ac217a403f73894bacc7044059c2a0c/nativewindow-2.3.2-natives-macosx-universal.jar
7fa35c0ad000-7fa35c0ae000 r--s 00003000 08:03 6029465                    /home/elect/.gradle/caches/modules-2/files-2.1/org.jogamp.jogl/nativewindow/2.3.2/4f556326a5d174a31c9af30127f39fd0c876316b/nativewindow-2.3.2-natives-linux-i586.jar
7fa35c0ae000-7fa35c0af000 r--s 00002000 08:03 6029464                    /home/elect/.gradle/caches/modules-2/files-2.1/org.jogamp.jogl/nativewindow/2.3.2/e959e10219f023c27bd4e5582f626e8874825820/nativewindow-2.3.2-natives-linux-armv6hf.jar
7fa35c0af000-7fa35c0b0000 r--s 00002000 08:03 6029463                    /home/elect/.gradle/caches/modules-2/files-2.1/org.jogamp.jogl/nativewindow/2.3.2/3ce179989908a51aec7799dfab4841685e6350f6/nativewindow-2.3.2-natives-linux-armv6.jar
7fa35c0b0000-7fa35c0b1000 r--s 00003000 08:03 6029462                    /home/elect/.gradle/caches/modules-2/files-2.1/org.jogamp.jogl/nativewindow/2.3.2/fe23dbb106657ac76f7c981e5357c294623b9f8f/nativewindow-2.3.2-natives-linux-amd64.jar
7fa35c0b1000-7fa35c0d5000 r--s 0031e000 08:03 6029407                    /home/elect/.gradle/caches/modules-2/files-2.1/org.jogamp.jogl/jogl-all/2.3.2/99e0f64bb8882f054825ae4a8a527a17b544a0b5/jogl-all-2.3.2.jar
7fa35c0d5000-7fa35c0f1000 r--s 00393000 08:03 6425245                    /usr/lib/jvm/java-8-openjdk-amd64/jre/lib/ext/cldrdata.jar
7fa35c0f1000-7fa35c0f4000 ---p 00000000 00:00 0 
7fa35c0f4000-7fa35c1f2000 rw-p 00000000 00:00 0                          [stack:6412]
7fa35c1f2000-7fa35c1f3000 ---p 00000000 00:00 0 
7fa35c1f3000-7fa35d000000 rw-p 00000000 00:00 0                          [stack:6411]
7fa35d000000-7fa35d320000 rwxp 00000000 00:00 0 
7fa35d320000-7fa36c000000 ---p 00000000 00:00 0 
7fa36c000000-7fa36cc7d000 rw-p 00000000 00:00 0 
7fa36cc7d000-7fa370000000 ---p 00000000 00:00 0 
7fa370000000-7fa370001000 r--s 00000000 08:03 6029461                    /home/elect/.gradle/caches/modules-2/files-2.1/org.jogamp.jogl/nativewindow/2.3.2/c2003f72ca3de3f34e4920dc2c50b83a094959b9/nativewindow-2.3.2-natives-android-armv6.jar
7fa370001000-7fa370002000 r--s 00000000 08:03 6029460                    /home/elect/.gradle/caches/modules-2/files-2.1/org.jogamp.jogl/nativewindow/2.3.2/b3f9623ef71eadfafce4c70f485e3a93dfe7abdf/nativewindow-2.3.2-natives-android-aarch64.jar
7fa370002000-7fa370003000 r--s 00006000 08:03 6029459                    /home/elect/.gradle/caches/modules-2/files-2.1/org.jogamp.jogl/nativewindow/2.3.2/a75599e783ff6cbee68e60f80f00113b5e95919f/nativewindow-2.3.2-os-x11.jar
7fa370003000-7fa370004000 r--s 00001000 08:03 6029458                    /home/elect/.gradle/caches/modules-2/files-2.1/org.jogamp.jogl/nativewindow/2.3.2/bac1ceae906c7a80ad37b42f917ecff289c959d9/nativewindow-2.3.2-os-osx.jar
7fa370004000-7fa370005000 r--s 00006000 08:03 6029456                    /home/elect/.gradle/caches/modules-2/files-2.1/org.jogamp.jogl/nativewindow/2.3.2/9eeb70fd34c7c86e586ec02f22eaaf8074ddbcb7/nativewindow-2.3.2-os-win.jar
7fa370005000-7fa370008000 r--s 00016000 08:03 6029455                    /home/elect/.gradle/caches/modules-2/files-2.1/org.jogamp.jogl/nativewindow/2.3.2/c4e73108a1ccb49110516be8b63d44cf07f0f26b/nativewindow-2.3.2.jar
7fa370008000-7fa37000a000 r--s 00032000 08:03 6029418                    /home/elect/.gradle/caches/modules-2/files-2.1/org.jogamp.jogl/jogl-all/2.3.2/5db8db5eca6b4445db6cd14f68938736630ae976/jogl-all-2.3.2-natives-windows-i586.jar
7fa37000a000-7fa37000b000 r--s 0003a000 08:03 6029417                    /home/elect/.gradle/caches/modules-2/files-2.1/org.jogamp.jogl/jogl-all/2.3.2/becd519b1f741176561d93645abd90971ca0dca0/jogl-all-2.3.2-natives-windows-amd64.jar
7fa37000b000-7fa37000c000 r--s 00027000 08:03 6029416                    /home/elect/.gradle/caches/modules-2/files-2.1/org.jogamp.jogl/jogl-all/2.3.2/94d1ed501fe53b7f75eab0f712f39802390d0f5b/jogl-all-2.3.2-natives-solaris-i586.jar
7fa37000c000-7fa37000d000 r--s 00035000 08:03 6029415                    /home/elect/.gradle/caches/modules-2/files-2.1/org.jogamp.jogl/jogl-all/2.3.2/bde11ff064181af9c307180d8f3f1744b7bdc11d/jogl-all-2.3.2-natives-solaris-amd64.jar
7fa37000d000-7fa37000e000 r--s 0006c000 08:03 6029414                    /home/elect/.gradle/caches/modules-2/files-2.1/org.jogamp.jogl/jogl-all/2.3.2/2da2215dbe1091c54cb83cf2484f8a54a4d0cf7a/jogl-all-2.3.2-natives-macosx-universal.jar
7fa37000e000-7fa370010000 r--s 00034000 08:03 6029413                    /home/elect/.gradle/caches/modules-2/files-2.1/org.jogamp.jogl/jogl-all/2.3.2/59b7a336c0ee54161e33662d2ca8ac9d8f6c476d/jogl-all-2.3.2-natives-linux-i586.jar
7fa370010000-7fa370011000 r--s 00028000 08:03 6029412                    /home/elect/.gradle/caches/modules-2/files-2.1/org.jogamp.jogl/jogl-all/2.3.2/2c434c560dbd821b0ed569e44d3d441727491dac/jogl-all-2.3.2-natives-linux-armv6hf.jar
7fa370011000-7fa370012000 r--s 00027000 08:03 6029411                    /home/elect/.gradle/caches/modules-2/files-2.1/org.jogamp.jogl/jogl-all/2.3.2/6d14f46336be9e2dc5f85d5df17490cee5d09a90/jogl-all-2.3.2-natives-linux-armv6.jar
7fa370012000-7fa370013000 r--s 00036000 08:03 6029410                    /home/elect/.gradle/caches/modules-2/files-2.1/org.jogamp.jogl/jogl-all/2.3.2/ffd1c6bd5f6fb088df6cad25e25721eb55ad2228/jogl-all-2.3.2-natives-linux-amd64.jar
7fa370013000-7fa370014000 r--s 0000f000 08:03 6029409                    /home/elect/.gradle/caches/modules-2/files-2.1/org.jogamp.jogl/jogl-all/2.3.2/ab2c18b8a1327255cc354c19c720807d262baa75/jogl-all-2.3.2-natives-android-armv6.jar
7fa370014000-7fa37002e000 r--s 001d3000 08:03 6425246                    /usr/lib/jvm/java-8-openjdk-amd64/jre/lib/ext/nashorn.jar
7fa37002e000-7fa370301000 rw-p 00000000 00:00 0 
7fa370301000-7fa3704ce000 r--s 03bd3000 08:03 6425271                    /usr/lib/jvm/java-8-openjdk-amd64/jre/lib/rt.jar
7fa3704ce000-7fa371129000 rw-p 00000000 00:00 0 
7fa371129000-7fa37112a000 ---p 00000000 00:00 0 
7fa37112a000-7fa37122a000 rw-p 00000000 00:00 0                          [stack:6409]
7fa37122a000-7fa37122b000 ---p 00000000 00:00 0 
7fa37122b000-7fa37132b000 rw-p 00000000 00:00 0                          [stack:6407]
7fa37132b000-7fa37132c000 ---p 00000000 00:00 0 
7fa37132c000-7fa37142c000 rw-p 00000000 00:00 0                          [stack:6406]
7fa37142c000-7fa37142d000 ---p 00000000 00:00 0 
7fa37142d000-7fa371557000 rw-p 00000000 00:00 0                          [stack:6404]
7fa371557000-7fa3717c6000 ---p 00000000 00:00 0 
7fa3717c6000-7fa3717f0000 rw-p 00000000 00:00 0 
7fa3717f0000-7fa371a5e000 ---p 00000000 00:00 0 
7fa371a5e000-7fa371a74000 rw-p 00000000 00:00 0 
7fa371a74000-7fa371bab000 ---p 00000000 00:00 0 
7fa371bab000-7fa371bb9000 rw-p 00000000 00:00 0 
7fa371bb9000-7fa371f6c000 ---p 00000000 00:00 0 
7fa371f6c000-7fa371f74000 r-xp 00000000 08:03 6425202                    /usr/lib/jvm/java-8-openjdk-amd64/jre/lib/amd64/libzip.so
7fa371f74000-7fa372173000 ---p 00008000 08:03 6425202                    /usr/lib/jvm/java-8-openjdk-amd64/jre/lib/amd64/libzip.so
7fa372173000-7fa372174000 r--p 00007000 08:03 6425202                    /usr/lib/jvm/java-8-openjdk-amd64/jre/lib/amd64/libzip.so
7fa372174000-7fa372175000 rw-p 00008000 08:03 6425202                    /usr/lib/jvm/java-8-openjdk-amd64/jre/lib/amd64/libzip.so
7fa372175000-7fa372181000 r-xp 00000000 08:03 4067608                    /lib/x86_64-linux-gnu/libnss_files-2.21.so
7fa372181000-7fa372380000 ---p 0000c000 08:03 4067608                    /lib/x86_64-linux-gnu/libnss_files-2.21.so
7fa372380000-7fa372381000 r--p 0000b000 08:03 4067608                    /lib/x86_64-linux-gnu/libnss_files-2.21.so
7fa372381000-7fa372382000 rw-p 0000c000 08:03 4067608                    /lib/x86_64-linux-gnu/libnss_files-2.21.so
7fa372382000-7fa37238d000 r-xp 00000000 08:03 4067618                    /lib/x86_64-linux-gnu/libnss_nis-2.21.so
7fa37238d000-7fa37258c000 ---p 0000b000 08:03 4067618                    /lib/x86_64-linux-gnu/libnss_nis-2.21.so
7fa37258c000-7fa37258d000 r--p 0000a000 08:03 4067618                    /lib/x86_64-linux-gnu/libnss_nis-2.21.so
7fa37258d000-7fa37258e000 rw-p 0000b000 08:03 4067618                    /lib/x86_64-linux-gnu/libnss_nis-2.21.so
7fa37258e000-7fa3725a5000 r-xp 00000000 08:03 4067602                    /lib/x86_64-linux-gnu/libnsl-2.21.so
7fa3725a5000-7fa3727a4000 ---p 00017000 08:03 4067602                    /lib/x86_64-linux-gnu/libnsl-2.21.so
7fa3727a4000-7fa3727a5000 r--p 00016000 08:03 4067602                    /lib/x86_64-linux-gnu/libnsl-2.21.so
7fa3727a5000-7fa3727a6000 rw-p 00017000 08:03 4067602                    /lib/x86_64-linux-gnu/libnsl-2.21.so
7fa3727a6000-7fa3727a8000 rw-p 00000000 00:00 0 
7fa3727a8000-7fa3727b0000 r-xp 00000000 08:03 4067604                    /lib/x86_64-linux-gnu/libnss_compat-2.21.so
7fa3727b0000-7fa3729af000 ---p 00008000 08:03 4067604                    /lib/x86_64-linux-gnu/libnss_compat-2.21.so
7fa3729af000-7fa3729b0000 r--p 00007000 08:03 4067604                    /lib/x86_64-linux-gnu/libnss_compat-2.21.so
7fa3729b0000-7fa3729b1000 rw-p 00008000 08:03 4067604                    /lib/x86_64-linux-gnu/libnss_compat-2.21.so
7fa3729b1000-7fa3729df000 r-xp 00000000 08:03 6425199                    /usr/lib/jvm/java-8-openjdk-amd64/jre/lib/amd64/libjava.so
7fa3729df000-7fa372bde000 ---p 0002e000 08:03 6425199                    /usr/lib/jvm/java-8-openjdk-amd64/jre/lib/amd64/libjava.so
7fa372bde000-7fa372bdf000 r--p 0002d000 08:03 6425199                    /usr/lib/jvm/java-8-openjdk-amd64/jre/lib/amd64/libjava.so
7fa372bdf000-7fa372be1000 rw-p 0002e000 08:03 6425199                    /usr/lib/jvm/java-8-openjdk-amd64/jre/lib/amd64/libjava.so
7fa372be1000-7fa372bf0000 r-xp 00000000 08:03 6425214                    /usr/lib/jvm/java-8-openjdk-amd64/jre/lib/amd64/libverify.so
7fa372bf0000-7fa372df0000 ---p 0000f000 08:03 6425214                    /usr/lib/jvm/java-8-openjdk-amd64/jre/lib/amd64/libverify.so
7fa372df0000-7fa372df3000 r--p 0000f000 08:03 6425214                    /usr/lib/jvm/java-8-openjdk-amd64/jre/lib/amd64/libverify.so
7fa372df3000-7fa372df4000 rw-p 00012000 08:03 6425214                    /usr/lib/jvm/java-8-openjdk-amd64/jre/lib/amd64/libverify.so
7fa372df4000-7fa372dfb000 r-xp 00000000 08:03 4067663                    /lib/x86_64-linux-gnu/librt-2.21.so
7fa372dfb000-7fa372ffa000 ---p 00007000 08:03 4067663                    /lib/x86_64-linux-gnu/librt-2.21.so
7fa372ffa000-7fa372ffb000 r--p 00006000 08:03 4067663                    /lib/x86_64-linux-gnu/librt-2.21.so
7fa372ffb000-7fa372ffc000 rw-p 00007000 08:03 4067663                    /lib/x86_64-linux-gnu/librt-2.21.so
7fa372ffc000-7fa373012000 r-xp 00000000 08:03 4067514                    /lib/x86_64-linux-gnu/libgcc_s.so.1
7fa373012000-7fa373211000 ---p 00016000 08:03 4067514                    /lib/x86_64-linux-gnu/libgcc_s.so.1
7fa373211000-7fa373212000 rw-p 00015000 08:03 4067514                    /lib/x86_64-linux-gnu/libgcc_s.so.1
7fa373212000-7fa373319000 r-xp 00000000 08:03 4067581                    /lib/x86_64-linux-gnu/libm-2.21.so
7fa373319000-7fa373518000 ---p 00107000 08:03 4067581                    /lib/x86_64-linux-gnu/libm-2.21.so
7fa373518000-7fa373519000 r--p 00106000 08:03 4067581                    /lib/x86_64-linux-gnu/libm-2.21.so
7fa373519000-7fa37351a000 rw-p 00107000 08:03 4067581                    /lib/x86_64-linux-gnu/libm-2.21.so
7fa37351a000-7fa37360a000 r-xp 00000000 08:03 6431929                    /usr/lib/x86_64-linux-gnu/libstdc++.so.6.0.20
7fa37360a000-7fa37380a000 ---p 000f0000 08:03 6431929                    /usr/lib/x86_64-linux-gnu/libstdc++.so.6.0.20
7fa37380a000-7fa373812000 r--p 000f0000 08:03 6431929                    /usr/lib/x86_64-linux-gnu/libstdc++.so.6.0.20
7fa373812000-7fa373814000 rw-p 000f8000 08:03 6431929                    /usr/lib/x86_64-linux-gnu/libstdc++.so.6.0.20
7fa373814000-7fa373829000 rw-p 00000000 00:00 0 
7fa373829000-7fa3744b6000 r-xp 00000000 08:03 6425226                    /usr/lib/jvm/java-8-openjdk-amd64/jre/lib/amd64/server/libjvm.so
7fa3744b6000-7fa3746b6000 ---p 00c8d000 08:03 6425226                    /usr/lib/jvm/java-8-openjdk-amd64/jre/lib/amd64/server/libjvm.so
7fa3746b6000-7fa374759000 r--p 00c8d000 08:03 6425226                    /usr/lib/jvm/java-8-openjdk-amd64/jre/lib/amd64/server/libjvm.so
7fa374759000-7fa374782000 rw-p 00d30000 08:03 6425226                    /usr/lib/jvm/java-8-openjdk-amd64/jre/lib/amd64/server/libjvm.so
7fa374782000-7fa3747b1000 rw-p 00000000 00:00 0 
7fa3747b1000-7fa3747c9000 r-xp 00000000 08:03 4067655                    /lib/x86_64-linux-gnu/libpthread-2.21.so
7fa3747c9000-7fa3749c9000 ---p 00018000 08:03 4067655                    /lib/x86_64-linux-gnu/libpthread-2.21.so
7fa3749c9000-7fa3749ca000 r--p 00018000 08:03 4067655                    /lib/x86_64-linux-gnu/libpthread-2.21.so
7fa3749ca000-7fa3749cb000 rw-p 00019000 08:03 4067655                    /lib/x86_64-linux-gnu/libpthread-2.21.so
7fa3749cb000-7fa3749cf000 rw-p 00000000 00:00 0 
7fa3749cf000-7fa3749d2000 r-xp 00000000 08:03 4067539                    /lib/x86_64-linux-gnu/libdl-2.21.so
7fa3749d2000-7fa374bd1000 ---p 00003000 08:03 4067539                    /lib/x86_64-linux-gnu/libdl-2.21.so
7fa374bd1000-7fa374bd2000 r--p 00002000 08:03 4067539                    /lib/x86_64-linux-gnu/libdl-2.21.so
7fa374bd2000-7fa374bd3000 rw-p 00003000 08:03 4067539                    /lib/x86_64-linux-gnu/libdl-2.21.so
7fa374bd3000-7fa374bec000 r-xp 00000000 08:03 4067696                    /lib/x86_64-linux-gnu/libz.so.1.2.8
7fa374bec000-7fa374dec000 ---p 00019000 08:03 4067696                    /lib/x86_64-linux-gnu/libz.so.1.2.8
7fa374dec000-7fa374ded000 r--p 00019000 08:03 4067696                    /lib/x86_64-linux-gnu/libz.so.1.2.8
7fa374ded000-7fa374dee000 rw-p 0001a000 08:03 4067696                    /lib/x86_64-linux-gnu/libz.so.1.2.8
7fa374dee000-7fa374fae000 r-xp 00000000 08:03 4067522                    /lib/x86_64-linux-gnu/libc-2.21.so
7fa374fae000-7fa3751ae000 ---p 001c0000 08:03 4067522                    /lib/x86_64-linux-gnu/libc-2.21.so
7fa3751ae000-7fa3751b2000 r--p 001c0000 08:03 4067522                    /lib/x86_64-linux-gnu/libc-2.21.so
7fa3751b2000-7fa3751b4000 rw-p 001c4000 08:03 4067522                    /lib/x86_64-linux-gnu/libc-2.21.so
7fa3751b4000-7fa3751b8000 rw-p 00000000 00:00 0 
7fa3751b8000-7fa3751c6000 r-xp 00000000 08:03 6425233                    /usr/lib/jvm/java-8-openjdk-amd64/jre/lib/amd64/jli/libjli.so
7fa3751c6000-7fa3753c5000 ---p 0000e000 08:03 6425233                    /usr/lib/jvm/java-8-openjdk-amd64/jre/lib/amd64/jli/libjli.so
7fa3753c5000-7fa3753c6000 r--p 0000d000 08:03 6425233                    /usr/lib/jvm/java-8-openjdk-amd64/jre/lib/amd64/jli/libjli.so
7fa3753c6000-7fa3753c7000 rw-p 0000e000 08:03 6425233                    /usr/lib/jvm/java-8-openjdk-amd64/jre/lib/amd64/jli/libjli.so
7fa3753c7000-7fa3753eb000 r-xp 00000000 08:03 4067494                    /lib/x86_64-linux-gnu/ld-2.21.so
7fa3753eb000-7fa3753ec000 r--s 0000f000 08:03 6029408                    /home/elect/.gradle/caches/modules-2/files-2.1/org.jogamp.jogl/jogl-all/2.3.2/166147f43cf7419c4d858cd31f4b5922d6d10c81/jogl-all-2.3.2-natives-android-aarch64.jar
7fa3753ec000-7fa3753ed000 r--s 00000000 08:03 6029424                    /home/elect/.gradle/caches/modules-2/files-2.1/org.jogamp.gluegen/gluegen-rt-main/2.3.2/6a86a9ce357c085e3052efcf639447f9957b82b8/gluegen-rt-main-2.3.2.jar
7fa3753ed000-7fa3753ee000 r--s 00000000 08:03 6029457                    /home/elect/.gradle/caches/modules-2/files-2.1/org.jogamp.jogl/newt-main/2.3.2/6a86a9ce357c085e3052efcf639447f9957b82b8/newt-main-2.3.2.jar
7fa3753ee000-7fa3753f4000 r--s 0003a000 08:03 6425250                    /usr/lib/jvm/java-8-openjdk-amd64/jre/lib/ext/sunjce_provider.jar
7fa3753f4000-7fa3754bf000 rw-p 00000000 00:00 0 
7fa3754bf000-7fa3754c2000 ---p 00000000 00:00 0 
7fa3754c2000-7fa3755c5000 rw-p 00000000 00:00 0                          [stack:6403]
7fa3755c5000-7fa3755c6000 r--s 00000000 08:03 6029454                    /home/elect/.gradle/caches/modules-2/files-2.1/org.jogamp.jogl/nativewindow-main/2.3.2/6a86a9ce357c085e3052efcf639447f9957b82b8/nativewindow-main-2.3.2.jar
7fa3755c6000-7fa3755c7000 r--s 00000000 08:03 6029406                    /home/elect/.gradle/caches/modules-2/files-2.1/org.jogamp.jogl/jogl-all-main/2.3.2/6a86a9ce357c085e3052efcf639447f9957b82b8/jogl-all-main-2.3.2.jar
7fa3755c7000-7fa3755ca000 r--s 0000f000 08:03 6425252                    /usr/lib/jvm/java-8-openjdk-amd64/jre/lib/ext/icedtea-sound.jar
7fa3755ca000-7fa3755cb000 r--s 00008000 08:03 6425247                    /usr/lib/jvm/java-8-openjdk-amd64/jre/lib/ext/sunec.jar
7fa3755cb000-7fa3755cd000 r--s 00001000 08:03 6425251                    /usr/lib/jvm/java-8-openjdk-amd64/jre/lib/ext/dnsns.jar
7fa3755cd000-7fa3755ce000 r--s 00010000 08:03 6425249                    /usr/lib/jvm/java-8-openjdk-amd64/jre/lib/ext/zipfs.jar
7fa3755ce000-7fa3755d1000 r--s 00037000 08:03 6425253                    /usr/lib/jvm/java-8-openjdk-amd64/jre/lib/ext/sunpkcs11.jar
7fa3755d1000-7fa3755d3000 r--s 00006000 08:03 6818084                    /usr/share/java/java-atk-wrapper.jar
7fa3755d3000-7fa3755de000 r--s 00116000 08:03 6425248                    /usr/lib/jvm/java-8-openjdk-amd64/jre/lib/ext/localedata.jar
7fa3755de000-7fa3755e6000 rw-s 00000000 08:03 6029363                    /tmp/hsperfdata_elect/6401
7fa3755e6000-7fa3755e7000 rw-p 00000000 00:00 0 
7fa3755e7000-7fa3755e8000 r--p 00000000 00:00 0 
7fa3755e8000-7fa3755ea000 rw-p 00000000 00:00 0 
7fa3755ea000-7fa3755eb000 r--p 00023000 08:03 4067494                    /lib/x86_64-linux-gnu/ld-2.21.so
7fa3755eb000-7fa3755ec000 rw-p 00024000 08:03 4067494                    /lib/x86_64-linux-gnu/ld-2.21.so
7fa3755ec000-7fa3755ed000 rw-p 00000000 00:00 0 
7ffdb4dd0000-7ffdb4df4000 rw-p 00000000 00:00 0                          [stack]
7ffdb4dfc000-7ffdb4dfe000 r--p 00000000 00:00 0                          [vvar]
7ffdb4dfe000-7ffdb4e00000 r-xp 00000000 00:00 0                          [vdso]
ffffffffff600000-ffffffffff601000 r-xp 00000000 00:00 0                  [vsyscall]

VM Arguments:
jvm_args: -Dfile.encoding=UTF-8 -Duser.country=US -Duser.language=en -Duser.variant 
java_command: test.Main
java_class_path (initial): /home/elect/NetBeansProjects/jgli/build/classes/main:/home/elect/NetBeansProjects/jgli/build/resources/main:/home/elect/.gradle/caches/modules-2/files-2.1/org.jogamp.jogl/jogl-all-main/2.3.2/6a86a9ce357c085e3052efcf639447f9957b82b8/jogl-all-main-2.3.2.jar:/home/elect/.gradle/caches/modules-2/files-2.1/org.jogamp.jogl/nativewindow-main/2.3.2/6a86a9ce357c085e3052efcf639447f9957b82b8/nativewindow-main-2.3.2.jar:/home/elect/.gradle/caches/modules-2/files-2.1/org.jogamp.jogl/newt-main/2.3.2/6a86a9ce357c085e3052efcf639447f9957b82b8/newt-main-2.3.2.jar:/home/elect/.gradle/caches/modules-2/files-2.1/org.jogamp.gluegen/gluegen-rt-main/2.3.2/6a86a9ce357c085e3052efcf639447f9957b82b8/gluegen-rt-main-2.3.2.jar:/home/elect/.gradle/caches/modules-2/files-2.1/org.jogamp.jogl/jogl-all/2.3.2/99e0f64bb8882f054825ae4a8a527a17b544a0b5/jogl-all-2.3.2.jar:/home/elect/.gradle/caches/modules-2/files-2.1/org.jogamp.jogl/jogl-all/2.3.2/166147f43cf7419c4d858cd31f4b5922d6d10c81/jogl-all-2.3.2-natives-android-aarch64.jar:/home/elect/.gradle/caches/modules-2/files-2.1/org.jogamp.jogl/jogl-all/2.3.2/ab2c18b8a1327255cc354c19c720807d262baa75/jogl-all-2.3.2-natives-android-armv6.jar:/home/elect/.gradle/caches/modules-2/files-2.1/org.jogamp.jogl/jogl-all/2.3.2/ffd1c6bd5f6fb088df6cad25e25721eb55ad2228/jogl-all-2.3.2-natives-linux-amd64.jar:/home/elect/.gradle/caches/modules-2/files-2.1/org.jogamp.jogl/jogl-all/2.3.2/6d14f46336be9e2dc5f85d5df17490cee5d09a90/jogl-all-2.3.2-natives-linux-armv6.jar:/home/elect/.gradle/caches/modules-2/files-2.1/org.jogamp.jogl/jogl-all/2.3.2/2c434c560dbd821b0ed569e44d3d441727491dac/jogl-all-2.3.2-natives-linux-armv6hf.jar:/home/elect/.gradle/caches/modules-2/files-2.1/org.jogamp.jogl/jogl-all/2.3.2/59b7a336c0ee54161e33662d2ca8ac9d8f6c476d/jogl-all-2.3.2-natives-linux-i586.jar:/home/elect/.gradle/caches/modules-2/files-2.1/org.jogamp.jogl/jogl-all/2.3.2/2da2215dbe1091c54cb83cf2484f8a54a4d0cf7a/jogl-all-2.3.2-natives-macosx-universal.jar:/home/el
Launcher Type: SUN_STANDARD

Environment Variables:
PATH=/usr/local/sbin:/usr/local/bin:/usr/sbin:/usr/bin:/sbin:/bin:/usr/games:/usr/local/games
LD_LIBRARY_PATH=/usr/lib/jvm/java-8-openjdk-amd64/jre/lib/amd64:/usr/lib/jvm/java-8-openjdk-amd64/jre/lib/i386:
SHELL=/bin/bash
DISPLAY=:0

Signal Handlers:
SIGSEGV: [libjvm.so+0xa90d80], sa_mask[0]=11111111011111111101111111111110, sa_flags=SA_RESTART|SA_SIGINFO
SIGBUS: [libjvm.so+0xa90d80], sa_mask[0]=11111111011111111101111111111110, sa_flags=SA_RESTART|SA_SIGINFO
SIGFPE: [libjvm.so+0x8dbc70], sa_mask[0]=11111111011111111101111111111110, sa_flags=SA_RESTART|SA_SIGINFO
SIGPIPE: [libjvm.so+0x8dbc70], sa_mask[0]=11111111011111111101111111111110, sa_flags=SA_RESTART|SA_SIGINFO
SIGXFSZ: [libjvm.so+0x8dbc70], sa_mask[0]=11111111011111111101111111111110, sa_flags=SA_RESTART|SA_SIGINFO
SIGILL: [libjvm.so+0x8dbc70], sa_mask[0]=11111111011111111101111111111110, sa_flags=SA_RESTART|SA_SIGINFO
SIGUSR1: SIG_DFL, sa_mask[0]=00000000000000000000000000000000, sa_flags=none
SIGUSR2: [libjvm.so+0x8dbb20], sa_mask[0]=00100000000000000000000000000000, sa_flags=SA_RESTART|SA_SIGINFO
SIGHUP: [libjvm.so+0x8dbd40], sa_mask[0]=11111111011111111101111111111110, sa_flags=SA_RESTART|SA_SIGINFO
SIGINT: SIG_IGN, sa_mask[0]=00000000000000000000000000000000, sa_flags=none
SIGTERM: [libjvm.so+0x8dbd40], sa_mask[0]=11111111011111111101111111111110, sa_flags=SA_RESTART|SA_SIGINFO
SIGQUIT: [libjvm.so+0x8dbd40], sa_mask[0]=11111111011111111101111111111110, sa_flags=SA_RESTART|SA_SIGINFO


---------------  S Y S T E M  ---------------

OS:DISTRIB_ID=Ubuntu
DISTRIB_RELEASE=15.04
DISTRIB_CODENAME=vivid
DISTRIB_DESCRIPTION="Ubuntu 15.04"

uname:Linux 3.19.0-31-generic #36-Ubuntu SMP Wed Oct 7 15:04:02 UTC 2015 x86_64
libc:glibc 2.21 NPTL 2.21 
rlimit: STACK 8192k, CORE 0k, NPROC 31805, NOFILE 65536, AS infinity
load average:5,03 1,84 1,04

/proc/meminfo:
MemTotal:        8164552 kB
MemFree:          904216 kB
MemAvailable:    4114012 kB
Buffers:          285356 kB
Cached:          2967580 kB
SwapCached:            0 kB
Active:          5280096 kB
Inactive:        1566176 kB
Active(anon):    3597092 kB
Inactive(anon):    32080 kB
Active(file):    1683004 kB
Inactive(file):  1534096 kB
Unevictable:          48 kB
Mlocked:              48 kB
SwapTotal:       1048572 kB
SwapFree:        1048572 kB
Dirty:              3744 kB
Writeback:             0 kB
AnonPages:       3593428 kB
Mapped:           349812 kB
Shmem:             35924 kB
Slab:             279544 kB
SReclaimable:     246100 kB
SUnreclaim:        33444 kB
KernelStack:        9216 kB
PageTables:        33240 kB
NFS_Unstable:          0 kB
Bounce:                0 kB
WritebackTmp:          0 kB
CommitLimit:     5130848 kB
Committed_AS:    7852460 kB
VmallocTotal:   34359738367 kB
VmallocUsed:      325484 kB
VmallocChunk:   34359403516 kB
HardwareCorrupted:     0 kB
AnonHugePages:   1988608 kB
CmaTotal:              0 kB
CmaFree:               0 kB
HugePages_Total:       0
HugePages_Free:        0
HugePages_Rsvd:        0
HugePages_Surp:        0
Hugepagesize:       2048 kB
DirectMap4k:      196032 kB
DirectMap2M:     8183808 kB


CPU:total 4 (4 cores per cpu, 1 threads per core) family 6 model 30 stepping 5, cmov, cx8, fxsr, mmx, sse, sse2, sse3, ssse3, sse4.1, sse4.2, popcnt, tsc, tscinvbit

/proc/cpuinfo:
processor	: 0
vendor_id	: GenuineIntel
cpu family	: 6
model		: 30
model name	: Intel(R) Core(TM) i5 CPU         750  @ 2.67GHz
stepping	: 5
microcode	: 0x7
cpu MHz		: 2267.000
cache size	: 8192 KB
physical id	: 0
siblings	: 4
core id		: 0
cpu cores	: 4
apicid		: 0
initial apicid	: 0
fpu		: yes
fpu_exception	: yes
cpuid level	: 11
wp		: yes
flags		: fpu vme de pse tsc msr pae mce cx8 apic sep mtrr pge mca cmov pat pse36 clflush dts acpi mmx fxsr sse sse2 ss ht tm pbe syscall nx rdtscp lm constant_tsc arch_perfmon pebs bts rep_good nopl xtopology nonstop_tsc aperfmperf pni dtes64 monitor ds_cpl vmx smx est tm2 ssse3 cx16 xtpr pdcm sse4_1 sse4_2 popcnt lahf_lm ida dtherm tpr_shadow vnmi flexpriority ept vpid
bugs		:
bogomips	: 5352.66
clflush size	: 64
cache_alignment	: 64
address sizes	: 36 bits physical, 48 bits virtual
power management:

processor	: 1
vendor_id	: GenuineIntel
cpu family	: 6
model		: 30
model name	: Intel(R) Core(TM) i5 CPU         750  @ 2.67GHz
stepping	: 5
microcode	: 0x7
cpu MHz		: 2533.000
cache size	: 8192 KB
physical id	: 0
siblings	: 4
core id		: 1
cpu cores	: 4
apicid		: 2
initial apicid	: 2
fpu		: yes
fpu_exception	: yes
cpuid level	: 11
wp		: yes
flags		: fpu vme de pse tsc msr pae mce cx8 apic sep mtrr pge mca cmov pat pse36 clflush dts acpi mmx fxsr sse sse2 ss ht tm pbe syscall nx rdtscp lm constant_tsc arch_perfmon pebs bts rep_good nopl xtopology nonstop_tsc aperfmperf pni dtes64 monitor ds_cpl vmx smx est tm2 ssse3 cx16 xtpr pdcm sse4_1 sse4_2 popcnt lahf_lm ida dtherm tpr_shadow vnmi flexpriority ept vpid
bugs		:
bogomips	: 5352.66
clflush size	: 64
cache_alignment	: 64
address sizes	: 36 bits physical, 48 bits virtual
power management:

processor	: 2
vendor_id	: GenuineIntel
cpu family	: 6
model		: 30
model name	: Intel(R) Core(TM) i5 CPU         750  @ 2.67GHz
stepping	: 5
microcode	: 0x7
cpu MHz		: 2400.000
cache size	: 8192 KB
physical id	: 0
siblings	: 4
core id		: 2
cpu cores	: 4
apicid		: 4
initial apicid	: 4
fpu		: yes
fpu_exception	: yes
cpuid level	: 11
wp		: yes
flags		: fpu vme de pse tsc msr pae mce cx8 apic sep mtrr pge mca cmov pat pse36 clflush dts acpi mmx fxsr sse sse2 ss ht tm pbe syscall nx rdtscp lm constant_tsc arch_perfmon pebs bts rep_good nopl xtopology nonstop_tsc aperfmperf pni dtes64 monitor ds_cpl vmx smx est tm2 ssse3 cx16 xtpr pdcm sse4_1 sse4_2 popcnt lahf_lm ida dtherm tpr_shadow vnmi flexpriority ept vpid
bugs		:
bogomips	: 5352.66
clflush size	: 64
cache_alignment	: 64
address sizes	: 36 bits physical, 48 bits virtual
power management:

processor	: 3
vendor_id	: GenuineIntel
cpu family	: 6
model		: 30
model name	: Intel(R) Core(TM) i5 CPU         750  @ 2.67GHz
stepping	: 5
microcode	: 0x7
cpu MHz		: 2668.000
cache size	: 8192 KB
physical id	: 0
siblings	: 4
core id		: 3
cpu cores	: 4
apicid		: 6
initial apicid	: 6
fpu		: yes
fpu_exception	: yes
cpuid level	: 11
wp		: yes
flags		: fpu vme de pse tsc msr pae mce cx8 apic sep mtrr pge mca cmov pat pse36 clflush dts acpi mmx fxsr sse sse2 ss ht tm pbe syscall nx rdtscp lm constant_tsc arch_perfmon pebs bts rep_good nopl xtopology nonstop_tsc aperfmperf pni dtes64 monitor ds_cpl vmx smx est tm2 ssse3 cx16 xtpr pdcm sse4_1 sse4_2 popcnt lahf_lm ida dtherm tpr_shadow vnmi flexpriority ept vpid
bugs		:
bogomips	: 5352.66
clflush size	: 64
cache_alignment	: 64
address sizes	: 36 bits physical, 48 bits virtual
power management:



Memory: 4k page, physical 8164552k(904216k free), swap 1048572k(1048572k free)

vm_info: OpenJDK 64-Bit Server VM (25.45-b02) for linux-amd64 JRE (1.8.0_45-internal-b14), built on Apr 20 2015 00:35:04 by "buildd" with gcc 4.9.2

time: Wed Oct 21 18:37:27 2015
elapsed time: 0 seconds (0d 0h 0m 0s)

