#
# A fatal error has been detected by the Java Runtime Environment:
#
#  SIGSEGV (0xb) at pc=0x0000000000002546, pid=2406, tid=140036539631360
#
# JRE version: OpenJDK Runtime Environment (8.0_45-b14) (build 1.8.0_45-internal-b14)
# Java VM: OpenJDK 64-Bit Server VM (25.45-b02 mixed mode linux-amd64 compressed oops)
# Problematic frame:
# C  0x0000000000002546
#
# Failed to write core dump. Core dumps have been disabled. To enable core dumping, try "ulimit -c unlimited" before starting Java again
#
# If you would like to submit a bug report, please visit:
#   http://bugreport.java.com/bugreport/crash.jsp
# The crash happened outside the Java Virtual Machine in native code.
# See problematic frame for where to report the bug.
#

---------------  T H R E A D  ---------------

Current thread (0x00007f5cc400f000):  JavaThread "main" [_thread_in_native, id=2409, stack(0x00007f5ccc234000,0x00007f5ccc335000)]

siginfo: si_signo: 11 (SIGSEGV), si_code: 1 (SEGV_MAPERR), si_addr: 0x0000000000002546

Registers:
RAX=0x00007f5cc46f7c70, RBX=0x00007f5cb498e430, RCX=0x0000000000000000, RDX=0x00007f5ccb5070d8
RSP=0x00007f5ccc332728, RBP=0x00007f5ccc332770, RSI=0x0000000000000030, RDI=0x00007f5cc46f7c70
R8 =0x00007f5cc46f7c72, R9 =0x00007f5cc46f7c72, R10=0x0000000000000000, R11=0x00000000d743e580
R12=0x0000000000000000, R13=0x00007f5cb498e430, R14=0x00007f5ccc3327e8, R15=0x00007f5cc400f000
RIP=0x0000000000002546, EFLAGS=0x0000000000010202, CSGSFS=0xcfba000000000033, ERR=0x0000000000000014
  TRAPNO=0x000000000000000e

Top of Stack: (sp=0x00007f5ccc332728)
0x00007f5ccc332728:   00007f5c6e9bca0b 00007f5cb48d4a38
0x00007f5ccc332738:   00007f5ccc3327e8 00007f5ccc3327d8
0x00007f5ccc332748:   00007f5cc400f1e0 00007f5cb5005310
0x00007f5ccc332758:   00007f5cc46f7c70 00007f5cb48d4a38
0x00007f5ccc332768:   00007f5cb498e430 00007f5ccc3327c8
0x00007f5ccc332778:   00007f5cb50134d4 00007f5cc400f000
0x00007f5ccc332788:   00007f5ccc332788 0000000000000000
0x00007f5ccc332798:   00007f5ccc3327e8 00007f5cb49900a8
0x00007f5ccc3327a8:   0000000000000000 00007f5cb498e430
0x00007f5ccc3327b8:   0000000000000000 00007f5ccc3327e8
0x00007f5ccc3327c8:   00007f5ccc332830 00007f5cb50074a0
0x00007f5ccc3327d8:   00000000d743e1e0 00007f5cb500f2b7
0x00007f5ccc3327e8:   00000000d743e568 00007f5ccc3327f0
0x00007f5ccc3327f8:   00007f5cb48d4f99 00007f5ccc332850
0x00007f5ccc332808:   00007f5cb48d5930 0000000000000000
0x00007f5ccc332818:   00007f5cb48d4ff0 00007f5ccc3327e8
0x00007f5ccc332828:   00007f5ccc332850 00007f5ccc3328a8
0x00007f5ccc332838:   00007f5cb50074a0 0000000000000000
0x00007f5ccc332848:   0000000000000000 00000000d743e568
0x00007f5ccc332858:   0000000000000001 00000000d73efcf0
0x00007f5ccc332868:   00007f5ccc332858 00007f5cb48d4948
0x00007f5ccc332878:   00007f5ccc3328f0 00007f5cb48d5930
0x00007f5ccc332888:   0000000000000000 00007f5cb48d4a38
0x00007f5ccc332898:   00007f5ccc332850 00007f5ccc3328f0
0x00007f5ccc3328a8:   00007f5ccc332948 00007f5cb50074a0
0x00007f5ccc3328b8:   0000000000000000 0000000000000000
0x00007f5ccc3328c8:   00000000d73efcf0 0000000000000000
0x00007f5ccc3328d8:   0000000000000000 0000000000000000
0x00007f5ccc3328e8:   0000000000000000 00000000d743e568
0x00007f5ccc3328f8:   00000000d80ef5e0 00000000d80ef5e0
0x00007f5ccc332908:   00007f5ccc332908 00007f5c6e0dd98a
0x00007f5ccc332918:   00007f5ccc332978 00007f5c6e0de938 

Instructions: (pc=0x0000000000002546)
0x0000000000002526:   
[error occurred during error reporting (printing registers, top of stack, instructions near pc), id 0xb]

Register to memory mapping:

RAX=0x00007f5cc46f7c70 is an unknown value
RBX={method} {0x00007f5cb498e430} 'XOpenDisplay' '(Ljava/lang/String;)J' in 'jogamp/nativewindow/x11/X11Lib'
RCX=0x0000000000000000 is an unknown value
RDX=0x00007f5ccb5070d8: <offset 0xf690d8> in /usr/lib/jvm/java-8-openjdk-amd64/jre/lib/amd64/server/libjvm.so at 0x00007f5cca59e000
RSP=0x00007f5ccc332728 is pointing into the stack for thread: 0x00007f5cc400f000
RBP=0x00007f5ccc332770 is pointing into the stack for thread: 0x00007f5cc400f000
RSI=0x0000000000000030 is an unknown value
RDI=0x00007f5cc46f7c70 is an unknown value
R8 =0x00007f5cc46f7c72 is an unknown value
R9 =0x00007f5cc46f7c72 is an unknown value
R10=0x0000000000000000 is an unknown value
R11=0x00000000d743e580 is an oop
[C 
 - klass: {type array char}
 - length: 2
R12=0x0000000000000000 is an unknown value
R13={method} {0x00007f5cb498e430} 'XOpenDisplay' '(Ljava/lang/String;)J' in 'jogamp/nativewindow/x11/X11Lib'
R14=0x00007f5ccc3327e8 is pointing into the stack for thread: 0x00007f5cc400f000
R15=0x00007f5cc400f000 is a thread


Stack: [0x00007f5ccc234000,0x00007f5ccc335000],  sp=0x00007f5ccc332728,  free space=1017k
Native frames: (J=compiled Java code, j=interpreted, Vv=VM code, C=native code)
C  0x0000000000002546
j  jogamp.nativewindow.x11.X11Lib.XOpenDisplay(Ljava/lang/String;)J+0
j  jogamp.nativewindow.x11.X11Util.XOpenDisplay(Ljava/lang/String;)J+1
j  jogamp.nativewindow.x11.X11Util.openDisplay(Ljava/lang/String;)J+96
j  jogamp.opengl.x11.glx.X11GLXDrawableFactory$SharedResourceImplementation.isDeviceSupported(Lcom/jogamp/nativewindow/AbstractGraphicsDevice;)Z+10
j  jogamp.opengl.SharedResourceRunner.getOrCreateShared(Lcom/jogamp/nativewindow/AbstractGraphicsDevice;)Ljogamp/opengl/SharedResourceRunner$Resource;+98
j  jogamp.opengl.x11.glx.X11GLXDrawableFactory.getOrCreateSharedResourceImpl(Lcom/jogamp/nativewindow/AbstractGraphicsDevice;)Ljogamp/opengl/x11/glx/X11GLXDrawableFactory$SharedResource;+5
j  jogamp.opengl.x11.glx.X11GLXDrawableFactory.getOrCreateSharedResourceImpl(Lcom/jogamp/nativewindow/AbstractGraphicsDevice;)Ljogamp/opengl/SharedResourceRunner$Resource;+2
j  jogamp.opengl.GLDrawableFactoryImpl.getOrCreateSharedResource(Lcom/jogamp/nativewindow/AbstractGraphicsDevice;)Ljogamp/opengl/SharedResourceRunner$Resource;+13
j  jogamp.opengl.GLDrawableFactoryImpl.createSharedResourceImpl(Lcom/jogamp/nativewindow/AbstractGraphicsDevice;)Z+2
j  com.jogamp.opengl.GLDrawableFactory.createSharedResource(Lcom/jogamp/nativewindow/AbstractGraphicsDevice;)Z+2
j  com.jogamp.opengl.GLProfile.initProfilesForDeviceCritical(Lcom/jogamp/nativewindow/AbstractGraphicsDevice;)Z+231
j  com.jogamp.opengl.GLProfile.initProfilesForDevice(Lcom/jogamp/nativewindow/AbstractGraphicsDevice;)Z+25
j  com.jogamp.opengl.GLProfile.initProfilesForDefaultDevices()V+633
j  com.jogamp.opengl.GLProfile.access$000()V+0
j  com.jogamp.opengl.GLProfile$1.run()Ljava/lang/Object;+58
v  ~StubRoutines::call_stub
V  [libjvm.so+0x6868c3]  JavaCalls::call_helper(JavaValue*, methodHandle*, JavaCallArguments*, Thread*)+0xd63
V  [libjvm.so+0x6d56c4]  JVM_DoPrivileged+0x564
J 479  java.security.AccessController.doPrivileged(Ljava/security/PrivilegedAction;)Ljava/lang/Object; (0 bytes) @ 0x00007f5cb52341ff [0x00007f5cb5234140+0xbf]
j  com.jogamp.opengl.GLProfile.initSingleton()V+78
j  com.jogamp.opengl.GLProfile.getProfileMap(Lcom/jogamp/nativewindow/AbstractGraphicsDevice;Z)Ljava/util/HashMap;+0
j  com.jogamp.opengl.GLProfile.get(Lcom/jogamp/nativewindow/AbstractGraphicsDevice;Ljava/lang/String;)Lcom/jogamp/opengl/GLProfile;+16
j  com.jogamp.opengl.GLProfile.get(Ljava/lang/String;)Lcom/jogamp/opengl/GLProfile;+4
j  test.Main.main([Ljava/lang/String;)V+13
v  ~StubRoutines::call_stub
V  [libjvm.so+0x6868c3]  JavaCalls::call_helper(JavaValue*, methodHandle*, JavaCallArguments*, Thread*)+0xd63
V  [libjvm.so+0x697d59]  jni_invoke_static(JNIEnv_*, JavaValue*, _jobject*, JNICallType, _jmethodID*, JNI_ArgumentPusher*, Thread*) [clone .isra.88]+0x2f9
V  [libjvm.so+0x6aa2e5]  jni_CallStaticVoidMethod+0x165
C  [libjli.so+0x3888]
C  [libpthread.so.0+0x76aa]  start_thread+0xca

Java frames: (J=compiled Java code, j=interpreted, Vv=VM code)
j  jogamp.nativewindow.x11.X11Lib.XOpenDisplay(Ljava/lang/String;)J+0
j  jogamp.nativewindow.x11.X11Util.XOpenDisplay(Ljava/lang/String;)J+1
j  jogamp.nativewindow.x11.X11Util.openDisplay(Ljava/lang/String;)J+96
j  jogamp.opengl.x11.glx.X11GLXDrawableFactory$SharedResourceImplementation.isDeviceSupported(Lcom/jogamp/nativewindow/AbstractGraphicsDevice;)Z+10
j  jogamp.opengl.SharedResourceRunner.getOrCreateShared(Lcom/jogamp/nativewindow/AbstractGraphicsDevice;)Ljogamp/opengl/SharedResourceRunner$Resource;+98
j  jogamp.opengl.x11.glx.X11GLXDrawableFactory.getOrCreateSharedResourceImpl(Lcom/jogamp/nativewindow/AbstractGraphicsDevice;)Ljogamp/opengl/x11/glx/X11GLXDrawableFactory$SharedResource;+5
j  jogamp.opengl.x11.glx.X11GLXDrawableFactory.getOrCreateSharedResourceImpl(Lcom/jogamp/nativewindow/AbstractGraphicsDevice;)Ljogamp/opengl/SharedResourceRunner$Resource;+2
j  jogamp.opengl.GLDrawableFactoryImpl.getOrCreateSharedResource(Lcom/jogamp/nativewindow/AbstractGraphicsDevice;)Ljogamp/opengl/SharedResourceRunner$Resource;+13
j  jogamp.opengl.GLDrawableFactoryImpl.createSharedResourceImpl(Lcom/jogamp/nativewindow/AbstractGraphicsDevice;)Z+2
j  com.jogamp.opengl.GLDrawableFactory.createSharedResource(Lcom/jogamp/nativewindow/AbstractGraphicsDevice;)Z+2
j  com.jogamp.opengl.GLProfile.initProfilesForDeviceCritical(Lcom/jogamp/nativewindow/AbstractGraphicsDevice;)Z+231
j  com.jogamp.opengl.GLProfile.initProfilesForDevice(Lcom/jogamp/nativewindow/AbstractGraphicsDevice;)Z+25
j  com.jogamp.opengl.GLProfile.initProfilesForDefaultDevices()V+633
j  com.jogamp.opengl.GLProfile.access$000()V+0
j  com.jogamp.opengl.GLProfile$1.run()Ljava/lang/Object;+58
v  ~StubRoutines::call_stub
J 479  java.security.AccessController.doPrivileged(Ljava/security/PrivilegedAction;)Ljava/lang/Object; (0 bytes) @ 0x00007f5cb523418f [0x00007f5cb5234140+0x4f]
j  com.jogamp.opengl.GLProfile.initSingleton()V+78
j  com.jogamp.opengl.GLProfile.getProfileMap(Lcom/jogamp/nativewindow/AbstractGraphicsDevice;Z)Ljava/util/HashMap;+0
j  com.jogamp.opengl.GLProfile.get(Lcom/jogamp/nativewindow/AbstractGraphicsDevice;Ljava/lang/String;)Lcom/jogamp/opengl/GLProfile;+16
j  com.jogamp.opengl.GLProfile.get(Ljava/lang/String;)Lcom/jogamp/opengl/GLProfile;+4
j  test.Main.main([Ljava/lang/String;)V+13
v  ~StubRoutines::call_stub

---------------  P R O C E S S  ---------------

Java Threads: ( => current thread )
  0x00007f5cc46f8000 JavaThread "main-SharedResourceRunner" daemon [_thread_blocked, id=2439, stack(0x00007f5c6cbc0000,0x00007f5c6ccc1000)]
  0x00007f5cc46e0800 JavaThread "main-SharedResourceRunner" daemon [_thread_blocked, id=2438, stack(0x00007f5c6d6ad000,0x00007f5c6d7ae000)]
  0x00007f5cc463b800 JavaThread "AWT-EventQueue-0" [_thread_blocked, id=2437, stack(0x00007f5c6ebbf000,0x00007f5c6ecc0000)]
  0x00007f5cc45f8000 JavaThread "AWT-Shutdown" [_thread_blocked, id=2436, stack(0x00007f5c6ecc0000,0x00007f5c6edc1000)]
  0x00007f5cc4578000 JavaThread "AWT-XAWT" daemon [_thread_in_native, id=2435, stack(0x00007f5c6f3cb000,0x00007f5c6f4cc000)]
  0x00007f5cc4554800 JavaThread "Java2D Disposer" daemon [_thread_blocked, id=2434, stack(0x00007f5c9d948000,0x00007f5c9da49000)]
  0x00007f5cc44d5800 JavaThread "process reaper" daemon [_thread_blocked, id=2429, stack(0x00007f5c9e174000,0x00007f5c9e1ad000)]
  0x00007f5cc40c4000 JavaThread "Service Thread" daemon [_thread_blocked, id=2424, stack(0x00007f5c9e307000,0x00007f5c9e408000)]
  0x00007f5cc40b6000 JavaThread "C1 CompilerThread2" daemon [_thread_blocked, id=2423, stack(0x00007f5c9e408000,0x00007f5c9e509000)]
  0x00007f5cc40b4800 JavaThread "C2 CompilerThread1" daemon [_thread_blocked, id=2422, stack(0x00007f5c9e509000,0x00007f5c9e60a000)]
  0x00007f5cc40b1800 JavaThread "C2 CompilerThread0" daemon [_thread_blocked, id=2421, stack(0x00007f5c9e60a000,0x00007f5c9e70b000)]
  0x00007f5cc40af000 JavaThread "Signal Dispatcher" daemon [_thread_blocked, id=2420, stack(0x00007f5c9e70b000,0x00007f5c9e80c000)]
  0x00007f5cc4084000 JavaThread "Finalizer" daemon [_thread_blocked, id=2419, stack(0x00007f5c9eeef000,0x00007f5c9eff0000)]
  0x00007f5cc4081800 JavaThread "Reference Handler" daemon [_thread_blocked, id=2418, stack(0x00007f5c9eff0000,0x00007f5c9f0f1000)]
=>0x00007f5cc400f000 JavaThread "main" [_thread_in_native, id=2409, stack(0x00007f5ccc234000,0x00007f5ccc335000)]

Other Threads:
  0x00007f5cc407c800 VMThread [stack: 0x00007f5c9f0f1000,0x00007f5c9f1f2000] [id=2417]
  0x00007f5cc40c6800 WatcherThread [stack: 0x00007f5c9e206000,0x00007f5c9e307000] [id=2425]

VM state:not at safepoint (normal execution)

VM Mutex/Monitor currently owned by a thread: None

Heap:
 PSYoungGen      total 37888K, used 29617K [0x00000000d6780000, 0x00000000d9180000, 0x0000000100000000)
  eden space 32768K, 90% used [0x00000000d6780000,0x00000000d846c7f8,0x00000000d8780000)
  from space 5120K, 0% used [0x00000000d8c80000,0x00000000d8c80000,0x00000000d9180000)
  to   space 5120K, 0% used [0x00000000d8780000,0x00000000d8780000,0x00000000d8c80000)
 ParOldGen       total 86016K, used 0K [0x0000000083600000, 0x0000000088a00000, 0x00000000d6780000)
  object space 86016K, 0% used [0x0000000083600000,0x0000000083600000,0x0000000088a00000)
 Metaspace       used 13100K, capacity 13326K, committed 13696K, reserved 1060864K
  class space    used 1216K, capacity 1282K, committed 1408K, reserved 1048576K

Card table byte_map: [0x00007f5cc853b000,0x00007f5cc8921000] byte_map_base: 0x00007f5cc8120000

Marking Bits: (ParMarkBitMap*) 0x00007f5ccb50ae80
 Begin Bits: [0x00007f5cac1b0000, 0x00007f5cae0d8000)
 End Bits:   [0x00007f5cae0d8000, 0x00007f5cb0000000)

Polling page: 0x00007f5ccc35c000

CodeCache: size=245760Kb used=3133Kb max_used=3133Kb free=242626Kb
 bounds [0x00007f5cb5000000, 0x00007f5cb5320000, 0x00007f5cc4000000]
 total_blobs=1559 nmethods=725 adapters=750
 compilation: enabled

Compilation events (10 events):
Event: 0,911 Thread 0x00007f5cc40b6000  716   !   3       com.jogamp.gluegen.runtime.ProcAddressTable::setEntry (135 bytes)
Event: 0,912 Thread 0x00007f5cc40b6000 nmethod 716 0x00007f5cb530cf50 code [0x00007f5cb530d280, 0x00007f5cb530eaa8]
Event: 0,912 Thread 0x00007f5cc40b6000  722       3       java.util.regex.Pattern$Ctype::isSatisfiedBy (24 bytes)
Event: 0,913 Thread 0x00007f5cc40b6000 nmethod 722 0x00007f5cb530f8d0 code [0x00007f5cb530fa60, 0x00007f5cb530fdf0]
Event: 0,913 Thread 0x00007f5cc40b6000  723       3       java.util.regex.ASCII::isType (15 bytes)
Event: 0,913 Thread 0x00007f5cc40b6000 nmethod 723 0x00007f5cb530ff90 code [0x00007f5cb5310100, 0x00007f5cb5310370]
Event: 0,913 Thread 0x00007f5cc40b6000  724       3       java.lang.Character::isHighSurrogate (18 bytes)
Event: 0,913 Thread 0x00007f5cc40b6000 nmethod 724 0x00007f5cb5310490 code [0x00007f5cb5310600, 0x00007f5cb53107d0]
Event: 0,913 Thread 0x00007f5cc40b6000  725       1       com.jogamp.opengl.GLRendererQuirks::getCount (3 bytes)
Event: 0,913 Thread 0x00007f5cc40b6000 nmethod 725 0x00007f5cb5310b10 code [0x00007f5cb5310c60, 0x00007f5cb5310d50]

GC Heap History (0 events):
No events

Deoptimization events (6 events):
Event: 0,121 Thread 0x00007f5cc400f000 Uncommon trap: reason=unstable_if action=reinterpret pc=0x00007f5cb512857c method=java.lang.String.indexOf(II)I @ 49
Event: 0,143 Thread 0x00007f5cc400f000 Uncommon trap: reason=unstable_if action=reinterpret pc=0x00007f5cb514f0d0 method=java.lang.Math.max(II)I @ 2
Event: 0,191 Thread 0x00007f5cc400f000 Uncommon trap: reason=unstable_if action=reinterpret pc=0x00007f5cb5162fb4 method=java.lang.String.indexOf([CII[CIII)I @ 3
Event: 0,195 Thread 0x00007f5cc400f000 Uncommon trap: reason=unstable_if action=reinterpret pc=0x00007f5cb5165a1c method=java.lang.String.indexOf([CII[CIII)I @ 123
Event: 0,265 Thread 0x00007f5cc400f000 Uncommon trap: reason=unstable_if action=reinterpret pc=0x00007f5cb51bbaac method=java.lang.String.replace(CC)Ljava/lang/String; @ 26
Event: 0,885 Thread 0x00007f5cc46f8000 Uncommon trap: reason=unstable_if action=reinterpret pc=0x00007f5cb51de450 method=java.lang.String.startsWith(Ljava/lang/String;I)Z @ 25

Internal exceptions (10 events):
Event: 0,175 Thread 0x00007f5cc400f000 Exception <a 'java/security/PrivilegedActionException'> (0x00000000d6d38210) thrown at [/build/buildd/openjdk-8-8u45-b14/src/hotspot/src/share/vm/prims/jvm.cpp, line 1382]
Event: 0,175 Thread 0x00007f5cc400f000 Exception <a 'java/security/PrivilegedActionException'> (0x00000000d6d383c8) thrown at [/build/buildd/openjdk-8-8u45-b14/src/hotspot/src/share/vm/prims/jvm.cpp, line 1382]
Event: 0,175 Thread 0x00007f5cc400f000 Exception <a 'java/security/PrivilegedActionException'> (0x00000000d6d38de8) thrown at [/build/buildd/openjdk-8-8u45-b14/src/hotspot/src/share/vm/prims/jvm.cpp, line 1382]
Event: 0,175 Thread 0x00007f5cc400f000 Exception <a 'java/security/PrivilegedActionException'> (0x00000000d6d38fa0) thrown at [/build/buildd/openjdk-8-8u45-b14/src/hotspot/src/share/vm/prims/jvm.cpp, line 1382]
Event: 0,238 Thread 0x00007f5cc400f000 Exception <a 'java/lang/NoSuchFieldError': method resolution failed> (0x00000000d6ebc8b0) thrown at [/build/buildd/openjdk-8-8u45-b14/src/hotspot/src/share/vm/prims/methodHandles.cpp, line 1125]
Event: 0,240 Thread 0x00007f5cc400f000 Exception <a 'java/lang/NoSuchFieldError': method resolution failed> (0x00000000d6ecb320) thrown at [/build/buildd/openjdk-8-8u45-b14/src/hotspot/src/share/vm/prims/methodHandles.cpp, line 1125]
Event: 0,282 Thread 0x00007f5cc400f000 Exception <a 'java/io/FileNotFoundException'> (0x00000000d6fc22e8) thrown at [/build/buildd/openjdk-8-8u45-b14/src/hotspot/src/share/vm/prims/jni.cpp, line 709]
Event: 0,301 Thread 0x00007f5cc400f000 Exception <a 'java/io/FileNotFoundException'> (0x00000000d71bdbd8) thrown at [/build/buildd/openjdk-8-8u45-b14/src/hotspot/src/share/vm/prims/jni.cpp, line 709]
Event: 0,313 Thread 0x00007f5cc400f000 Exception <a 'java/lang/ClassNotFoundException': sun/dc/DuctusRenderingEngine> (0x00000000d71ca340) thrown at [/build/buildd/openjdk-8-8u45-b14/src/hotspot/src/share/vm/classfile/systemDictionary.cpp, line 210]
Event: 0,351 Thread 0x00007f5cc400f000 Exception <a 'java/io/FileNotFoundException'> (0x00000000d723e8b8) thrown at [/build/buildd/openjdk-8-8u45-b14/src/hotspot/src/share/vm/prims/jni.cpp, line 709]

Events (10 events):
Event: 0,905 loading class jogamp/opengl/es1/GLES1Impl$1
Event: 0,905 loading class jogamp/opengl/es1/GLES1Impl$1 done
Event: 0,906 loading class jogamp/opengl/es1/GLES1Impl$2
Event: 0,906 loading class jogamp/opengl/es1/GLES1Impl$2 done
Event: 0,906 loading class jogamp/opengl/es1/GLES1Impl$3
Event: 0,906 loading class jogamp/opengl/es1/GLES1Impl$3 done
Event: 0,906 loading class jogamp/opengl/es1/GLES1Impl$4
Event: 0,906 loading class jogamp/opengl/es1/GLES1Impl$4 done
Event: 0,913 loading class jogamp/opengl/egl/EGLDrawableFactory$SharedResource
Event: 0,913 loading class jogamp/opengl/egl/EGLDrawableFactory$SharedResource done


Dynamic libraries:
00400000-00401000 r-xp 00000000 08:03 6425286                            /usr/lib/jvm/java-8-openjdk-amd64/jre/bin/java
00600000-00601000 r--p 00000000 08:03 6425286                            /usr/lib/jvm/java-8-openjdk-amd64/jre/bin/java
00601000-00602000 rw-p 00001000 08:03 6425286                            /usr/lib/jvm/java-8-openjdk-amd64/jre/bin/java
021da000-021fb000 rw-p 00000000 00:00 0                                  [heap]
83600000-88a00000 rw-p 00000000 00:00 0 
88a00000-d6780000 ---p 00000000 00:00 0 
d6780000-d9180000 rw-p 00000000 00:00 0 
d9180000-100000000 ---p 00000000 00:00 0 
100000000-100160000 rw-p 00000000 00:00 0 
100160000-140000000 ---p 00000000 00:00 0 
7f5c50000000-7f5c504b7000 rw-p 00000000 00:00 0 
7f5c504b7000-7f5c54000000 ---p 00000000 00:00 0 
7f5c5572d000-7f5c57285000 r-xp 00000000 08:03 6422576                    /usr/lib/x86_64-linux-gnu/libnvidia-eglcore.so.352.41
7f5c57285000-7f5c57484000 ---p 01b58000 08:03 6422576                    /usr/lib/x86_64-linux-gnu/libnvidia-eglcore.so.352.41
7f5c57484000-7f5c57ff0000 rw-p 01b57000 08:03 6422576                    /usr/lib/x86_64-linux-gnu/libnvidia-eglcore.so.352.41
7f5c57ff0000-7f5c58000000 rw-p 00000000 00:00 0 
7f5c58000000-7f5c58021000 rw-p 00000000 00:00 0 
7f5c58021000-7f5c5c000000 ---p 00000000 00:00 0 
7f5c5d56e000-7f5c5ef6a000 r-xp 00000000 08:03 6426935                    /usr/lib/x86_64-linux-gnu/libnvidia-glcore.so.352.41
7f5c5ef6a000-7f5c5ef8a000 rwxp 019fc000 08:03 6426935                    /usr/lib/x86_64-linux-gnu/libnvidia-glcore.so.352.41
7f5c5ef8a000-7f5c5f251000 r-xp 01a1c000 08:03 6426935                    /usr/lib/x86_64-linux-gnu/libnvidia-glcore.so.352.41
7f5c5f251000-7f5c5f450000 ---p 01ce3000 08:03 6426935                    /usr/lib/x86_64-linux-gnu/libnvidia-glcore.so.352.41
7f5c5f450000-7f5c5ffec000 rw-p 01ce2000 08:03 6426935                    /usr/lib/x86_64-linux-gnu/libnvidia-glcore.so.352.41
7f5c5ffec000-7f5c60000000 rw-p 00000000 00:00 0 
7f5c60000000-7f5c60021000 rw-p 00000000 00:00 0 
7f5c60021000-7f5c64000000 ---p 00000000 00:00 0 
7f5c64000000-7f5c64021000 rw-p 00000000 00:00 0 
7f5c64021000-7f5c68000000 ---p 00000000 00:00 0 
7f5c68000000-7f5c68021000 rw-p 00000000 00:00 0 
7f5c68021000-7f5c6c000000 ---p 00000000 00:00 0 
7f5c6c5c9000-7f5c6c5d3000 r-xp 00000000 08:03 6423188                    /usr/lib/x86_64-linux-gnu/libGLESv1_CM.so.352.41
7f5c6c5d3000-7f5c6c7d3000 ---p 0000a000 08:03 6423188                    /usr/lib/x86_64-linux-gnu/libGLESv1_CM.so.352.41
7f5c6c7d3000-7f5c6c7d6000 rw-p 0000a000 08:03 6423188                    /usr/lib/x86_64-linux-gnu/libGLESv1_CM.so.352.41
7f5c6c7f9000-7f5c6c879000 rw-s af394000 00:06 14302                      /dev/nvidiactl
7f5c6c879000-7f5c6c8f9000 rw-s 9dde3000 00:06 14302                      /dev/nvidiactl
7f5c6c8f9000-7f5c6c979000 rw-s 9dd61000 00:06 14302                      /dev/nvidiactl
7f5c6c979000-7f5c6ca79000 rw-s 1a553a000 00:06 14302                     /dev/nvidiactl
7f5c6ca79000-7f5c6ca8c000 rw-s 1f979b000 00:06 14302                     /dev/nvidiactl
7f5c6ca8c000-7f5c6caac000 rw-s d8220000 00:06 14303                      /dev/nvidia0
7f5c6caac000-7f5c6caec000 rw-s 1a54f2000 00:06 14302                     /dev/nvidiactl
7f5c6caec000-7f5c6cb0c000 rw-s 1f33f8000 00:06 14302                     /dev/nvidiactl
7f5c6cb0c000-7f5c6cbc0000 rw-s 21f9f5000 00:06 14302                     /dev/nvidiactl
7f5c6cbc0000-7f5c6cbc3000 ---p 00000000 00:00 0 
7f5c6cbc3000-7f5c6ccc1000 rw-p 00000000 00:00 0                          [stack:2439]
7f5c6ccc1000-7f5c6cd1d000 r-xp 00000000 08:03 6029391                    /tmp/jogamp_0000/file_cache/jln5540836163041508890/jln6742086979862271807/natives/linux-amd64/libjogl_mobile.so
7f5c6cd1d000-7f5c6cf1d000 ---p 0005c000 08:03 6029391                    /tmp/jogamp_0000/file_cache/jln5540836163041508890/jln6742086979862271807/natives/linux-amd64/libjogl_mobile.so
7f5c6cf1d000-7f5c6cf1e000 rw-p 0005c000 08:03 6029391                    /tmp/jogamp_0000/file_cache/jln5540836163041508890/jln6742086979862271807/natives/linux-amd64/libjogl_mobile.so
7f5c6cf1e000-7f5c6cf8c000 r-xp 00000000 08:03 6423014                    /usr/lib/x86_64-linux-gnu/libnvidia-glsi.so.352.41
7f5c6cf8c000-7f5c6d18b000 ---p 0006e000 08:03 6423014                    /usr/lib/x86_64-linux-gnu/libnvidia-glsi.so.352.41
7f5c6d18b000-7f5c6d194000 rw-p 0006d000 08:03 6423014                    /usr/lib/x86_64-linux-gnu/libnvidia-glsi.so.352.41
7f5c6d194000-7f5c6d1a2000 rw-p 00000000 00:00 0 
7f5c6d1a2000-7f5c6d25f000 r-xp 00000000 08:03 6424032                    /usr/lib/x86_64-linux-gnu/libEGL.so.352.41
7f5c6d25f000-7f5c6d45f000 ---p 000bd000 08:03 6424032                    /usr/lib/x86_64-linux-gnu/libEGL.so.352.41
7f5c6d45f000-7f5c6d486000 rw-p 000bd000 08:03 6424032                    /usr/lib/x86_64-linux-gnu/libEGL.so.352.41
7f5c6d486000-7f5c6d49a000 rw-p 00000000 00:00 0 
7f5c6d49a000-7f5c6d4a9000 r-xp 00000000 08:03 6423187                    /usr/lib/x86_64-linux-gnu/libGLESv2.so.352.41
7f5c6d4a9000-7f5c6d6a9000 ---p 0000f000 08:03 6423187                    /usr/lib/x86_64-linux-gnu/libGLESv2.so.352.41
7f5c6d6a9000-7f5c6d6ac000 rw-p 0000f000 08:03 6423187                    /usr/lib/x86_64-linux-gnu/libGLESv2.so.352.41
7f5c6d6ac000-7f5c6d6ad000 rw-p 00000000 00:00 0 
7f5c6d6ad000-7f5c6d6b0000 ---p 00000000 00:00 0 
7f5c6d6b0000-7f5c6d7ae000 rw-p 00000000 00:00 0                          [stack:2438]
7f5c6d7ae000-7f5c6d866000 r-xp 00000000 08:03 6029390                    /tmp/jogamp_0000/file_cache/jln5540836163041508890/jln6742086979862271807/natives/linux-amd64/libjogl_desktop.so
7f5c6d866000-7f5c6da66000 ---p 000b8000 08:03 6029390                    /tmp/jogamp_0000/file_cache/jln5540836163041508890/jln6742086979862271807/natives/linux-amd64/libjogl_desktop.so
7f5c6da66000-7f5c6da67000 rw-p 000b8000 08:03 6029390                    /tmp/jogamp_0000/file_cache/jln5540836163041508890/jln6742086979862271807/natives/linux-amd64/libjogl_desktop.so
7f5c6da67000-7f5c6da6a000 r-xp 00000000 08:03 6819344                    /usr/lib/x86_64-linux-gnu/tls/libnvidia-tls.so.352.41
7f5c6da6a000-7f5c6dc69000 ---p 00003000 08:03 6819344                    /usr/lib/x86_64-linux-gnu/tls/libnvidia-tls.so.352.41
7f5c6dc69000-7f5c6dc6a000 rw-p 00002000 08:03 6819344                    /usr/lib/x86_64-linux-gnu/tls/libnvidia-tls.so.352.41
7f5c6dc6a000-7f5c6dd28000 r-xp 00000000 08:03 6426936                    /usr/lib/x86_64-linux-gnu/libGL.so.352.41
7f5c6dd28000-7f5c6dd5b000 rwxp 000be000 08:03 6426936                    /usr/lib/x86_64-linux-gnu/libGL.so.352.41
7f5c6dd5b000-7f5c6dd6d000 r-xp 000f1000 08:03 6426936                    /usr/lib/x86_64-linux-gnu/libGL.so.352.41
7f5c6dd6d000-7f5c6df6c000 ---p 00103000 08:03 6426936                    /usr/lib/x86_64-linux-gnu/libGL.so.352.41
7f5c6df6c000-7f5c6df94000 rw-p 00102000 08:03 6426936                    /usr/lib/x86_64-linux-gnu/libGL.so.352.41
7f5c6df94000-7f5c6e19a000 rw-p 00000000 00:00 0 
7f5c6e19a000-7f5c6e19c000 r-xp 00000000 08:03 6430960                    /usr/lib/x86_64-linux-gnu/libXinerama.so.1.0.0
7f5c6e19c000-7f5c6e39b000 ---p 00002000 08:03 6430960                    /usr/lib/x86_64-linux-gnu/libXinerama.so.1.0.0
7f5c6e39b000-7f5c6e39c000 r--p 00001000 08:03 6430960                    /usr/lib/x86_64-linux-gnu/libXinerama.so.1.0.0
7f5c6e39c000-7f5c6e39d000 rw-p 00002000 08:03 6430960                    /usr/lib/x86_64-linux-gnu/libXinerama.so.1.0.0
7f5c6e39d000-7f5c6e59d000 rw-p 00000000 00:00 0 
7f5c6e59d000-7f5c6e5a6000 r-xp 00000000 08:03 6430970                    /usr/lib/x86_64-linux-gnu/libXrandr.so.2.2.0
7f5c6e5a6000-7f5c6e7a5000 ---p 00009000 08:03 6430970                    /usr/lib/x86_64-linux-gnu/libXrandr.so.2.2.0
7f5c6e7a5000-7f5c6e7a6000 r--p 00008000 08:03 6430970                    /usr/lib/x86_64-linux-gnu/libXrandr.so.2.2.0
7f5c6e7a6000-7f5c6e7a7000 rw-p 00009000 08:03 6430970                    /usr/lib/x86_64-linux-gnu/libXrandr.so.2.2.0
7f5c6e7a7000-7f5c6e7b8000 r-xp 00000000 08:03 6029387                    /tmp/jogamp_0000/file_cache/jln5540836163041508890/jln6742086979862271807/natives/linux-amd64/libnewt.so
7f5c6e7b8000-7f5c6e9b7000 ---p 00011000 08:03 6029387                    /tmp/jogamp_0000/file_cache/jln5540836163041508890/jln6742086979862271807/natives/linux-amd64/libnewt.so
7f5c6e9b7000-7f5c6e9b8000 rw-p 00010000 08:03 6029387                    /tmp/jogamp_0000/file_cache/jln5540836163041508890/jln6742086979862271807/natives/linux-amd64/libnewt.so
7f5c6e9b8000-7f5c6e9bf000 r-xp 00000000 08:03 6029386                    /tmp/jogamp_0000/file_cache/jln5540836163041508890/jln6742086979862271807/natives/linux-amd64/libnativewindow_x11.so
7f5c6e9bf000-7f5c6ebbe000 ---p 00007000 08:03 6029386                    /tmp/jogamp_0000/file_cache/jln5540836163041508890/jln6742086979862271807/natives/linux-amd64/libnativewindow_x11.so
7f5c6ebbe000-7f5c6ebbf000 rw-p 00006000 08:03 6029386                    /tmp/jogamp_0000/file_cache/jln5540836163041508890/jln6742086979862271807/natives/linux-amd64/libnativewindow_x11.so
7f5c6ebbf000-7f5c6ebc2000 ---p 00000000 00:00 0 
7f5c6ebc2000-7f5c6ecc0000 rw-p 00000000 00:00 0                          [stack:2437]
7f5c6ecc0000-7f5c6ecc3000 ---p 00000000 00:00 0 
7f5c6ecc3000-7f5c6edc1000 rw-p 00000000 00:00 0                          [stack:2436]
7f5c6edc1000-7f5c6edc5000 r-xp 00000000 08:03 6430988                    /usr/lib/x86_64-linux-gnu/libXxf86vm.so.1.0.0
7f5c6edc5000-7f5c6efc5000 ---p 00004000 08:03 6430988                    /usr/lib/x86_64-linux-gnu/libXxf86vm.so.1.0.0
7f5c6efc5000-7f5c6efc6000 r--p 00004000 08:03 6430988                    /usr/lib/x86_64-linux-gnu/libXxf86vm.so.1.0.0
7f5c6efc6000-7f5c6efc7000 rw-p 00005000 08:03 6430988                    /usr/lib/x86_64-linux-gnu/libXxf86vm.so.1.0.0
7f5c6efc7000-7f5c6efc9000 r-xp 00000000 08:03 6029385                    /tmp/jogamp_0000/file_cache/jln5540836163041508890/jln6742086979862271807/natives/linux-amd64/libnativewindow_awt.so
7f5c6efc9000-7f5c6f1c8000 ---p 00002000 08:03 6029385                    /tmp/jogamp_0000/file_cache/jln5540836163041508890/jln6742086979862271807/natives/linux-amd64/libnativewindow_awt.so
7f5c6f1c8000-7f5c6f1c9000 rw-p 00001000 08:03 6029385                    /tmp/jogamp_0000/file_cache/jln5540836163041508890/jln6742086979862271807/natives/linux-amd64/libnativewindow_awt.so
7f5c6f1c9000-7f5c6f1ca000 r-xp 00000000 08:03 6425220                    /usr/lib/jvm/java-8-openjdk-amd64/jre/lib/amd64/libjawt.so
7f5c6f1ca000-7f5c6f3c9000 ---p 00001000 08:03 6425220                    /usr/lib/jvm/java-8-openjdk-amd64/jre/lib/amd64/libjawt.so
7f5c6f3c9000-7f5c6f3ca000 r--p 00000000 08:03 6425220                    /usr/lib/jvm/java-8-openjdk-amd64/jre/lib/amd64/libjawt.so
7f5c6f3ca000-7f5c6f3cb000 rw-p 00001000 08:03 6425220                    /usr/lib/jvm/java-8-openjdk-amd64/jre/lib/amd64/libjawt.so
7f5c6f3cb000-7f5c6f3ce000 ---p 00000000 00:00 0 
7f5c6f3ce000-7f5c6f4cc000 rw-p 00000000 00:00 0                          [stack:2435]
7f5c6f4cc000-7f5c6f4d1000 r-xp 00000000 08:03 6430952                    /usr/lib/x86_64-linux-gnu/libXfixes.so.3.1.0
7f5c6f4d1000-7f5c6f6d0000 ---p 00005000 08:03 6430952                    /usr/lib/x86_64-linux-gnu/libXfixes.so.3.1.0
7f5c6f6d0000-7f5c6f6d1000 r--p 00004000 08:03 6430952                    /usr/lib/x86_64-linux-gnu/libXfixes.so.3.1.0
7f5c6f6d1000-7f5c6f6d2000 rw-p 00005000 08:03 6430952                    /usr/lib/x86_64-linux-gnu/libXfixes.so.3.1.0
7f5c6f6d2000-7f5c6f6db000 r-xp 00000000 08:03 6430944                    /usr/lib/x86_64-linux-gnu/libXcursor.so.1.0.2
7f5c6f6db000-7f5c6f8da000 ---p 00009000 08:03 6430944                    /usr/lib/x86_64-linux-gnu/libXcursor.so.1.0.2
7f5c6f8da000-7f5c6f8db000 r--p 00008000 08:03 6430944                    /usr/lib/x86_64-linux-gnu/libXcursor.so.1.0.2
7f5c6f8db000-7f5c6f8dc000 rw-p 00009000 08:03 6430944                    /usr/lib/x86_64-linux-gnu/libXcursor.so.1.0.2
7f5c6f8dc000-7f5c6f901000 r-xp 00000000 08:03 4067650                    /lib/x86_64-linux-gnu/libpng12.so.0.51.0
7f5c6f901000-7f5c6fb00000 ---p 00025000 08:03 4067650                    /lib/x86_64-linux-gnu/libpng12.so.0.51.0
7f5c6fb00000-7f5c6fb01000 r--p 00024000 08:03 4067650                    /lib/x86_64-linux-gnu/libpng12.so.0.51.0
7f5c6fb01000-7f5c6fb02000 rw-p 00025000 08:03 4067650                    /lib/x86_64-linux-gnu/libpng12.so.0.51.0
7f5c6fb02000-7f5c6fba4000 r-xp 00000000 08:03 6429055                    /usr/lib/x86_64-linux-gnu/libfreetype.so.6.11.1
7f5c6fba4000-7f5c6fda3000 ---p 000a2000 08:03 6429055                    /usr/lib/x86_64-linux-gnu/libfreetype.so.6.11.1
7f5c6fda3000-7f5c6fda9000 r--p 000a1000 08:03 6429055                    /usr/lib/x86_64-linux-gnu/libfreetype.so.6.11.1
7f5c6fda9000-7f5c6fdaa000 rw-p 000a7000 08:03 6429055                    /usr/lib/x86_64-linux-gnu/libfreetype.so.6.11.1
7f5c6fdaa000-7f5c6fdfc000 r-xp 00000000 08:03 6425217                    /usr/lib/jvm/java-8-openjdk-amd64/jre/lib/amd64/libfontmanager.so
7f5c6fdfc000-7f5c6fffc000 ---p 00052000 08:03 6425217                    /usr/lib/jvm/java-8-openjdk-amd64/jre/lib/amd64/libfontmanager.so
7f5c6fffc000-7f5c6ffff000 r--p 00052000 08:03 6425217                    /usr/lib/jvm/java-8-openjdk-amd64/jre/lib/amd64/libfontmanager.so
7f5c6ffff000-7f5c70000000 rw-p 00055000 08:03 6425217                    /usr/lib/jvm/java-8-openjdk-amd64/jre/lib/amd64/libfontmanager.so
7f5c70000000-7f5c70021000 rw-p 00000000 00:00 0 
7f5c70021000-7f5c74000000 ---p 00000000 00:00 0 
7f5c74000000-7f5c74021000 rw-p 00000000 00:00 0 
7f5c74021000-7f5c78000000 ---p 00000000 00:00 0 
7f5c78000000-7f5c78021000 rw-p 00000000 00:00 0 
7f5c78021000-7f5c7c000000 ---p 00000000 00:00 0 
7f5c7c000000-7f5c7c021000 rw-p 00000000 00:00 0 
7f5c7c021000-7f5c80000000 ---p 00000000 00:00 0 
7f5c80000000-7f5c8028d000 rw-p 00000000 00:00 0 
7f5c8028d000-7f5c84000000 ---p 00000000 00:00 0 
7f5c84000000-7f5c8437a000 rw-p 00000000 00:00 0 
7f5c8437a000-7f5c88000000 ---p 00000000 00:00 0 
7f5c88000000-7f5c88021000 rw-p 00000000 00:00 0 
7f5c88021000-7f5c8c000000 ---p 00000000 00:00 0 
7f5c8c000000-7f5c8c288000 rw-p 00000000 00:00 0 
7f5c8c288000-7f5c90000000 ---p 00000000 00:00 0 
7f5c90000000-7f5c90021000 rw-p 00000000 00:00 0 
7f5c90021000-7f5c94000000 ---p 00000000 00:00 0 
7f5c94000000-7f5c94021000 rw-p 00000000 00:00 0 
7f5c94021000-7f5c98000000 ---p 00000000 00:00 0 
7f5c98000000-7f5c98021000 rw-p 00000000 00:00 0 
7f5c98021000-7f5c9c000000 ---p 00000000 00:00 0 
7f5c9c002000-7f5c9c042000 rw-s 1a5475000 00:06 14302                     /dev/nvidiactl
7f5c9c042000-7f5c9c062000 rw-s 1a542b000 00:06 14302                     /dev/nvidiactl
7f5c9c062000-7f5c9c067000 r-xp 00000000 08:03 6430948                    /usr/lib/x86_64-linux-gnu/libXdmcp.so.6.0.0
7f5c9c067000-7f5c9c266000 ---p 00005000 08:03 6430948                    /usr/lib/x86_64-linux-gnu/libXdmcp.so.6.0.0
7f5c9c266000-7f5c9c267000 r--p 00004000 08:03 6430948                    /usr/lib/x86_64-linux-gnu/libXdmcp.so.6.0.0
7f5c9c267000-7f5c9c268000 rw-p 00005000 08:03 6430948                    /usr/lib/x86_64-linux-gnu/libXdmcp.so.6.0.0
7f5c9c268000-7f5c9c26a000 r-xp 00000000 08:03 6430937                    /usr/lib/x86_64-linux-gnu/libXau.so.6.0.0
7f5c9c26a000-7f5c9c46a000 ---p 00002000 08:03 6430937                    /usr/lib/x86_64-linux-gnu/libXau.so.6.0.0
7f5c9c46a000-7f5c9c46b000 r--p 00002000 08:03 6430937                    /usr/lib/x86_64-linux-gnu/libXau.so.6.0.0
7f5c9c46b000-7f5c9c46c000 rw-p 00003000 08:03 6430937                    /usr/lib/x86_64-linux-gnu/libXau.so.6.0.0
7f5c9c46c000-7f5c9c489000 r-xp 00000000 08:03 6432135                    /usr/lib/x86_64-linux-gnu/libxcb.so.1.1.0
7f5c9c489000-7f5c9c689000 ---p 0001d000 08:03 6432135                    /usr/lib/x86_64-linux-gnu/libxcb.so.1.1.0
7f5c9c689000-7f5c9c68a000 r--p 0001d000 08:03 6432135                    /usr/lib/x86_64-linux-gnu/libxcb.so.1.1.0
7f5c9c68a000-7f5c9c68b000 rw-p 0001e000 08:03 6432135                    /usr/lib/x86_64-linux-gnu/libxcb.so.1.1.0
7f5c9c68b000-7f5c9c69a000 r-xp 00000000 08:03 6430958                    /usr/lib/x86_64-linux-gnu/libXi.so.6.1.0
7f5c9c69a000-7f5c9c899000 ---p 0000f000 08:03 6430958                    /usr/lib/x86_64-linux-gnu/libXi.so.6.1.0
7f5c9c899000-7f5c9c89a000 r--p 0000e000 08:03 6430958                    /usr/lib/x86_64-linux-gnu/libXi.so.6.1.0
7f5c9c89a000-7f5c9c89b000 rw-p 0000f000 08:03 6430958                    /usr/lib/x86_64-linux-gnu/libXi.so.6.1.0
7f5c9c89b000-7f5c9c8a0000 r-xp 00000000 08:03 6430978                    /usr/lib/x86_64-linux-gnu/libXtst.so.6.1.0
7f5c9c8a0000-7f5c9ca9f000 ---p 00005000 08:03 6430978                    /usr/lib/x86_64-linux-gnu/libXtst.so.6.1.0
7f5c9ca9f000-7f5c9caa0000 r--p 00004000 08:03 6430978                    /usr/lib/x86_64-linux-gnu/libXtst.so.6.1.0
7f5c9caa0000-7f5c9caa1000 rw-p 00005000 08:03 6430978                    /usr/lib/x86_64-linux-gnu/libXtst.so.6.1.0
7f5c9caa1000-7f5c9caaa000 r-xp 00000000 08:03 6430972                    /usr/lib/x86_64-linux-gnu/libXrender.so.1.3.0
7f5c9caaa000-7f5c9cca9000 ---p 00009000 08:03 6430972                    /usr/lib/x86_64-linux-gnu/libXrender.so.1.3.0
7f5c9cca9000-7f5c9ccaa000 r--p 00008000 08:03 6430972                    /usr/lib/x86_64-linux-gnu/libXrender.so.1.3.0
7f5c9ccaa000-7f5c9ccab000 rw-p 00009000 08:03 6430972                    /usr/lib/x86_64-linux-gnu/libXrender.so.1.3.0
7f5c9ccab000-7f5c9cdde000 r-xp 00000000 08:03 6430933                    /usr/lib/x86_64-linux-gnu/libX11.so.6.3.0
7f5c9cdde000-7f5c9cfde000 ---p 00133000 08:03 6430933                    /usr/lib/x86_64-linux-gnu/libX11.so.6.3.0
7f5c9cfde000-7f5c9cfdf000 r--p 00133000 08:03 6430933                    /usr/lib/x86_64-linux-gnu/libX11.so.6.3.0
7f5c9cfdf000-7f5c9cfe3000 rw-p 00134000 08:03 6430933                    /usr/lib/x86_64-linux-gnu/libX11.so.6.3.0
7f5c9cfe3000-7f5c9cfe4000 rw-p 00000000 00:00 0 
7f5c9cfe4000-7f5c9cff5000 r-xp 00000000 08:03 6430950                    /usr/lib/x86_64-linux-gnu/libXext.so.6.4.0
7f5c9cff5000-7f5c9d1f4000 ---p 00011000 08:03 6430950                    /usr/lib/x86_64-linux-gnu/libXext.so.6.4.0
7f5c9d1f4000-7f5c9d1f5000 r--p 00010000 08:03 6430950                    /usr/lib/x86_64-linux-gnu/libXext.so.6.4.0
7f5c9d1f5000-7f5c9d1f6000 rw-p 00011000 08:03 6430950                    /usr/lib/x86_64-linux-gnu/libXext.so.6.4.0
7f5c9d1f7000-7f5c9d1fa000 rw-p 00000000 00:00 0 
7f5c9d1fa000-7f5c9d1fb000 rw-s 1f3299000 00:06 14302                     /dev/nvidiactl
7f5c9d1fb000-7f5c9d1ff000 rw-s 1a541e000 00:06 14302                     /dev/nvidiactl
7f5c9d1ff000-7f5c9d200000 rw-s dfd63000 00:06 14303                      /dev/nvidia0
7f5c9d200000-7f5c9d201000 rw-s dfd63000 00:06 14303                      /dev/nvidia0
7f5c9d201000-7f5c9d202000 rw-s fa642000 00:06 14303                      /dev/nvidia0
7f5c9d202000-7f5c9d203000 rw-s 20c129000 00:06 14302                     /dev/nvidiactl
7f5c9d203000-7f5c9d204000 rw-s fa641000 00:06 14303                      /dev/nvidia0
7f5c9d204000-7f5c9d205000 rw-s 20c128000 00:06 14302                     /dev/nvidiactl
7f5c9d205000-7f5c9d206000 rw-s 1f33dd000 00:06 14302                     /dev/nvidiactl
7f5c9d206000-7f5c9d219000 r--s 00345000 08:03 6425242                    /usr/lib/jvm/java-8-openjdk-amd64/jre/lib/resources.jar
7f5c9d219000-7f5c9d270000 r-xp 00000000 08:03 6425205                    /usr/lib/jvm/java-8-openjdk-amd64/jre/lib/amd64/libawt_xawt.so
7f5c9d270000-7f5c9d470000 ---p 00057000 08:03 6425205                    /usr/lib/jvm/java-8-openjdk-amd64/jre/lib/amd64/libawt_xawt.so
7f5c9d470000-7f5c9d471000 r--p 00057000 08:03 6425205                    /usr/lib/jvm/java-8-openjdk-amd64/jre/lib/amd64/libawt_xawt.so
7f5c9d471000-7f5c9d474000 rw-p 00058000 08:03 6425205                    /usr/lib/jvm/java-8-openjdk-amd64/jre/lib/amd64/libawt_xawt.so
7f5c9d474000-7f5c9d475000 rw-p 00000000 00:00 0 
7f5c9d475000-7f5c9d516000 r-xp 00000000 08:03 6425236                    /usr/lib/jvm/java-8-openjdk-amd64/jre/lib/amd64/libawt.so
7f5c9d516000-7f5c9d715000 ---p 000a1000 08:03 6425236                    /usr/lib/jvm/java-8-openjdk-amd64/jre/lib/amd64/libawt.so
7f5c9d715000-7f5c9d716000 r--p 000a0000 08:03 6425236                    /usr/lib/jvm/java-8-openjdk-amd64/jre/lib/amd64/libawt.so
7f5c9d716000-7f5c9d721000 rw-p 000a1000 08:03 6425236                    /usr/lib/jvm/java-8-openjdk-amd64/jre/lib/amd64/libawt.so
7f5c9d721000-7f5c9d746000 rw-p 00000000 00:00 0 
7f5c9d746000-7f5c9d748000 r-xp 00000000 08:03 6029383                    /tmp/jogamp_0000/file_cache/jln5540836163041508890/jln6742086979862271807/natives/linux-amd64/libgluegen-rt.so
7f5c9d748000-7f5c9d947000 ---p 00002000 08:03 6029383                    /tmp/jogamp_0000/file_cache/jln5540836163041508890/jln6742086979862271807/natives/linux-amd64/libgluegen-rt.so
7f5c9d947000-7f5c9d948000 rw-p 00001000 08:03 6029383                    /tmp/jogamp_0000/file_cache/jln5540836163041508890/jln6742086979862271807/natives/linux-amd64/libgluegen-rt.so
7f5c9d948000-7f5c9d94b000 ---p 00000000 00:00 0 
7f5c9d94b000-7f5c9da49000 rw-p 00000000 00:00 0                          [stack:2434]
7f5c9da49000-7f5c9da5a000 r-xp 00000000 08:03 6425228                    /usr/lib/jvm/java-8-openjdk-amd64/jre/lib/amd64/libnio.so
7f5c9da5a000-7f5c9dc59000 ---p 00011000 08:03 6425228                    /usr/lib/jvm/java-8-openjdk-amd64/jre/lib/amd64/libnio.so
7f5c9dc59000-7f5c9dc5a000 r--p 00010000 08:03 6425228                    /usr/lib/jvm/java-8-openjdk-amd64/jre/lib/amd64/libnio.so
7f5c9dc5a000-7f5c9dc5b000 rw-p 00011000 08:03 6425228                    /usr/lib/jvm/java-8-openjdk-amd64/jre/lib/amd64/libnio.so
7f5c9dc5b000-7f5c9df5c000 rw-p 00000000 00:00 0 
7f5c9df5c000-7f5c9df73000 r-xp 00000000 08:03 6425209                    /usr/lib/jvm/java-8-openjdk-amd64/jre/lib/amd64/libnet.so
7f5c9df73000-7f5c9e172000 ---p 00017000 08:03 6425209                    /usr/lib/jvm/java-8-openjdk-amd64/jre/lib/amd64/libnet.so
7f5c9e172000-7f5c9e173000 r--p 00016000 08:03 6425209                    /usr/lib/jvm/java-8-openjdk-amd64/jre/lib/amd64/libnet.so
7f5c9e173000-7f5c9e174000 rw-p 00017000 08:03 6425209                    /usr/lib/jvm/java-8-openjdk-amd64/jre/lib/amd64/libnet.so
7f5c9e174000-7f5c9e177000 ---p 00000000 00:00 0 
7f5c9e177000-7f5c9e1ad000 rw-p 00000000 00:00 0                          [stack:2429]
7f5c9e1ad000-7f5c9e1ae000 r--p 00000000 00:00 0 
7f5c9e1ae000-7f5c9e1b3000 r--s 00094000 08:03 6425238                    /usr/lib/jvm/java-8-openjdk-amd64/jre/lib/jsse.jar
7f5c9e1b3000-7f5c9e1b4000 r--s 00001000 08:03 6029436                    /home/elect/.gradle/caches/modules-2/files-2.1/org.jogamp.gluegen/gluegen-rt/2.3.2/f9b848384a343f39f454e59cead435c2c0cbf542/gluegen-rt-2.3.2-natives-windows-i586.jar
7f5c9e1b4000-7f5c9e1b5000 r--s 00001000 08:03 6029435                    /home/elect/.gradle/caches/modules-2/files-2.1/org.jogamp.gluegen/gluegen-rt/2.3.2/85213c97a5a50d8dd37de4c35ef32cd4b0ac2ef0/gluegen-rt-2.3.2-natives-windows-amd64.jar
7f5c9e1b5000-7f5c9e1b6000 r--s 00000000 08:03 6029434                    /home/elect/.gradle/caches/modules-2/files-2.1/org.jogamp.gluegen/gluegen-rt/2.3.2/a5d9ee96c7a365055fba41e30f9a10f42a3c1a3e/gluegen-rt-2.3.2-natives-solaris-i586.jar
7f5c9e1b6000-7f5c9e1b7000 r--s 00001000 08:03 6029433                    /home/elect/.gradle/caches/modules-2/files-2.1/org.jogamp.gluegen/gluegen-rt/2.3.2/9a23cd22c59e3f04082e7589e850b79c9e696dc4/gluegen-rt-2.3.2-natives-solaris-amd64.jar
7f5c9e1b7000-7f5c9e1b8000 r--s 00001000 08:03 6029432                    /home/elect/.gradle/caches/modules-2/files-2.1/org.jogamp.gluegen/gluegen-rt/2.3.2/7227ae9e480354909d80f4df92b30bbb965387be/gluegen-rt-2.3.2-natives-macosx-universal.jar
7f5c9e1b8000-7f5c9e1ba000 r--s 00000000 08:03 6029431                    /home/elect/.gradle/caches/modules-2/files-2.1/org.jogamp.gluegen/gluegen-rt/2.3.2/da68aff010edd35a9ee89b1801dce6e284c7e673/gluegen-rt-2.3.2-natives-linux-i586.jar
7f5c9e1ba000-7f5c9e1bb000 r--s 00000000 08:03 6029430                    /home/elect/.gradle/caches/modules-2/files-2.1/org.jogamp.gluegen/gluegen-rt/2.3.2/f6d3587b061d7ae6e68932fc62317e3500d2112d/gluegen-rt-2.3.2-natives-linux-armv6hf.jar
7f5c9e1bb000-7f5c9e1bc000 r--s 00000000 08:03 6029429                    /home/elect/.gradle/caches/modules-2/files-2.1/org.jogamp.gluegen/gluegen-rt/2.3.2/c55cd566d98d4fcd004b9aaa2c502c8c2dcec192/gluegen-rt-2.3.2-natives-linux-armv6.jar
7f5c9e1bc000-7f5c9e1be000 r--s 00000000 08:03 6029428                    /home/elect/.gradle/caches/modules-2/files-2.1/org.jogamp.gluegen/gluegen-rt/2.3.2/477a6bc4f9256d8c9935b75d55e2b7b01314440b/gluegen-rt-2.3.2-natives-linux-amd64.jar
7f5c9e1be000-7f5c9e1bf000 r--s 00001000 08:03 6029427                    /home/elect/.gradle/caches/modules-2/files-2.1/org.jogamp.gluegen/gluegen-rt/2.3.2/2130295b94ef5c19f85fb4ba6107ca193e987858/gluegen-rt-2.3.2-natives-android-armv6.jar
7f5c9e1bf000-7f5c9e1c0000 r--s 00000000 08:03 6029426                    /home/elect/.gradle/caches/modules-2/files-2.1/org.jogamp.gluegen/gluegen-rt/2.3.2/4c104c7aef98cda5c404eacb96b1a4e04fe0dd68/gluegen-rt-2.3.2-natives-android-aarch64.jar
7f5c9e1c0000-7f5c9e1c6000 r--s 0004f000 08:03 6029425                    /home/elect/.gradle/caches/modules-2/files-2.1/org.jogamp.gluegen/gluegen-rt/2.3.2/edc35ccfc13d4a4ad02c50d580874c18bf48bbef/gluegen-rt-2.3.2.jar
7f5c9e1c6000-7f5c9e1c7000 r--s 00004000 08:03 6029498                    /home/elect/.gradle/caches/modules-2/files-2.1/org.jogamp.jogl/newt/2.3.2/e25eae0a0af4c9881b1f105239eb1a11ba8ff062/newt-2.3.2-natives-windows-i586.jar
7f5c9e1c7000-7f5c9e1c8000 r--s 00004000 08:03 6029497                    /home/elect/.gradle/caches/modules-2/files-2.1/org.jogamp.jogl/newt/2.3.2/345a309326786646a4b288824c285331496ccfbe/newt-2.3.2-natives-windows-amd64.jar
7f5c9e1c8000-7f5c9e1c9000 r--s 00005000 08:03 6029496                    /home/elect/.gradle/caches/modules-2/files-2.1/org.jogamp.jogl/newt/2.3.2/87b54f8bfc1e5190418aaaa6a042473f4f556b15/newt-2.3.2-natives-solaris-i586.jar
7f5c9e1c9000-7f5c9e1ca000 r--s 00006000 08:03 6029495                    /home/elect/.gradle/caches/modules-2/files-2.1/org.jogamp.jogl/newt/2.3.2/5ec2a841e5469e21dd36f3d92365afaad86ade3b/newt-2.3.2-natives-solaris-amd64.jar
7f5c9e1ca000-7f5c9e1cb000 r--s 0000e000 08:03 6029494                    /home/elect/.gradle/caches/modules-2/files-2.1/org.jogamp.jogl/newt/2.3.2/eb1257f13f3b411dc83db05ebeb21d44767eaed6/newt-2.3.2-natives-macosx-universal.jar
7f5c9e1cb000-7f5c9e1cc000 r--s 00006000 08:03 6029493                    /home/elect/.gradle/caches/modules-2/files-2.1/org.jogamp.jogl/newt/2.3.2/8e2017dd73e68ae1753f0724e0489d835f791946/newt-2.3.2-natives-linux-i586.jar
7f5c9e1cc000-7f5c9e1cd000 r--s 00005000 08:03 6029492                    /home/elect/.gradle/caches/modules-2/files-2.1/org.jogamp.jogl/newt/2.3.2/e944b80304cda285686fad84963af27e0746b911/newt-2.3.2-natives-linux-armv6hf.jar
7f5c9e1cd000-7f5c9e1ce000 r--s 00005000 08:03 6029491                    /home/elect/.gradle/caches/modules-2/files-2.1/org.jogamp.jogl/newt/2.3.2/f25e0ab0de2dc29d8b16740ff9ae9e52e503bec0/newt-2.3.2-natives-linux-armv6.jar
7f5c9e1ce000-7f5c9e1cf000 r--s 00006000 08:03 6029490                    /home/elect/.gradle/caches/modules-2/files-2.1/org.jogamp.jogl/newt/2.3.2/24007dc5205f4f9773198d1be5f7013a8b6a2b96/newt-2.3.2-natives-linux-amd64.jar
7f5c9e1cf000-7f5c9e1d0000 r--s 00001000 08:03 6029489                    /home/elect/.gradle/caches/modules-2/files-2.1/org.jogamp.jogl/newt/2.3.2/7b425742f16722273c189f5f860f212a01b3b462/newt-2.3.2-natives-android-armv6.jar
7f5c9e1d0000-7f5c9e1d2000 r--s 00000000 08:03 6029488                    /home/elect/.gradle/caches/modules-2/files-2.1/org.jogamp.jogl/newt/2.3.2/f05e8b11b0f7ba31a75033d9b40da603c449635/newt-2.3.2-natives-android-aarch64.jar
7f5c9e1d2000-7f5c9e1d3000 r--s 00008000 08:03 6029487                    /home/elect/.gradle/caches/modules-2/files-2.1/org.jogamp.jogl/newt/2.3.2/c975b00340f112cb8fbbe35bead078f3e64f5a8c/newt-2.3.2-driver-x11.jar
7f5c9e1d3000-7f5c9e1d5000 r--s 00002000 08:03 6029486                    /home/elect/.gradle/caches/modules-2/files-2.1/org.jogamp.jogl/newt/2.3.2/5a009f4d9a1730839eefbb0990fdacc35859b48a/newt-2.3.2-driver-win.jar
7f5c9e1d5000-7f5c9e1d6000 r--s 00007000 08:03 6029485                    /home/elect/.gradle/caches/modules-2/files-2.1/org.jogamp.jogl/newt/2.3.2/cc363a480a51c59ca3a4a24dc982221a3adb2e81/newt-2.3.2-driver-osx.jar
7f5c9e1d6000-7f5c9e1d7000 r--s 00002000 08:03 6029484                    /home/elect/.gradle/caches/modules-2/files-2.1/org.jogamp.jogl/newt/2.3.2/95ef751e091b696ebc4700b5a04891575990122d/newt-2.3.2-driver-linux.jar
7f5c9e1d7000-7f5c9e1d8000 r--s 00001000 08:03 6029483                    /home/elect/.gradle/caches/modules-2/files-2.1/org.jogamp.jogl/newt/2.3.2/14da99081d9289fa556fc6aab4589b229197a3e4/newt-2.3.2-driver-kd.jar
7f5c9e1d8000-7f5c9e1d9000 r--s 00001000 08:03 6029482                    /home/elect/.gradle/caches/modules-2/files-2.1/org.jogamp.jogl/newt/2.3.2/edb56dfa3e4ecdf08c85e6ad78d3a187f7a753c8/newt-2.3.2-driver-intelgdl.jar
7f5c9e1d9000-7f5c9e1da000 r--s 00002000 08:03 6029481                    /home/elect/.gradle/caches/modules-2/files-2.1/org.jogamp.jogl/newt/2.3.2/4c53748c34d6d2c30908ba3007816ca85f0e0791/newt-2.3.2-driver-bcm-vc.jar
7f5c9e1da000-7f5c9e1db000 r--s 00001000 08:03 6029480                    /home/elect/.gradle/caches/modules-2/files-2.1/org.jogamp.jogl/newt/2.3.2/4b4af96e706899860846f04d2933e859234326ca/newt-2.3.2-driver-bcm-old.jar
7f5c9e1db000-7f5c9e1dc000 r--s 00008000 08:03 6029479                    /home/elect/.gradle/caches/modules-2/files-2.1/org.jogamp.jogl/newt/2.3.2/a43e9001b3651548ceac27061001a0d0054d2908/newt-2.3.2-driver-android.jar
7f5c9e1dc000-7f5c9e1dd000 r--s 00008000 08:03 6029478                    /home/elect/.gradle/caches/modules-2/files-2.1/org.jogamp.jogl/newt/2.3.2/2b7005b3693c301ba81c00a50dae413427f85791/newt-2.3.2-ogl.jar
7f5c9e1dd000-7f5c9e1df000 r--s 0000b000 08:03 6029477                    /home/elect/.gradle/caches/modules-2/files-2.1/org.jogamp.jogl/newt/2.3.2/5268c4c933bdcc1188e01dc3d0eb218bda277db3/newt-2.3.2-event.jar
7f5c9e1df000-7f5c9e1e2000 r--s 0002c000 08:03 6029476                    /home/elect/.gradle/caches/modules-2/files-2.1/org.jogamp.jogl/newt/2.3.2/2f0d759de0a7d61be4cba251b573b98bcef608d8/newt-2.3.2.jar
7f5c9e1e2000-7f5c9e206000 r--s 0031e000 08:03 6029407                    /home/elect/.gradle/caches/modules-2/files-2.1/org.jogamp.jogl/jogl-all/2.3.2/99e0f64bb8882f054825ae4a8a527a17b544a0b5/jogl-all-2.3.2.jar
7f5c9e206000-7f5c9e207000 ---p 00000000 00:00 0 
7f5c9e207000-7f5c9e307000 rw-p 00000000 00:00 0                          [stack:2425]
7f5c9e307000-7f5c9e30a000 ---p 00000000 00:00 0 
7f5c9e30a000-7f5c9e408000 rw-p 00000000 00:00 0                          [stack:2424]
7f5c9e408000-7f5c9e40b000 ---p 00000000 00:00 0 
7f5c9e40b000-7f5c9e509000 rw-p 00000000 00:00 0                          [stack:2423]
7f5c9e509000-7f5c9e50c000 ---p 00000000 00:00 0 
7f5c9e50c000-7f5c9e60a000 rw-p 00000000 00:00 0                          [stack:2422]
7f5c9e60a000-7f5c9e60d000 ---p 00000000 00:00 0 
7f5c9e60d000-7f5c9e70b000 rw-p 00000000 00:00 0                          [stack:2421]
7f5c9e70b000-7f5c9e70e000 ---p 00000000 00:00 0 
7f5c9e70e000-7f5c9e80c000 rw-p 00000000 00:00 0                          [stack:2420]
7f5c9e80c000-7f5c9eeef000 r--p 00000000 08:03 6429964                    /usr/lib/locale/locale-archive
7f5c9eeef000-7f5c9eef2000 ---p 00000000 00:00 0 
7f5c9eef2000-7f5c9eff0000 rw-p 00000000 00:00 0                          [stack:2419]
7f5c9eff0000-7f5c9eff3000 ---p 00000000 00:00 0 
7f5c9eff3000-7f5c9f0f1000 rw-p 00000000 00:00 0                          [stack:2418]
7f5c9f0f1000-7f5c9f0f2000 ---p 00000000 00:00 0 
7f5c9f0f2000-7f5ca0000000 rw-p 00000000 00:00 0                          [stack:2417]
7f5ca0000000-7f5ca0021000 rw-p 00000000 00:00 0 
7f5ca0021000-7f5ca4000000 ---p 00000000 00:00 0 
7f5ca4000000-7f5ca4021000 rw-p 00000000 00:00 0 
7f5ca4021000-7f5ca8000000 ---p 00000000 00:00 0 
7f5ca8000000-7f5ca8021000 rw-p 00000000 00:00 0 
7f5ca8021000-7f5cac000000 ---p 00000000 00:00 0 
7f5cac000000-7f5cac001000 r--s 00004000 08:03 6029470                    /home/elect/.gradle/caches/modules-2/files-2.1/org.jogamp.jogl/nativewindow/2.3.2/fda8e3b58cd05acb6bae87966710b7633283704a/nativewindow-2.3.2-natives-windows-i586.jar
7f5cac001000-7f5cac002000 r--s 00004000 08:03 6029469                    /home/elect/.gradle/caches/modules-2/files-2.1/org.jogamp.jogl/nativewindow/2.3.2/1ec8ecfe1a35a8c50fe36708875c93a9664f24e/nativewindow-2.3.2-natives-windows-amd64.jar
7f5cac002000-7f5cac004000 r--s 00002000 08:03 6029468                    /home/elect/.gradle/caches/modules-2/files-2.1/org.jogamp.jogl/nativewindow/2.3.2/b887f303070cd0c87a27feabcf344fef9666af66/nativewindow-2.3.2-natives-solaris-i586.jar
7f5cac004000-7f5cac005000 r--s 00003000 08:03 6029467                    /home/elect/.gradle/caches/modules-2/files-2.1/org.jogamp.jogl/nativewindow/2.3.2/63d814027e5f2a1aeb1e9672ec14bc781b8a9843/nativewindow-2.3.2-natives-solaris-amd64.jar
7f5cac005000-7f5cac006000 r--s 00007000 08:03 6029466                    /home/elect/.gradle/caches/modules-2/files-2.1/org.jogamp.jogl/nativewindow/2.3.2/c6bfd67b0ac217a403f73894bacc7044059c2a0c/nativewindow-2.3.2-natives-macosx-universal.jar
7f5cac006000-7f5cac007000 r--s 00003000 08:03 6029465                    /home/elect/.gradle/caches/modules-2/files-2.1/org.jogamp.jogl/nativewindow/2.3.2/4f556326a5d174a31c9af30127f39fd0c876316b/nativewindow-2.3.2-natives-linux-i586.jar
7f5cac007000-7f5cac008000 r--s 00002000 08:03 6029464                    /home/elect/.gradle/caches/modules-2/files-2.1/org.jogamp.jogl/nativewindow/2.3.2/e959e10219f023c27bd4e5582f626e8874825820/nativewindow-2.3.2-natives-linux-armv6hf.jar
7f5cac008000-7f5cac009000 r--s 00002000 08:03 6029463                    /home/elect/.gradle/caches/modules-2/files-2.1/org.jogamp.jogl/nativewindow/2.3.2/3ce179989908a51aec7799dfab4841685e6350f6/nativewindow-2.3.2-natives-linux-armv6.jar
7f5cac009000-7f5cac00a000 r--s 00003000 08:03 6029462                    /home/elect/.gradle/caches/modules-2/files-2.1/org.jogamp.jogl/nativewindow/2.3.2/fe23dbb106657ac76f7c981e5357c294623b9f8f/nativewindow-2.3.2-natives-linux-amd64.jar
7f5cac00a000-7f5cac00b000 r--s 00000000 08:03 6029461                    /home/elect/.gradle/caches/modules-2/files-2.1/org.jogamp.jogl/nativewindow/2.3.2/c2003f72ca3de3f34e4920dc2c50b83a094959b9/nativewindow-2.3.2-natives-android-armv6.jar
7f5cac00b000-7f5cac027000 r--s 00393000 08:03 6425245                    /usr/lib/jvm/java-8-openjdk-amd64/jre/lib/ext/cldrdata.jar
7f5cac027000-7f5cac041000 r--s 001d3000 08:03 6425246                    /usr/lib/jvm/java-8-openjdk-amd64/jre/lib/ext/nashorn.jar
7f5cac041000-7f5cb0000000 rw-p 00000000 00:00 0 
7f5cb0000000-7f5cb0021000 rw-p 00000000 00:00 0 
7f5cb0021000-7f5cb4000000 ---p 00000000 00:00 0 
7f5cb4000000-7f5cb4001000 r--s 00000000 08:03 6029460                    /home/elect/.gradle/caches/modules-2/files-2.1/org.jogamp.jogl/nativewindow/2.3.2/b3f9623ef71eadfafce4c70f485e3a93dfe7abdf/nativewindow-2.3.2-natives-android-aarch64.jar
7f5cb4001000-7f5cb4002000 r--s 00006000 08:03 6029459                    /home/elect/.gradle/caches/modules-2/files-2.1/org.jogamp.jogl/nativewindow/2.3.2/a75599e783ff6cbee68e60f80f00113b5e95919f/nativewindow-2.3.2-os-x11.jar
7f5cb4002000-7f5cb4003000 r--s 00001000 08:03 6029458                    /home/elect/.gradle/caches/modules-2/files-2.1/org.jogamp.jogl/nativewindow/2.3.2/bac1ceae906c7a80ad37b42f917ecff289c959d9/nativewindow-2.3.2-os-osx.jar
7f5cb4003000-7f5cb4004000 r--s 00006000 08:03 6029456                    /home/elect/.gradle/caches/modules-2/files-2.1/org.jogamp.jogl/nativewindow/2.3.2/9eeb70fd34c7c86e586ec02f22eaaf8074ddbcb7/nativewindow-2.3.2-os-win.jar
7f5cb4004000-7f5cb4007000 r--s 00016000 08:03 6029455                    /home/elect/.gradle/caches/modules-2/files-2.1/org.jogamp.jogl/nativewindow/2.3.2/c4e73108a1ccb49110516be8b63d44cf07f0f26b/nativewindow-2.3.2.jar
7f5cb4007000-7f5cb4009000 r--s 00032000 08:03 6029418                    /home/elect/.gradle/caches/modules-2/files-2.1/org.jogamp.jogl/jogl-all/2.3.2/5db8db5eca6b4445db6cd14f68938736630ae976/jogl-all-2.3.2-natives-windows-i586.jar
7f5cb4009000-7f5cb400a000 r--s 0003a000 08:03 6029417                    /home/elect/.gradle/caches/modules-2/files-2.1/org.jogamp.jogl/jogl-all/2.3.2/becd519b1f741176561d93645abd90971ca0dca0/jogl-all-2.3.2-natives-windows-amd64.jar
7f5cb400a000-7f5cb404c000 rw-p 00000000 00:00 0 
7f5cb404c000-7f5cb4219000 r--s 03bd3000 08:03 6425271                    /usr/lib/jvm/java-8-openjdk-amd64/jre/lib/rt.jar
7f5cb4219000-7f5cb4dfe000 rw-p 00000000 00:00 0 
7f5cb4dfe000-7f5cb4dff000 ---p 00000000 00:00 0 
7f5cb4dff000-7f5cb4eff000 rw-p 00000000 00:00 0                          [stack:2416]
7f5cb4eff000-7f5cb4f00000 ---p 00000000 00:00 0 
7f5cb4f00000-7f5cb5000000 rw-p 00000000 00:00 0                          [stack:2415]
7f5cb5000000-7f5cb5320000 rwxp 00000000 00:00 0 
7f5cb5320000-7f5cc4000000 ---p 00000000 00:00 0 
7f5cc4000000-7f5cc4b24000 rw-p 00000000 00:00 0 
7f5cc4b24000-7f5cc8000000 ---p 00000000 00:00 0 
7f5cc8000000-7f5cc8001000 r--s 00027000 08:03 6029416                    /home/elect/.gradle/caches/modules-2/files-2.1/org.jogamp.jogl/jogl-all/2.3.2/94d1ed501fe53b7f75eab0f712f39802390d0f5b/jogl-all-2.3.2-natives-solaris-i586.jar
7f5cc8001000-7f5cc8002000 r--s 00035000 08:03 6029415                    /home/elect/.gradle/caches/modules-2/files-2.1/org.jogamp.jogl/jogl-all/2.3.2/bde11ff064181af9c307180d8f3f1744b7bdc11d/jogl-all-2.3.2-natives-solaris-amd64.jar
7f5cc8002000-7f5cc8003000 r--s 0006c000 08:03 6029414                    /home/elect/.gradle/caches/modules-2/files-2.1/org.jogamp.jogl/jogl-all/2.3.2/2da2215dbe1091c54cb83cf2484f8a54a4d0cf7a/jogl-all-2.3.2-natives-macosx-universal.jar
7f5cc8003000-7f5cc8005000 r--s 00034000 08:03 6029413                    /home/elect/.gradle/caches/modules-2/files-2.1/org.jogamp.jogl/jogl-all/2.3.2/59b7a336c0ee54161e33662d2ca8ac9d8f6c476d/jogl-all-2.3.2-natives-linux-i586.jar
7f5cc8005000-7f5cc8006000 r--s 00028000 08:03 6029412                    /home/elect/.gradle/caches/modules-2/files-2.1/org.jogamp.jogl/jogl-all/2.3.2/2c434c560dbd821b0ed569e44d3d441727491dac/jogl-all-2.3.2-natives-linux-armv6hf.jar
7f5cc8006000-7f5cc8007000 r--s 00027000 08:03 6029411                    /home/elect/.gradle/caches/modules-2/files-2.1/org.jogamp.jogl/jogl-all/2.3.2/6d14f46336be9e2dc5f85d5df17490cee5d09a90/jogl-all-2.3.2-natives-linux-armv6.jar
7f5cc8007000-7f5cc8008000 r--s 00036000 08:03 6029410                    /home/elect/.gradle/caches/modules-2/files-2.1/org.jogamp.jogl/jogl-all/2.3.2/ffd1c6bd5f6fb088df6cad25e25721eb55ad2228/jogl-all-2.3.2-natives-linux-amd64.jar
7f5cc8008000-7f5cc8009000 r--s 0000f000 08:03 6029409                    /home/elect/.gradle/caches/modules-2/files-2.1/org.jogamp.jogl/jogl-all/2.3.2/ab2c18b8a1327255cc354c19c720807d262baa75/jogl-all-2.3.2-natives-android-armv6.jar
7f5cc8009000-7f5cc80a0000 rw-p 00000000 00:00 0 
7f5cc80a0000-7f5cc80a1000 ---p 00000000 00:00 0 
7f5cc80a1000-7f5cc81a1000 rw-p 00000000 00:00 0                          [stack:2414]
7f5cc81a1000-7f5cc81a2000 ---p 00000000 00:00 0 
7f5cc81a2000-7f5cc82cc000 rw-p 00000000 00:00 0                          [stack:2413]
7f5cc82cc000-7f5cc853b000 ---p 00000000 00:00 0 
7f5cc853b000-7f5cc8565000 rw-p 00000000 00:00 0 
7f5cc8565000-7f5cc87d3000 ---p 00000000 00:00 0 
7f5cc87d3000-7f5cc87e9000 rw-p 00000000 00:00 0 
7f5cc87e9000-7f5cc8920000 ---p 00000000 00:00 0 
7f5cc8920000-7f5cc892e000 rw-p 00000000 00:00 0 
7f5cc892e000-7f5cc8ce1000 ---p 00000000 00:00 0 
7f5cc8ce1000-7f5cc8ce9000 r-xp 00000000 08:03 6425202                    /usr/lib/jvm/java-8-openjdk-amd64/jre/lib/amd64/libzip.so
7f5cc8ce9000-7f5cc8ee8000 ---p 00008000 08:03 6425202                    /usr/lib/jvm/java-8-openjdk-amd64/jre/lib/amd64/libzip.so
7f5cc8ee8000-7f5cc8ee9000 r--p 00007000 08:03 6425202                    /usr/lib/jvm/java-8-openjdk-amd64/jre/lib/amd64/libzip.so
7f5cc8ee9000-7f5cc8eea000 rw-p 00008000 08:03 6425202                    /usr/lib/jvm/java-8-openjdk-amd64/jre/lib/amd64/libzip.so
7f5cc8eea000-7f5cc8ef6000 r-xp 00000000 08:03 4067608                    /lib/x86_64-linux-gnu/libnss_files-2.21.so
7f5cc8ef6000-7f5cc90f5000 ---p 0000c000 08:03 4067608                    /lib/x86_64-linux-gnu/libnss_files-2.21.so
7f5cc90f5000-7f5cc90f6000 r--p 0000b000 08:03 4067608                    /lib/x86_64-linux-gnu/libnss_files-2.21.so
7f5cc90f6000-7f5cc90f7000 rw-p 0000c000 08:03 4067608                    /lib/x86_64-linux-gnu/libnss_files-2.21.so
7f5cc90f7000-7f5cc9102000 r-xp 00000000 08:03 4067618                    /lib/x86_64-linux-gnu/libnss_nis-2.21.so
7f5cc9102000-7f5cc9301000 ---p 0000b000 08:03 4067618                    /lib/x86_64-linux-gnu/libnss_nis-2.21.so
7f5cc9301000-7f5cc9302000 r--p 0000a000 08:03 4067618                    /lib/x86_64-linux-gnu/libnss_nis-2.21.so
7f5cc9302000-7f5cc9303000 rw-p 0000b000 08:03 4067618                    /lib/x86_64-linux-gnu/libnss_nis-2.21.so
7f5cc9303000-7f5cc931a000 r-xp 00000000 08:03 4067602                    /lib/x86_64-linux-gnu/libnsl-2.21.so
7f5cc931a000-7f5cc9519000 ---p 00017000 08:03 4067602                    /lib/x86_64-linux-gnu/libnsl-2.21.so
7f5cc9519000-7f5cc951a000 r--p 00016000 08:03 4067602                    /lib/x86_64-linux-gnu/libnsl-2.21.so
7f5cc951a000-7f5cc951b000 rw-p 00017000 08:03 4067602                    /lib/x86_64-linux-gnu/libnsl-2.21.so
7f5cc951b000-7f5cc951d000 rw-p 00000000 00:00 0 
7f5cc951d000-7f5cc9525000 r-xp 00000000 08:03 4067604                    /lib/x86_64-linux-gnu/libnss_compat-2.21.so
7f5cc9525000-7f5cc9724000 ---p 00008000 08:03 4067604                    /lib/x86_64-linux-gnu/libnss_compat-2.21.so
7f5cc9724000-7f5cc9725000 r--p 00007000 08:03 4067604                    /lib/x86_64-linux-gnu/libnss_compat-2.21.so
7f5cc9725000-7f5cc9726000 rw-p 00008000 08:03 4067604                    /lib/x86_64-linux-gnu/libnss_compat-2.21.so
7f5cc9726000-7f5cc9754000 r-xp 00000000 08:03 6425199                    /usr/lib/jvm/java-8-openjdk-amd64/jre/lib/amd64/libjava.so
7f5cc9754000-7f5cc9953000 ---p 0002e000 08:03 6425199                    /usr/lib/jvm/java-8-openjdk-amd64/jre/lib/amd64/libjava.so
7f5cc9953000-7f5cc9954000 r--p 0002d000 08:03 6425199                    /usr/lib/jvm/java-8-openjdk-amd64/jre/lib/amd64/libjava.so
7f5cc9954000-7f5cc9956000 rw-p 0002e000 08:03 6425199                    /usr/lib/jvm/java-8-openjdk-amd64/jre/lib/amd64/libjava.so
7f5cc9956000-7f5cc9965000 r-xp 00000000 08:03 6425214                    /usr/lib/jvm/java-8-openjdk-amd64/jre/lib/amd64/libverify.so
7f5cc9965000-7f5cc9b65000 ---p 0000f000 08:03 6425214                    /usr/lib/jvm/java-8-openjdk-amd64/jre/lib/amd64/libverify.so
7f5cc9b65000-7f5cc9b68000 r--p 0000f000 08:03 6425214                    /usr/lib/jvm/java-8-openjdk-amd64/jre/lib/amd64/libverify.so
7f5cc9b68000-7f5cc9b69000 rw-p 00012000 08:03 6425214                    /usr/lib/jvm/java-8-openjdk-amd64/jre/lib/amd64/libverify.so
7f5cc9b69000-7f5cc9b70000 r-xp 00000000 08:03 4067663                    /lib/x86_64-linux-gnu/librt-2.21.so
7f5cc9b70000-7f5cc9d6f000 ---p 00007000 08:03 4067663                    /lib/x86_64-linux-gnu/librt-2.21.so
7f5cc9d6f000-7f5cc9d70000 r--p 00006000 08:03 4067663                    /lib/x86_64-linux-gnu/librt-2.21.so
7f5cc9d70000-7f5cc9d71000 rw-p 00007000 08:03 4067663                    /lib/x86_64-linux-gnu/librt-2.21.so
7f5cc9d71000-7f5cc9d87000 r-xp 00000000 08:03 4067514                    /lib/x86_64-linux-gnu/libgcc_s.so.1
7f5cc9d87000-7f5cc9f86000 ---p 00016000 08:03 4067514                    /lib/x86_64-linux-gnu/libgcc_s.so.1
7f5cc9f86000-7f5cc9f87000 rw-p 00015000 08:03 4067514                    /lib/x86_64-linux-gnu/libgcc_s.so.1
7f5cc9f87000-7f5cca08e000 r-xp 00000000 08:03 4067581                    /lib/x86_64-linux-gnu/libm-2.21.so
7f5cca08e000-7f5cca28d000 ---p 00107000 08:03 4067581                    /lib/x86_64-linux-gnu/libm-2.21.so
7f5cca28d000-7f5cca28e000 r--p 00106000 08:03 4067581                    /lib/x86_64-linux-gnu/libm-2.21.so
7f5cca28e000-7f5cca28f000 rw-p 00107000 08:03 4067581                    /lib/x86_64-linux-gnu/libm-2.21.so
7f5cca28f000-7f5cca37f000 r-xp 00000000 08:03 6431929                    /usr/lib/x86_64-linux-gnu/libstdc++.so.6.0.20
7f5cca37f000-7f5cca57f000 ---p 000f0000 08:03 6431929                    /usr/lib/x86_64-linux-gnu/libstdc++.so.6.0.20
7f5cca57f000-7f5cca587000 r--p 000f0000 08:03 6431929                    /usr/lib/x86_64-linux-gnu/libstdc++.so.6.0.20
7f5cca587000-7f5cca589000 rw-p 000f8000 08:03 6431929                    /usr/lib/x86_64-linux-gnu/libstdc++.so.6.0.20
7f5cca589000-7f5cca59e000 rw-p 00000000 00:00 0 
7f5cca59e000-7f5ccb22b000 r-xp 00000000 08:03 6425226                    /usr/lib/jvm/java-8-openjdk-amd64/jre/lib/amd64/server/libjvm.so
7f5ccb22b000-7f5ccb42b000 ---p 00c8d000 08:03 6425226                    /usr/lib/jvm/java-8-openjdk-amd64/jre/lib/amd64/server/libjvm.so
7f5ccb42b000-7f5ccb4ce000 r--p 00c8d000 08:03 6425226                    /usr/lib/jvm/java-8-openjdk-amd64/jre/lib/amd64/server/libjvm.so
7f5ccb4ce000-7f5ccb4f7000 rw-p 00d30000 08:03 6425226                    /usr/lib/jvm/java-8-openjdk-amd64/jre/lib/amd64/server/libjvm.so
7f5ccb4f7000-7f5ccb526000 rw-p 00000000 00:00 0 
7f5ccb526000-7f5ccb53e000 r-xp 00000000 08:03 4067655                    /lib/x86_64-linux-gnu/libpthread-2.21.so
7f5ccb53e000-7f5ccb73e000 ---p 00018000 08:03 4067655                    /lib/x86_64-linux-gnu/libpthread-2.21.so
7f5ccb73e000-7f5ccb73f000 r--p 00018000 08:03 4067655                    /lib/x86_64-linux-gnu/libpthread-2.21.so
7f5ccb73f000-7f5ccb740000 rw-p 00019000 08:03 4067655                    /lib/x86_64-linux-gnu/libpthread-2.21.so
7f5ccb740000-7f5ccb744000 rw-p 00000000 00:00 0 
7f5ccb744000-7f5ccb747000 r-xp 00000000 08:03 4067539                    /lib/x86_64-linux-gnu/libdl-2.21.so
7f5ccb747000-7f5ccb946000 ---p 00003000 08:03 4067539                    /lib/x86_64-linux-gnu/libdl-2.21.so
7f5ccb946000-7f5ccb947000 r--p 00002000 08:03 4067539                    /lib/x86_64-linux-gnu/libdl-2.21.so
7f5ccb947000-7f5ccb948000 rw-p 00003000 08:03 4067539                    /lib/x86_64-linux-gnu/libdl-2.21.so
7f5ccb948000-7f5ccb961000 r-xp 00000000 08:03 4067696                    /lib/x86_64-linux-gnu/libz.so.1.2.8
7f5ccb961000-7f5ccbb61000 ---p 00019000 08:03 4067696                    /lib/x86_64-linux-gnu/libz.so.1.2.8
7f5ccbb61000-7f5ccbb62000 r--p 00019000 08:03 4067696                    /lib/x86_64-linux-gnu/libz.so.1.2.8
7f5ccbb62000-7f5ccbb63000 rw-p 0001a000 08:03 4067696                    /lib/x86_64-linux-gnu/libz.so.1.2.8
7f5ccbb63000-7f5ccbd23000 r-xp 00000000 08:03 4067522                    /lib/x86_64-linux-gnu/libc-2.21.so
7f5ccbd23000-7f5ccbf23000 ---p 001c0000 08:03 4067522                    /lib/x86_64-linux-gnu/libc-2.21.so
7f5ccbf23000-7f5ccbf27000 r--p 001c0000 08:03 4067522                    /lib/x86_64-linux-gnu/libc-2.21.so
7f5ccbf27000-7f5ccbf29000 rw-p 001c4000 08:03 4067522                    /lib/x86_64-linux-gnu/libc-2.21.so
7f5ccbf29000-7f5ccbf2d000 rw-p 00000000 00:00 0 
7f5ccbf2d000-7f5ccbf3b000 r-xp 00000000 08:03 6425233                    /usr/lib/jvm/java-8-openjdk-amd64/jre/lib/amd64/jli/libjli.so
7f5ccbf3b000-7f5ccc13a000 ---p 0000e000 08:03 6425233                    /usr/lib/jvm/java-8-openjdk-amd64/jre/lib/amd64/jli/libjli.so
7f5ccc13a000-7f5ccc13b000 r--p 0000d000 08:03 6425233                    /usr/lib/jvm/java-8-openjdk-amd64/jre/lib/amd64/jli/libjli.so
7f5ccc13b000-7f5ccc13c000 rw-p 0000e000 08:03 6425233                    /usr/lib/jvm/java-8-openjdk-amd64/jre/lib/amd64/jli/libjli.so
7f5ccc13c000-7f5ccc160000 r-xp 00000000 08:03 4067494                    /lib/x86_64-linux-gnu/ld-2.21.so
7f5ccc160000-7f5ccc161000 r--s 0000f000 08:03 6029408                    /home/elect/.gradle/caches/modules-2/files-2.1/org.jogamp.jogl/jogl-all/2.3.2/166147f43cf7419c4d858cd31f4b5922d6d10c81/jogl-all-2.3.2-natives-android-aarch64.jar
7f5ccc161000-7f5ccc162000 r--s 00000000 08:03 6029424                    /home/elect/.gradle/caches/modules-2/files-2.1/org.jogamp.gluegen/gluegen-rt-main/2.3.2/6a86a9ce357c085e3052efcf639447f9957b82b8/gluegen-rt-main-2.3.2.jar
7f5ccc162000-7f5ccc163000 r--s 00000000 08:03 6029457                    /home/elect/.gradle/caches/modules-2/files-2.1/org.jogamp.jogl/newt-main/2.3.2/6a86a9ce357c085e3052efcf639447f9957b82b8/newt-main-2.3.2.jar
7f5ccc163000-7f5ccc169000 r--s 0003a000 08:03 6425250                    /usr/lib/jvm/java-8-openjdk-amd64/jre/lib/ext/sunjce_provider.jar
7f5ccc169000-7f5ccc234000 rw-p 00000000 00:00 0 
7f5ccc234000-7f5ccc237000 ---p 00000000 00:00 0 
7f5ccc237000-7f5ccc33a000 rw-p 00000000 00:00 0                          [stack:2409]
7f5ccc33a000-7f5ccc33b000 r--s 00000000 08:03 6029454                    /home/elect/.gradle/caches/modules-2/files-2.1/org.jogamp.jogl/nativewindow-main/2.3.2/6a86a9ce357c085e3052efcf639447f9957b82b8/nativewindow-main-2.3.2.jar
7f5ccc33b000-7f5ccc33c000 r--s 00000000 08:03 6029406                    /home/elect/.gradle/caches/modules-2/files-2.1/org.jogamp.jogl/jogl-all-main/2.3.2/6a86a9ce357c085e3052efcf639447f9957b82b8/jogl-all-main-2.3.2.jar
7f5ccc33c000-7f5ccc33f000 r--s 0000f000 08:03 6425252                    /usr/lib/jvm/java-8-openjdk-amd64/jre/lib/ext/icedtea-sound.jar
7f5ccc33f000-7f5ccc340000 r--s 00008000 08:03 6425247                    /usr/lib/jvm/java-8-openjdk-amd64/jre/lib/ext/sunec.jar
7f5ccc340000-7f5ccc342000 r--s 00001000 08:03 6425251                    /usr/lib/jvm/java-8-openjdk-amd64/jre/lib/ext/dnsns.jar
7f5ccc342000-7f5ccc343000 r--s 00010000 08:03 6425249                    /usr/lib/jvm/java-8-openjdk-amd64/jre/lib/ext/zipfs.jar
7f5ccc343000-7f5ccc346000 r--s 00037000 08:03 6425253                    /usr/lib/jvm/java-8-openjdk-amd64/jre/lib/ext/sunpkcs11.jar
7f5ccc346000-7f5ccc348000 r--s 00006000 08:03 6818084                    /usr/share/java/java-atk-wrapper.jar
7f5ccc348000-7f5ccc353000 r--s 00116000 08:03 6425248                    /usr/lib/jvm/java-8-openjdk-amd64/jre/lib/ext/localedata.jar
7f5ccc353000-7f5ccc35b000 rw-s 00000000 08:03 6029359                    /tmp/hsperfdata_elect/2406
7f5ccc35b000-7f5ccc35c000 rw-p 00000000 00:00 0 
7f5ccc35c000-7f5ccc35d000 r--p 00000000 00:00 0 
7f5ccc35d000-7f5ccc35f000 rw-p 00000000 00:00 0 
7f5ccc35f000-7f5ccc360000 r--p 00023000 08:03 4067494                    /lib/x86_64-linux-gnu/ld-2.21.so
7f5ccc360000-7f5ccc361000 rw-p 00024000 08:03 4067494                    /lib/x86_64-linux-gnu/ld-2.21.so
7f5ccc361000-7f5ccc362000 rw-p 00000000 00:00 0 
7ffe7e2db000-7ffe7e2ff000 rw-p 00000000 00:00 0                          [stack]
7ffe7e33a000-7ffe7e33c000 r--p 00000000 00:00 0                          [vvar]
7ffe7e33c000-7ffe7e33e000 r-xp 00000000 00:00 0                          [vdso]
ffffffffff600000-ffffffffff601000 r-xp 00000000 00:00 0                  [vsyscall]

VM Arguments:
jvm_args: -Dfile.encoding=UTF-8 -Duser.country=US -Duser.language=en -Duser.variant 
java_command: test.Main
java_class_path (initial): /home/elect/NetBeansProjects/jgli/build/classes/main:/home/elect/NetBeansProjects/jgli/build/resources/main:/home/elect/.gradle/caches/modules-2/files-2.1/org.jogamp.jogl/jogl-all-main/2.3.2/6a86a9ce357c085e3052efcf639447f9957b82b8/jogl-all-main-2.3.2.jar:/home/elect/.gradle/caches/modules-2/files-2.1/org.jogamp.jogl/nativewindow-main/2.3.2/6a86a9ce357c085e3052efcf639447f9957b82b8/nativewindow-main-2.3.2.jar:/home/elect/.gradle/caches/modules-2/files-2.1/org.jogamp.jogl/newt-main/2.3.2/6a86a9ce357c085e3052efcf639447f9957b82b8/newt-main-2.3.2.jar:/home/elect/.gradle/caches/modules-2/files-2.1/org.jogamp.gluegen/gluegen-rt-main/2.3.2/6a86a9ce357c085e3052efcf639447f9957b82b8/gluegen-rt-main-2.3.2.jar:/home/elect/.gradle/caches/modules-2/files-2.1/org.jogamp.jogl/jogl-all/2.3.2/99e0f64bb8882f054825ae4a8a527a17b544a0b5/jogl-all-2.3.2.jar:/home/elect/.gradle/caches/modules-2/files-2.1/org.jogamp.jogl/jogl-all/2.3.2/166147f43cf7419c4d858cd31f4b5922d6d10c81/jogl-all-2.3.2-natives-android-aarch64.jar:/home/elect/.gradle/caches/modules-2/files-2.1/org.jogamp.jogl/jogl-all/2.3.2/ab2c18b8a1327255cc354c19c720807d262baa75/jogl-all-2.3.2-natives-android-armv6.jar:/home/elect/.gradle/caches/modules-2/files-2.1/org.jogamp.jogl/jogl-all/2.3.2/ffd1c6bd5f6fb088df6cad25e25721eb55ad2228/jogl-all-2.3.2-natives-linux-amd64.jar:/home/elect/.gradle/caches/modules-2/files-2.1/org.jogamp.jogl/jogl-all/2.3.2/6d14f46336be9e2dc5f85d5df17490cee5d09a90/jogl-all-2.3.2-natives-linux-armv6.jar:/home/elect/.gradle/caches/modules-2/files-2.1/org.jogamp.jogl/jogl-all/2.3.2/2c434c560dbd821b0ed569e44d3d441727491dac/jogl-all-2.3.2-natives-linux-armv6hf.jar:/home/elect/.gradle/caches/modules-2/files-2.1/org.jogamp.jogl/jogl-all/2.3.2/59b7a336c0ee54161e33662d2ca8ac9d8f6c476d/jogl-all-2.3.2-natives-linux-i586.jar:/home/elect/.gradle/caches/modules-2/files-2.1/org.jogamp.jogl/jogl-all/2.3.2/2da2215dbe1091c54cb83cf2484f8a54a4d0cf7a/jogl-all-2.3.2-natives-macosx-universal.jar:/home/el
Launcher Type: SUN_STANDARD

Environment Variables:
PATH=/usr/local/sbin:/usr/local/bin:/usr/sbin:/usr/bin:/sbin:/bin:/usr/games:/usr/local/games
LD_LIBRARY_PATH=/usr/lib/jvm/java-8-openjdk-amd64/jre/lib/amd64:/usr/lib/jvm/java-8-openjdk-amd64/jre/lib/i386:
SHELL=/bin/bash
DISPLAY=:0

Signal Handlers:
SIGSEGV: [libjvm.so+0xa90d80], sa_mask[0]=11111111011111111101111111111110, sa_flags=SA_RESTART|SA_SIGINFO
SIGBUS: [libjvm.so+0xa90d80], sa_mask[0]=11111111011111111101111111111110, sa_flags=SA_RESTART|SA_SIGINFO
SIGFPE: [libjvm.so+0x8dbc70], sa_mask[0]=11111111011111111101111111111110, sa_flags=SA_RESTART|SA_SIGINFO
SIGPIPE: [libjvm.so+0x8dbc70], sa_mask[0]=11111111011111111101111111111110, sa_flags=SA_RESTART|SA_SIGINFO
SIGXFSZ: [libjvm.so+0x8dbc70], sa_mask[0]=11111111011111111101111111111110, sa_flags=SA_RESTART|SA_SIGINFO
SIGILL: [libjvm.so+0x8dbc70], sa_mask[0]=11111111011111111101111111111110, sa_flags=SA_RESTART|SA_SIGINFO
SIGUSR1: SIG_DFL, sa_mask[0]=00000000000000000000000000000000, sa_flags=none
SIGUSR2: [libjvm.so+0x8dbb20], sa_mask[0]=00100000000000000000000000000000, sa_flags=SA_RESTART|SA_SIGINFO
SIGHUP: [libjvm.so+0x8dbd40], sa_mask[0]=11111111011111111101111111111110, sa_flags=SA_RESTART|SA_SIGINFO
SIGINT: SIG_IGN, sa_mask[0]=00000000000000000000000000000000, sa_flags=none
SIGTERM: [libjvm.so+0x8dbd40], sa_mask[0]=11111111011111111101111111111110, sa_flags=SA_RESTART|SA_SIGINFO
SIGQUIT: [libjvm.so+0x8dbd40], sa_mask[0]=11111111011111111101111111111110, sa_flags=SA_RESTART|SA_SIGINFO


---------------  S Y S T E M  ---------------

OS:DISTRIB_ID=Ubuntu
DISTRIB_RELEASE=15.04
DISTRIB_CODENAME=vivid
DISTRIB_DESCRIPTION="Ubuntu 15.04"

uname:Linux 3.19.0-31-generic #36-Ubuntu SMP Wed Oct 7 15:04:02 UTC 2015 x86_64
libc:glibc 2.21 NPTL 2.21 
rlimit: STACK 8192k, CORE 0k, NPROC 31805, NOFILE 65536, AS infinity
load average:2,21 1,03 0,39

/proc/meminfo:
MemTotal:        8164552 kB
MemFree:         4570968 kB
MemAvailable:    5768536 kB
Buffers:           95208 kB
Cached:          1264456 kB
SwapCached:            0 kB
Active:          2421352 kB
Inactive:         944568 kB
Active(anon):    2008196 kB
Inactive(anon):    31692 kB
Active(file):     413156 kB
Inactive(file):   912876 kB
Unevictable:           0 kB
Mlocked:               0 kB
SwapTotal:       1048572 kB
SwapFree:        1048572 kB
Dirty:             12388 kB
Writeback:             0 kB
AnonPages:       2006920 kB
Mapped:           308644 kB
Shmem:             32788 kB
Slab:             110408 kB
SReclaimable:      80940 kB
SUnreclaim:        29468 kB
KernelStack:        8880 kB
PageTables:        29120 kB
NFS_Unstable:          0 kB
Bounce:                0 kB
WritebackTmp:          0 kB
CommitLimit:     5130848 kB
Committed_AS:    5594336 kB
VmallocTotal:   34359738367 kB
VmallocUsed:      325548 kB
VmallocChunk:   34359409628 kB
HardwareCorrupted:     0 kB
AnonHugePages:    835584 kB
CmaTotal:              0 kB
CmaFree:               0 kB
HugePages_Total:       0
HugePages_Free:        0
HugePages_Rsvd:        0
HugePages_Surp:        0
Hugepagesize:       2048 kB
DirectMap4k:      150976 kB
DirectMap2M:     8228864 kB


CPU:total 4 (4 cores per cpu, 1 threads per core) family 6 model 30 stepping 5, cmov, cx8, fxsr, mmx, sse, sse2, sse3, ssse3, sse4.1, sse4.2, popcnt, tsc, tscinvbit

/proc/cpuinfo:
processor	: 0
vendor_id	: GenuineIntel
cpu family	: 6
model		: 30
model name	: Intel(R) Core(TM) i5 CPU         750  @ 2.67GHz
stepping	: 5
microcode	: 0x7
cpu MHz		: 2533.000
cache size	: 8192 KB
physical id	: 0
siblings	: 4
core id		: 0
cpu cores	: 4
apicid		: 0
initial apicid	: 0
fpu		: yes
fpu_exception	: yes
cpuid level	: 11
wp		: yes
flags		: fpu vme de pse tsc msr pae mce cx8 apic sep mtrr pge mca cmov pat pse36 clflush dts acpi mmx fxsr sse sse2 ss ht tm pbe syscall nx rdtscp lm constant_tsc arch_perfmon pebs bts rep_good nopl xtopology nonstop_tsc aperfmperf pni dtes64 monitor ds_cpl vmx smx est tm2 ssse3 cx16 xtpr pdcm sse4_1 sse4_2 popcnt lahf_lm ida dtherm tpr_shadow vnmi flexpriority ept vpid
bugs		:
bogomips	: 5352.01
clflush size	: 64
cache_alignment	: 64
address sizes	: 36 bits physical, 48 bits virtual
power management:

processor	: 1
vendor_id	: GenuineIntel
cpu family	: 6
model		: 30
model name	: Intel(R) Core(TM) i5 CPU         750  @ 2.67GHz
stepping	: 5
microcode	: 0x7
cpu MHz		: 2133.000
cache size	: 8192 KB
physical id	: 0
siblings	: 4
core id		: 1
cpu cores	: 4
apicid		: 2
initial apicid	: 2
fpu		: yes
fpu_exception	: yes
cpuid level	: 11
wp		: yes
flags		: fpu vme de pse tsc msr pae mce cx8 apic sep mtrr pge mca cmov pat pse36 clflush dts acpi mmx fxsr sse sse2 ss ht tm pbe syscall nx rdtscp lm constant_tsc arch_perfmon pebs bts rep_good nopl xtopology nonstop_tsc aperfmperf pni dtes64 monitor ds_cpl vmx smx est tm2 ssse3 cx16 xtpr pdcm sse4_1 sse4_2 popcnt lahf_lm ida dtherm tpr_shadow vnmi flexpriority ept vpid
bugs		:
bogomips	: 5352.01
clflush size	: 64
cache_alignment	: 64
address sizes	: 36 bits physical, 48 bits virtual
power management:

processor	: 2
vendor_id	: GenuineIntel
cpu family	: 6
model		: 30
model name	: Intel(R) Core(TM) i5 CPU         750  @ 2.67GHz
stepping	: 5
microcode	: 0x7
cpu MHz		: 2133.000
cache size	: 8192 KB
physical id	: 0
siblings	: 4
core id		: 2
cpu cores	: 4
apicid		: 4
initial apicid	: 4
fpu		: yes
fpu_exception	: yes
cpuid level	: 11
wp		: yes
flags		: fpu vme de pse tsc msr pae mce cx8 apic sep mtrr pge mca cmov pat pse36 clflush dts acpi mmx fxsr sse sse2 ss ht tm pbe syscall nx rdtscp lm constant_tsc arch_perfmon pebs bts rep_good nopl xtopology nonstop_tsc aperfmperf pni dtes64 monitor ds_cpl vmx smx est tm2 ssse3 cx16 xtpr pdcm sse4_1 sse4_2 popcnt lahf_lm ida dtherm tpr_shadow vnmi flexpriority ept vpid
bugs		:
bogomips	: 5352.01
clflush size	: 64
cache_alignment	: 64
address sizes	: 36 bits physical, 48 bits virtual
power management:

processor	: 3
vendor_id	: GenuineIntel
cpu family	: 6
model		: 30
model name	: Intel(R) Core(TM) i5 CPU         750  @ 2.67GHz
stepping	: 5
microcode	: 0x7
cpu MHz		: 2400.000
cache size	: 8192 KB
physical id	: 0
siblings	: 4
core id		: 3
cpu cores	: 4
apicid		: 6
initial apicid	: 6
fpu		: yes
fpu_exception	: yes
cpuid level	: 11
wp		: yes
flags		: fpu vme de pse tsc msr pae mce cx8 apic sep mtrr pge mca cmov pat pse36 clflush dts acpi mmx fxsr sse sse2 ss ht tm pbe syscall nx rdtscp lm constant_tsc arch_perfmon pebs bts rep_good nopl xtopology nonstop_tsc aperfmperf pni dtes64 monitor ds_cpl vmx smx est tm2 ssse3 cx16 xtpr pdcm sse4_1 sse4_2 popcnt lahf_lm ida dtherm tpr_shadow vnmi flexpriority ept vpid
bugs		:
bogomips	: 5352.01
clflush size	: 64
cache_alignment	: 64
address sizes	: 36 bits physical, 48 bits virtual
power management:



Memory: 4k page, physical 8164552k(4570968k free), swap 1048572k(1048572k free)

vm_info: OpenJDK 64-Bit Server VM (25.45-b02) for linux-amd64 JRE (1.8.0_45-internal-b14), built on Apr 20 2015 00:35:04 by "buildd" with gcc 4.9.2

time: Wed Oct 21 23:14:07 2015
elapsed time: 0 seconds (0d 0h 0m 0s)

