#
# A fatal error has been detected by the Java Runtime Environment:
#
#  SIGSEGV (0xb) at pc=0x0000000000002546, pid=6768, tid=140158272870144
#
# JRE version: OpenJDK Runtime Environment (8.0_45-b14) (build 1.8.0_45-internal-b14)
# Java VM: OpenJDK 64-Bit Server VM (25.45-b02 mixed mode linux-amd64 compressed oops)
# Problematic frame:
# C  0x0000000000002546
#
# Failed to write core dump. Core dumps have been disabled. To enable core dumping, try "ulimit -c unlimited" before starting Java again
#
# If you would like to submit a bug report, please visit:
#   http://bugreport.java.com/bugreport/crash.jsp
# The crash happened outside the Java Virtual Machine in native code.
# See problematic frame for where to report the bug.
#

---------------  T H R E A D  ---------------

Current thread (0x00007f791c00f000):  JavaThread "main" [_thread_in_native, id=6769, stack(0x00007f7924011000,0x00007f7924112000)]

siginfo: si_signo: 11 (SIGSEGV), si_code: 1 (SEGV_MAPERR), si_addr: 0x0000000000002546

Registers:
RAX=0x00007f791c6989c0, RBX=0x00007f790893c430, RCX=0x0000000000000000, RDX=0x00007f79232e40d8
RSP=0x00007f792410f728, RBP=0x00007f792410f770, RSI=0x0000000000000030, RDI=0x00007f791c6989c0
R8 =0x00007f791c6989c2, R9 =0x00007f791c6989c2, R10=0x0000000000000000, R11=0x00000000d739a958
R12=0x0000000000000000, R13=0x00007f790893c430, R14=0x00007f792410f7e8, R15=0x00007f791c00f000
RIP=0x0000000000002546, EFLAGS=0x0000000000010206, CSGSFS=0x8cf8000000000033, ERR=0x0000000000000014
  TRAPNO=0x000000000000000e

Top of Stack: (sp=0x00007f792410f728)
0x00007f792410f728:   00007f78c67b6a0b 00007f7908882a38
0x00007f792410f738:   00007f792410f7e8 00007f792410f7d8
0x00007f792410f748:   00007f791c00f1e0 00007f790d005310
0x00007f792410f758:   00007f791c6989c0 00007f7908882a38
0x00007f792410f768:   00007f790893c430 00007f792410f7c8
0x00007f792410f778:   00007f790d0134d4 00007f791c00f000
0x00007f792410f788:   00007f792410f788 0000000000000000
0x00007f792410f798:   00007f792410f7e8 00007f790893e0a8
0x00007f792410f7a8:   0000000000000000 00007f790893c430
0x00007f792410f7b8:   0000000000000000 00007f792410f7e8
0x00007f792410f7c8:   00007f792410f830 00007f790d0074a0
0x00007f792410f7d8:   00000000d739a5b8 00007f790d00f2b7
0x00007f792410f7e8:   00000000d739a940 00007f792410f7f0
0x00007f792410f7f8:   00007f7908882f99 00007f792410f850
0x00007f792410f808:   00007f7908883930 0000000000000000
0x00007f792410f818:   00007f7908882ff0 00007f792410f7e8
0x00007f792410f828:   00007f792410f850 00007f792410f8a8
0x00007f792410f838:   00007f790d0074a0 0000000000000000
0x00007f792410f848:   0000000000000000 00000000d739a940
0x00007f792410f858:   0000000000000001 00000000d734c0c8
0x00007f792410f868:   00007f792410f858 00007f7908882948
0x00007f792410f878:   00007f792410f8f0 00007f7908883930
0x00007f792410f888:   0000000000000000 00007f7908882a38
0x00007f792410f898:   00007f792410f850 00007f792410f8f0
0x00007f792410f8a8:   00007f792410f948 00007f790d0074a0
0x00007f792410f8b8:   0000000000000000 0000000000000000
0x00007f792410f8c8:   00000000d734c0c8 0000000000000000
0x00007f792410f8d8:   0000000000000000 0000000000000000
0x00007f792410f8e8:   0000000000000000 00000000d739a940
0x00007f792410f8f8:   00000000d8049fd8 00000000d8049fd8
0x00007f792410f908:   00007f792410f908 00007f78c5ed798a
0x00007f792410f918:   00007f792410f978 00007f78c5ed8938 

Instructions: (pc=0x0000000000002546)
0x0000000000002526:   
[error occurred during error reporting (printing registers, top of stack, instructions near pc), id 0xb]

Register to memory mapping:

RAX=0x00007f791c6989c0 is an unknown value
RBX={method} {0x00007f790893c430} 'XOpenDisplay' '(Ljava/lang/String;)J' in 'jogamp/nativewindow/x11/X11Lib'
RCX=0x0000000000000000 is an unknown value
RDX=0x00007f79232e40d8: <offset 0xf690d8> in /usr/lib/jvm/java-8-openjdk-amd64/jre/lib/amd64/server/libjvm.so at 0x00007f792237b000
RSP=0x00007f792410f728 is pointing into the stack for thread: 0x00007f791c00f000
RBP=0x00007f792410f770 is pointing into the stack for thread: 0x00007f791c00f000
RSI=0x0000000000000030 is an unknown value
RDI=0x00007f791c6989c0 is an unknown value
R8 =0x00007f791c6989c2 is an unknown value
R9 =0x00007f791c6989c2 is an unknown value
R10=0x0000000000000000 is an unknown value
R11=0x00000000d739a958 is an oop
[C 
 - klass: {type array char}
 - length: 2
R12=0x0000000000000000 is an unknown value
R13={method} {0x00007f790893c430} 'XOpenDisplay' '(Ljava/lang/String;)J' in 'jogamp/nativewindow/x11/X11Lib'
R14=0x00007f792410f7e8 is pointing into the stack for thread: 0x00007f791c00f000
R15=0x00007f791c00f000 is a thread


Stack: [0x00007f7924011000,0x00007f7924112000],  sp=0x00007f792410f728,  free space=1017k
Native frames: (J=compiled Java code, j=interpreted, Vv=VM code, C=native code)
C  0x0000000000002546
j  jogamp.nativewindow.x11.X11Lib.XOpenDisplay(Ljava/lang/String;)J+0
j  jogamp.nativewindow.x11.X11Util.XOpenDisplay(Ljava/lang/String;)J+1
j  jogamp.nativewindow.x11.X11Util.openDisplay(Ljava/lang/String;)J+96
j  jogamp.opengl.x11.glx.X11GLXDrawableFactory$SharedResourceImplementation.isDeviceSupported(Lcom/jogamp/nativewindow/AbstractGraphicsDevice;)Z+10
j  jogamp.opengl.SharedResourceRunner.getOrCreateShared(Lcom/jogamp/nativewindow/AbstractGraphicsDevice;)Ljogamp/opengl/SharedResourceRunner$Resource;+98
j  jogamp.opengl.x11.glx.X11GLXDrawableFactory.getOrCreateSharedResourceImpl(Lcom/jogamp/nativewindow/AbstractGraphicsDevice;)Ljogamp/opengl/x11/glx/X11GLXDrawableFactory$SharedResource;+5
j  jogamp.opengl.x11.glx.X11GLXDrawableFactory.getOrCreateSharedResourceImpl(Lcom/jogamp/nativewindow/AbstractGraphicsDevice;)Ljogamp/opengl/SharedResourceRunner$Resource;+2
j  jogamp.opengl.GLDrawableFactoryImpl.getOrCreateSharedResource(Lcom/jogamp/nativewindow/AbstractGraphicsDevice;)Ljogamp/opengl/SharedResourceRunner$Resource;+13
j  jogamp.opengl.GLDrawableFactoryImpl.createSharedResourceImpl(Lcom/jogamp/nativewindow/AbstractGraphicsDevice;)Z+2
j  com.jogamp.opengl.GLDrawableFactory.createSharedResource(Lcom/jogamp/nativewindow/AbstractGraphicsDevice;)Z+2
j  com.jogamp.opengl.GLProfile.initProfilesForDeviceCritical(Lcom/jogamp/nativewindow/AbstractGraphicsDevice;)Z+231
j  com.jogamp.opengl.GLProfile.initProfilesForDevice(Lcom/jogamp/nativewindow/AbstractGraphicsDevice;)Z+25
j  com.jogamp.opengl.GLProfile.initProfilesForDefaultDevices()V+633
j  com.jogamp.opengl.GLProfile.access$000()V+0
j  com.jogamp.opengl.GLProfile$1.run()Ljava/lang/Object;+58
v  ~StubRoutines::call_stub
V  [libjvm.so+0x6868c3]  JavaCalls::call_helper(JavaValue*, methodHandle*, JavaCallArguments*, Thread*)+0xd63
V  [libjvm.so+0x6d56c4]  JVM_DoPrivileged+0x564
J 474  java.security.AccessController.doPrivileged(Ljava/security/PrivilegedAction;)Ljava/lang/Object; (0 bytes) @ 0x00007f790d23563f [0x00007f790d235580+0xbf]
j  com.jogamp.opengl.GLProfile.initSingleton()V+78
j  com.jogamp.opengl.GLProfile.getProfileMap(Lcom/jogamp/nativewindow/AbstractGraphicsDevice;Z)Ljava/util/HashMap;+0
j  com.jogamp.opengl.GLProfile.get(Lcom/jogamp/nativewindow/AbstractGraphicsDevice;Ljava/lang/String;)Lcom/jogamp/opengl/GLProfile;+16
j  com.jogamp.opengl.GLProfile.get(Ljava/lang/String;)Lcom/jogamp/opengl/GLProfile;+4
j  test.Main.main([Ljava/lang/String;)V+13
v  ~StubRoutines::call_stub
V  [libjvm.so+0x6868c3]  JavaCalls::call_helper(JavaValue*, methodHandle*, JavaCallArguments*, Thread*)+0xd63
V  [libjvm.so+0x697d59]  jni_invoke_static(JNIEnv_*, JavaValue*, _jobject*, JNICallType, _jmethodID*, JNI_ArgumentPusher*, Thread*) [clone .isra.88]+0x2f9
V  [libjvm.so+0x6aa2e5]  jni_CallStaticVoidMethod+0x165
C  [libjli.so+0x3888]
C  [libpthread.so.0+0x76aa]  start_thread+0xca

Java frames: (J=compiled Java code, j=interpreted, Vv=VM code)
j  jogamp.nativewindow.x11.X11Lib.XOpenDisplay(Ljava/lang/String;)J+0
j  jogamp.nativewindow.x11.X11Util.XOpenDisplay(Ljava/lang/String;)J+1
j  jogamp.nativewindow.x11.X11Util.openDisplay(Ljava/lang/String;)J+96
j  jogamp.opengl.x11.glx.X11GLXDrawableFactory$SharedResourceImplementation.isDeviceSupported(Lcom/jogamp/nativewindow/AbstractGraphicsDevice;)Z+10
j  jogamp.opengl.SharedResourceRunner.getOrCreateShared(Lcom/jogamp/nativewindow/AbstractGraphicsDevice;)Ljogamp/opengl/SharedResourceRunner$Resource;+98
j  jogamp.opengl.x11.glx.X11GLXDrawableFactory.getOrCreateSharedResourceImpl(Lcom/jogamp/nativewindow/AbstractGraphicsDevice;)Ljogamp/opengl/x11/glx/X11GLXDrawableFactory$SharedResource;+5
j  jogamp.opengl.x11.glx.X11GLXDrawableFactory.getOrCreateSharedResourceImpl(Lcom/jogamp/nativewindow/AbstractGraphicsDevice;)Ljogamp/opengl/SharedResourceRunner$Resource;+2
j  jogamp.opengl.GLDrawableFactoryImpl.getOrCreateSharedResource(Lcom/jogamp/nativewindow/AbstractGraphicsDevice;)Ljogamp/opengl/SharedResourceRunner$Resource;+13
j  jogamp.opengl.GLDrawableFactoryImpl.createSharedResourceImpl(Lcom/jogamp/nativewindow/AbstractGraphicsDevice;)Z+2
j  com.jogamp.opengl.GLDrawableFactory.createSharedResource(Lcom/jogamp/nativewindow/AbstractGraphicsDevice;)Z+2
j  com.jogamp.opengl.GLProfile.initProfilesForDeviceCritical(Lcom/jogamp/nativewindow/AbstractGraphicsDevice;)Z+231
j  com.jogamp.opengl.GLProfile.initProfilesForDevice(Lcom/jogamp/nativewindow/AbstractGraphicsDevice;)Z+25
j  com.jogamp.opengl.GLProfile.initProfilesForDefaultDevices()V+633
j  com.jogamp.opengl.GLProfile.access$000()V+0
j  com.jogamp.opengl.GLProfile$1.run()Ljava/lang/Object;+58
v  ~StubRoutines::call_stub
J 474  java.security.AccessController.doPrivileged(Ljava/security/PrivilegedAction;)Ljava/lang/Object; (0 bytes) @ 0x00007f790d2355cf [0x00007f790d235580+0x4f]
j  com.jogamp.opengl.GLProfile.initSingleton()V+78
j  com.jogamp.opengl.GLProfile.getProfileMap(Lcom/jogamp/nativewindow/AbstractGraphicsDevice;Z)Ljava/util/HashMap;+0
j  com.jogamp.opengl.GLProfile.get(Lcom/jogamp/nativewindow/AbstractGraphicsDevice;Ljava/lang/String;)Lcom/jogamp/opengl/GLProfile;+16
j  com.jogamp.opengl.GLProfile.get(Ljava/lang/String;)Lcom/jogamp/opengl/GLProfile;+4
j  test.Main.main([Ljava/lang/String;)V+13
v  ~StubRoutines::call_stub

---------------  P R O C E S S  ---------------

Java Threads: ( => current thread )
  0x00007f791c69b800 JavaThread "main-SharedResourceRunner" daemon [_thread_blocked, id=6801, stack(0x00007f78c49ba000,0x00007f78c4abb000)]
  0x00007f791c859800 JavaThread "main-SharedResourceRunner" daemon [_thread_blocked, id=6800, stack(0x00007f78c54a7000,0x00007f78c55a8000)]
  0x00007f791c604800 JavaThread "AWT-EventQueue-0" [_thread_blocked, id=6799, stack(0x00007f78c69b9000,0x00007f78c6aba000)]
  0x00007f791c603000 JavaThread "AWT-Shutdown" [_thread_blocked, id=6798, stack(0x00007f78c6aba000,0x00007f78c6bbb000)]
  0x00007f791c5c0800 JavaThread "AWT-XAWT" daemon [_thread_in_native, id=6797, stack(0x00007f78c71c5000,0x00007f78c72c6000)]
  0x00007f791c59d000 JavaThread "Java2D Disposer" daemon [_thread_blocked, id=6796, stack(0x00007f7905725000,0x00007f7905826000)]
  0x00007f791c514800 JavaThread "process reaper" daemon [_thread_blocked, id=6791, stack(0x00007f7905f51000,0x00007f7905f8a000)]
  0x00007f791c0bc800 JavaThread "Service Thread" daemon [_thread_blocked, id=6786, stack(0x00007f790612f000,0x00007f7906230000)]
  0x00007f791c0b6800 JavaThread "C1 CompilerThread2" daemon [_thread_blocked, id=6785, stack(0x00007f7906230000,0x00007f7906331000)]
  0x00007f791c0b4800 JavaThread "C2 CompilerThread1" daemon [_thread_blocked, id=6784, stack(0x00007f7906331000,0x00007f7906432000)]
  0x00007f791c0b1800 JavaThread "C2 CompilerThread0" daemon [_thread_blocked, id=6783, stack(0x00007f7906432000,0x00007f7906533000)]
  0x00007f791c0af800 JavaThread "Signal Dispatcher" daemon [_thread_blocked, id=6782, stack(0x00007f7906533000,0x00007f7906634000)]
  0x00007f791c084000 JavaThread "Finalizer" daemon [_thread_blocked, id=6781, stack(0x00007f7906d17000,0x00007f7906e18000)]
  0x00007f791c081800 JavaThread "Reference Handler" daemon [_thread_blocked, id=6780, stack(0x00007f7906e18000,0x00007f7906f19000)]
=>0x00007f791c00f000 JavaThread "main" [_thread_in_native, id=6769, stack(0x00007f7924011000,0x00007f7924112000)]

Other Threads:
  0x00007f791c07c800 VMThread [stack: 0x00007f7906f19000,0x00007f790701a000] [id=6779]
  0x00007f791c0be000 WatcherThread [stack: 0x00007f790602e000,0x00007f790612f000] [id=6787]

VM state:not at safepoint (normal execution)

VM Mutex/Monitor currently owned by a thread: None

Heap:
 PSYoungGen      total 37888K, used 28869K [0x00000000d6780000, 0x00000000d9180000, 0x0000000100000000)
  eden space 32768K, 88% used [0x00000000d6780000,0x00000000d83b1700,0x00000000d8780000)
  from space 5120K, 0% used [0x00000000d8c80000,0x00000000d8c80000,0x00000000d9180000)
  to   space 5120K, 0% used [0x00000000d8780000,0x00000000d8780000,0x00000000d8c80000)
 ParOldGen       total 86016K, used 0K [0x0000000083600000, 0x0000000088a00000, 0x00000000d6780000)
  object space 86016K, 0% used [0x0000000083600000,0x0000000083600000,0x0000000088a00000)
 Metaspace       used 13098K, capacity 13326K, committed 13696K, reserved 1060864K
  class space    used 1214K, capacity 1282K, committed 1408K, reserved 1048576K

Card table byte_map: [0x00007f7920318000,0x00007f79206fe000] byte_map_base: 0x00007f791fefd000

Marking Bits: (ParMarkBitMap*) 0x00007f79232e7e80
 Begin Bits: [0x00007f7908dac000, 0x00007f790acd4000)
 End Bits:   [0x00007f790acd4000, 0x00007f790cbfc000)

Polling page: 0x00007f7924139000

CodeCache: size=245760Kb used=3126Kb max_used=3126Kb free=242633Kb
 bounds [0x00007f790d000000, 0x00007f790d310000, 0x00007f791c000000]
 total_blobs=1552 nmethods=718 adapters=750
 compilation: enabled

Compilation events (10 events):
Event: 0,837 Thread 0x00007f791c0b6800  714       3       com.jogamp.common.os.DynamicLibraryBundle::dynamicLookupFunctionOnLibs (256 bytes)
Event: 0,837 Thread 0x00007f791c0b6800 nmethod 714 0x00007f790d30ab10 code [0x00007f790d30ad20, 0x00007f790d30b8d8]
Event: 0,838 Thread 0x00007f791c0b6800  715       3       java.util.StringTokenizer::scanToken (179 bytes)
Event: 0,839 Thread 0x00007f791c0b6800 nmethod 715 0x00007f790d30bd50 code [0x00007f790d30bfe0, 0x00007f790d30d2f8]
Event: 0,843 Thread 0x00007f791c0b6800  716       3       java.util.regex.Pattern$Ctype::isSatisfiedBy (24 bytes)
Event: 0,844 Thread 0x00007f791c0b6800 nmethod 716 0x00007f790d30dad0 code [0x00007f790d30dc60, 0x00007f790d30dff0]
Event: 0,844 Thread 0x00007f791c0b6800  717       3       java.util.regex.ASCII::isType (15 bytes)
Event: 0,844 Thread 0x00007f791c0b6800 nmethod 717 0x00007f790d30e190 code [0x00007f790d30e300, 0x00007f790d30e570]
Event: 0,845 Thread 0x00007f791c0b6800  718       1       com.jogamp.opengl.GLRendererQuirks::getCount (3 bytes)
Event: 0,845 Thread 0x00007f791c0b6800 nmethod 718 0x00007f790d30e690 code [0x00007f790d30e7e0, 0x00007f790d30e8d0]

GC Heap History (0 events):
No events

Deoptimization events (6 events):
Event: 0,230 Thread 0x00007f791c00f000 Uncommon trap: reason=unstable_if action=reinterpret pc=0x00007f790d12f43c method=java.lang.String.indexOf(II)I @ 49
Event: 0,245 Thread 0x00007f791c00f000 Uncommon trap: reason=unstable_if action=reinterpret pc=0x00007f790d15f510 method=java.lang.Math.max(II)I @ 2
Event: 0,284 Thread 0x00007f791c00f000 Uncommon trap: reason=unstable_if action=reinterpret pc=0x00007f790d183734 method=java.lang.String.indexOf([CII[CIII)I @ 3
Event: 0,288 Thread 0x00007f791c00f000 Uncommon trap: reason=unstable_if action=reinterpret pc=0x00007f790d16549c method=java.lang.String.indexOf([CII[CIII)I @ 123
Event: 0,348 Thread 0x00007f791c00f000 Uncommon trap: reason=unstable_if action=reinterpret pc=0x00007f790d1c5d64 method=java.lang.String.replace(CC)Ljava/lang/String; @ 26
Event: 0,821 Thread 0x00007f791c69b800 Uncommon trap: reason=unstable_if action=reinterpret pc=0x00007f790d1ed3d0 method=java.lang.String.startsWith(Ljava/lang/String;I)Z @ 25

Internal exceptions (10 events):
Event: 0,270 Thread 0x00007f791c00f000 Exception <a 'java/security/PrivilegedActionException'> (0x00000000d6c96110) thrown at [/build/buildd/openjdk-8-8u45-b14/src/hotspot/src/share/vm/prims/jvm.cpp, line 1382]
Event: 0,270 Thread 0x00007f791c00f000 Exception <a 'java/security/PrivilegedActionException'> (0x00000000d6c962c8) thrown at [/build/buildd/openjdk-8-8u45-b14/src/hotspot/src/share/vm/prims/jvm.cpp, line 1382]
Event: 0,270 Thread 0x00007f791c00f000 Exception <a 'java/security/PrivilegedActionException'> (0x00000000d6c96ce8) thrown at [/build/buildd/openjdk-8-8u45-b14/src/hotspot/src/share/vm/prims/jvm.cpp, line 1382]
Event: 0,270 Thread 0x00007f791c00f000 Exception <a 'java/security/PrivilegedActionException'> (0x00000000d6c96ea0) thrown at [/build/buildd/openjdk-8-8u45-b14/src/hotspot/src/share/vm/prims/jvm.cpp, line 1382]
Event: 0,325 Thread 0x00007f791c00f000 Exception <a 'java/lang/NoSuchFieldError': method resolution failed> (0x00000000d6e1a7c0) thrown at [/build/buildd/openjdk-8-8u45-b14/src/hotspot/src/share/vm/prims/methodHandles.cpp, line 1125]
Event: 0,328 Thread 0x00007f791c00f000 Exception <a 'java/lang/NoSuchFieldError': method resolution failed> (0x00000000d6e29230) thrown at [/build/buildd/openjdk-8-8u45-b14/src/hotspot/src/share/vm/prims/methodHandles.cpp, line 1125]
Event: 0,367 Thread 0x00007f791c00f000 Exception <a 'java/io/FileNotFoundException'> (0x00000000d6f20018) thrown at [/build/buildd/openjdk-8-8u45-b14/src/hotspot/src/share/vm/prims/jni.cpp, line 709]
Event: 0,385 Thread 0x00007f791c00f000 Exception <a 'java/io/FileNotFoundException'> (0x00000000d711ba08) thrown at [/build/buildd/openjdk-8-8u45-b14/src/hotspot/src/share/vm/prims/jni.cpp, line 709]
Event: 0,396 Thread 0x00007f791c00f000 Exception <a 'java/lang/ClassNotFoundException': sun/dc/DuctusRenderingEngine> (0x00000000d7128170) thrown at [/build/buildd/openjdk-8-8u45-b14/src/hotspot/src/share/vm/classfile/systemDictionary.cpp, line 210]
Event: 0,428 Thread 0x00007f791c00f000 Exception <a 'java/io/FileNotFoundException'> (0x00000000d719c6e8) thrown at [/build/buildd/openjdk-8-8u45-b14/src/hotspot/src/share/vm/prims/jni.cpp, line 709]

Events (10 events):
Event: 0,837 loading class jogamp/opengl/es1/GLES1Impl$1
Event: 0,837 loading class jogamp/opengl/es1/GLES1Impl$1 done
Event: 0,837 loading class jogamp/opengl/es1/GLES1Impl$2
Event: 0,837 loading class jogamp/opengl/es1/GLES1Impl$2 done
Event: 0,837 loading class jogamp/opengl/es1/GLES1Impl$3
Event: 0,837 loading class jogamp/opengl/es1/GLES1Impl$3 done
Event: 0,837 loading class jogamp/opengl/es1/GLES1Impl$4
Event: 0,837 loading class jogamp/opengl/es1/GLES1Impl$4 done
Event: 0,844 loading class jogamp/opengl/egl/EGLDrawableFactory$SharedResource
Event: 0,844 loading class jogamp/opengl/egl/EGLDrawableFactory$SharedResource done


Dynamic libraries:
00400000-00401000 r-xp 00000000 08:03 6425286                            /usr/lib/jvm/java-8-openjdk-amd64/jre/bin/java
00600000-00601000 r--p 00000000 08:03 6425286                            /usr/lib/jvm/java-8-openjdk-amd64/jre/bin/java
00601000-00602000 rw-p 00001000 08:03 6425286                            /usr/lib/jvm/java-8-openjdk-amd64/jre/bin/java
01314000-01335000 rw-p 00000000 00:00 0                                  [heap]
83600000-88a00000 rw-p 00000000 00:00 0 
88a00000-d6780000 ---p 00000000 00:00 0 
d6780000-d9180000 rw-p 00000000 00:00 0 
d9180000-100000000 ---p 00000000 00:00 0 
100000000-100160000 rw-p 00000000 00:00 0 
100160000-140000000 ---p 00000000 00:00 0 
7f78a8000000-7f78a84b7000 rw-p 00000000 00:00 0 
7f78a84b7000-7f78ac000000 ---p 00000000 00:00 0 
7f78ad72d000-7f78af285000 r-xp 00000000 08:03 6422576                    /usr/lib/x86_64-linux-gnu/libnvidia-eglcore.so.352.41
7f78af285000-7f78af484000 ---p 01b58000 08:03 6422576                    /usr/lib/x86_64-linux-gnu/libnvidia-eglcore.so.352.41
7f78af484000-7f78afff0000 rw-p 01b57000 08:03 6422576                    /usr/lib/x86_64-linux-gnu/libnvidia-eglcore.so.352.41
7f78afff0000-7f78b0000000 rw-p 00000000 00:00 0 
7f78b0000000-7f78b0021000 rw-p 00000000 00:00 0 
7f78b0021000-7f78b4000000 ---p 00000000 00:00 0 
7f78b556e000-7f78b6f6a000 r-xp 00000000 08:03 6426935                    /usr/lib/x86_64-linux-gnu/libnvidia-glcore.so.352.41
7f78b6f6a000-7f78b6f8a000 rwxp 019fc000 08:03 6426935                    /usr/lib/x86_64-linux-gnu/libnvidia-glcore.so.352.41
7f78b6f8a000-7f78b7251000 r-xp 01a1c000 08:03 6426935                    /usr/lib/x86_64-linux-gnu/libnvidia-glcore.so.352.41
7f78b7251000-7f78b7450000 ---p 01ce3000 08:03 6426935                    /usr/lib/x86_64-linux-gnu/libnvidia-glcore.so.352.41
7f78b7450000-7f78b7fec000 rw-p 01ce2000 08:03 6426935                    /usr/lib/x86_64-linux-gnu/libnvidia-glcore.so.352.41
7f78b7fec000-7f78b8000000 rw-p 00000000 00:00 0 
7f78b8000000-7f78b8021000 rw-p 00000000 00:00 0 
7f78b8021000-7f78bc000000 ---p 00000000 00:00 0 
7f78bc000000-7f78bc021000 rw-p 00000000 00:00 0 
7f78bc021000-7f78c0000000 ---p 00000000 00:00 0 
7f78c0000000-7f78c0021000 rw-p 00000000 00:00 0 
7f78c0021000-7f78c4000000 ---p 00000000 00:00 0 
7f78c43a3000-7f78c43ad000 r-xp 00000000 08:03 6423188                    /usr/lib/x86_64-linux-gnu/libGLESv1_CM.so.352.41
7f78c43ad000-7f78c45ad000 ---p 0000a000 08:03 6423188                    /usr/lib/x86_64-linux-gnu/libGLESv1_CM.so.352.41
7f78c45ad000-7f78c45b0000 rw-p 0000a000 08:03 6423188                    /usr/lib/x86_64-linux-gnu/libGLESv1_CM.so.352.41
7f78c45d3000-7f78c4653000 rw-s 145925000 00:06 13740                     /dev/nvidiactl
7f78c4653000-7f78c46d3000 rw-s 2070c4000 00:06 13740                     /dev/nvidiactl
7f78c46d3000-7f78c4753000 rw-s 1463dc000 00:06 13740                     /dev/nvidiactl
7f78c4753000-7f78c4853000 rw-s 220a3b000 00:06 13740                     /dev/nvidiactl
7f78c4853000-7f78c4866000 rw-s 145be0000 00:06 13740                     /dev/nvidiactl
7f78c4866000-7f78c4886000 rw-s d8260000 00:06 13741                      /dev/nvidia0
7f78c4886000-7f78c48c6000 rw-s 211d10000 00:06 13740                     /dev/nvidiactl
7f78c48c6000-7f78c4906000 rw-s 2072a7000 00:06 13740                     /dev/nvidiactl
7f78c4906000-7f78c49ba000 rw-s 21351f000 00:06 13740                     /dev/nvidiactl
7f78c49ba000-7f78c49bd000 ---p 00000000 00:00 0 
7f78c49bd000-7f78c4abb000 rw-p 00000000 00:00 0                          [stack:6801]
7f78c4abb000-7f78c4b17000 r-xp 00000000 08:03 6029387                    /tmp/jogamp_0000/file_cache/jln6980292488812996609/jln7656246773992222300/natives/linux-amd64/libjogl_mobile.so
7f78c4b17000-7f78c4d17000 ---p 0005c000 08:03 6029387                    /tmp/jogamp_0000/file_cache/jln6980292488812996609/jln7656246773992222300/natives/linux-amd64/libjogl_mobile.so
7f78c4d17000-7f78c4d18000 rw-p 0005c000 08:03 6029387                    /tmp/jogamp_0000/file_cache/jln6980292488812996609/jln7656246773992222300/natives/linux-amd64/libjogl_mobile.so
7f78c4d18000-7f78c4d86000 r-xp 00000000 08:03 6423014                    /usr/lib/x86_64-linux-gnu/libnvidia-glsi.so.352.41
7f78c4d86000-7f78c4f85000 ---p 0006e000 08:03 6423014                    /usr/lib/x86_64-linux-gnu/libnvidia-glsi.so.352.41
7f78c4f85000-7f78c4f8e000 rw-p 0006d000 08:03 6423014                    /usr/lib/x86_64-linux-gnu/libnvidia-glsi.so.352.41
7f78c4f8e000-7f78c4f9c000 rw-p 00000000 00:00 0 
7f78c4f9c000-7f78c5059000 r-xp 00000000 08:03 6424032                    /usr/lib/x86_64-linux-gnu/libEGL.so.352.41
7f78c5059000-7f78c5259000 ---p 000bd000 08:03 6424032                    /usr/lib/x86_64-linux-gnu/libEGL.so.352.41
7f78c5259000-7f78c5280000 rw-p 000bd000 08:03 6424032                    /usr/lib/x86_64-linux-gnu/libEGL.so.352.41
7f78c5280000-7f78c5294000 rw-p 00000000 00:00 0 
7f78c5294000-7f78c52a3000 r-xp 00000000 08:03 6423187                    /usr/lib/x86_64-linux-gnu/libGLESv2.so.352.41
7f78c52a3000-7f78c54a3000 ---p 0000f000 08:03 6423187                    /usr/lib/x86_64-linux-gnu/libGLESv2.so.352.41
7f78c54a3000-7f78c54a6000 rw-p 0000f000 08:03 6423187                    /usr/lib/x86_64-linux-gnu/libGLESv2.so.352.41
7f78c54a6000-7f78c54a7000 rw-p 00000000 00:00 0 
7f78c54a7000-7f78c54aa000 ---p 00000000 00:00 0 
7f78c54aa000-7f78c55a8000 rw-p 00000000 00:00 0                          [stack:6800]
7f78c55a8000-7f78c5660000 r-xp 00000000 08:03 6029386                    /tmp/jogamp_0000/file_cache/jln6980292488812996609/jln7656246773992222300/natives/linux-amd64/libjogl_desktop.so
7f78c5660000-7f78c5860000 ---p 000b8000 08:03 6029386                    /tmp/jogamp_0000/file_cache/jln6980292488812996609/jln7656246773992222300/natives/linux-amd64/libjogl_desktop.so
7f78c5860000-7f78c5861000 rw-p 000b8000 08:03 6029386                    /tmp/jogamp_0000/file_cache/jln6980292488812996609/jln7656246773992222300/natives/linux-amd64/libjogl_desktop.so
7f78c5861000-7f78c5864000 r-xp 00000000 08:03 6819344                    /usr/lib/x86_64-linux-gnu/tls/libnvidia-tls.so.352.41
7f78c5864000-7f78c5a63000 ---p 00003000 08:03 6819344                    /usr/lib/x86_64-linux-gnu/tls/libnvidia-tls.so.352.41
7f78c5a63000-7f78c5a64000 rw-p 00002000 08:03 6819344                    /usr/lib/x86_64-linux-gnu/tls/libnvidia-tls.so.352.41
7f78c5a64000-7f78c5b22000 r-xp 00000000 08:03 6426936                    /usr/lib/x86_64-linux-gnu/libGL.so.352.41
7f78c5b22000-7f78c5b55000 rwxp 000be000 08:03 6426936                    /usr/lib/x86_64-linux-gnu/libGL.so.352.41
7f78c5b55000-7f78c5b67000 r-xp 000f1000 08:03 6426936                    /usr/lib/x86_64-linux-gnu/libGL.so.352.41
7f78c5b67000-7f78c5d66000 ---p 00103000 08:03 6426936                    /usr/lib/x86_64-linux-gnu/libGL.so.352.41
7f78c5d66000-7f78c5d8e000 rw-p 00102000 08:03 6426936                    /usr/lib/x86_64-linux-gnu/libGL.so.352.41
7f78c5d8e000-7f78c5f94000 rw-p 00000000 00:00 0 
7f78c5f94000-7f78c5f96000 r-xp 00000000 08:03 6430960                    /usr/lib/x86_64-linux-gnu/libXinerama.so.1.0.0
7f78c5f96000-7f78c6195000 ---p 00002000 08:03 6430960                    /usr/lib/x86_64-linux-gnu/libXinerama.so.1.0.0
7f78c6195000-7f78c6196000 r--p 00001000 08:03 6430960                    /usr/lib/x86_64-linux-gnu/libXinerama.so.1.0.0
7f78c6196000-7f78c6197000 rw-p 00002000 08:03 6430960                    /usr/lib/x86_64-linux-gnu/libXinerama.so.1.0.0
7f78c6197000-7f78c6397000 rw-p 00000000 00:00 0 
7f78c6397000-7f78c63a0000 r-xp 00000000 08:03 6430970                    /usr/lib/x86_64-linux-gnu/libXrandr.so.2.2.0
7f78c63a0000-7f78c659f000 ---p 00009000 08:03 6430970                    /usr/lib/x86_64-linux-gnu/libXrandr.so.2.2.0
7f78c659f000-7f78c65a0000 r--p 00008000 08:03 6430970                    /usr/lib/x86_64-linux-gnu/libXrandr.so.2.2.0
7f78c65a0000-7f78c65a1000 rw-p 00009000 08:03 6430970                    /usr/lib/x86_64-linux-gnu/libXrandr.so.2.2.0
7f78c65a1000-7f78c65b2000 r-xp 00000000 08:03 6029385                    /tmp/jogamp_0000/file_cache/jln6980292488812996609/jln7656246773992222300/natives/linux-amd64/libnewt.so
7f78c65b2000-7f78c67b1000 ---p 00011000 08:03 6029385                    /tmp/jogamp_0000/file_cache/jln6980292488812996609/jln7656246773992222300/natives/linux-amd64/libnewt.so
7f78c67b1000-7f78c67b2000 rw-p 00010000 08:03 6029385                    /tmp/jogamp_0000/file_cache/jln6980292488812996609/jln7656246773992222300/natives/linux-amd64/libnewt.so
7f78c67b2000-7f78c67b9000 r-xp 00000000 08:03 6029383                    /tmp/jogamp_0000/file_cache/jln6980292488812996609/jln7656246773992222300/natives/linux-amd64/libnativewindow_x11.so
7f78c67b9000-7f78c69b8000 ---p 00007000 08:03 6029383                    /tmp/jogamp_0000/file_cache/jln6980292488812996609/jln7656246773992222300/natives/linux-amd64/libnativewindow_x11.so
7f78c69b8000-7f78c69b9000 rw-p 00006000 08:03 6029383                    /tmp/jogamp_0000/file_cache/jln6980292488812996609/jln7656246773992222300/natives/linux-amd64/libnativewindow_x11.so
7f78c69b9000-7f78c69bc000 ---p 00000000 00:00 0 
7f78c69bc000-7f78c6aba000 rw-p 00000000 00:00 0                          [stack:6799]
7f78c6aba000-7f78c6abd000 ---p 00000000 00:00 0 
7f78c6abd000-7f78c6bbb000 rw-p 00000000 00:00 0                          [stack:6798]
7f78c6bbb000-7f78c6bbf000 r-xp 00000000 08:03 6430988                    /usr/lib/x86_64-linux-gnu/libXxf86vm.so.1.0.0
7f78c6bbf000-7f78c6dbf000 ---p 00004000 08:03 6430988                    /usr/lib/x86_64-linux-gnu/libXxf86vm.so.1.0.0
7f78c6dbf000-7f78c6dc0000 r--p 00004000 08:03 6430988                    /usr/lib/x86_64-linux-gnu/libXxf86vm.so.1.0.0
7f78c6dc0000-7f78c6dc1000 rw-p 00005000 08:03 6430988                    /usr/lib/x86_64-linux-gnu/libXxf86vm.so.1.0.0
7f78c6dc1000-7f78c6dc3000 r-xp 00000000 08:03 6029378                    /tmp/jogamp_0000/file_cache/jln6980292488812996609/jln7656246773992222300/natives/linux-amd64/libnativewindow_awt.so
7f78c6dc3000-7f78c6fc2000 ---p 00002000 08:03 6029378                    /tmp/jogamp_0000/file_cache/jln6980292488812996609/jln7656246773992222300/natives/linux-amd64/libnativewindow_awt.so
7f78c6fc2000-7f78c6fc3000 rw-p 00001000 08:03 6029378                    /tmp/jogamp_0000/file_cache/jln6980292488812996609/jln7656246773992222300/natives/linux-amd64/libnativewindow_awt.so
7f78c6fc3000-7f78c6fc4000 r-xp 00000000 08:03 6425220                    /usr/lib/jvm/java-8-openjdk-amd64/jre/lib/amd64/libjawt.so
7f78c6fc4000-7f78c71c3000 ---p 00001000 08:03 6425220                    /usr/lib/jvm/java-8-openjdk-amd64/jre/lib/amd64/libjawt.so
7f78c71c3000-7f78c71c4000 r--p 00000000 08:03 6425220                    /usr/lib/jvm/java-8-openjdk-amd64/jre/lib/amd64/libjawt.so
7f78c71c4000-7f78c71c5000 rw-p 00001000 08:03 6425220                    /usr/lib/jvm/java-8-openjdk-amd64/jre/lib/amd64/libjawt.so
7f78c71c5000-7f78c71c8000 ---p 00000000 00:00 0 
7f78c71c8000-7f78c72c6000 rw-p 00000000 00:00 0                          [stack:6797]
7f78c72c6000-7f78c72cb000 r-xp 00000000 08:03 6430952                    /usr/lib/x86_64-linux-gnu/libXfixes.so.3.1.0
7f78c72cb000-7f78c74ca000 ---p 00005000 08:03 6430952                    /usr/lib/x86_64-linux-gnu/libXfixes.so.3.1.0
7f78c74ca000-7f78c74cb000 r--p 00004000 08:03 6430952                    /usr/lib/x86_64-linux-gnu/libXfixes.so.3.1.0
7f78c74cb000-7f78c74cc000 rw-p 00005000 08:03 6430952                    /usr/lib/x86_64-linux-gnu/libXfixes.so.3.1.0
7f78c74cc000-7f78c74d5000 r-xp 00000000 08:03 6430944                    /usr/lib/x86_64-linux-gnu/libXcursor.so.1.0.2
7f78c74d5000-7f78c76d4000 ---p 00009000 08:03 6430944                    /usr/lib/x86_64-linux-gnu/libXcursor.so.1.0.2
7f78c76d4000-7f78c76d5000 r--p 00008000 08:03 6430944                    /usr/lib/x86_64-linux-gnu/libXcursor.so.1.0.2
7f78c76d5000-7f78c76d6000 rw-p 00009000 08:03 6430944                    /usr/lib/x86_64-linux-gnu/libXcursor.so.1.0.2
7f78c76d6000-7f78c76fb000 r-xp 00000000 08:03 4067650                    /lib/x86_64-linux-gnu/libpng12.so.0.51.0
7f78c76fb000-7f78c78fa000 ---p 00025000 08:03 4067650                    /lib/x86_64-linux-gnu/libpng12.so.0.51.0
7f78c78fa000-7f78c78fb000 r--p 00024000 08:03 4067650                    /lib/x86_64-linux-gnu/libpng12.so.0.51.0
7f78c78fb000-7f78c78fc000 rw-p 00025000 08:03 4067650                    /lib/x86_64-linux-gnu/libpng12.so.0.51.0
7f78c78fc000-7f78c799e000 r-xp 00000000 08:03 6429055                    /usr/lib/x86_64-linux-gnu/libfreetype.so.6.11.1
7f78c799e000-7f78c7b9d000 ---p 000a2000 08:03 6429055                    /usr/lib/x86_64-linux-gnu/libfreetype.so.6.11.1
7f78c7b9d000-7f78c7ba3000 r--p 000a1000 08:03 6429055                    /usr/lib/x86_64-linux-gnu/libfreetype.so.6.11.1
7f78c7ba3000-7f78c7ba4000 rw-p 000a7000 08:03 6429055                    /usr/lib/x86_64-linux-gnu/libfreetype.so.6.11.1
7f78c7ba4000-7f78c7bf6000 r-xp 00000000 08:03 6425217                    /usr/lib/jvm/java-8-openjdk-amd64/jre/lib/amd64/libfontmanager.so
7f78c7bf6000-7f78c7df6000 ---p 00052000 08:03 6425217                    /usr/lib/jvm/java-8-openjdk-amd64/jre/lib/amd64/libfontmanager.so
7f78c7df6000-7f78c7df9000 r--p 00052000 08:03 6425217                    /usr/lib/jvm/java-8-openjdk-amd64/jre/lib/amd64/libfontmanager.so
7f78c7df9000-7f78c7dfa000 rw-p 00055000 08:03 6425217                    /usr/lib/jvm/java-8-openjdk-amd64/jre/lib/amd64/libfontmanager.so
7f78c7dfa000-7f78c7dff000 r-xp 00000000 08:03 6430948                    /usr/lib/x86_64-linux-gnu/libXdmcp.so.6.0.0
7f78c7dff000-7f78c7ffe000 ---p 00005000 08:03 6430948                    /usr/lib/x86_64-linux-gnu/libXdmcp.so.6.0.0
7f78c7ffe000-7f78c7fff000 r--p 00004000 08:03 6430948                    /usr/lib/x86_64-linux-gnu/libXdmcp.so.6.0.0
7f78c7fff000-7f78c8000000 rw-p 00005000 08:03 6430948                    /usr/lib/x86_64-linux-gnu/libXdmcp.so.6.0.0
7f78c8000000-7f78c8021000 rw-p 00000000 00:00 0 
7f78c8021000-7f78cc000000 ---p 00000000 00:00 0 
7f78cc000000-7f78cc021000 rw-p 00000000 00:00 0 
7f78cc021000-7f78d0000000 ---p 00000000 00:00 0 
7f78d0000000-7f78d0021000 rw-p 00000000 00:00 0 
7f78d0021000-7f78d4000000 ---p 00000000 00:00 0 
7f78d4000000-7f78d4021000 rw-p 00000000 00:00 0 
7f78d4021000-7f78d8000000 ---p 00000000 00:00 0 
7f78d8000000-7f78d814e000 rw-p 00000000 00:00 0 
7f78d814e000-7f78dc000000 ---p 00000000 00:00 0 
7f78dc000000-7f78dc21c000 rw-p 00000000 00:00 0 
7f78dc21c000-7f78e0000000 ---p 00000000 00:00 0 
7f78e0000000-7f78e0021000 rw-p 00000000 00:00 0 
7f78e0021000-7f78e4000000 ---p 00000000 00:00 0 
7f78e4000000-7f78e425d000 rw-p 00000000 00:00 0 
7f78e425d000-7f78e8000000 ---p 00000000 00:00 0 
7f78e8000000-7f78e8021000 rw-p 00000000 00:00 0 
7f78e8021000-7f78ec000000 ---p 00000000 00:00 0 
7f78ec000000-7f78ec021000 rw-p 00000000 00:00 0 
7f78ec021000-7f78f0000000 ---p 00000000 00:00 0 
7f78f0000000-7f78f0021000 rw-p 00000000 00:00 0 
7f78f0021000-7f78f4000000 ---p 00000000 00:00 0 
7f78f4000000-7f78f4021000 rw-p 00000000 00:00 0 
7f78f4021000-7f78f8000000 ---p 00000000 00:00 0 
7f78f8000000-7f78f8021000 rw-p 00000000 00:00 0 
7f78f8021000-7f78fc000000 ---p 00000000 00:00 0 
7f78fc000000-7f78fc021000 rw-p 00000000 00:00 0 
7f78fc021000-7f7900000000 ---p 00000000 00:00 0 
7f7900000000-7f7900021000 rw-p 00000000 00:00 0 
7f7900021000-7f7904000000 ---p 00000000 00:00 0 
7f7904005000-7f7904025000 rw-s 2072a6000 00:06 13740                     /dev/nvidiactl
7f7904025000-7f7904045000 rw-s 156d09000 00:06 13740                     /dev/nvidiactl
7f7904045000-7f7904047000 r-xp 00000000 08:03 6430937                    /usr/lib/x86_64-linux-gnu/libXau.so.6.0.0
7f7904047000-7f7904247000 ---p 00002000 08:03 6430937                    /usr/lib/x86_64-linux-gnu/libXau.so.6.0.0
7f7904247000-7f7904248000 r--p 00002000 08:03 6430937                    /usr/lib/x86_64-linux-gnu/libXau.so.6.0.0
7f7904248000-7f7904249000 rw-p 00003000 08:03 6430937                    /usr/lib/x86_64-linux-gnu/libXau.so.6.0.0
7f7904249000-7f7904266000 r-xp 00000000 08:03 6432135                    /usr/lib/x86_64-linux-gnu/libxcb.so.1.1.0
7f7904266000-7f7904466000 ---p 0001d000 08:03 6432135                    /usr/lib/x86_64-linux-gnu/libxcb.so.1.1.0
7f7904466000-7f7904467000 r--p 0001d000 08:03 6432135                    /usr/lib/x86_64-linux-gnu/libxcb.so.1.1.0
7f7904467000-7f7904468000 rw-p 0001e000 08:03 6432135                    /usr/lib/x86_64-linux-gnu/libxcb.so.1.1.0
7f7904468000-7f7904477000 r-xp 00000000 08:03 6430958                    /usr/lib/x86_64-linux-gnu/libXi.so.6.1.0
7f7904477000-7f7904676000 ---p 0000f000 08:03 6430958                    /usr/lib/x86_64-linux-gnu/libXi.so.6.1.0
7f7904676000-7f7904677000 r--p 0000e000 08:03 6430958                    /usr/lib/x86_64-linux-gnu/libXi.so.6.1.0
7f7904677000-7f7904678000 rw-p 0000f000 08:03 6430958                    /usr/lib/x86_64-linux-gnu/libXi.so.6.1.0
7f7904678000-7f790467d000 r-xp 00000000 08:03 6430978                    /usr/lib/x86_64-linux-gnu/libXtst.so.6.1.0
7f790467d000-7f790487c000 ---p 00005000 08:03 6430978                    /usr/lib/x86_64-linux-gnu/libXtst.so.6.1.0
7f790487c000-7f790487d000 r--p 00004000 08:03 6430978                    /usr/lib/x86_64-linux-gnu/libXtst.so.6.1.0
7f790487d000-7f790487e000 rw-p 00005000 08:03 6430978                    /usr/lib/x86_64-linux-gnu/libXtst.so.6.1.0
7f790487e000-7f7904887000 r-xp 00000000 08:03 6430972                    /usr/lib/x86_64-linux-gnu/libXrender.so.1.3.0
7f7904887000-7f7904a86000 ---p 00009000 08:03 6430972                    /usr/lib/x86_64-linux-gnu/libXrender.so.1.3.0
7f7904a86000-7f7904a87000 r--p 00008000 08:03 6430972                    /usr/lib/x86_64-linux-gnu/libXrender.so.1.3.0
7f7904a87000-7f7904a88000 rw-p 00009000 08:03 6430972                    /usr/lib/x86_64-linux-gnu/libXrender.so.1.3.0
7f7904a88000-7f7904bbb000 r-xp 00000000 08:03 6430933                    /usr/lib/x86_64-linux-gnu/libX11.so.6.3.0
7f7904bbb000-7f7904dbb000 ---p 00133000 08:03 6430933                    /usr/lib/x86_64-linux-gnu/libX11.so.6.3.0
7f7904dbb000-7f7904dbc000 r--p 00133000 08:03 6430933                    /usr/lib/x86_64-linux-gnu/libX11.so.6.3.0
7f7904dbc000-7f7904dc0000 rw-p 00134000 08:03 6430933                    /usr/lib/x86_64-linux-gnu/libX11.so.6.3.0
7f7904dc0000-7f7904dc1000 rw-p 00000000 00:00 0 
7f7904dc1000-7f7904dd2000 r-xp 00000000 08:03 6430950                    /usr/lib/x86_64-linux-gnu/libXext.so.6.4.0
7f7904dd2000-7f7904fd1000 ---p 00011000 08:03 6430950                    /usr/lib/x86_64-linux-gnu/libXext.so.6.4.0
7f7904fd1000-7f7904fd2000 r--p 00010000 08:03 6430950                    /usr/lib/x86_64-linux-gnu/libXext.so.6.4.0
7f7904fd2000-7f7904fd3000 rw-p 00011000 08:03 6430950                    /usr/lib/x86_64-linux-gnu/libXext.so.6.4.0
7f7904fd4000-7f7904fd7000 rw-p 00000000 00:00 0 
7f7904fd7000-7f7904fd8000 rw-s 1fec53000 00:06 13740                     /dev/nvidiactl
7f7904fd8000-7f7904fdc000 rw-s 146397000 00:06 13740                     /dev/nvidiactl
7f7904fdc000-7f7904fdd000 rw-s dfd64000 00:06 13741                      /dev/nvidia0
7f7904fdd000-7f7904fde000 rw-s dfd64000 00:06 13741                      /dev/nvidia0
7f7904fde000-7f7904fdf000 rw-s fa642000 00:06 13741                      /dev/nvidia0
7f7904fdf000-7f7904fe0000 rw-s 21f399000 00:06 13740                     /dev/nvidiactl
7f7904fe0000-7f7904fe1000 rw-s fa641000 00:06 13741                      /dev/nvidia0
7f7904fe1000-7f7904fe2000 rw-s 21f398000 00:06 13740                     /dev/nvidiactl
7f7904fe2000-7f7904fe3000 rw-s 20c6c3000 00:06 13740                     /dev/nvidiactl
7f7904fe3000-7f7904ff6000 r--s 00345000 08:03 6425242                    /usr/lib/jvm/java-8-openjdk-amd64/jre/lib/resources.jar
7f7904ff6000-7f790504d000 r-xp 00000000 08:03 6425205                    /usr/lib/jvm/java-8-openjdk-amd64/jre/lib/amd64/libawt_xawt.so
7f790504d000-7f790524d000 ---p 00057000 08:03 6425205                    /usr/lib/jvm/java-8-openjdk-amd64/jre/lib/amd64/libawt_xawt.so
7f790524d000-7f790524e000 r--p 00057000 08:03 6425205                    /usr/lib/jvm/java-8-openjdk-amd64/jre/lib/amd64/libawt_xawt.so
7f790524e000-7f7905251000 rw-p 00058000 08:03 6425205                    /usr/lib/jvm/java-8-openjdk-amd64/jre/lib/amd64/libawt_xawt.so
7f7905251000-7f7905252000 rw-p 00000000 00:00 0 
7f7905252000-7f79052f3000 r-xp 00000000 08:03 6425236                    /usr/lib/jvm/java-8-openjdk-amd64/jre/lib/amd64/libawt.so
7f79052f3000-7f79054f2000 ---p 000a1000 08:03 6425236                    /usr/lib/jvm/java-8-openjdk-amd64/jre/lib/amd64/libawt.so
7f79054f2000-7f79054f3000 r--p 000a0000 08:03 6425236                    /usr/lib/jvm/java-8-openjdk-amd64/jre/lib/amd64/libawt.so
7f79054f3000-7f79054fe000 rw-p 000a1000 08:03 6425236                    /usr/lib/jvm/java-8-openjdk-amd64/jre/lib/amd64/libawt.so
7f79054fe000-7f7905523000 rw-p 00000000 00:00 0 
7f7905523000-7f7905525000 r-xp 00000000 08:03 6029377                    /tmp/jogamp_0000/file_cache/jln6980292488812996609/jln7656246773992222300/natives/linux-amd64/libgluegen-rt.so
7f7905525000-7f7905724000 ---p 00002000 08:03 6029377                    /tmp/jogamp_0000/file_cache/jln6980292488812996609/jln7656246773992222300/natives/linux-amd64/libgluegen-rt.so
7f7905724000-7f7905725000 rw-p 00001000 08:03 6029377                    /tmp/jogamp_0000/file_cache/jln6980292488812996609/jln7656246773992222300/natives/linux-amd64/libgluegen-rt.so
7f7905725000-7f7905728000 ---p 00000000 00:00 0 
7f7905728000-7f7905826000 rw-p 00000000 00:00 0                          [stack:6796]
7f7905826000-7f7905837000 r-xp 00000000 08:03 6425228                    /usr/lib/jvm/java-8-openjdk-amd64/jre/lib/amd64/libnio.so
7f7905837000-7f7905a36000 ---p 00011000 08:03 6425228                    /usr/lib/jvm/java-8-openjdk-amd64/jre/lib/amd64/libnio.so
7f7905a36000-7f7905a37000 r--p 00010000 08:03 6425228                    /usr/lib/jvm/java-8-openjdk-amd64/jre/lib/amd64/libnio.so
7f7905a37000-7f7905a38000 rw-p 00011000 08:03 6425228                    /usr/lib/jvm/java-8-openjdk-amd64/jre/lib/amd64/libnio.so
7f7905a38000-7f7905d39000 rw-p 00000000 00:00 0 
7f7905d39000-7f7905d50000 r-xp 00000000 08:03 6425209                    /usr/lib/jvm/java-8-openjdk-amd64/jre/lib/amd64/libnet.so
7f7905d50000-7f7905f4f000 ---p 00017000 08:03 6425209                    /usr/lib/jvm/java-8-openjdk-amd64/jre/lib/amd64/libnet.so
7f7905f4f000-7f7905f50000 r--p 00016000 08:03 6425209                    /usr/lib/jvm/java-8-openjdk-amd64/jre/lib/amd64/libnet.so
7f7905f50000-7f7905f51000 rw-p 00017000 08:03 6425209                    /usr/lib/jvm/java-8-openjdk-amd64/jre/lib/amd64/libnet.so
7f7905f51000-7f7905f54000 ---p 00000000 00:00 0 
7f7905f54000-7f7905f8a000 rw-p 00000000 00:00 0                          [stack:6791]
7f7905f8a000-7f7905f8b000 r--p 00000000 00:00 0 
7f7905f8b000-7f7905f90000 r--s 00094000 08:03 6425238                    /usr/lib/jvm/java-8-openjdk-amd64/jre/lib/jsse.jar
7f7905f90000-7f7905f91000 r--s 00001000 08:03 6029436                    /home/elect/.gradle/caches/modules-2/files-2.1/org.jogamp.gluegen/gluegen-rt/2.3.2/f9b848384a343f39f454e59cead435c2c0cbf542/gluegen-rt-2.3.2-natives-windows-i586.jar
7f7905f91000-7f7905f92000 r--s 00001000 08:03 6029435                    /home/elect/.gradle/caches/modules-2/files-2.1/org.jogamp.gluegen/gluegen-rt/2.3.2/85213c97a5a50d8dd37de4c35ef32cd4b0ac2ef0/gluegen-rt-2.3.2-natives-windows-amd64.jar
7f7905f92000-7f7905f93000 r--s 00000000 08:03 6029434                    /home/elect/.gradle/caches/modules-2/files-2.1/org.jogamp.gluegen/gluegen-rt/2.3.2/a5d9ee96c7a365055fba41e30f9a10f42a3c1a3e/gluegen-rt-2.3.2-natives-solaris-i586.jar
7f7905f93000-7f7905f94000 r--s 00001000 08:03 6029433                    /home/elect/.gradle/caches/modules-2/files-2.1/org.jogamp.gluegen/gluegen-rt/2.3.2/9a23cd22c59e3f04082e7589e850b79c9e696dc4/gluegen-rt-2.3.2-natives-solaris-amd64.jar
7f7905f94000-7f7905f95000 r--s 00001000 08:03 6029432                    /home/elect/.gradle/caches/modules-2/files-2.1/org.jogamp.gluegen/gluegen-rt/2.3.2/7227ae9e480354909d80f4df92b30bbb965387be/gluegen-rt-2.3.2-natives-macosx-universal.jar
7f7905f95000-7f7905f97000 r--s 00000000 08:03 6029431                    /home/elect/.gradle/caches/modules-2/files-2.1/org.jogamp.gluegen/gluegen-rt/2.3.2/da68aff010edd35a9ee89b1801dce6e284c7e673/gluegen-rt-2.3.2-natives-linux-i586.jar
7f7905f97000-7f7905f98000 r--s 00000000 08:03 6029430                    /home/elect/.gradle/caches/modules-2/files-2.1/org.jogamp.gluegen/gluegen-rt/2.3.2/f6d3587b061d7ae6e68932fc62317e3500d2112d/gluegen-rt-2.3.2-natives-linux-armv6hf.jar
7f7905f98000-7f7905f99000 r--s 00000000 08:03 6029429                    /home/elect/.gradle/caches/modules-2/files-2.1/org.jogamp.gluegen/gluegen-rt/2.3.2/c55cd566d98d4fcd004b9aaa2c502c8c2dcec192/gluegen-rt-2.3.2-natives-linux-armv6.jar
7f7905f99000-7f7905f9b000 r--s 00000000 08:03 6029428                    /home/elect/.gradle/caches/modules-2/files-2.1/org.jogamp.gluegen/gluegen-rt/2.3.2/477a6bc4f9256d8c9935b75d55e2b7b01314440b/gluegen-rt-2.3.2-natives-linux-amd64.jar
7f7905f9b000-7f7905f9c000 r--s 00001000 08:03 6029427                    /home/elect/.gradle/caches/modules-2/files-2.1/org.jogamp.gluegen/gluegen-rt/2.3.2/2130295b94ef5c19f85fb4ba6107ca193e987858/gluegen-rt-2.3.2-natives-android-armv6.jar
7f7905f9c000-7f7905f9d000 r--s 00000000 08:03 6029426                    /home/elect/.gradle/caches/modules-2/files-2.1/org.jogamp.gluegen/gluegen-rt/2.3.2/4c104c7aef98cda5c404eacb96b1a4e04fe0dd68/gluegen-rt-2.3.2-natives-android-aarch64.jar
7f7905f9d000-7f7905fa3000 r--s 0004f000 08:03 6029425                    /home/elect/.gradle/caches/modules-2/files-2.1/org.jogamp.gluegen/gluegen-rt/2.3.2/edc35ccfc13d4a4ad02c50d580874c18bf48bbef/gluegen-rt-2.3.2.jar
7f7905fa3000-7f7905fa4000 r--s 00004000 08:03 6029498                    /home/elect/.gradle/caches/modules-2/files-2.1/org.jogamp.jogl/newt/2.3.2/e25eae0a0af4c9881b1f105239eb1a11ba8ff062/newt-2.3.2-natives-windows-i586.jar
7f7905fa4000-7f7905fa5000 r--s 00004000 08:03 6029497                    /home/elect/.gradle/caches/modules-2/files-2.1/org.jogamp.jogl/newt/2.3.2/345a309326786646a4b288824c285331496ccfbe/newt-2.3.2-natives-windows-amd64.jar
7f7905fa5000-7f7905fa6000 r--s 00005000 08:03 6029496                    /home/elect/.gradle/caches/modules-2/files-2.1/org.jogamp.jogl/newt/2.3.2/87b54f8bfc1e5190418aaaa6a042473f4f556b15/newt-2.3.2-natives-solaris-i586.jar
7f7905fa6000-7f7905fa7000 r--s 00006000 08:03 6029495                    /home/elect/.gradle/caches/modules-2/files-2.1/org.jogamp.jogl/newt/2.3.2/5ec2a841e5469e21dd36f3d92365afaad86ade3b/newt-2.3.2-natives-solaris-amd64.jar
7f7905fa7000-7f7905fa8000 r--s 0000e000 08:03 6029494                    /home/elect/.gradle/caches/modules-2/files-2.1/org.jogamp.jogl/newt/2.3.2/eb1257f13f3b411dc83db05ebeb21d44767eaed6/newt-2.3.2-natives-macosx-universal.jar
7f7905fa8000-7f7905fa9000 r--s 00006000 08:03 6029493                    /home/elect/.gradle/caches/modules-2/files-2.1/org.jogamp.jogl/newt/2.3.2/8e2017dd73e68ae1753f0724e0489d835f791946/newt-2.3.2-natives-linux-i586.jar
7f7905fa9000-7f7905faa000 r--s 00005000 08:03 6029492                    /home/elect/.gradle/caches/modules-2/files-2.1/org.jogamp.jogl/newt/2.3.2/e944b80304cda285686fad84963af27e0746b911/newt-2.3.2-natives-linux-armv6hf.jar
7f7905faa000-7f7905fab000 r--s 00005000 08:03 6029491                    /home/elect/.gradle/caches/modules-2/files-2.1/org.jogamp.jogl/newt/2.3.2/f25e0ab0de2dc29d8b16740ff9ae9e52e503bec0/newt-2.3.2-natives-linux-armv6.jar
7f7905fab000-7f7905fac000 r--s 00006000 08:03 6029490                    /home/elect/.gradle/caches/modules-2/files-2.1/org.jogamp.jogl/newt/2.3.2/24007dc5205f4f9773198d1be5f7013a8b6a2b96/newt-2.3.2-natives-linux-amd64.jar
7f7905fac000-7f7905fad000 r--s 00001000 08:03 6029489                    /home/elect/.gradle/caches/modules-2/files-2.1/org.jogamp.jogl/newt/2.3.2/7b425742f16722273c189f5f860f212a01b3b462/newt-2.3.2-natives-android-armv6.jar
7f7905fad000-7f7905faf000 r--s 00000000 08:03 6029488                    /home/elect/.gradle/caches/modules-2/files-2.1/org.jogamp.jogl/newt/2.3.2/f05e8b11b0f7ba31a75033d9b40da603c449635/newt-2.3.2-natives-android-aarch64.jar
7f7905faf000-7f7905fb0000 r--s 00008000 08:03 6029487                    /home/elect/.gradle/caches/modules-2/files-2.1/org.jogamp.jogl/newt/2.3.2/c975b00340f112cb8fbbe35bead078f3e64f5a8c/newt-2.3.2-driver-x11.jar
7f7905fb0000-7f7905fb2000 r--s 00002000 08:03 6029486                    /home/elect/.gradle/caches/modules-2/files-2.1/org.jogamp.jogl/newt/2.3.2/5a009f4d9a1730839eefbb0990fdacc35859b48a/newt-2.3.2-driver-win.jar
7f7905fb2000-7f7905fb3000 r--s 00007000 08:03 6029485                    /home/elect/.gradle/caches/modules-2/files-2.1/org.jogamp.jogl/newt/2.3.2/cc363a480a51c59ca3a4a24dc982221a3adb2e81/newt-2.3.2-driver-osx.jar
7f7905fb3000-7f7905fb4000 r--s 00002000 08:03 6029484                    /home/elect/.gradle/caches/modules-2/files-2.1/org.jogamp.jogl/newt/2.3.2/95ef751e091b696ebc4700b5a04891575990122d/newt-2.3.2-driver-linux.jar
7f7905fb4000-7f7905fb5000 r--s 00001000 08:03 6029483                    /home/elect/.gradle/caches/modules-2/files-2.1/org.jogamp.jogl/newt/2.3.2/14da99081d9289fa556fc6aab4589b229197a3e4/newt-2.3.2-driver-kd.jar
7f7905fb5000-7f7905fb6000 r--s 00001000 08:03 6029482                    /home/elect/.gradle/caches/modules-2/files-2.1/org.jogamp.jogl/newt/2.3.2/edb56dfa3e4ecdf08c85e6ad78d3a187f7a753c8/newt-2.3.2-driver-intelgdl.jar
7f7905fb6000-7f7905fb7000 r--s 00002000 08:03 6029481                    /home/elect/.gradle/caches/modules-2/files-2.1/org.jogamp.jogl/newt/2.3.2/4c53748c34d6d2c30908ba3007816ca85f0e0791/newt-2.3.2-driver-bcm-vc.jar
7f7905fb7000-7f7905fb8000 r--s 00001000 08:03 6029480                    /home/elect/.gradle/caches/modules-2/files-2.1/org.jogamp.jogl/newt/2.3.2/4b4af96e706899860846f04d2933e859234326ca/newt-2.3.2-driver-bcm-old.jar
7f7905fb8000-7f7905fb9000 r--s 00008000 08:03 6029479                    /home/elect/.gradle/caches/modules-2/files-2.1/org.jogamp.jogl/newt/2.3.2/a43e9001b3651548ceac27061001a0d0054d2908/newt-2.3.2-driver-android.jar
7f7905fb9000-7f7905fba000 r--s 00008000 08:03 6029478                    /home/elect/.gradle/caches/modules-2/files-2.1/org.jogamp.jogl/newt/2.3.2/2b7005b3693c301ba81c00a50dae413427f85791/newt-2.3.2-ogl.jar
7f7905fba000-7f7905fbc000 r--s 0000b000 08:03 6029477                    /home/elect/.gradle/caches/modules-2/files-2.1/org.jogamp.jogl/newt/2.3.2/5268c4c933bdcc1188e01dc3d0eb218bda277db3/newt-2.3.2-event.jar
7f7905fbc000-7f7905fbf000 r--s 0002c000 08:03 6029476                    /home/elect/.gradle/caches/modules-2/files-2.1/org.jogamp.jogl/newt/2.3.2/2f0d759de0a7d61be4cba251b573b98bcef608d8/newt-2.3.2.jar
7f7905fbf000-7f7905fc0000 r--s 00004000 08:03 6029470                    /home/elect/.gradle/caches/modules-2/files-2.1/org.jogamp.jogl/nativewindow/2.3.2/fda8e3b58cd05acb6bae87966710b7633283704a/nativewindow-2.3.2-natives-windows-i586.jar
7f7905fc0000-7f7905fc1000 r--s 00004000 08:03 6029469                    /home/elect/.gradle/caches/modules-2/files-2.1/org.jogamp.jogl/nativewindow/2.3.2/1ec8ecfe1a35a8c50fe36708875c93a9664f24e/nativewindow-2.3.2-natives-windows-amd64.jar
7f7905fc1000-7f7905fc3000 r--s 00002000 08:03 6029468                    /home/elect/.gradle/caches/modules-2/files-2.1/org.jogamp.jogl/nativewindow/2.3.2/b887f303070cd0c87a27feabcf344fef9666af66/nativewindow-2.3.2-natives-solaris-i586.jar
7f7905fc3000-7f7905fc4000 r--s 00003000 08:03 6029467                    /home/elect/.gradle/caches/modules-2/files-2.1/org.jogamp.jogl/nativewindow/2.3.2/63d814027e5f2a1aeb1e9672ec14bc781b8a9843/nativewindow-2.3.2-natives-solaris-amd64.jar
7f7905fc4000-7f7905fc5000 r--s 00007000 08:03 6029466                    /home/elect/.gradle/caches/modules-2/files-2.1/org.jogamp.jogl/nativewindow/2.3.2/c6bfd67b0ac217a403f73894bacc7044059c2a0c/nativewindow-2.3.2-natives-macosx-universal.jar
7f7905fc5000-7f7905fc6000 r--s 00003000 08:03 6029465                    /home/elect/.gradle/caches/modules-2/files-2.1/org.jogamp.jogl/nativewindow/2.3.2/4f556326a5d174a31c9af30127f39fd0c876316b/nativewindow-2.3.2-natives-linux-i586.jar
7f7905fc6000-7f7905fc7000 r--s 00002000 08:03 6029464                    /home/elect/.gradle/caches/modules-2/files-2.1/org.jogamp.jogl/nativewindow/2.3.2/e959e10219f023c27bd4e5582f626e8874825820/nativewindow-2.3.2-natives-linux-armv6hf.jar
7f7905fc7000-7f7905fc8000 r--s 00002000 08:03 6029463                    /home/elect/.gradle/caches/modules-2/files-2.1/org.jogamp.jogl/nativewindow/2.3.2/3ce179989908a51aec7799dfab4841685e6350f6/nativewindow-2.3.2-natives-linux-armv6.jar
7f7905fc8000-7f7905fc9000 r--s 00003000 08:03 6029462                    /home/elect/.gradle/caches/modules-2/files-2.1/org.jogamp.jogl/nativewindow/2.3.2/fe23dbb106657ac76f7c981e5357c294623b9f8f/nativewindow-2.3.2-natives-linux-amd64.jar
7f7905fc9000-7f7905fca000 r--s 00000000 08:03 6029461                    /home/elect/.gradle/caches/modules-2/files-2.1/org.jogamp.jogl/nativewindow/2.3.2/c2003f72ca3de3f34e4920dc2c50b83a094959b9/nativewindow-2.3.2-natives-android-armv6.jar
7f7905fca000-7f7905fcb000 r--s 00000000 08:03 6029460                    /home/elect/.gradle/caches/modules-2/files-2.1/org.jogamp.jogl/nativewindow/2.3.2/b3f9623ef71eadfafce4c70f485e3a93dfe7abdf/nativewindow-2.3.2-natives-android-aarch64.jar
7f7905fcb000-7f7905fcc000 r--s 00006000 08:03 6029459                    /home/elect/.gradle/caches/modules-2/files-2.1/org.jogamp.jogl/nativewindow/2.3.2/a75599e783ff6cbee68e60f80f00113b5e95919f/nativewindow-2.3.2-os-x11.jar
7f7905fcc000-7f7905fcd000 r--s 00001000 08:03 6029458                    /home/elect/.gradle/caches/modules-2/files-2.1/org.jogamp.jogl/nativewindow/2.3.2/bac1ceae906c7a80ad37b42f917ecff289c959d9/nativewindow-2.3.2-os-osx.jar
7f7905fcd000-7f7905fce000 r--s 00006000 08:03 6029456                    /home/elect/.gradle/caches/modules-2/files-2.1/org.jogamp.jogl/nativewindow/2.3.2/9eeb70fd34c7c86e586ec02f22eaaf8074ddbcb7/nativewindow-2.3.2-os-win.jar
7f7905fce000-7f7905fd1000 r--s 00016000 08:03 6029455                    /home/elect/.gradle/caches/modules-2/files-2.1/org.jogamp.jogl/nativewindow/2.3.2/c4e73108a1ccb49110516be8b63d44cf07f0f26b/nativewindow-2.3.2.jar
7f7905fd1000-7f7905fd3000 r--s 00032000 08:03 6029418                    /home/elect/.gradle/caches/modules-2/files-2.1/org.jogamp.jogl/jogl-all/2.3.2/5db8db5eca6b4445db6cd14f68938736630ae976/jogl-all-2.3.2-natives-windows-i586.jar
7f7905fd3000-7f7905fd4000 r--s 0003a000 08:03 6029417                    /home/elect/.gradle/caches/modules-2/files-2.1/org.jogamp.jogl/jogl-all/2.3.2/becd519b1f741176561d93645abd90971ca0dca0/jogl-all-2.3.2-natives-windows-amd64.jar
7f7905fd4000-7f7905ff8000 r--s 0031e000 08:03 6029407                    /home/elect/.gradle/caches/modules-2/files-2.1/org.jogamp.jogl/jogl-all/2.3.2/99e0f64bb8882f054825ae4a8a527a17b544a0b5/jogl-all-2.3.2.jar
7f7905ff8000-7f7906014000 r--s 00393000 08:03 6425245                    /usr/lib/jvm/java-8-openjdk-amd64/jre/lib/ext/cldrdata.jar
7f7906014000-7f790602e000 r--s 001d3000 08:03 6425246                    /usr/lib/jvm/java-8-openjdk-amd64/jre/lib/ext/nashorn.jar
7f790602e000-7f790602f000 ---p 00000000 00:00 0 
7f790602f000-7f790612f000 rw-p 00000000 00:00 0                          [stack:6787]
7f790612f000-7f7906132000 ---p 00000000 00:00 0 
7f7906132000-7f7906230000 rw-p 00000000 00:00 0                          [stack:6786]
7f7906230000-7f7906233000 ---p 00000000 00:00 0 
7f7906233000-7f7906331000 rw-p 00000000 00:00 0                          [stack:6785]
7f7906331000-7f7906334000 ---p 00000000 00:00 0 
7f7906334000-7f7906432000 rw-p 00000000 00:00 0                          [stack:6784]
7f7906432000-7f7906435000 ---p 00000000 00:00 0 
7f7906435000-7f7906533000 rw-p 00000000 00:00 0                          [stack:6783]
7f7906533000-7f7906536000 ---p 00000000 00:00 0 
7f7906536000-7f7906634000 rw-p 00000000 00:00 0                          [stack:6782]
7f7906634000-7f7906d17000 r--p 00000000 08:03 6429964                    /usr/lib/locale/locale-archive
7f7906d17000-7f7906d1a000 ---p 00000000 00:00 0 
7f7906d1a000-7f7906e18000 rw-p 00000000 00:00 0                          [stack:6781]
7f7906e18000-7f7906e1b000 ---p 00000000 00:00 0 
7f7906e1b000-7f7906f19000 rw-p 00000000 00:00 0                          [stack:6780]
7f7906f19000-7f7906f1a000 ---p 00000000 00:00 0 
7f7906f1a000-7f7907ffa000 rw-p 00000000 00:00 0                          [stack:6779]
7f7907ffa000-7f79081c7000 r--s 03bd3000 08:03 6425271                    /usr/lib/jvm/java-8-openjdk-amd64/jre/lib/rt.jar
7f79081c7000-7f790cbfc000 rw-p 00000000 00:00 0 
7f790cbfc000-7f790cbfd000 ---p 00000000 00:00 0 
7f790cbfd000-7f790ccfd000 rw-p 00000000 00:00 0                          [stack:6778]
7f790ccfd000-7f790ccfe000 ---p 00000000 00:00 0 
7f790ccfe000-7f790cdfe000 rw-p 00000000 00:00 0                          [stack:6777]
7f790cdfe000-7f790cdff000 ---p 00000000 00:00 0 
7f790cdff000-7f790ceff000 rw-p 00000000 00:00 0                          [stack:6776]
7f790ceff000-7f790cf00000 ---p 00000000 00:00 0 
7f790cf00000-7f790d000000 rw-p 00000000 00:00 0                          [stack:6775]
7f790d000000-7f790d310000 rwxp 00000000 00:00 0 
7f790d310000-7f791c000000 ---p 00000000 00:00 0 
7f791c000000-7f791ccf0000 rw-p 00000000 00:00 0 
7f791ccf0000-7f7920000000 ---p 00000000 00:00 0 
7f7920000000-7f7920001000 r--s 00027000 08:03 6029416                    /home/elect/.gradle/caches/modules-2/files-2.1/org.jogamp.jogl/jogl-all/2.3.2/94d1ed501fe53b7f75eab0f712f39802390d0f5b/jogl-all-2.3.2-natives-solaris-i586.jar
7f7920001000-7f7920002000 r--s 00035000 08:03 6029415                    /home/elect/.gradle/caches/modules-2/files-2.1/org.jogamp.jogl/jogl-all/2.3.2/bde11ff064181af9c307180d8f3f1744b7bdc11d/jogl-all-2.3.2-natives-solaris-amd64.jar
7f7920002000-7f7920003000 r--s 0006c000 08:03 6029414                    /home/elect/.gradle/caches/modules-2/files-2.1/org.jogamp.jogl/jogl-all/2.3.2/2da2215dbe1091c54cb83cf2484f8a54a4d0cf7a/jogl-all-2.3.2-natives-macosx-universal.jar
7f7920003000-7f7920005000 r--s 00034000 08:03 6029413                    /home/elect/.gradle/caches/modules-2/files-2.1/org.jogamp.jogl/jogl-all/2.3.2/59b7a336c0ee54161e33662d2ca8ac9d8f6c476d/jogl-all-2.3.2-natives-linux-i586.jar
7f7920005000-7f7920006000 r--s 00028000 08:03 6029412                    /home/elect/.gradle/caches/modules-2/files-2.1/org.jogamp.jogl/jogl-all/2.3.2/2c434c560dbd821b0ed569e44d3d441727491dac/jogl-all-2.3.2-natives-linux-armv6hf.jar
7f7920006000-7f7920007000 r--s 00027000 08:03 6029411                    /home/elect/.gradle/caches/modules-2/files-2.1/org.jogamp.jogl/jogl-all/2.3.2/6d14f46336be9e2dc5f85d5df17490cee5d09a90/jogl-all-2.3.2-natives-linux-armv6.jar
7f7920007000-7f7920008000 r--s 00036000 08:03 6029410                    /home/elect/.gradle/caches/modules-2/files-2.1/org.jogamp.jogl/jogl-all/2.3.2/ffd1c6bd5f6fb088df6cad25e25721eb55ad2228/jogl-all-2.3.2-natives-linux-amd64.jar
7f7920008000-7f7920009000 r--s 0000f000 08:03 6029409                    /home/elect/.gradle/caches/modules-2/files-2.1/org.jogamp.jogl/jogl-all/2.3.2/ab2c18b8a1327255cc354c19c720807d262baa75/jogl-all-2.3.2-natives-android-armv6.jar
7f7920009000-7f79200a9000 rw-p 00000000 00:00 0 
7f79200a9000-7f7920318000 ---p 00000000 00:00 0 
7f7920318000-7f7920342000 rw-p 00000000 00:00 0 
7f7920342000-7f79205b0000 ---p 00000000 00:00 0 
7f79205b0000-7f79205c6000 rw-p 00000000 00:00 0 
7f79205c6000-7f79206fd000 ---p 00000000 00:00 0 
7f79206fd000-7f792070b000 rw-p 00000000 00:00 0 
7f792070b000-7f7920abe000 ---p 00000000 00:00 0 
7f7920abe000-7f7920ac6000 r-xp 00000000 08:03 6425202                    /usr/lib/jvm/java-8-openjdk-amd64/jre/lib/amd64/libzip.so
7f7920ac6000-7f7920cc5000 ---p 00008000 08:03 6425202                    /usr/lib/jvm/java-8-openjdk-amd64/jre/lib/amd64/libzip.so
7f7920cc5000-7f7920cc6000 r--p 00007000 08:03 6425202                    /usr/lib/jvm/java-8-openjdk-amd64/jre/lib/amd64/libzip.so
7f7920cc6000-7f7920cc7000 rw-p 00008000 08:03 6425202                    /usr/lib/jvm/java-8-openjdk-amd64/jre/lib/amd64/libzip.so
7f7920cc7000-7f7920cd3000 r-xp 00000000 08:03 4067608                    /lib/x86_64-linux-gnu/libnss_files-2.21.so
7f7920cd3000-7f7920ed2000 ---p 0000c000 08:03 4067608                    /lib/x86_64-linux-gnu/libnss_files-2.21.so
7f7920ed2000-7f7920ed3000 r--p 0000b000 08:03 4067608                    /lib/x86_64-linux-gnu/libnss_files-2.21.so
7f7920ed3000-7f7920ed4000 rw-p 0000c000 08:03 4067608                    /lib/x86_64-linux-gnu/libnss_files-2.21.so
7f7920ed4000-7f7920edf000 r-xp 00000000 08:03 4067618                    /lib/x86_64-linux-gnu/libnss_nis-2.21.so
7f7920edf000-7f79210de000 ---p 0000b000 08:03 4067618                    /lib/x86_64-linux-gnu/libnss_nis-2.21.so
7f79210de000-7f79210df000 r--p 0000a000 08:03 4067618                    /lib/x86_64-linux-gnu/libnss_nis-2.21.so
7f79210df000-7f79210e0000 rw-p 0000b000 08:03 4067618                    /lib/x86_64-linux-gnu/libnss_nis-2.21.so
7f79210e0000-7f79210f7000 r-xp 00000000 08:03 4067602                    /lib/x86_64-linux-gnu/libnsl-2.21.so
7f79210f7000-7f79212f6000 ---p 00017000 08:03 4067602                    /lib/x86_64-linux-gnu/libnsl-2.21.so
7f79212f6000-7f79212f7000 r--p 00016000 08:03 4067602                    /lib/x86_64-linux-gnu/libnsl-2.21.so
7f79212f7000-7f79212f8000 rw-p 00017000 08:03 4067602                    /lib/x86_64-linux-gnu/libnsl-2.21.so
7f79212f8000-7f79212fa000 rw-p 00000000 00:00 0 
7f79212fa000-7f7921302000 r-xp 00000000 08:03 4067604                    /lib/x86_64-linux-gnu/libnss_compat-2.21.so
7f7921302000-7f7921501000 ---p 00008000 08:03 4067604                    /lib/x86_64-linux-gnu/libnss_compat-2.21.so
7f7921501000-7f7921502000 r--p 00007000 08:03 4067604                    /lib/x86_64-linux-gnu/libnss_compat-2.21.so
7f7921502000-7f7921503000 rw-p 00008000 08:03 4067604                    /lib/x86_64-linux-gnu/libnss_compat-2.21.so
7f7921503000-7f7921531000 r-xp 00000000 08:03 6425199                    /usr/lib/jvm/java-8-openjdk-amd64/jre/lib/amd64/libjava.so
7f7921531000-7f7921730000 ---p 0002e000 08:03 6425199                    /usr/lib/jvm/java-8-openjdk-amd64/jre/lib/amd64/libjava.so
7f7921730000-7f7921731000 r--p 0002d000 08:03 6425199                    /usr/lib/jvm/java-8-openjdk-amd64/jre/lib/amd64/libjava.so
7f7921731000-7f7921733000 rw-p 0002e000 08:03 6425199                    /usr/lib/jvm/java-8-openjdk-amd64/jre/lib/amd64/libjava.so
7f7921733000-7f7921742000 r-xp 00000000 08:03 6425214                    /usr/lib/jvm/java-8-openjdk-amd64/jre/lib/amd64/libverify.so
7f7921742000-7f7921942000 ---p 0000f000 08:03 6425214                    /usr/lib/jvm/java-8-openjdk-amd64/jre/lib/amd64/libverify.so
7f7921942000-7f7921945000 r--p 0000f000 08:03 6425214                    /usr/lib/jvm/java-8-openjdk-amd64/jre/lib/amd64/libverify.so
7f7921945000-7f7921946000 rw-p 00012000 08:03 6425214                    /usr/lib/jvm/java-8-openjdk-amd64/jre/lib/amd64/libverify.so
7f7921946000-7f792194d000 r-xp 00000000 08:03 4067663                    /lib/x86_64-linux-gnu/librt-2.21.so
7f792194d000-7f7921b4c000 ---p 00007000 08:03 4067663                    /lib/x86_64-linux-gnu/librt-2.21.so
7f7921b4c000-7f7921b4d000 r--p 00006000 08:03 4067663                    /lib/x86_64-linux-gnu/librt-2.21.so
7f7921b4d000-7f7921b4e000 rw-p 00007000 08:03 4067663                    /lib/x86_64-linux-gnu/librt-2.21.so
7f7921b4e000-7f7921b64000 r-xp 00000000 08:03 4067514                    /lib/x86_64-linux-gnu/libgcc_s.so.1
7f7921b64000-7f7921d63000 ---p 00016000 08:03 4067514                    /lib/x86_64-linux-gnu/libgcc_s.so.1
7f7921d63000-7f7921d64000 rw-p 00015000 08:03 4067514                    /lib/x86_64-linux-gnu/libgcc_s.so.1
7f7921d64000-7f7921e6b000 r-xp 00000000 08:03 4067581                    /lib/x86_64-linux-gnu/libm-2.21.so
7f7921e6b000-7f792206a000 ---p 00107000 08:03 4067581                    /lib/x86_64-linux-gnu/libm-2.21.so
7f792206a000-7f792206b000 r--p 00106000 08:03 4067581                    /lib/x86_64-linux-gnu/libm-2.21.so
7f792206b000-7f792206c000 rw-p 00107000 08:03 4067581                    /lib/x86_64-linux-gnu/libm-2.21.so
7f792206c000-7f792215c000 r-xp 00000000 08:03 6431929                    /usr/lib/x86_64-linux-gnu/libstdc++.so.6.0.20
7f792215c000-7f792235c000 ---p 000f0000 08:03 6431929                    /usr/lib/x86_64-linux-gnu/libstdc++.so.6.0.20
7f792235c000-7f7922364000 r--p 000f0000 08:03 6431929                    /usr/lib/x86_64-linux-gnu/libstdc++.so.6.0.20
7f7922364000-7f7922366000 rw-p 000f8000 08:03 6431929                    /usr/lib/x86_64-linux-gnu/libstdc++.so.6.0.20
7f7922366000-7f792237b000 rw-p 00000000 00:00 0 
7f792237b000-7f7923008000 r-xp 00000000 08:03 6425226                    /usr/lib/jvm/java-8-openjdk-amd64/jre/lib/amd64/server/libjvm.so
7f7923008000-7f7923208000 ---p 00c8d000 08:03 6425226                    /usr/lib/jvm/java-8-openjdk-amd64/jre/lib/amd64/server/libjvm.so
7f7923208000-7f79232ab000 r--p 00c8d000 08:03 6425226                    /usr/lib/jvm/java-8-openjdk-amd64/jre/lib/amd64/server/libjvm.so
7f79232ab000-7f79232d4000 rw-p 00d30000 08:03 6425226                    /usr/lib/jvm/java-8-openjdk-amd64/jre/lib/amd64/server/libjvm.so
7f79232d4000-7f7923303000 rw-p 00000000 00:00 0 
7f7923303000-7f792331b000 r-xp 00000000 08:03 4067655                    /lib/x86_64-linux-gnu/libpthread-2.21.so
7f792331b000-7f792351b000 ---p 00018000 08:03 4067655                    /lib/x86_64-linux-gnu/libpthread-2.21.so
7f792351b000-7f792351c000 r--p 00018000 08:03 4067655                    /lib/x86_64-linux-gnu/libpthread-2.21.so
7f792351c000-7f792351d000 rw-p 00019000 08:03 4067655                    /lib/x86_64-linux-gnu/libpthread-2.21.so
7f792351d000-7f7923521000 rw-p 00000000 00:00 0 
7f7923521000-7f7923524000 r-xp 00000000 08:03 4067539                    /lib/x86_64-linux-gnu/libdl-2.21.so
7f7923524000-7f7923723000 ---p 00003000 08:03 4067539                    /lib/x86_64-linux-gnu/libdl-2.21.so
7f7923723000-7f7923724000 r--p 00002000 08:03 4067539                    /lib/x86_64-linux-gnu/libdl-2.21.so
7f7923724000-7f7923725000 rw-p 00003000 08:03 4067539                    /lib/x86_64-linux-gnu/libdl-2.21.so
7f7923725000-7f792373e000 r-xp 00000000 08:03 4067696                    /lib/x86_64-linux-gnu/libz.so.1.2.8
7f792373e000-7f792393e000 ---p 00019000 08:03 4067696                    /lib/x86_64-linux-gnu/libz.so.1.2.8
7f792393e000-7f792393f000 r--p 00019000 08:03 4067696                    /lib/x86_64-linux-gnu/libz.so.1.2.8
7f792393f000-7f7923940000 rw-p 0001a000 08:03 4067696                    /lib/x86_64-linux-gnu/libz.so.1.2.8
7f7923940000-7f7923b00000 r-xp 00000000 08:03 4067522                    /lib/x86_64-linux-gnu/libc-2.21.so
7f7923b00000-7f7923d00000 ---p 001c0000 08:03 4067522                    /lib/x86_64-linux-gnu/libc-2.21.so
7f7923d00000-7f7923d04000 r--p 001c0000 08:03 4067522                    /lib/x86_64-linux-gnu/libc-2.21.so
7f7923d04000-7f7923d06000 rw-p 001c4000 08:03 4067522                    /lib/x86_64-linux-gnu/libc-2.21.so
7f7923d06000-7f7923d0a000 rw-p 00000000 00:00 0 
7f7923d0a000-7f7923d18000 r-xp 00000000 08:03 6425233                    /usr/lib/jvm/java-8-openjdk-amd64/jre/lib/amd64/jli/libjli.so
7f7923d18000-7f7923f17000 ---p 0000e000 08:03 6425233                    /usr/lib/jvm/java-8-openjdk-amd64/jre/lib/amd64/jli/libjli.so
7f7923f17000-7f7923f18000 r--p 0000d000 08:03 6425233                    /usr/lib/jvm/java-8-openjdk-amd64/jre/lib/amd64/jli/libjli.so
7f7923f18000-7f7923f19000 rw-p 0000e000 08:03 6425233                    /usr/lib/jvm/java-8-openjdk-amd64/jre/lib/amd64/jli/libjli.so
7f7923f19000-7f7923f3d000 r-xp 00000000 08:03 4067494                    /lib/x86_64-linux-gnu/ld-2.21.so
7f7923f3d000-7f7923f3e000 r--s 0000f000 08:03 6029408                    /home/elect/.gradle/caches/modules-2/files-2.1/org.jogamp.jogl/jogl-all/2.3.2/166147f43cf7419c4d858cd31f4b5922d6d10c81/jogl-all-2.3.2-natives-android-aarch64.jar
7f7923f3e000-7f7923f3f000 r--s 00000000 08:03 6029424                    /home/elect/.gradle/caches/modules-2/files-2.1/org.jogamp.gluegen/gluegen-rt-main/2.3.2/6a86a9ce357c085e3052efcf639447f9957b82b8/gluegen-rt-main-2.3.2.jar
7f7923f3f000-7f7923f40000 r--s 00000000 08:03 6029457                    /home/elect/.gradle/caches/modules-2/files-2.1/org.jogamp.jogl/newt-main/2.3.2/6a86a9ce357c085e3052efcf639447f9957b82b8/newt-main-2.3.2.jar
7f7923f40000-7f7923f46000 r--s 0003a000 08:03 6425250                    /usr/lib/jvm/java-8-openjdk-amd64/jre/lib/ext/sunjce_provider.jar
7f7923f46000-7f7924011000 rw-p 00000000 00:00 0 
7f7924011000-7f7924014000 ---p 00000000 00:00 0 
7f7924014000-7f7924117000 rw-p 00000000 00:00 0                          [stack:6769]
7f7924117000-7f7924118000 r--s 00000000 08:03 6029454                    /home/elect/.gradle/caches/modules-2/files-2.1/org.jogamp.jogl/nativewindow-main/2.3.2/6a86a9ce357c085e3052efcf639447f9957b82b8/nativewindow-main-2.3.2.jar
7f7924118000-7f7924119000 r--s 00000000 08:03 6029406                    /home/elect/.gradle/caches/modules-2/files-2.1/org.jogamp.jogl/jogl-all-main/2.3.2/6a86a9ce357c085e3052efcf639447f9957b82b8/jogl-all-main-2.3.2.jar
7f7924119000-7f792411c000 r--s 0000f000 08:03 6425252                    /usr/lib/jvm/java-8-openjdk-amd64/jre/lib/ext/icedtea-sound.jar
7f792411c000-7f792411d000 r--s 00008000 08:03 6425247                    /usr/lib/jvm/java-8-openjdk-amd64/jre/lib/ext/sunec.jar
7f792411d000-7f792411f000 r--s 00001000 08:03 6425251                    /usr/lib/jvm/java-8-openjdk-amd64/jre/lib/ext/dnsns.jar
7f792411f000-7f7924120000 r--s 00010000 08:03 6425249                    /usr/lib/jvm/java-8-openjdk-amd64/jre/lib/ext/zipfs.jar
7f7924120000-7f7924123000 r--s 00037000 08:03 6425253                    /usr/lib/jvm/java-8-openjdk-amd64/jre/lib/ext/sunpkcs11.jar
7f7924123000-7f7924125000 r--s 00006000 08:03 6818084                    /usr/share/java/java-atk-wrapper.jar
7f7924125000-7f7924130000 r--s 00116000 08:03 6425248                    /usr/lib/jvm/java-8-openjdk-amd64/jre/lib/ext/localedata.jar
7f7924130000-7f7924138000 rw-s 00000000 08:03 6029388                    /tmp/hsperfdata_elect/6768
7f7924138000-7f7924139000 rw-p 00000000 00:00 0 
7f7924139000-7f792413a000 r--p 00000000 00:00 0 
7f792413a000-7f792413c000 rw-p 00000000 00:00 0 
7f792413c000-7f792413d000 r--p 00023000 08:03 4067494                    /lib/x86_64-linux-gnu/ld-2.21.so
7f792413d000-7f792413e000 rw-p 00024000 08:03 4067494                    /lib/x86_64-linux-gnu/ld-2.21.so
7f792413e000-7f792413f000 rw-p 00000000 00:00 0 
7ffd248f5000-7ffd24919000 rw-p 00000000 00:00 0                          [stack]
7ffd24974000-7ffd24976000 r--p 00000000 00:00 0                          [vvar]
7ffd24976000-7ffd24978000 r-xp 00000000 00:00 0                          [vdso]
ffffffffff600000-ffffffffff601000 r-xp 00000000 00:00 0                  [vsyscall]

VM Arguments:
jvm_args: -Dfile.encoding=UTF-8 -Duser.country=US -Duser.language=en -Duser.variant 
java_command: test.Main
java_class_path (initial): /home/elect/NetBeansProjects/jgli/build/classes/main:/home/elect/NetBeansProjects/jgli/build/resources/main:/home/elect/.gradle/caches/modules-2/files-2.1/org.jogamp.jogl/jogl-all-main/2.3.2/6a86a9ce357c085e3052efcf639447f9957b82b8/jogl-all-main-2.3.2.jar:/home/elect/.gradle/caches/modules-2/files-2.1/org.jogamp.jogl/nativewindow-main/2.3.2/6a86a9ce357c085e3052efcf639447f9957b82b8/nativewindow-main-2.3.2.jar:/home/elect/.gradle/caches/modules-2/files-2.1/org.jogamp.jogl/newt-main/2.3.2/6a86a9ce357c085e3052efcf639447f9957b82b8/newt-main-2.3.2.jar:/home/elect/.gradle/caches/modules-2/files-2.1/org.jogamp.gluegen/gluegen-rt-main/2.3.2/6a86a9ce357c085e3052efcf639447f9957b82b8/gluegen-rt-main-2.3.2.jar:/home/elect/.gradle/caches/modules-2/files-2.1/org.jogamp.jogl/jogl-all/2.3.2/99e0f64bb8882f054825ae4a8a527a17b544a0b5/jogl-all-2.3.2.jar:/home/elect/.gradle/caches/modules-2/files-2.1/org.jogamp.jogl/jogl-all/2.3.2/166147f43cf7419c4d858cd31f4b5922d6d10c81/jogl-all-2.3.2-natives-android-aarch64.jar:/home/elect/.gradle/caches/modules-2/files-2.1/org.jogamp.jogl/jogl-all/2.3.2/ab2c18b8a1327255cc354c19c720807d262baa75/jogl-all-2.3.2-natives-android-armv6.jar:/home/elect/.gradle/caches/modules-2/files-2.1/org.jogamp.jogl/jogl-all/2.3.2/ffd1c6bd5f6fb088df6cad25e25721eb55ad2228/jogl-all-2.3.2-natives-linux-amd64.jar:/home/elect/.gradle/caches/modules-2/files-2.1/org.jogamp.jogl/jogl-all/2.3.2/6d14f46336be9e2dc5f85d5df17490cee5d09a90/jogl-all-2.3.2-natives-linux-armv6.jar:/home/elect/.gradle/caches/modules-2/files-2.1/org.jogamp.jogl/jogl-all/2.3.2/2c434c560dbd821b0ed569e44d3d441727491dac/jogl-all-2.3.2-natives-linux-armv6hf.jar:/home/elect/.gradle/caches/modules-2/files-2.1/org.jogamp.jogl/jogl-all/2.3.2/59b7a336c0ee54161e33662d2ca8ac9d8f6c476d/jogl-all-2.3.2-natives-linux-i586.jar:/home/elect/.gradle/caches/modules-2/files-2.1/org.jogamp.jogl/jogl-all/2.3.2/2da2215dbe1091c54cb83cf2484f8a54a4d0cf7a/jogl-all-2.3.2-natives-macosx-universal.jar:/home/el
Launcher Type: SUN_STANDARD

Environment Variables:
PATH=/usr/local/sbin:/usr/local/bin:/usr/sbin:/usr/bin:/sbin:/bin:/usr/games:/usr/local/games
LD_LIBRARY_PATH=/usr/lib/jvm/java-8-openjdk-amd64/jre/lib/amd64:/usr/lib/jvm/java-8-openjdk-amd64/jre/lib/i386:
SHELL=/bin/bash
DISPLAY=:0

Signal Handlers:
SIGSEGV: [libjvm.so+0xa90d80], sa_mask[0]=11111111011111111101111111111110, sa_flags=SA_RESTART|SA_SIGINFO
SIGBUS: [libjvm.so+0xa90d80], sa_mask[0]=11111111011111111101111111111110, sa_flags=SA_RESTART|SA_SIGINFO
SIGFPE: [libjvm.so+0x8dbc70], sa_mask[0]=11111111011111111101111111111110, sa_flags=SA_RESTART|SA_SIGINFO
SIGPIPE: [libjvm.so+0x8dbc70], sa_mask[0]=11111111011111111101111111111110, sa_flags=SA_RESTART|SA_SIGINFO
SIGXFSZ: [libjvm.so+0x8dbc70], sa_mask[0]=11111111011111111101111111111110, sa_flags=SA_RESTART|SA_SIGINFO
SIGILL: [libjvm.so+0x8dbc70], sa_mask[0]=11111111011111111101111111111110, sa_flags=SA_RESTART|SA_SIGINFO
SIGUSR1: SIG_DFL, sa_mask[0]=00000000000000000000000000000000, sa_flags=none
SIGUSR2: [libjvm.so+0x8dbb20], sa_mask[0]=00100000000000000000000000000000, sa_flags=SA_RESTART|SA_SIGINFO
SIGHUP: [libjvm.so+0x8dbd40], sa_mask[0]=11111111011111111101111111111110, sa_flags=SA_RESTART|SA_SIGINFO
SIGINT: SIG_IGN, sa_mask[0]=00000000000000000000000000000000, sa_flags=none
SIGTERM: [libjvm.so+0x8dbd40], sa_mask[0]=11111111011111111101111111111110, sa_flags=SA_RESTART|SA_SIGINFO
SIGQUIT: [libjvm.so+0x8dbd40], sa_mask[0]=11111111011111111101111111111110, sa_flags=SA_RESTART|SA_SIGINFO


---------------  S Y S T E M  ---------------

OS:DISTRIB_ID=Ubuntu
DISTRIB_RELEASE=15.04
DISTRIB_CODENAME=vivid
DISTRIB_DESCRIPTION="Ubuntu 15.04"

uname:Linux 3.19.0-31-generic #36-Ubuntu SMP Wed Oct 7 15:04:02 UTC 2015 x86_64
libc:glibc 2.21 NPTL 2.21 
rlimit: STACK 8192k, CORE 0k, NPROC 31805, NOFILE 65536, AS infinity
load average:0,53 0,41 0,32

/proc/meminfo:
MemTotal:        8164552 kB
MemFree:          804900 kB
MemAvailable:    4047692 kB
Buffers:          289372 kB
Cached:          2996408 kB
SwapCached:            0 kB
Active:          5408668 kB
Inactive:        1536492 kB
Active(anon):    3663432 kB
Inactive(anon):    32280 kB
Active(file):    1745236 kB
Inactive(file):  1504212 kB
Unevictable:          48 kB
Mlocked:              48 kB
SwapTotal:       1048572 kB
SwapFree:        1048572 kB
Dirty:              1876 kB
Writeback:             0 kB
AnonPages:       3659640 kB
Mapped:           346084 kB
Shmem:             35992 kB
Slab:             280076 kB
SReclaimable:     246748 kB
SUnreclaim:        33328 kB
KernelStack:        8720 kB
PageTables:        33480 kB
NFS_Unstable:          0 kB
Bounce:                0 kB
WritebackTmp:          0 kB
CommitLimit:     5130848 kB
Committed_AS:    7794012 kB
VmallocTotal:   34359738367 kB
VmallocUsed:      325484 kB
VmallocChunk:   34359403516 kB
HardwareCorrupted:     0 kB
AnonHugePages:   2162688 kB
CmaTotal:              0 kB
CmaFree:               0 kB
HugePages_Total:       0
HugePages_Free:        0
HugePages_Rsvd:        0
HugePages_Surp:        0
Hugepagesize:       2048 kB
DirectMap4k:      196032 kB
DirectMap2M:     8183808 kB


CPU:total 4 (4 cores per cpu, 1 threads per core) family 6 model 30 stepping 5, cmov, cx8, fxsr, mmx, sse, sse2, sse3, ssse3, sse4.1, sse4.2, popcnt, tsc, tscinvbit

/proc/cpuinfo:
processor	: 0
vendor_id	: GenuineIntel
cpu family	: 6
model		: 30
model name	: Intel(R) Core(TM) i5 CPU         750  @ 2.67GHz
stepping	: 5
microcode	: 0x7
cpu MHz		: 2533.000
cache size	: 8192 KB
physical id	: 0
siblings	: 4
core id		: 0
cpu cores	: 4
apicid		: 0
initial apicid	: 0
fpu		: yes
fpu_exception	: yes
cpuid level	: 11
wp		: yes
flags		: fpu vme de pse tsc msr pae mce cx8 apic sep mtrr pge mca cmov pat pse36 clflush dts acpi mmx fxsr sse sse2 ss ht tm pbe syscall nx rdtscp lm constant_tsc arch_perfmon pebs bts rep_good nopl xtopology nonstop_tsc aperfmperf pni dtes64 monitor ds_cpl vmx smx est tm2 ssse3 cx16 xtpr pdcm sse4_1 sse4_2 popcnt lahf_lm ida dtherm tpr_shadow vnmi flexpriority ept vpid
bugs		:
bogomips	: 5352.66
clflush size	: 64
cache_alignment	: 64
address sizes	: 36 bits physical, 48 bits virtual
power management:

processor	: 1
vendor_id	: GenuineIntel
cpu family	: 6
model		: 30
model name	: Intel(R) Core(TM) i5 CPU         750  @ 2.67GHz
stepping	: 5
microcode	: 0x7
cpu MHz		: 2267.000
cache size	: 8192 KB
physical id	: 0
siblings	: 4
core id		: 1
cpu cores	: 4
apicid		: 2
initial apicid	: 2
fpu		: yes
fpu_exception	: yes
cpuid level	: 11
wp		: yes
flags		: fpu vme de pse tsc msr pae mce cx8 apic sep mtrr pge mca cmov pat pse36 clflush dts acpi mmx fxsr sse sse2 ss ht tm pbe syscall nx rdtscp lm constant_tsc arch_perfmon pebs bts rep_good nopl xtopology nonstop_tsc aperfmperf pni dtes64 monitor ds_cpl vmx smx est tm2 ssse3 cx16 xtpr pdcm sse4_1 sse4_2 popcnt lahf_lm ida dtherm tpr_shadow vnmi flexpriority ept vpid
bugs		:
bogomips	: 5352.66
clflush size	: 64
cache_alignment	: 64
address sizes	: 36 bits physical, 48 bits virtual
power management:

processor	: 2
vendor_id	: GenuineIntel
cpu family	: 6
model		: 30
model name	: Intel(R) Core(TM) i5 CPU         750  @ 2.67GHz
stepping	: 5
microcode	: 0x7
cpu MHz		: 2000.000
cache size	: 8192 KB
physical id	: 0
siblings	: 4
core id		: 2
cpu cores	: 4
apicid		: 4
initial apicid	: 4
fpu		: yes
fpu_exception	: yes
cpuid level	: 11
wp		: yes
flags		: fpu vme de pse tsc msr pae mce cx8 apic sep mtrr pge mca cmov pat pse36 clflush dts acpi mmx fxsr sse sse2 ss ht tm pbe syscall nx rdtscp lm constant_tsc arch_perfmon pebs bts rep_good nopl xtopology nonstop_tsc aperfmperf pni dtes64 monitor ds_cpl vmx smx est tm2 ssse3 cx16 xtpr pdcm sse4_1 sse4_2 popcnt lahf_lm ida dtherm tpr_shadow vnmi flexpriority ept vpid
bugs		:
bogomips	: 5352.66
clflush size	: 64
cache_alignment	: 64
address sizes	: 36 bits physical, 48 bits virtual
power management:

processor	: 3
vendor_id	: GenuineIntel
cpu family	: 6
model		: 30
model name	: Intel(R) Core(TM) i5 CPU         750  @ 2.67GHz
stepping	: 5
microcode	: 0x7
cpu MHz		: 2668.000
cache size	: 8192 KB
physical id	: 0
siblings	: 4
core id		: 3
cpu cores	: 4
apicid		: 6
initial apicid	: 6
fpu		: yes
fpu_exception	: yes
cpuid level	: 11
wp		: yes
flags		: fpu vme de pse tsc msr pae mce cx8 apic sep mtrr pge mca cmov pat pse36 clflush dts acpi mmx fxsr sse sse2 ss ht tm pbe syscall nx rdtscp lm constant_tsc arch_perfmon pebs bts rep_good nopl xtopology nonstop_tsc aperfmperf pni dtes64 monitor ds_cpl vmx smx est tm2 ssse3 cx16 xtpr pdcm sse4_1 sse4_2 popcnt lahf_lm ida dtherm tpr_shadow vnmi flexpriority ept vpid
bugs		:
bogomips	: 5352.66
clflush size	: 64
cache_alignment	: 64
address sizes	: 36 bits physical, 48 bits virtual
power management:



Memory: 4k page, physical 8164552k(804900k free), swap 1048572k(1048572k free)

vm_info: OpenJDK 64-Bit Server VM (25.45-b02) for linux-amd64 JRE (1.8.0_45-internal-b14), built on Apr 20 2015 00:35:04 by "buildd" with gcc 4.9.2

time: Wed Oct 21 19:19:21 2015
elapsed time: 0 seconds (0d 0h 0m 0s)

