#
# A fatal error has been detected by the Java Runtime Environment:
#
#  SIGSEGV (0xb) at pc=0x00007ff30d593330, pid=17099, tid=140682026977024
#
# JRE version: OpenJDK Runtime Environment (8.0_45-b14) (build 1.8.0_45-internal-b14)
# Java VM: OpenJDK 64-Bit Server VM (25.45-b02 mixed mode linux-amd64 compressed oops)
# Problematic frame:
# C  [libGL.so.1+0x51330]
#
# Failed to write core dump. Core dumps have been disabled. To enable core dumping, try "ulimit -c unlimited" before starting Java again
#
# If you would like to submit a bug report, please visit:
#   http://bugreport.java.com/bugreport/crash.jsp
# The crash happened outside the Java Virtual Machine in native code.
# See problematic frame for where to report the bug.
#

---------------  T H R E A D  ---------------

Current thread (0x00007ff32c0bc800):  JavaThread "JDWP Transport Listener: dt_socket" daemon [_thread_in_native, id=17112, stack(0x00007ff3162e8000,0x00007ff3163e9000)]

siginfo: si_signo: 11 (SIGSEGV), si_code: 1 (SEGV_MAPERR), si_addr: 0x0000000000000018

Registers:
RAX=0x0000000000000000, RBX=0x00007ff307ff7ce0, RCX=0x0000000000000001, RDX=0x00007ff3053ba000
RSP=0x00007ff3163e6120, RBP=0x00007ff2a4191770, RSI=0x0000000000000001, RDI=0x00007ff30d86c440
R8 =0x0000000000000000, R9 =0x0000000000000000, R10=0x000000000009a000, R11=0x0000000000000246
R12=0x00007ff3163e61c0, R13=0x00007ff3163e61b8, R14=0x00007ff3163e61b0, R15=0x0000000000000000
RIP=0x00007ff30d593330, EFLAGS=0x0000000000010206, CSGSFS=0x0000000000000033, ERR=0x0000000000000004
  TRAPNO=0x000000000000000e

Top of Stack: (sp=0x00007ff3163e6120)
0x00007ff3163e6120:   0000000000000000 00007ff307ff7ce0
0x00007ff3163e6130:   0000000000000000 0000000000000000
0x00007ff3163e6140:   00007ff307ff9a40 00007ff30d5f4ed3
0x00007ff3163e6150:   00007ff307ff7ce0 00007ff3163e61c0
0x00007ff3163e6160:   00007ff3163e61b8 00007ff3163e61b0
0x00007ff3163e6170:   00007ff3163e6220 0000000100000026
0x00007ff3163e6180:   00007ff30d5932d0 00007ff30d5933f0
0x00007ff3163e6190:   00007ff30d5932f0 0000000000000000
0x00007ff3163e61a0:   00007ff2a4191770 0000000000000002
0x00007ff3163e61b0:   00007ff3163e7248 00007ff306cfbe12
0x00007ff3163e61c0:   00007ff3053ba000 00007ff307ff7ce0
0x00007ff3163e61d0:   00007ff2a4191770 00007ff3163e6220
0x00007ff3163e61e0:   00007ff3163e72a0 00007ff307ff9a40
0x00007ff3163e61f0:   00007ff29c00eda0 00007ff306cfff28
0x00007ff3163e6200:   0000000000000000 0000000000000000
0x00007ff3163e6210:   0000000000000001 00007ff3163e8700
0x00007ff3163e6220:   00007ff2a4191770 0000000000000000
0x00007ff3163e6230:   0000000000000000 0000000000000000
0x00007ff3163e6240:   0000000000000000 0000000000000000
0x00007ff3163e6250:   0000000000000000 0000000000000000
0x00007ff3163e6260:   0000000000000000 0000000000000000
0x00007ff3163e6270:   0000000000000000 0000000000000000
0x00007ff3163e6280:   0000000000000000 0000000000000000
0x00007ff3163e6290:   0000000000000000 0000000000000000
0x00007ff3163e62a0:   0000000000000000 0000000000000000
0x00007ff3163e62b0:   0000000000000000 0000000000000000
0x00007ff3163e62c0:   0000000000000000 0000000000000000
0x00007ff3163e62d0:   0000000000000000 0000000000000000
0x00007ff3163e62e0:   0000000000000000 0000000000000000
0x00007ff3163e62f0:   0000000000000000 0000000000000000
0x00007ff3163e6300:   0000000000000000 0000000000000000
0x00007ff3163e6310:   0000000000000000 0000000000000000 

Instructions: (pc=0x00007ff30d593330)
0x00007ff30d593310:   00 00 49 89 d5 49 89 ce 48 89 df e8 00 12 00 00
0x00007ff30d593320:   48 8b 93 c8 24 05 00 48 8b 5c 24 08 49 89 14 24
0x00007ff30d593330:   48 8b 50 18 48 83 c0 20 4c 8b 64 24 10 49 89 55
0x00007ff30d593340:   00 49 89 06 4c 8b 6c 24 18 4c 8b 74 24 20 48 83 

Register to memory mapping:

RAX=0x0000000000000000 is an unknown value
RBX=0x00007ff307ff7ce0: _nv017glcore+0 in /usr/lib/x86_64-linux-gnu/libnvidia-glcore.so.352.41 at 0x00007ff30556e000
RCX=0x0000000000000001 is an unknown value
RDX=0x00007ff3053ba000 is an unknown value
RSP=0x00007ff3163e6120 is pointing into the stack for thread: 0x00007ff32c0bc800
RBP=0x00007ff2a4191770 is an unknown value
RSI=0x0000000000000001 is an unknown value
RDI=0x00007ff30d86c440: <offset 0x32a440> in /usr/lib/x86_64-linux-gnu/libGL.so.1 at 0x00007ff30d542000
R8 =0x0000000000000000 is an unknown value
R9 =0x0000000000000000 is an unknown value
R10=0x000000000009a000 is an unknown value
R11=0x0000000000000246 is an unknown value
R12=0x00007ff3163e61c0 is pointing into the stack for thread: 0x00007ff32c0bc800
R13=0x00007ff3163e61b8 is pointing into the stack for thread: 0x00007ff32c0bc800
R14=0x00007ff3163e61b0 is pointing into the stack for thread: 0x00007ff32c0bc800
R15=0x0000000000000000 is an unknown value


Stack: [0x00007ff3162e8000,0x00007ff3163e9000],  sp=0x00007ff3163e6120,  free space=1016k
Native frames: (J=compiled Java code, j=interpreted, Vv=VM code, C=native code)
C  [libGL.so.1+0x51330]


---------------  P R O C E S S  ---------------

Java Threads: ( => current thread )
  0x00007ff32c00d000 JavaThread "DestroyJavaVM" [_thread_blocked, id=17101, stack(0x00007ff33470c000,0x00007ff33480d000)]
  0x00007ff32c40b000 JavaThread "main-AWTAnimator#00" [_thread_in_native, id=17139, stack(0x00007ff304a78000,0x00007ff304b79000)]
  0x00007ff32c401000 JavaThread "main-Display-.x11_:0-1-EDT-1" daemon [_thread_blocked, id=17138, stack(0x00007ff304d59000,0x00007ff304e5a000)]
  0x00007ff32c734000 JavaThread "main-SharedResourceRunner" daemon [_thread_blocked, id=17137, stack(0x00007ff30c4a0000,0x00007ff30c5a1000)]
  0x00007ff32c3e1000 JavaThread "main-SharedResourceRunner" daemon [_thread_blocked, id=17136, stack(0x00007ff30cf8a000,0x00007ff30d08b000)]
  0x00007ff2b400d800 JavaThread "org.netbeans.modules.debugger.jpda.visual AWT Access Loop" daemon [_thread_blocked, id=17135, stack(0x00007ff30e495000,0x00007ff30e596000)]
  0x00007ff32c31e800 JavaThread "AWT-XAWT" daemon [_thread_in_native, id=17132, stack(0x00007ff30eda2000,0x00007ff30eea3000)]
  0x00007ff32c2fa800 JavaThread "Java2D Disposer" daemon [_thread_blocked, id=17131, stack(0x00007ff315359000,0x00007ff31545a000)]
  0x00007ff32c274000 JavaThread "process reaper" daemon [_thread_blocked, id=17126, stack(0x00007ff315b85000,0x00007ff315bbe000)]
  0x00007ff32c0d3800 JavaThread "Service Thread" daemon [_thread_blocked, id=17121, stack(0x00007ff315ce2000,0x00007ff315de3000)]
  0x00007ff32c0c7800 JavaThread "C1 CompilerThread2" daemon [_thread_blocked, id=17120, stack(0x00007ff315de3000,0x00007ff315ee4000)]
  0x00007ff32c0c5800 JavaThread "C2 CompilerThread1" daemon [_thread_blocked, id=17119, stack(0x00007ff315ee4000,0x00007ff315fe5000)]
  0x00007ff32c0c2800 JavaThread "C2 CompilerThread0" daemon [_thread_blocked, id=17118, stack(0x00007ff315fe5000,0x00007ff3160e6000)]
  0x00007ff32c0c0000 JavaThread "JDWP Event Helper Thread" daemon [_thread_blocked, id=17113, stack(0x00007ff3161e7000,0x00007ff3162e8000)]
=>0x00007ff32c0bc800 JavaThread "JDWP Transport Listener: dt_socket" daemon [_thread_in_native, id=17112, stack(0x00007ff3162e8000,0x00007ff3163e9000)]
  0x00007ff32c0ab800 JavaThread "Signal Dispatcher" daemon [_thread_blocked, id=17111, stack(0x00007ff3165ee000,0x00007ff3166ef000)]
  0x00007ff32c082000 JavaThread "Finalizer" daemon [_thread_blocked, id=17110, stack(0x00007ff3166ef000,0x00007ff3167f0000)]
  0x00007ff32c080000 JavaThread "Reference Handler" daemon [_thread_blocked, id=17109, stack(0x00007ff3167f0000,0x00007ff3168f1000)]

Other Threads:
  0x00007ff32c07a800 VMThread [stack: 0x00007ff3168f1000,0x00007ff3169f2000] [id=17108]
  0x00007ff32c0d5800 WatcherThread [stack: 0x00007ff315be1000,0x00007ff315ce2000] [id=17122]

VM state:not at safepoint (normal execution)

VM Mutex/Monitor currently owned by a thread: None

Heap:
 PSYoungGen      total 37888K, used 14312K [0x00000000d6780000, 0x00000000d9180000, 0x0000000100000000)
  eden space 32768K, 31% used [0x00000000d6780000,0x00000000d7179830,0x00000000d8780000)
  from space 5120K, 80% used [0x00000000d8c80000,0x00000000d9080aa0,0x00000000d9180000)
  to   space 5120K, 0% used [0x00000000d8780000,0x00000000d8780000,0x00000000d8c80000)
 ParOldGen       total 86016K, used 1850K [0x0000000083600000, 0x0000000088a00000, 0x00000000d6780000)
  object space 86016K, 2% used [0x0000000083600000,0x00000000837ce838,0x0000000088a00000)
 Metaspace       used 14367K, capacity 14548K, committed 14720K, reserved 1062912K
  class space    used 1328K, capacity 1408K, committed 1408K, reserved 1048576K

Card table byte_map: [0x00007ff31cc1a000,0x00007ff31d000000] byte_map_base: 0x00007ff31c7ff000

Marking Bits: (ParMarkBitMap*) 0x00007ff3339e2e80
 Begin Bits: [0x00007ff3009c6000, 0x00007ff3028ee000)
 End Bits:   [0x00007ff3028ee000, 0x00007ff304816000)

Polling page: 0x00007ff334834000

CodeCache: size=245760Kb used=4311Kb max_used=4311Kb free=241448Kb
 bounds [0x00007ff31d000000, 0x00007ff31d440000, 0x00007ff32c000000]
 total_blobs=1924 nmethods=1044 adapters=804
 compilation: enabled

Compilation events (10 events):
Event: 34,957 Thread 0x00007ff32c0c7800 1040       3       java.util.concurrent.locks.ReentrantLock$Sync::isHeldExclusively (16 bytes)
Event: 34,958 Thread 0x00007ff32c0c7800 nmethod 1040 0x00007ff31d434890 code [0x00007ff31d434a00, 0x00007ff31d434c70]
Event: 35,458 Thread 0x00007ff32c0c7800 1041       3       sun.awt.SunToolkit::isAWTLockHeldByCurrentThread (7 bytes)
Event: 35,458 Thread 0x00007ff32c0c7800 nmethod 1041 0x00007ff31d3e8850 code [0x00007ff31d3e89c0, 0x00007ff31d3e8dd0]
Event: 35,458 Thread 0x00007ff32c0c7800 1042       3       java.util.concurrent.locks.ReentrantLock::isHeldByCurrentThread (8 bytes)
Event: 35,459 Thread 0x00007ff32c0c7800 nmethod 1042 0x00007ff31d434210 code [0x00007ff31d434380, 0x00007ff31d4346d0]
Event: 36,459 Thread 0x00007ff32c0c7800 1043       3       sun.awt.SunToolkit::awtLock (7 bytes)
Event: 36,459 Thread 0x00007ff32c0c7800 nmethod 1043 0x00007ff31d3e82d0 code [0x00007ff31d3e8440, 0x00007ff31d3e8728]
Event: 36,459 Thread 0x00007ff32c0c7800 1044       3       sun.awt.SunToolkit::awtUnlock (7 bytes)
Event: 36,460 Thread 0x00007ff32c0c7800 nmethod 1044 0x00007ff31d3e73d0 code [0x00007ff31d3e7540, 0x00007ff31d3e7828]

GC Heap History (8 events):
Event: 1,767 GC heap before
{Heap before GC invocations=1 (full 0):
 PSYoungGen      total 37888K, used 32768K [0x00000000d6780000, 0x00000000d9180000, 0x0000000100000000)
  eden space 32768K, 100% used [0x00000000d6780000,0x00000000d8780000,0x00000000d8780000)
  from space 5120K, 0% used [0x00000000d8c80000,0x00000000d8c80000,0x00000000d9180000)
  to   space 5120K, 0% used [0x00000000d8780000,0x00000000d8780000,0x00000000d8c80000)
 ParOldGen       total 86016K, used 0K [0x0000000083600000, 0x0000000088a00000, 0x00000000d6780000)
  object space 86016K, 0% used [0x0000000083600000,0x0000000083600000,0x0000000088a00000)
 Metaspace       used 14338K, capacity 14548K, committed 14720K, reserved 1062912K
  class space    used 1328K, capacity 1408K, committed 1408K, reserved 1048576K
Event: 1,776 GC heap after
Heap after GC invocations=1 (full 0):
 PSYoungGen      total 37888K, used 5094K [0x00000000d6780000, 0x00000000d9180000, 0x0000000100000000)
  eden space 32768K, 0% used [0x00000000d6780000,0x00000000d6780000,0x00000000d8780000)
  from space 5120K, 99% used [0x00000000d8780000,0x00000000d8c79b80,0x00000000d8c80000)
  to   space 5120K, 0% used [0x00000000d8c80000,0x00000000d8c80000,0x00000000d9180000)
 ParOldGen       total 86016K, used 1826K [0x0000000083600000, 0x0000000088a00000, 0x00000000d6780000)
  object space 86016K, 2% used [0x0000000083600000,0x00000000837c8838,0x0000000088a00000)
 Metaspace       used 14338K, capacity 14548K, committed 14720K, reserved 1062912K
  class space    used 1328K, capacity 1408K, committed 1408K, reserved 1048576K
}
Event: 13,728 GC heap before
{Heap before GC invocations=2 (full 0):
 PSYoungGen      total 37888K, used 37862K [0x00000000d6780000, 0x00000000d9180000, 0x0000000100000000)
  eden space 32768K, 100% used [0x00000000d6780000,0x00000000d8780000,0x00000000d8780000)
  from space 5120K, 99% used [0x00000000d8780000,0x00000000d8c79b80,0x00000000d8c80000)
  to   space 5120K, 0% used [0x00000000d8c80000,0x00000000d8c80000,0x00000000d9180000)
 ParOldGen       total 86016K, used 1826K [0x0000000083600000, 0x0000000088a00000, 0x00000000d6780000)
  object space 86016K, 2% used [0x0000000083600000,0x00000000837c8838,0x0000000088a00000)
 Metaspace       used 14350K, capacity 14548K, committed 14720K, reserved 1062912K
  class space    used 1328K, capacity 1408K, committed 1408K, reserved 1048576K
Event: 13,733 GC heap after
Heap after GC invocations=2 (full 0):
 PSYoungGen      total 37888K, used 4082K [0x00000000d6780000, 0x00000000d9180000, 0x0000000100000000)
  eden space 32768K, 0% used [0x00000000d6780000,0x00000000d6780000,0x00000000d8780000)
  from space 5120K, 79% used [0x00000000d8c80000,0x00000000d907cab0,0x00000000d9180000)
  to   space 5120K, 0% used [0x00000000d8780000,0x00000000d8780000,0x00000000d8c80000)
 ParOldGen       total 86016K, used 1834K [0x0000000083600000, 0x0000000088a00000, 0x00000000d6780000)
  object space 86016K, 2% used [0x0000000083600000,0x00000000837ca838,0x0000000088a00000)
 Metaspace       used 14350K, capacity 14548K, committed 14720K, reserved 1062912K
  class space    used 1328K, capacity 1408K, committed 1408K, reserved 1048576K
}
Event: 26,132 GC heap before
{Heap before GC invocations=3 (full 0):
 PSYoungGen      total 37888K, used 36850K [0x00000000d6780000, 0x00000000d9180000, 0x0000000100000000)
  eden space 32768K, 100% used [0x00000000d6780000,0x00000000d8780000,0x00000000d8780000)
  from space 5120K, 79% used [0x00000000d8c80000,0x00000000d907cab0,0x00000000d9180000)
  to   space 5120K, 0% used [0x00000000d8780000,0x00000000d8780000,0x00000000d8c80000)
 ParOldGen       total 86016K, used 1834K [0x0000000083600000, 0x0000000088a00000, 0x00000000d6780000)
  object space 86016K, 2% used [0x0000000083600000,0x00000000837ca838,0x0000000088a00000)
 Metaspace       used 14359K, capacity 14548K, committed 14720K, reserved 1062912K
  class space    used 1328K, capacity 1408K, committed 1408K, reserved 1048576K
Event: 26,139 GC heap after
Heap after GC invocations=3 (full 0):
 PSYoungGen      total 37888K, used 4082K [0x00000000d6780000, 0x00000000d9180000, 0x0000000100000000)
  eden space 32768K, 0% used [0x00000000d6780000,0x00000000d6780000,0x00000000d8780000)
  from space 5120K, 79% used [0x00000000d8780000,0x00000000d8b7cab0,0x00000000d8c80000)
  to   space 5120K, 0% used [0x00000000d8c80000,0x00000000d8c80000,0x00000000d9180000)
 ParOldGen       total 86016K, used 1842K [0x0000000083600000, 0x0000000088a00000, 0x00000000d6780000)
  object space 86016K, 2% used [0x0000000083600000,0x00000000837cc838,0x0000000088a00000)
 Metaspace       used 14359K, capacity 14548K, committed 14720K, reserved 1062912K
  class space    used 1328K, capacity 1408K, committed 1408K, reserved 1048576K
}
Event: 38,773 GC heap before
{Heap before GC invocations=4 (full 0):
 PSYoungGen      total 37888K, used 36850K [0x00000000d6780000, 0x00000000d9180000, 0x0000000100000000)
  eden space 32768K, 100% used [0x00000000d6780000,0x00000000d8780000,0x00000000d8780000)
  from space 5120K, 79% used [0x00000000d8780000,0x00000000d8b7cab0,0x00000000d8c80000)
  to   space 5120K, 0% used [0x00000000d8c80000,0x00000000d8c80000,0x00000000d9180000)
 ParOldGen       total 86016K, used 1842K [0x0000000083600000, 0x0000000088a00000, 0x00000000d6780000)
  object space 86016K, 2% used [0x0000000083600000,0x00000000837cc838,0x0000000088a00000)
 Metaspace       used 14367K, capacity 14548K, committed 14720K, reserved 1062912K
  class space    used 1328K, capacity 1408K, committed 1408K, reserved 1048576K
Event: 38,777 GC heap after
Heap after GC invocations=4 (full 0):
 PSYoungGen      total 37888K, used 4098K [0x00000000d6780000, 0x00000000d9180000, 0x0000000100000000)
  eden space 32768K, 0% used [0x00000000d6780000,0x00000000d6780000,0x00000000d8780000)
  from space 5120K, 80% used [0x00000000d8c80000,0x00000000d9080aa0,0x00000000d9180000)
  to   space 5120K, 0% used [0x00000000d8780000,0x00000000d8780000,0x00000000d8c80000)
 ParOldGen       total 86016K, used 1850K [0x0000000083600000, 0x0000000088a00000, 0x00000000d6780000)
  object space 86016K, 2% used [0x0000000083600000,0x00000000837ce838,0x0000000088a00000)
 Metaspace       used 14367K, capacity 14548K, committed 14720K, reserved 1062912K
  class space    used 1328K, capacity 1408K, committed 1408K, reserved 1048576K
}

Deoptimization events (0 events):
No events

Internal exceptions (10 events):
Event: 0,156 Thread 0x00007ff32c00d000 Exception <a 'java/security/PrivilegedActionException'> (0x00000000d6bb9e80) thrown at [/build/buildd/openjdk-8-8u45-b14/src/hotspot/src/share/vm/prims/jvm.cpp, line 1382]
Event: 0,156 Thread 0x00007ff32c00d000 Exception <a 'java/security/PrivilegedActionException'> (0x00000000d6bba8a0) thrown at [/build/buildd/openjdk-8-8u45-b14/src/hotspot/src/share/vm/prims/jvm.cpp, line 1382]
Event: 0,156 Thread 0x00007ff32c00d000 Exception <a 'java/security/PrivilegedActionException'> (0x00000000d6bbaa58) thrown at [/build/buildd/openjdk-8-8u45-b14/src/hotspot/src/share/vm/prims/jvm.cpp, line 1382]
Event: 0,224 Thread 0x00007ff32c00d000 Exception <a 'java/lang/NoSuchFieldError': method resolution failed> (0x00000000d6d078d0) thrown at [/build/buildd/openjdk-8-8u45-b14/src/hotspot/src/share/vm/prims/methodHandles.cpp, line 1125]
Event: 0,234 Thread 0x00007ff32c00d000 Exception <a 'java/lang/NoSuchFieldError': method resolution failed> (0x00000000d6d16340) thrown at [/build/buildd/openjdk-8-8u45-b14/src/hotspot/src/share/vm/prims/methodHandles.cpp, line 1125]
Event: 0,291 Thread 0x00007ff32c00d000 Exception <a 'java/io/FileNotFoundException'> (0x00000000d6f8fda0) thrown at [/build/buildd/openjdk-8-8u45-b14/src/hotspot/src/share/vm/prims/jni.cpp, line 709]
Event: 0,304 Thread 0x00007ff32c00d000 Exception <a 'java/lang/ClassNotFoundException': sun/dc/DuctusRenderingEngine> (0x00000000d6f9c538) thrown at [/build/buildd/openjdk-8-8u45-b14/src/hotspot/src/share/vm/classfile/systemDictionary.cpp, line 210]
Event: 0,922 Thread 0x00007ff32c00d000 Exception <a 'java/lang/InterruptedException'> (0x00000000d7b6ee90) thrown at [/build/buildd/openjdk-8-8u45-b14/src/hotspot/src/share/vm/runtime/objectMonitor.cpp, line 1683]
Event: 1,050 Thread 0x00007ff32c00d000 Exception <a 'java/lang/InterruptedException'> (0x00000000d7e0b688) thrown at [/build/buildd/openjdk-8-8u45-b14/src/hotspot/src/share/vm/runtime/objectMonitor.cpp, line 1683]
Event: 1,084 Thread 0x00007ff32c00d000 Exception <a 'java/lang/InterruptedException'> (0x00000000d7e11980) thrown at [/build/buildd/openjdk-8-8u45-b14/src/hotspot/src/share/vm/runtime/objectMonitor.cpp, line 1683]

Events (10 events):
Event: 4,088 Executing VM operation: EnableBiasedLocking done
Event: 13,728 Executing VM operation: ParallelGCFailedAllocation
Event: 13,733 Executing VM operation: ParallelGCFailedAllocation done
Event: 19,802 Thread 0x00007ff32c40b000 DEOPT PACKING pc=0x00007ff31d3eccf4 sp=0x00007ff304b77940
Event: 19,802 Thread 0x00007ff32c40b000 DEOPT UNPACKING pc=0x00007ff31d046f73 sp=0x00007ff304b777a0 mode 0
Event: 26,132 Executing VM operation: ParallelGCFailedAllocation
Event: 26,139 Executing VM operation: ParallelGCFailedAllocation done
Event: 38,773 Executing VM operation: ParallelGCFailedAllocation
Event: 38,778 Executing VM operation: ParallelGCFailedAllocation done
Event: 42,684 Thread 0x00007ff2e4001000 Thread exited: 0x00007ff2e4001000


Dynamic libraries:
00400000-00401000 r-xp 00000000 08:03 6425286                            /usr/lib/jvm/java-8-openjdk-amd64/jre/bin/java
00600000-00601000 r--p 00000000 08:03 6425286                            /usr/lib/jvm/java-8-openjdk-amd64/jre/bin/java
00601000-00602000 rw-p 00001000 08:03 6425286                            /usr/lib/jvm/java-8-openjdk-amd64/jre/bin/java
01428000-01449000 rw-p 00000000 00:00 0                                  [heap]
40292000-40331000 rw-p 00000000 00:00 0 
41b0a000-41b0c000 r-xs 00000000 08:03 6029396                            /tmp/.gl085OT1 (deleted)
41e5d000-41efc000 rw-p 00000000 00:00 0 
83600000-88a00000 rw-p 00000000 00:00 0 
88a00000-d6780000 ---p 00000000 00:00 0 
d6780000-d9180000 rw-p 00000000 00:00 0 
d9180000-100000000 ---p 00000000 00:00 0 
100000000-100160000 rw-p 00000000 00:00 0 
100160000-140000000 ---p 00000000 00:00 0 
7ff29c000000-7ff29c3b6000 rw-p 00000000 00:00 0 
7ff29c3b6000-7ff2a0000000 ---p 00000000 00:00 0 
7ff2a4000000-7ff2a437c000 rw-p 00000000 00:00 0 
7ff2a437c000-7ff2a8000000 ---p 00000000 00:00 0 
7ff2a972d000-7ff2ab285000 r-xp 00000000 08:03 6422576                    /usr/lib/x86_64-linux-gnu/libnvidia-eglcore.so.352.41
7ff2ab285000-7ff2ab484000 ---p 01b58000 08:03 6422576                    /usr/lib/x86_64-linux-gnu/libnvidia-eglcore.so.352.41
7ff2ab484000-7ff2abff0000 rw-p 01b57000 08:03 6422576                    /usr/lib/x86_64-linux-gnu/libnvidia-eglcore.so.352.41
7ff2abff0000-7ff2ac000000 rw-p 00000000 00:00 0 
7ff2ac000000-7ff2ac803000 rw-p 00000000 00:00 0 
7ff2ac803000-7ff2b0000000 ---p 00000000 00:00 0 
7ff2b0000000-7ff2b03a6000 rw-p 00000000 00:00 0 
7ff2b03a6000-7ff2b4000000 ---p 00000000 00:00 0 
7ff2b4000000-7ff2b4021000 rw-p 00000000 00:00 0 
7ff2b4021000-7ff2b8000000 ---p 00000000 00:00 0 
7ff2b8000000-7ff2b827c000 rw-p 00000000 00:00 0 
7ff2b827c000-7ff2bc000000 ---p 00000000 00:00 0 
7ff2bc000000-7ff2bc021000 rw-p 00000000 00:00 0 
7ff2bc021000-7ff2c0000000 ---p 00000000 00:00 0 
7ff2c0000000-7ff2c0021000 rw-p 00000000 00:00 0 
7ff2c0021000-7ff2c4000000 ---p 00000000 00:00 0 
7ff2c4000000-7ff2c4021000 rw-p 00000000 00:00 0 
7ff2c4021000-7ff2c8000000 ---p 00000000 00:00 0 
7ff2c8000000-7ff2c8021000 rw-p 00000000 00:00 0 
7ff2c8021000-7ff2cc000000 ---p 00000000 00:00 0 
7ff2cc000000-7ff2cc021000 rw-p 00000000 00:00 0 
7ff2cc021000-7ff2d0000000 ---p 00000000 00:00 0 
7ff2d0000000-7ff2d0021000 rw-p 00000000 00:00 0 
7ff2d0021000-7ff2d4000000 ---p 00000000 00:00 0 
7ff2d4000000-7ff2d5755000 rw-p 00000000 00:00 0 
7ff2d5755000-7ff2d8000000 ---p 00000000 00:00 0 
7ff2d8000000-7ff2d82a2000 rw-p 00000000 00:00 0 
7ff2d82a2000-7ff2dc000000 ---p 00000000 00:00 0 
7ff2dc000000-7ff2dc021000 rw-p 00000000 00:00 0 
7ff2dc021000-7ff2e0000000 ---p 00000000 00:00 0 
7ff2e0000000-7ff2e1357000 rw-p 00000000 00:00 0 
7ff2e1357000-7ff2e4000000 ---p 00000000 00:00 0 
7ff2e4000000-7ff2e40e9000 rw-p 00000000 00:00 0 
7ff2e40e9000-7ff2e8000000 ---p 00000000 00:00 0 
7ff2e8000000-7ff2e802b000 rw-p 00000000 00:00 0 
7ff2e802b000-7ff2ec000000 ---p 00000000 00:00 0 
7ff2ec000000-7ff2ec021000 rw-p 00000000 00:00 0 
7ff2ec021000-7ff2f0000000 ---p 00000000 00:00 0 
7ff2f0000000-7ff2f0021000 rw-p 00000000 00:00 0 
7ff2f0021000-7ff2f4000000 ---p 00000000 00:00 0 
7ff2f4000000-7ff2f4021000 rw-p 00000000 00:00 0 
7ff2f4021000-7ff2f8000000 ---p 00000000 00:00 0 
7ff2f8000000-7ff2f8021000 rw-p 00000000 00:00 0 
7ff2f8021000-7ff2fc000000 ---p 00000000 00:00 0 
7ff2fc000000-7ff2fc021000 rw-p 00000000 00:00 0 
7ff2fc021000-7ff300000000 ---p 00000000 00:00 0 
7ff3007c6000-7ff3009c6000 rw-s 15d487000 00:06 15014                     /dev/nvidiactl
7ff3009c6000-7ff304816000 rw-p 00000000 00:00 0 
7ff304871000-7ff304882000 r--s 00000000 08:03 2098069                    /home/elect/NetBeansProjects/jgli/Jgli/build/classes/test/data/kueken7_l8_unorm.dds
7ff304882000-7ff304884000 rw-p 00000000 00:00 0 
7ff304884000-7ff304984000 rw-s 11adce000 00:06 15014                     /dev/nvidiactl
7ff304984000-7ff304997000 rw-s 21f2eb000 00:06 15014                     /dev/nvidiactl
7ff304997000-7ff3049b7000 rw-s d8340000 00:06 15015                      /dev/nvidia0
7ff3049b7000-7ff3049b8000 rw-s 140a9d000 00:06 15014                     /dev/nvidiactl
7ff3049b8000-7ff3049f8000 rw-s 18af7b000 00:06 15014                     /dev/nvidiactl
7ff3049f8000-7ff304a18000 rw-s 1403a4000 00:06 15014                     /dev/nvidiactl
7ff304a18000-7ff304a58000 rw-s 220b2c000 00:06 15014                     /dev/nvidiactl
7ff304a78000-7ff304a7b000 ---p 00000000 00:00 0 
7ff304a7b000-7ff304b79000 rw-p 00000000 00:00 0                          [stack:17139]
7ff304b79000-7ff304c79000 rw-s 6949c000 00:06 15014                      /dev/nvidiactl
7ff304c79000-7ff304c99000 rw-s d8300000 00:06 15015                      /dev/nvidia0
7ff304c99000-7ff304cd9000 rw-s 69522000 00:06 15014                      /dev/nvidiactl
7ff304cd9000-7ff304cf9000 rw-s 3600d000 00:06 15014                      /dev/nvidiactl
7ff304cf9000-7ff304d39000 rw-s 2d9e4000 00:06 15014                      /dev/nvidiactl
7ff304d39000-7ff304d59000 rw-s 3600c000 00:06 15014                      /dev/nvidiactl
7ff304d59000-7ff304d5c000 ---p 00000000 00:00 0 
7ff304d5c000-7ff304f5a000 rw-p 00000000 00:00 0                          [stack:17138]
7ff304f5a000-7ff30505a000 ---p 00000000 00:00 0 
7ff30505a000-7ff3050da000 rw-s 124de4000 00:06 15014                     /dev/nvidiactl
7ff3050da000-7ff30515a000 rw-s 189d22000 00:06 15014                     /dev/nvidiactl
7ff30515a000-7ff3051da000 rw-s 1171a4000 00:06 15014                     /dev/nvidiactl
7ff3051da000-7ff3052da000 rw-s 189fe3000 00:06 15014                     /dev/nvidiactl
7ff3052da000-7ff3052fa000 rw-s d82c0000 00:06 15015                      /dev/nvidia0
7ff3052fa000-7ff30533a000 rw-s 14018c000 00:06 15014                     /dev/nvidiactl
7ff30533a000-7ff30535a000 rw-s b3d40000 00:06 15014                      /dev/nvidiactl
7ff30535a000-7ff30539a000 rw-s 2d9c1000 00:06 15014                      /dev/nvidiactl
7ff3053b9000-7ff3053ba000 rw-p 00000000 00:00 0 
7ff3053ba000-7ff30546e000 rw-s 21f323000 00:06 15014                     /dev/nvidiactl
7ff30546e000-7ff3054ee000 rw-s b3f57000 00:06 15014                      /dev/nvidiactl
7ff3054ee000-7ff30556e000 rw-s 157f21000 00:06 15014                     /dev/nvidiactl
7ff30556e000-7ff306f6a000 r-xp 00000000 08:03 6426935                    /usr/lib/x86_64-linux-gnu/libnvidia-glcore.so.352.41
7ff306f6a000-7ff306f8a000 rwxp 019fc000 08:03 6426935                    /usr/lib/x86_64-linux-gnu/libnvidia-glcore.so.352.41
7ff306f8a000-7ff307251000 r-xp 01a1c000 08:03 6426935                    /usr/lib/x86_64-linux-gnu/libnvidia-glcore.so.352.41
7ff307251000-7ff307450000 ---p 01ce3000 08:03 6426935                    /usr/lib/x86_64-linux-gnu/libnvidia-glcore.so.352.41
7ff307450000-7ff307fec000 rw-p 01ce2000 08:03 6426935                    /usr/lib/x86_64-linux-gnu/libnvidia-glcore.so.352.41
7ff307fec000-7ff308000000 rw-p 00000000 00:00 0 
7ff308000000-7ff308021000 rw-p 00000000 00:00 0 
7ff308021000-7ff30c000000 ---p 00000000 00:00 0 
7ff30c000000-7ff30c001000 rw-s dfd65000 00:06 15015                      /dev/nvidia0
7ff30c001000-7ff30c002000 rw-s dfd65000 00:06 15015                      /dev/nvidia0
7ff30c002000-7ff30c003000 rw-s fa642000 00:06 15015                      /dev/nvidia0
7ff30c003000-7ff30c004000 rw-s 21f2c1000 00:06 15014                     /dev/nvidiactl
7ff30c004000-7ff30c005000 rw-s fa641000 00:06 15015                      /dev/nvidia0
7ff30c005000-7ff30c006000 rw-s 21f2c0000 00:06 15014                     /dev/nvidiactl
7ff30c006000-7ff30c007000 rw-s 653ee000 00:06 15014                      /dev/nvidiactl
7ff30c007000-7ff30c01a000 rw-s 652ba000 00:06 15014                      /dev/nvidiactl
7ff30c01a000-7ff30c01b000 rw-s cdfdc000 00:06 15014                      /dev/nvidiactl
7ff30c01b000-7ff30c01c000 rw-s dfd65000 00:06 15015                      /dev/nvidia0
7ff30c01c000-7ff30c01d000 rw-s dfd65000 00:06 15015                      /dev/nvidia0
7ff30c01d000-7ff30c01e000 rw-s fa642000 00:06 15015                      /dev/nvidia0
7ff30c01e000-7ff30c01f000 rw-s 21f2c1000 00:06 15014                     /dev/nvidiactl
7ff30c01f000-7ff30c09f000 rw-s 140201000 00:06 15014                     /dev/nvidiactl
7ff30c09f000-7ff30c19f000 rw-s 20cd89000 00:06 15014                     /dev/nvidiactl
7ff30c19f000-7ff30c1df000 rw-s 1401f4000 00:06 15014                     /dev/nvidiactl
7ff30c1df000-7ff30c1e9000 r-xp 00000000 08:03 6423188                    /usr/lib/x86_64-linux-gnu/libGLESv1_CM.so.352.41
7ff30c1e9000-7ff30c3e9000 ---p 0000a000 08:03 6423188                    /usr/lib/x86_64-linux-gnu/libGLESv1_CM.so.352.41
7ff30c3e9000-7ff30c3ec000 rw-p 0000a000 08:03 6423188                    /usr/lib/x86_64-linux-gnu/libGLESv1_CM.so.352.41
7ff30c3ec000-7ff30c4a0000 rw-s 21f323000 00:06 15014                     /dev/nvidiactl
7ff30c4a0000-7ff30c4a3000 ---p 00000000 00:00 0 
7ff30c4a3000-7ff30c5a1000 rw-p 00000000 00:00 0                          [stack:17137]
7ff30c5a1000-7ff30c5fa000 r-xp 00000000 08:03 6029375                    /tmp/jogamp_0000/file_cache/jln8058522712710782095/jln8522905282836838087/libjogl_mobile.so
7ff30c5fa000-7ff30c7fa000 ---p 00059000 08:03 6029375                    /tmp/jogamp_0000/file_cache/jln8058522712710782095/jln8522905282836838087/libjogl_mobile.so
7ff30c7fa000-7ff30c7fb000 rw-p 00059000 08:03 6029375                    /tmp/jogamp_0000/file_cache/jln8058522712710782095/jln8522905282836838087/libjogl_mobile.so
7ff30c7fb000-7ff30c869000 r-xp 00000000 08:03 6423014                    /usr/lib/x86_64-linux-gnu/libnvidia-glsi.so.352.41
7ff30c869000-7ff30ca68000 ---p 0006e000 08:03 6423014                    /usr/lib/x86_64-linux-gnu/libnvidia-glsi.so.352.41
7ff30ca68000-7ff30ca71000 rw-p 0006d000 08:03 6423014                    /usr/lib/x86_64-linux-gnu/libnvidia-glsi.so.352.41
7ff30ca71000-7ff30ca7f000 rw-p 00000000 00:00 0 
7ff30ca7f000-7ff30cb3c000 r-xp 00000000 08:03 6424032                    /usr/lib/x86_64-linux-gnu/libEGL.so.352.41
7ff30cb3c000-7ff30cd3c000 ---p 000bd000 08:03 6424032                    /usr/lib/x86_64-linux-gnu/libEGL.so.352.41
7ff30cd3c000-7ff30cd63000 rw-p 000bd000 08:03 6424032                    /usr/lib/x86_64-linux-gnu/libEGL.so.352.41
7ff30cd63000-7ff30cd77000 rw-p 00000000 00:00 0 
7ff30cd77000-7ff30cd86000 r-xp 00000000 08:03 6423187                    /usr/lib/x86_64-linux-gnu/libGLESv2.so.352.41
7ff30cd86000-7ff30cf86000 ---p 0000f000 08:03 6423187                    /usr/lib/x86_64-linux-gnu/libGLESv2.so.352.41
7ff30cf86000-7ff30cf89000 rw-p 0000f000 08:03 6423187                    /usr/lib/x86_64-linux-gnu/libGLESv2.so.352.41
7ff30cf89000-7ff30cf8a000 rw-p 00000000 00:00 0 
7ff30cf8a000-7ff30cf8d000 ---p 00000000 00:00 0 
7ff30cf8d000-7ff30d08b000 rw-p 00000000 00:00 0                          [stack:17136]
7ff30d08b000-7ff30d13e000 r-xp 00000000 08:03 6029374                    /tmp/jogamp_0000/file_cache/jln8058522712710782095/jln8522905282836838087/libjogl_desktop.so
7ff30d13e000-7ff30d33e000 ---p 000b3000 08:03 6029374                    /tmp/jogamp_0000/file_cache/jln8058522712710782095/jln8522905282836838087/libjogl_desktop.so
7ff30d33e000-7ff30d33f000 rw-p 000b3000 08:03 6029374                    /tmp/jogamp_0000/file_cache/jln8058522712710782095/jln8522905282836838087/libjogl_desktop.so
7ff30d33f000-7ff30d342000 r-xp 00000000 08:03 6819344                    /usr/lib/x86_64-linux-gnu/tls/libnvidia-tls.so.352.41
7ff30d342000-7ff30d541000 ---p 00003000 08:03 6819344                    /usr/lib/x86_64-linux-gnu/tls/libnvidia-tls.so.352.41
7ff30d541000-7ff30d542000 rw-p 00002000 08:03 6819344                    /usr/lib/x86_64-linux-gnu/tls/libnvidia-tls.so.352.41
7ff30d542000-7ff30d600000 r-xp 00000000 08:03 6426936                    /usr/lib/x86_64-linux-gnu/libGL.so.352.41
7ff30d600000-7ff30d633000 rwxp 000be000 08:03 6426936                    /usr/lib/x86_64-linux-gnu/libGL.so.352.41
7ff30d633000-7ff30d645000 r-xp 000f1000 08:03 6426936                    /usr/lib/x86_64-linux-gnu/libGL.so.352.41
7ff30d645000-7ff30d844000 ---p 00103000 08:03 6426936                    /usr/lib/x86_64-linux-gnu/libGL.so.352.41
7ff30d844000-7ff30d86c000 rw-p 00102000 08:03 6426936                    /usr/lib/x86_64-linux-gnu/libGL.so.352.41
7ff30d86c000-7ff30da72000 rw-p 00000000 00:00 0 
7ff30da72000-7ff30da74000 r-xp 00000000 08:03 6430960                    /usr/lib/x86_64-linux-gnu/libXinerama.so.1.0.0
7ff30da74000-7ff30dc73000 ---p 00002000 08:03 6430960                    /usr/lib/x86_64-linux-gnu/libXinerama.so.1.0.0
7ff30dc73000-7ff30dc74000 r--p 00001000 08:03 6430960                    /usr/lib/x86_64-linux-gnu/libXinerama.so.1.0.0
7ff30dc74000-7ff30dc75000 rw-p 00002000 08:03 6430960                    /usr/lib/x86_64-linux-gnu/libXinerama.so.1.0.0
7ff30dc75000-7ff30de75000 rw-p 00000000 00:00 0 
7ff30de75000-7ff30de7e000 r-xp 00000000 08:03 6430970                    /usr/lib/x86_64-linux-gnu/libXrandr.so.2.2.0
7ff30de7e000-7ff30e07d000 ---p 00009000 08:03 6430970                    /usr/lib/x86_64-linux-gnu/libXrandr.so.2.2.0
7ff30e07d000-7ff30e07e000 r--p 00008000 08:03 6430970                    /usr/lib/x86_64-linux-gnu/libXrandr.so.2.2.0
7ff30e07e000-7ff30e07f000 rw-p 00009000 08:03 6430970                    /usr/lib/x86_64-linux-gnu/libXrandr.so.2.2.0
7ff30e07f000-7ff30e08e000 r-xp 00000000 08:03 6029380                    /tmp/jogamp_0000/file_cache/jln8058522712710782095/jln8522905282836838087/libnewt.so
7ff30e08e000-7ff30e28d000 ---p 0000f000 08:03 6029380                    /tmp/jogamp_0000/file_cache/jln8058522712710782095/jln8522905282836838087/libnewt.so
7ff30e28d000-7ff30e28e000 rw-p 0000e000 08:03 6029380                    /tmp/jogamp_0000/file_cache/jln8058522712710782095/jln8522905282836838087/libnewt.so
7ff30e28e000-7ff30e295000 r-xp 00000000 08:03 6029377                    /tmp/jogamp_0000/file_cache/jln8058522712710782095/jln8522905282836838087/libnativewindow_x11.so
7ff30e295000-7ff30e494000 ---p 00007000 08:03 6029377                    /tmp/jogamp_0000/file_cache/jln8058522712710782095/jln8522905282836838087/libnativewindow_x11.so
7ff30e494000-7ff30e495000 rw-p 00006000 08:03 6029377                    /tmp/jogamp_0000/file_cache/jln8058522712710782095/jln8522905282836838087/libnativewindow_x11.so
7ff30e495000-7ff30e498000 ---p 00000000 00:00 0 
7ff30e498000-7ff30e596000 rw-p 00000000 00:00 0                          [stack:17135]
7ff30e596000-7ff30e599000 ---p 00000000 00:00 0 
7ff30e599000-7ff30e697000 rw-p 00000000 00:00 0 
7ff30e697000-7ff30e69a000 ---p 00000000 00:00 0 
7ff30e69a000-7ff30e798000 rw-p 00000000 00:00 0 
7ff30e798000-7ff30e79c000 r-xp 00000000 08:03 6430988                    /usr/lib/x86_64-linux-gnu/libXxf86vm.so.1.0.0
7ff30e79c000-7ff30e99c000 ---p 00004000 08:03 6430988                    /usr/lib/x86_64-linux-gnu/libXxf86vm.so.1.0.0
7ff30e99c000-7ff30e99d000 r--p 00004000 08:03 6430988                    /usr/lib/x86_64-linux-gnu/libXxf86vm.so.1.0.0
7ff30e99d000-7ff30e99e000 rw-p 00005000 08:03 6430988                    /usr/lib/x86_64-linux-gnu/libXxf86vm.so.1.0.0
7ff30e99e000-7ff30e9a0000 r-xp 00000000 08:03 6029376                    /tmp/jogamp_0000/file_cache/jln8058522712710782095/jln8522905282836838087/libnativewindow_awt.so
7ff30e9a0000-7ff30eb9f000 ---p 00002000 08:03 6029376                    /tmp/jogamp_0000/file_cache/jln8058522712710782095/jln8522905282836838087/libnativewindow_awt.so
7ff30eb9f000-7ff30eba0000 rw-p 00001000 08:03 6029376                    /tmp/jogamp_0000/file_cache/jln8058522712710782095/jln8522905282836838087/libnativewindow_awt.so
7ff30eba0000-7ff30eba1000 r-xp 00000000 08:03 6425220                    /usr/lib/jvm/java-8-openjdk-amd64/jre/lib/amd64/libjawt.so
7ff30eba1000-7ff30eda0000 ---p 00001000 08:03 6425220                    /usr/lib/jvm/java-8-openjdk-amd64/jre/lib/amd64/libjawt.so
7ff30eda0000-7ff30eda1000 r--p 00000000 08:03 6425220                    /usr/lib/jvm/java-8-openjdk-amd64/jre/lib/amd64/libjawt.so
7ff30eda1000-7ff30eda2000 rw-p 00001000 08:03 6425220                    /usr/lib/jvm/java-8-openjdk-amd64/jre/lib/amd64/libjawt.so
7ff30eda2000-7ff30eda5000 ---p 00000000 00:00 0 
7ff30eda5000-7ff30eea3000 rw-p 00000000 00:00 0                          [stack:17132]
7ff30eea3000-7ff30eea8000 r-xp 00000000 08:03 6430952                    /usr/lib/x86_64-linux-gnu/libXfixes.so.3.1.0
7ff30eea8000-7ff30f0a7000 ---p 00005000 08:03 6430952                    /usr/lib/x86_64-linux-gnu/libXfixes.so.3.1.0
7ff30f0a7000-7ff30f0a8000 r--p 00004000 08:03 6430952                    /usr/lib/x86_64-linux-gnu/libXfixes.so.3.1.0
7ff30f0a8000-7ff30f0a9000 rw-p 00005000 08:03 6430952                    /usr/lib/x86_64-linux-gnu/libXfixes.so.3.1.0
7ff30f0a9000-7ff30f0b2000 r-xp 00000000 08:03 6430944                    /usr/lib/x86_64-linux-gnu/libXcursor.so.1.0.2
7ff30f0b2000-7ff30f2b1000 ---p 00009000 08:03 6430944                    /usr/lib/x86_64-linux-gnu/libXcursor.so.1.0.2
7ff30f2b1000-7ff30f2b2000 r--p 00008000 08:03 6430944                    /usr/lib/x86_64-linux-gnu/libXcursor.so.1.0.2
7ff30f2b2000-7ff30f2b3000 rw-p 00009000 08:03 6430944                    /usr/lib/x86_64-linux-gnu/libXcursor.so.1.0.2
7ff30f2b3000-7ff30f2d8000 r-xp 00000000 08:03 4067650                    /lib/x86_64-linux-gnu/libpng12.so.0.51.0
7ff30f2d8000-7ff30f4d7000 ---p 00025000 08:03 4067650                    /lib/x86_64-linux-gnu/libpng12.so.0.51.0
7ff30f4d7000-7ff30f4d8000 r--p 00024000 08:03 4067650                    /lib/x86_64-linux-gnu/libpng12.so.0.51.0
7ff30f4d8000-7ff30f4d9000 rw-p 00025000 08:03 4067650                    /lib/x86_64-linux-gnu/libpng12.so.0.51.0
7ff30f4d9000-7ff30f57b000 r-xp 00000000 08:03 6429055                    /usr/lib/x86_64-linux-gnu/libfreetype.so.6.11.1
7ff30f57b000-7ff30f77a000 ---p 000a2000 08:03 6429055                    /usr/lib/x86_64-linux-gnu/libfreetype.so.6.11.1
7ff30f77a000-7ff30f780000 r--p 000a1000 08:03 6429055                    /usr/lib/x86_64-linux-gnu/libfreetype.so.6.11.1
7ff30f780000-7ff30f781000 rw-p 000a7000 08:03 6429055                    /usr/lib/x86_64-linux-gnu/libfreetype.so.6.11.1
7ff30f781000-7ff30f7d3000 r-xp 00000000 08:03 6425217                    /usr/lib/jvm/java-8-openjdk-amd64/jre/lib/amd64/libfontmanager.so
7ff30f7d3000-7ff30f9d3000 ---p 00052000 08:03 6425217                    /usr/lib/jvm/java-8-openjdk-amd64/jre/lib/amd64/libfontmanager.so
7ff30f9d3000-7ff30f9d6000 r--p 00052000 08:03 6425217                    /usr/lib/jvm/java-8-openjdk-amd64/jre/lib/amd64/libfontmanager.so
7ff30f9d6000-7ff30f9d7000 rw-p 00055000 08:03 6425217                    /usr/lib/jvm/java-8-openjdk-amd64/jre/lib/amd64/libfontmanager.so
7ff30f9d7000-7ff30f9dc000 r-xp 00000000 08:03 6430948                    /usr/lib/x86_64-linux-gnu/libXdmcp.so.6.0.0
7ff30f9dc000-7ff30fbdb000 ---p 00005000 08:03 6430948                    /usr/lib/x86_64-linux-gnu/libXdmcp.so.6.0.0
7ff30fbdb000-7ff30fbdc000 r--p 00004000 08:03 6430948                    /usr/lib/x86_64-linux-gnu/libXdmcp.so.6.0.0
7ff30fbdc000-7ff30fbdd000 rw-p 00005000 08:03 6430948                    /usr/lib/x86_64-linux-gnu/libXdmcp.so.6.0.0
7ff30fbdd000-7ff30fbdf000 r-xp 00000000 08:03 6430937                    /usr/lib/x86_64-linux-gnu/libXau.so.6.0.0
7ff30fbdf000-7ff30fddf000 ---p 00002000 08:03 6430937                    /usr/lib/x86_64-linux-gnu/libXau.so.6.0.0
7ff30fddf000-7ff30fde0000 r--p 00002000 08:03 6430937                    /usr/lib/x86_64-linux-gnu/libXau.so.6.0.0
7ff30fde0000-7ff30fde1000 rw-p 00003000 08:03 6430937                    /usr/lib/x86_64-linux-gnu/libXau.so.6.0.0
7ff30fde1000-7ff30fdfe000 r-xp 00000000 08:03 6432135                    /usr/lib/x86_64-linux-gnu/libxcb.so.1.1.0
7ff30fdfe000-7ff30fffe000 ---p 0001d000 08:03 6432135                    /usr/lib/x86_64-linux-gnu/libxcb.so.1.1.0
7ff30fffe000-7ff30ffff000 r--p 0001d000 08:03 6432135                    /usr/lib/x86_64-linux-gnu/libxcb.so.1.1.0
7ff30ffff000-7ff310000000 rw-p 0001e000 08:03 6432135                    /usr/lib/x86_64-linux-gnu/libxcb.so.1.1.0
7ff310000000-7ff310021000 rw-p 00000000 00:00 0 
7ff310021000-7ff314000000 ---p 00000000 00:00 0 
7ff314000000-7ff314001000 rw-s fa641000 00:06 15015                      /dev/nvidia0
7ff314001000-7ff314002000 rw-s 21f2c0000 00:06 15014                     /dev/nvidiactl
7ff314002000-7ff314003000 rw-s 3c925000 00:06 15014                      /dev/nvidiactl
7ff314003000-7ff314005000 rw-s 00000000 08:03 6029396                    /tmp/.gl085OT1 (deleted)
7ff314005000-7ff314018000 rw-s 213f34000 00:06 15014                     /dev/nvidiactl
7ff314018000-7ff314038000 rw-s d8280000 00:06 15015                      /dev/nvidia0
7ff314038000-7ff31403c000 rw-s 140a6c000 00:06 15014                     /dev/nvidiactl
7ff31403c000-7ff31405c000 rw-s 12a516000 00:06 15014                     /dev/nvidiactl
7ff31405c000-7ff31409c000 rw-s 137bbd000 00:06 15014                     /dev/nvidiactl
7ff31409c000-7ff3140ab000 r-xp 00000000 08:03 6430958                    /usr/lib/x86_64-linux-gnu/libXi.so.6.1.0
7ff3140ab000-7ff3142aa000 ---p 0000f000 08:03 6430958                    /usr/lib/x86_64-linux-gnu/libXi.so.6.1.0
7ff3142aa000-7ff3142ab000 r--p 0000e000 08:03 6430958                    /usr/lib/x86_64-linux-gnu/libXi.so.6.1.0
7ff3142ab000-7ff3142ac000 rw-p 0000f000 08:03 6430958                    /usr/lib/x86_64-linux-gnu/libXi.so.6.1.0
7ff3142ac000-7ff3142b1000 r-xp 00000000 08:03 6430978                    /usr/lib/x86_64-linux-gnu/libXtst.so.6.1.0
7ff3142b1000-7ff3144b0000 ---p 00005000 08:03 6430978                    /usr/lib/x86_64-linux-gnu/libXtst.so.6.1.0
7ff3144b0000-7ff3144b1000 r--p 00004000 08:03 6430978                    /usr/lib/x86_64-linux-gnu/libXtst.so.6.1.0
7ff3144b1000-7ff3144b2000 rw-p 00005000 08:03 6430978                    /usr/lib/x86_64-linux-gnu/libXtst.so.6.1.0
7ff3144b2000-7ff3144bb000 r-xp 00000000 08:03 6430972                    /usr/lib/x86_64-linux-gnu/libXrender.so.1.3.0
7ff3144bb000-7ff3146ba000 ---p 00009000 08:03 6430972                    /usr/lib/x86_64-linux-gnu/libXrender.so.1.3.0
7ff3146ba000-7ff3146bb000 r--p 00008000 08:03 6430972                    /usr/lib/x86_64-linux-gnu/libXrender.so.1.3.0
7ff3146bb000-7ff3146bc000 rw-p 00009000 08:03 6430972                    /usr/lib/x86_64-linux-gnu/libXrender.so.1.3.0
7ff3146bc000-7ff3147ef000 r-xp 00000000 08:03 6430933                    /usr/lib/x86_64-linux-gnu/libX11.so.6.3.0
7ff3147ef000-7ff3149ef000 ---p 00133000 08:03 6430933                    /usr/lib/x86_64-linux-gnu/libX11.so.6.3.0
7ff3149ef000-7ff3149f0000 r--p 00133000 08:03 6430933                    /usr/lib/x86_64-linux-gnu/libX11.so.6.3.0
7ff3149f0000-7ff3149f4000 rw-p 00134000 08:03 6430933                    /usr/lib/x86_64-linux-gnu/libX11.so.6.3.0
7ff3149f4000-7ff3149f5000 rw-p 00000000 00:00 0 
7ff3149f5000-7ff314a06000 r-xp 00000000 08:03 6430950                    /usr/lib/x86_64-linux-gnu/libXext.so.6.4.0
7ff314a06000-7ff314c05000 ---p 00011000 08:03 6430950                    /usr/lib/x86_64-linux-gnu/libXext.so.6.4.0
7ff314c05000-7ff314c06000 r--p 00010000 08:03 6430950                    /usr/lib/x86_64-linux-gnu/libXext.so.6.4.0
7ff314c06000-7ff314c07000 rw-p 00011000 08:03 6430950                    /usr/lib/x86_64-linux-gnu/libXext.so.6.4.0
7ff314c07000-7ff314c08000 rw-s 209cc3000 00:06 15014                     /dev/nvidiactl
7ff314c08000-7ff314c09000 rw-s dfd65000 00:06 15015                      /dev/nvidia0
7ff314c09000-7ff314c0a000 rw-s dfd65000 00:06 15015                      /dev/nvidia0
7ff314c0a000-7ff314c1d000 rw-s 1f4360000 00:06 15014                     /dev/nvidiactl
7ff314c1d000-7ff314c1e000 rw-s 13526f000 00:06 15014                     /dev/nvidiactl
7ff314c1e000-7ff314c22000 rw-s 209eab000 00:06 15014                     /dev/nvidiactl
7ff314c22000-7ff314c23000 rw-s dfd65000 00:06 15015                      /dev/nvidia0
7ff314c23000-7ff314c24000 rw-s dfd65000 00:06 15015                      /dev/nvidia0
7ff314c24000-7ff314c25000 rw-s fa642000 00:06 15015                      /dev/nvidia0
7ff314c25000-7ff314c26000 rw-s 21f2c1000 00:06 15014                     /dev/nvidiactl
7ff314c26000-7ff314c27000 rw-s fa641000 00:06 15015                      /dev/nvidia0
7ff314c27000-7ff314c28000 rw-s 21f2c0000 00:06 15014                     /dev/nvidiactl
7ff314c28000-7ff314c29000 rw-s 2d7cf000 00:06 15014                      /dev/nvidiactl
7ff314c29000-7ff314c2a000 rw-s fa060000 00:06 15015                      /dev/nvidia0
7ff314c2a000-7ff314c81000 r-xp 00000000 08:03 6425205                    /usr/lib/jvm/java-8-openjdk-amd64/jre/lib/amd64/libawt_xawt.so
7ff314c81000-7ff314e81000 ---p 00057000 08:03 6425205                    /usr/lib/jvm/java-8-openjdk-amd64/jre/lib/amd64/libawt_xawt.so
7ff314e81000-7ff314e82000 r--p 00057000 08:03 6425205                    /usr/lib/jvm/java-8-openjdk-amd64/jre/lib/amd64/libawt_xawt.so
7ff314e82000-7ff314e85000 rw-p 00058000 08:03 6425205                    /usr/lib/jvm/java-8-openjdk-amd64/jre/lib/amd64/libawt_xawt.so
7ff314e85000-7ff314e86000 rw-p 00000000 00:00 0 
7ff314e86000-7ff314f27000 r-xp 00000000 08:03 6425236                    /usr/lib/jvm/java-8-openjdk-amd64/jre/lib/amd64/libawt.so
7ff314f27000-7ff315126000 ---p 000a1000 08:03 6425236                    /usr/lib/jvm/java-8-openjdk-amd64/jre/lib/amd64/libawt.so
7ff315126000-7ff315127000 r--p 000a0000 08:03 6425236                    /usr/lib/jvm/java-8-openjdk-amd64/jre/lib/amd64/libawt.so
7ff315127000-7ff315132000 rw-p 000a1000 08:03 6425236                    /usr/lib/jvm/java-8-openjdk-amd64/jre/lib/amd64/libawt.so
7ff315132000-7ff315157000 rw-p 00000000 00:00 0 
7ff315157000-7ff315159000 r-xp 00000000 08:03 6029373                    /tmp/jogamp_0000/file_cache/jln8058522712710782095/jln8522905282836838087/libgluegen-rt.so
7ff315159000-7ff315358000 ---p 00002000 08:03 6029373                    /tmp/jogamp_0000/file_cache/jln8058522712710782095/jln8522905282836838087/libgluegen-rt.so
7ff315358000-7ff315359000 rw-p 00001000 08:03 6029373                    /tmp/jogamp_0000/file_cache/jln8058522712710782095/jln8522905282836838087/libgluegen-rt.so
7ff315359000-7ff31535c000 ---p 00000000 00:00 0 
7ff31535c000-7ff31545a000 rw-p 00000000 00:00 0                          [stack:17131]
7ff31545a000-7ff31546b000 r-xp 00000000 08:03 6425228                    /usr/lib/jvm/java-8-openjdk-amd64/jre/lib/amd64/libnio.so
7ff31546b000-7ff31566a000 ---p 00011000 08:03 6425228                    /usr/lib/jvm/java-8-openjdk-amd64/jre/lib/amd64/libnio.so
7ff31566a000-7ff31566b000 r--p 00010000 08:03 6425228                    /usr/lib/jvm/java-8-openjdk-amd64/jre/lib/amd64/libnio.so
7ff31566b000-7ff31566c000 rw-p 00011000 08:03 6425228                    /usr/lib/jvm/java-8-openjdk-amd64/jre/lib/amd64/libnio.so
7ff31566c000-7ff31596d000 rw-p 00000000 00:00 0 
7ff31596d000-7ff315984000 r-xp 00000000 08:03 6425209                    /usr/lib/jvm/java-8-openjdk-amd64/jre/lib/amd64/libnet.so
7ff315984000-7ff315b83000 ---p 00017000 08:03 6425209                    /usr/lib/jvm/java-8-openjdk-amd64/jre/lib/amd64/libnet.so
7ff315b83000-7ff315b84000 r--p 00016000 08:03 6425209                    /usr/lib/jvm/java-8-openjdk-amd64/jre/lib/amd64/libnet.so
7ff315b84000-7ff315b85000 rw-p 00017000 08:03 6425209                    /usr/lib/jvm/java-8-openjdk-amd64/jre/lib/amd64/libnet.so
7ff315b85000-7ff315b88000 ---p 00000000 00:00 0 
7ff315b88000-7ff315bbe000 rw-p 00000000 00:00 0                          [stack:17126]
7ff315bbe000-7ff315be1000 r--s 0030a000 08:03 6302524                    /home/elect/Downloads/jogamp-all-platforms/jar/jogl-all.jar
7ff315be1000-7ff315be2000 ---p 00000000 00:00 0 
7ff315be2000-7ff315ce2000 rw-p 00000000 00:00 0                          [stack:17122]
7ff315ce2000-7ff315ce5000 ---p 00000000 00:00 0 
7ff315ce5000-7ff315de3000 rw-p 00000000 00:00 0                          [stack:17121]
7ff315de3000-7ff315de6000 ---p 00000000 00:00 0 
7ff315de6000-7ff315ee4000 rw-p 00000000 00:00 0                          [stack:17120]
7ff315ee4000-7ff315ee7000 ---p 00000000 00:00 0 
7ff315ee7000-7ff315fe5000 rw-p 00000000 00:00 0                          [stack:17119]
7ff315fe5000-7ff315fe8000 ---p 00000000 00:00 0 
7ff315fe8000-7ff3160e6000 rw-p 00000000 00:00 0                          [stack:17118]
7ff3160e6000-7ff3160e9000 ---p 00000000 00:00 0 
7ff3160e9000-7ff3161e7000 rw-p 00000000 00:00 0 
7ff3161e7000-7ff3161ea000 ---p 00000000 00:00 0 
7ff3161ea000-7ff3162e8000 rw-p 00000000 00:00 0                          [stack:17113]
7ff3162e8000-7ff3162eb000 ---p 00000000 00:00 0 
7ff3162eb000-7ff3163e9000 rw-p 00000000 00:00 0                          [stack:17112]
7ff3163e9000-7ff3163ed000 r-xp 00000000 08:03 6425234                    /usr/lib/jvm/java-8-openjdk-amd64/jre/lib/amd64/libdt_socket.so
7ff3163ed000-7ff3165ec000 ---p 00004000 08:03 6425234                    /usr/lib/jvm/java-8-openjdk-amd64/jre/lib/amd64/libdt_socket.so
7ff3165ec000-7ff3165ed000 r--p 00003000 08:03 6425234                    /usr/lib/jvm/java-8-openjdk-amd64/jre/lib/amd64/libdt_socket.so
7ff3165ed000-7ff3165ee000 rw-p 00004000 08:03 6425234                    /usr/lib/jvm/java-8-openjdk-amd64/jre/lib/amd64/libdt_socket.so
7ff3165ee000-7ff3165f1000 ---p 00000000 00:00 0 
7ff3165f1000-7ff3166ef000 rw-p 00000000 00:00 0                          [stack:17111]
7ff3166ef000-7ff3166f2000 ---p 00000000 00:00 0 
7ff3166f2000-7ff3167f0000 rw-p 00000000 00:00 0                          [stack:17110]
7ff3167f0000-7ff3167f3000 ---p 00000000 00:00 0 
7ff3167f3000-7ff3168f1000 rw-p 00000000 00:00 0                          [stack:17109]
7ff3168f1000-7ff3168f2000 ---p 00000000 00:00 0 
7ff3168f2000-7ff318000000 rw-p 00000000 00:00 0                          [stack:17108]
7ff318000000-7ff318021000 rw-p 00000000 00:00 0 
7ff318021000-7ff31c000000 ---p 00000000 00:00 0 
7ff31c000000-7ff31c001000 rw-s fa642000 00:06 15015                      /dev/nvidia0
7ff31c001000-7ff31c002000 rw-s 21f2c1000 00:06 15014                     /dev/nvidiactl
7ff31c002000-7ff31c003000 rw-s fa641000 00:06 15015                      /dev/nvidia0
7ff31c003000-7ff31c016000 r--s 00345000 08:03 6425242                    /usr/lib/jvm/java-8-openjdk-amd64/jre/lib/resources.jar
7ff31c016000-7ff31c01b000 r--s 00094000 08:03 6425238                    /usr/lib/jvm/java-8-openjdk-amd64/jre/lib/jsse.jar
7ff31c01b000-7ff31c021000 r--s 0004b000 08:03 6302377                    /home/elect/Downloads/jogamp-all-platforms/jar/gluegen-rt.jar
7ff31c021000-7ff31c03d000 r--s 00393000 08:03 6425245                    /usr/lib/jvm/java-8-openjdk-amd64/jre/lib/ext/cldrdata.jar
7ff31c03d000-7ff31c1ee000 rw-p 00000000 00:00 0 
7ff31c1ee000-7ff31c3bb000 r--s 03bd3000 08:03 6425271                    /usr/lib/jvm/java-8-openjdk-amd64/jre/lib/rt.jar
7ff31c3bb000-7ff31c816000 rw-p 00000000 00:00 0 
7ff31c816000-7ff31c817000 ---p 00000000 00:00 0 
7ff31c817000-7ff31c917000 rw-p 00000000 00:00 0                          [stack:17105]
7ff31c917000-7ff31c918000 ---p 00000000 00:00 0 
7ff31c918000-7ff31ca18000 rw-p 00000000 00:00 0                          [stack:17104]
7ff31ca18000-7ff31ca19000 ---p 00000000 00:00 0 
7ff31ca19000-7ff31cb19000 rw-p 00000000 00:00 0                          [stack:17103]
7ff31cb19000-7ff31cb1a000 ---p 00000000 00:00 0 
7ff31cb1a000-7ff31cc44000 rw-p 00000000 00:00 0                          [stack:17102]
7ff31cc44000-7ff31ceb2000 ---p 00000000 00:00 0 
7ff31ceb2000-7ff31cec8000 rw-p 00000000 00:00 0 
7ff31cec8000-7ff31cfff000 ---p 00000000 00:00 0 
7ff31cfff000-7ff31d000000 rw-p 00000000 00:00 0 
7ff31d000000-7ff31d440000 rwxp 00000000 00:00 0 
7ff31d440000-7ff32c000000 ---p 00000000 00:00 0 
7ff32c000000-7ff32cb8f000 rw-p 00000000 00:00 0 
7ff32cb8f000-7ff330000000 ---p 00000000 00:00 0 
7ff330000000-7ff330001000 rw-s 21f2c0000 00:06 15014                     /dev/nvidiactl
7ff330001000-7ff33001b000 r--s 001d3000 08:03 6425246                    /usr/lib/jvm/java-8-openjdk-amd64/jre/lib/ext/nashorn.jar
7ff33001b000-7ff330066000 rw-p 00000000 00:00 0 
7ff330066000-7ff3302d5000 ---p 00000000 00:00 0 
7ff3302d5000-7ff3302e6000 rw-p 00000000 00:00 0 
7ff3302e6000-7ff330695000 ---p 00000000 00:00 0 
7ff330695000-7ff33069d000 r-xp 00000000 08:03 6425202                    /usr/lib/jvm/java-8-openjdk-amd64/jre/lib/amd64/libzip.so
7ff33069d000-7ff33089c000 ---p 00008000 08:03 6425202                    /usr/lib/jvm/java-8-openjdk-amd64/jre/lib/amd64/libzip.so
7ff33089c000-7ff33089d000 r--p 00007000 08:03 6425202                    /usr/lib/jvm/java-8-openjdk-amd64/jre/lib/amd64/libzip.so
7ff33089d000-7ff33089e000 rw-p 00008000 08:03 6425202                    /usr/lib/jvm/java-8-openjdk-amd64/jre/lib/amd64/libzip.so
7ff33089e000-7ff3308aa000 r-xp 00000000 08:03 4067608                    /lib/x86_64-linux-gnu/libnss_files-2.21.so
7ff3308aa000-7ff330aa9000 ---p 0000c000 08:03 4067608                    /lib/x86_64-linux-gnu/libnss_files-2.21.so
7ff330aa9000-7ff330aaa000 r--p 0000b000 08:03 4067608                    /lib/x86_64-linux-gnu/libnss_files-2.21.so
7ff330aaa000-7ff330aab000 rw-p 0000c000 08:03 4067608                    /lib/x86_64-linux-gnu/libnss_files-2.21.so
7ff330aab000-7ff330ab6000 r-xp 00000000 08:03 4067618                    /lib/x86_64-linux-gnu/libnss_nis-2.21.so
7ff330ab6000-7ff330cb5000 ---p 0000b000 08:03 4067618                    /lib/x86_64-linux-gnu/libnss_nis-2.21.so
7ff330cb5000-7ff330cb6000 r--p 0000a000 08:03 4067618                    /lib/x86_64-linux-gnu/libnss_nis-2.21.so
7ff330cb6000-7ff330cb7000 rw-p 0000b000 08:03 4067618                    /lib/x86_64-linux-gnu/libnss_nis-2.21.so
7ff330cb7000-7ff330cce000 r-xp 00000000 08:03 4067602                    /lib/x86_64-linux-gnu/libnsl-2.21.so
7ff330cce000-7ff330ecd000 ---p 00017000 08:03 4067602                    /lib/x86_64-linux-gnu/libnsl-2.21.so
7ff330ecd000-7ff330ece000 r--p 00016000 08:03 4067602                    /lib/x86_64-linux-gnu/libnsl-2.21.so
7ff330ece000-7ff330ecf000 rw-p 00017000 08:03 4067602                    /lib/x86_64-linux-gnu/libnsl-2.21.so
7ff330ecf000-7ff330ed1000 rw-p 00000000 00:00 0 
7ff330ed1000-7ff330ed9000 r-xp 00000000 08:03 4067604                    /lib/x86_64-linux-gnu/libnss_compat-2.21.so
7ff330ed9000-7ff3310d8000 ---p 00008000 08:03 4067604                    /lib/x86_64-linux-gnu/libnss_compat-2.21.so
7ff3310d8000-7ff3310d9000 r--p 00007000 08:03 4067604                    /lib/x86_64-linux-gnu/libnss_compat-2.21.so
7ff3310d9000-7ff3310da000 rw-p 00008000 08:03 4067604                    /lib/x86_64-linux-gnu/libnss_compat-2.21.so
7ff3310da000-7ff3317bd000 r--p 00000000 08:03 6429964                    /usr/lib/locale/locale-archive
7ff3317bd000-7ff3317bf000 r-xp 00000000 08:03 6425211                    /usr/lib/jvm/java-8-openjdk-amd64/jre/lib/amd64/libnpt.so
7ff3317bf000-7ff3319bf000 ---p 00002000 08:03 6425211                    /usr/lib/jvm/java-8-openjdk-amd64/jre/lib/amd64/libnpt.so
7ff3319bf000-7ff3319c0000 r--p 00002000 08:03 6425211                    /usr/lib/jvm/java-8-openjdk-amd64/jre/lib/amd64/libnpt.so
7ff3319c0000-7ff3319c1000 rw-p 00003000 08:03 6425211                    /usr/lib/jvm/java-8-openjdk-amd64/jre/lib/amd64/libnpt.so
7ff3319c1000-7ff3319fc000 r-xp 00000000 08:03 6425213                    /usr/lib/jvm/java-8-openjdk-amd64/jre/lib/amd64/libjdwp.so
7ff3319fc000-7ff331bfb000 ---p 0003b000 08:03 6425213                    /usr/lib/jvm/java-8-openjdk-amd64/jre/lib/amd64/libjdwp.so
7ff331bfb000-7ff331bfc000 r--p 0003a000 08:03 6425213                    /usr/lib/jvm/java-8-openjdk-amd64/jre/lib/amd64/libjdwp.so
7ff331bfc000-7ff331bfd000 rw-p 0003b000 08:03 6425213                    /usr/lib/jvm/java-8-openjdk-amd64/jre/lib/amd64/libjdwp.so
7ff331bfd000-7ff331bfe000 rw-p 00000000 00:00 0 
7ff331bfe000-7ff331c2c000 r-xp 00000000 08:03 6425199                    /usr/lib/jvm/java-8-openjdk-amd64/jre/lib/amd64/libjava.so
7ff331c2c000-7ff331e2b000 ---p 0002e000 08:03 6425199                    /usr/lib/jvm/java-8-openjdk-amd64/jre/lib/amd64/libjava.so
7ff331e2b000-7ff331e2c000 r--p 0002d000 08:03 6425199                    /usr/lib/jvm/java-8-openjdk-amd64/jre/lib/amd64/libjava.so
7ff331e2c000-7ff331e2e000 rw-p 0002e000 08:03 6425199                    /usr/lib/jvm/java-8-openjdk-amd64/jre/lib/amd64/libjava.so
7ff331e2e000-7ff331e3d000 r-xp 00000000 08:03 6425214                    /usr/lib/jvm/java-8-openjdk-amd64/jre/lib/amd64/libverify.so
7ff331e3d000-7ff33203d000 ---p 0000f000 08:03 6425214                    /usr/lib/jvm/java-8-openjdk-amd64/jre/lib/amd64/libverify.so
7ff33203d000-7ff332040000 r--p 0000f000 08:03 6425214                    /usr/lib/jvm/java-8-openjdk-amd64/jre/lib/amd64/libverify.so
7ff332040000-7ff332041000 rw-p 00012000 08:03 6425214                    /usr/lib/jvm/java-8-openjdk-amd64/jre/lib/amd64/libverify.so
7ff332041000-7ff332048000 r-xp 00000000 08:03 4067663                    /lib/x86_64-linux-gnu/librt-2.21.so
7ff332048000-7ff332247000 ---p 00007000 08:03 4067663                    /lib/x86_64-linux-gnu/librt-2.21.so
7ff332247000-7ff332248000 r--p 00006000 08:03 4067663                    /lib/x86_64-linux-gnu/librt-2.21.so
7ff332248000-7ff332249000 rw-p 00007000 08:03 4067663                    /lib/x86_64-linux-gnu/librt-2.21.so
7ff332249000-7ff33225f000 r-xp 00000000 08:03 4067551                    /lib/x86_64-linux-gnu/libgcc_s.so.1
7ff33225f000-7ff33245e000 ---p 00016000 08:03 4067551                    /lib/x86_64-linux-gnu/libgcc_s.so.1
7ff33245e000-7ff33245f000 rw-p 00015000 08:03 4067551                    /lib/x86_64-linux-gnu/libgcc_s.so.1
7ff33245f000-7ff332566000 r-xp 00000000 08:03 4067581                    /lib/x86_64-linux-gnu/libm-2.21.so
7ff332566000-7ff332765000 ---p 00107000 08:03 4067581                    /lib/x86_64-linux-gnu/libm-2.21.so
7ff332765000-7ff332766000 r--p 00106000 08:03 4067581                    /lib/x86_64-linux-gnu/libm-2.21.so
7ff332766000-7ff332767000 rw-p 00107000 08:03 4067581                    /lib/x86_64-linux-gnu/libm-2.21.so
7ff332767000-7ff332857000 r-xp 00000000 08:03 6431929                    /usr/lib/x86_64-linux-gnu/libstdc++.so.6.0.20
7ff332857000-7ff332a57000 ---p 000f0000 08:03 6431929                    /usr/lib/x86_64-linux-gnu/libstdc++.so.6.0.20
7ff332a57000-7ff332a5f000 r--p 000f0000 08:03 6431929                    /usr/lib/x86_64-linux-gnu/libstdc++.so.6.0.20
7ff332a5f000-7ff332a61000 rw-p 000f8000 08:03 6431929                    /usr/lib/x86_64-linux-gnu/libstdc++.so.6.0.20
7ff332a61000-7ff332a76000 rw-p 00000000 00:00 0 
7ff332a76000-7ff333703000 r-xp 00000000 08:03 6425226                    /usr/lib/jvm/java-8-openjdk-amd64/jre/lib/amd64/server/libjvm.so
7ff333703000-7ff333903000 ---p 00c8d000 08:03 6425226                    /usr/lib/jvm/java-8-openjdk-amd64/jre/lib/amd64/server/libjvm.so
7ff333903000-7ff3339a6000 r--p 00c8d000 08:03 6425226                    /usr/lib/jvm/java-8-openjdk-amd64/jre/lib/amd64/server/libjvm.so
7ff3339a6000-7ff3339cf000 rw-p 00d30000 08:03 6425226                    /usr/lib/jvm/java-8-openjdk-amd64/jre/lib/amd64/server/libjvm.so
7ff3339cf000-7ff3339fe000 rw-p 00000000 00:00 0 
7ff3339fe000-7ff333a16000 r-xp 00000000 08:03 4067655                    /lib/x86_64-linux-gnu/libpthread-2.21.so
7ff333a16000-7ff333c16000 ---p 00018000 08:03 4067655                    /lib/x86_64-linux-gnu/libpthread-2.21.so
7ff333c16000-7ff333c17000 r--p 00018000 08:03 4067655                    /lib/x86_64-linux-gnu/libpthread-2.21.so
7ff333c17000-7ff333c18000 rw-p 00019000 08:03 4067655                    /lib/x86_64-linux-gnu/libpthread-2.21.so
7ff333c18000-7ff333c1c000 rw-p 00000000 00:00 0 
7ff333c1c000-7ff333c1f000 r-xp 00000000 08:03 4067539                    /lib/x86_64-linux-gnu/libdl-2.21.so
7ff333c1f000-7ff333e1e000 ---p 00003000 08:03 4067539                    /lib/x86_64-linux-gnu/libdl-2.21.so
7ff333e1e000-7ff333e1f000 r--p 00002000 08:03 4067539                    /lib/x86_64-linux-gnu/libdl-2.21.so
7ff333e1f000-7ff333e20000 rw-p 00003000 08:03 4067539                    /lib/x86_64-linux-gnu/libdl-2.21.so
7ff333e20000-7ff333e39000 r-xp 00000000 08:03 4067696                    /lib/x86_64-linux-gnu/libz.so.1.2.8
7ff333e39000-7ff334039000 ---p 00019000 08:03 4067696                    /lib/x86_64-linux-gnu/libz.so.1.2.8
7ff334039000-7ff33403a000 r--p 00019000 08:03 4067696                    /lib/x86_64-linux-gnu/libz.so.1.2.8
7ff33403a000-7ff33403b000 rw-p 0001a000 08:03 4067696                    /lib/x86_64-linux-gnu/libz.so.1.2.8
7ff33403b000-7ff3341fb000 r-xp 00000000 08:03 4067522                    /lib/x86_64-linux-gnu/libc-2.21.so
7ff3341fb000-7ff3343fb000 ---p 001c0000 08:03 4067522                    /lib/x86_64-linux-gnu/libc-2.21.so
7ff3343fb000-7ff3343ff000 r--p 001c0000 08:03 4067522                    /lib/x86_64-linux-gnu/libc-2.21.so
7ff3343ff000-7ff334401000 rw-p 001c4000 08:03 4067522                    /lib/x86_64-linux-gnu/libc-2.21.so
7ff334401000-7ff334405000 rw-p 00000000 00:00 0 
7ff334405000-7ff334413000 r-xp 00000000 08:03 6425233                    /usr/lib/jvm/java-8-openjdk-amd64/jre/lib/amd64/jli/libjli.so
7ff334413000-7ff334612000 ---p 0000e000 08:03 6425233                    /usr/lib/jvm/java-8-openjdk-amd64/jre/lib/amd64/jli/libjli.so
7ff334612000-7ff334613000 r--p 0000d000 08:03 6425233                    /usr/lib/jvm/java-8-openjdk-amd64/jre/lib/amd64/jli/libjli.so
7ff334613000-7ff334614000 rw-p 0000e000 08:03 6425233                    /usr/lib/jvm/java-8-openjdk-amd64/jre/lib/amd64/jli/libjli.so
7ff334614000-7ff334638000 r-xp 00000000 08:03 4067494                    /lib/x86_64-linux-gnu/ld-2.21.so
7ff334638000-7ff334639000 rw-s 11ad61000 00:06 15014                     /dev/nvidiactl
7ff334639000-7ff33463b000 r--s 00000000 08:03 6302360                    /home/elect/Downloads/jogamp-all-platforms/jar/gluegen-rt-natives-linux-amd64.jar
7ff33463b000-7ff334641000 r--s 0003a000 08:03 6425250                    /usr/lib/jvm/java-8-openjdk-amd64/jre/lib/ext/sunjce_provider.jar
7ff334641000-7ff33470c000 rw-p 00000000 00:00 0 
7ff33470c000-7ff33470f000 ---p 00000000 00:00 0 
7ff33470f000-7ff334812000 rw-p 00000000 00:00 0                          [stack:17101]
7ff334812000-7ff334813000 r--s 00034000 08:03 6302500                    /home/elect/Downloads/jogamp-all-platforms/jar/jogl-all-natives-linux-amd64.jar
7ff334813000-7ff334814000 r--p 00000000 00:00 0 
7ff334814000-7ff334817000 r--s 0000f000 08:03 6425252                    /usr/lib/jvm/java-8-openjdk-amd64/jre/lib/ext/icedtea-sound.jar
7ff334817000-7ff334818000 r--s 00008000 08:03 6425247                    /usr/lib/jvm/java-8-openjdk-amd64/jre/lib/ext/sunec.jar
7ff334818000-7ff33481a000 r--s 00001000 08:03 6425251                    /usr/lib/jvm/java-8-openjdk-amd64/jre/lib/ext/dnsns.jar
7ff33481a000-7ff33481b000 r--s 00010000 08:03 6425249                    /usr/lib/jvm/java-8-openjdk-amd64/jre/lib/ext/zipfs.jar
7ff33481b000-7ff33481e000 r--s 00037000 08:03 6425253                    /usr/lib/jvm/java-8-openjdk-amd64/jre/lib/ext/sunpkcs11.jar
7ff33481e000-7ff334820000 r--s 00006000 08:03 6818084                    /usr/share/java/java-atk-wrapper.jar
7ff334820000-7ff33482b000 r--s 00116000 08:03 6425248                    /usr/lib/jvm/java-8-openjdk-amd64/jre/lib/ext/localedata.jar
7ff33482b000-7ff334833000 rw-s 00000000 08:03 6029371                    /tmp/hsperfdata_elect/17099
7ff334833000-7ff334834000 rw-p 00000000 00:00 0 
7ff334834000-7ff334835000 r--p 00000000 00:00 0 
7ff334835000-7ff334837000 rw-p 00000000 00:00 0 
7ff334837000-7ff334838000 r--p 00023000 08:03 4067494                    /lib/x86_64-linux-gnu/ld-2.21.so
7ff334838000-7ff334839000 rw-p 00024000 08:03 4067494                    /lib/x86_64-linux-gnu/ld-2.21.so
7ff334839000-7ff33483a000 rw-p 00000000 00:00 0 
7ffe83989000-7ffe839aa000 rw-p 00000000 00:00 0                          [stack]
7ffe839c6000-7ffe839c8000 r--p 00000000 00:00 0                          [vvar]
7ffe839c8000-7ffe839ca000 r-xp 00000000 00:00 0                          [vdso]
ffffffffff600000-ffffffffff601000 r-xp 00000000 00:00 0                  [vsyscall]

VM Arguments:
jvm_args: -Xdebug -Xrunjdwp:transport=dt_socket,address=localhost:37440 -Dfile.encoding=UTF-8 
java_command: test.Main
java_class_path (initial): /home/elect/Downloads/jogamp-all-platforms/jar/gluegen-rt.jar:/home/elect/Downloads/jogamp-all-platforms/jar/jogl-all.jar:/home/elect/NetBeansProjects/jgli/Jgli/build/classes
Launcher Type: SUN_STANDARD

Environment Variables:
PATH=/usr/local/sbin:/usr/local/bin:/usr/sbin:/usr/bin:/sbin:/bin:/usr/games:/usr/local/games
LD_LIBRARY_PATH=/usr/lib/jvm/java-8-openjdk-amd64/jre/lib/amd64:/usr/lib/jvm/java-8-openjdk-amd64/jre/lib/i386:
SHELL=/bin/bash
DISPLAY=:0

Signal Handlers:
SIGSEGV: [libjvm.so+0xa90d80], sa_mask[0]=11111111011111111101111111111110, sa_flags=SA_RESTART|SA_SIGINFO
SIGBUS: [libjvm.so+0xa90d80], sa_mask[0]=11111111011111111101111111111110, sa_flags=SA_RESTART|SA_SIGINFO
SIGFPE: [libjvm.so+0x8dbc70], sa_mask[0]=11111111011111111101111111111110, sa_flags=SA_RESTART|SA_SIGINFO
SIGPIPE: [libjvm.so+0x8dbc70], sa_mask[0]=11111111011111111101111111111110, sa_flags=SA_RESTART|SA_SIGINFO
SIGXFSZ: [libjvm.so+0x8dbc70], sa_mask[0]=11111111011111111101111111111110, sa_flags=SA_RESTART|SA_SIGINFO
SIGILL: [libjvm.so+0x8dbc70], sa_mask[0]=11111111011111111101111111111110, sa_flags=SA_RESTART|SA_SIGINFO
SIGUSR1: SIG_DFL, sa_mask[0]=00000000000000000000000000000000, sa_flags=none
SIGUSR2: [libjvm.so+0x8dbb20], sa_mask[0]=00100000000000000000000000000000, sa_flags=SA_RESTART|SA_SIGINFO
SIGHUP: [libjvm.so+0x8dbd40], sa_mask[0]=11111111011111111101111111111110, sa_flags=SA_RESTART|SA_SIGINFO
SIGINT: SIG_IGN, sa_mask[0]=00000000000000000000000000000000, sa_flags=none
SIGTERM: [libjvm.so+0x8dbd40], sa_mask[0]=11111111011111111101111111111110, sa_flags=SA_RESTART|SA_SIGINFO
SIGQUIT: [libjvm.so+0x8dbd40], sa_mask[0]=11111111011111111101111111111110, sa_flags=SA_RESTART|SA_SIGINFO


---------------  S Y S T E M  ---------------

OS:DISTRIB_ID=Ubuntu
DISTRIB_RELEASE=15.04
DISTRIB_CODENAME=vivid
DISTRIB_DESCRIPTION="Ubuntu 15.04"

uname:Linux 3.19.0-29-generic #31-Ubuntu SMP Wed Sep 9 16:56:41 UTC 2015 x86_64
libc:glibc 2.21 NPTL 2.21 
rlimit: STACK 8192k, CORE 0k, NPROC 31805, NOFILE 65536, AS infinity
load average:1,00 0,80 0,68

/proc/meminfo:
MemTotal:        8164552 kB
MemFree:         2683044 kB
MemAvailable:    4054684 kB
Buffers:          324244 kB
Cached:          1215348 kB
SwapCached:          248 kB
Active:          4336468 kB
Inactive:         883912 kB
Active(anon):    3358276 kB
Inactive(anon):   358020 kB
Active(file):     978192 kB
Inactive(file):   525892 kB
Unevictable:          32 kB
Mlocked:              32 kB
SwapTotal:       1048572 kB
SwapFree:        1047052 kB
Dirty:              1172 kB
Writeback:             0 kB
AnonPages:       3680604 kB
Mapped:           363768 kB
Shmem:             35512 kB
Slab:             110304 kB
SReclaimable:      72984 kB
SUnreclaim:        37320 kB
KernelStack:       13312 kB
PageTables:        35964 kB
NFS_Unstable:          0 kB
Bounce:                0 kB
WritebackTmp:          0 kB
CommitLimit:     5130848 kB
Committed_AS:    8804216 kB
VmallocTotal:   34359738367 kB
VmallocUsed:      325900 kB
VmallocChunk:   34359403516 kB
HardwareCorrupted:     0 kB
AnonHugePages:   1994752 kB
CmaTotal:              0 kB
CmaFree:               0 kB
HugePages_Total:       0
HugePages_Free:        0
HugePages_Rsvd:        0
HugePages_Surp:        0
Hugepagesize:       2048 kB
DirectMap4k:      288192 kB
DirectMap2M:     8091648 kB


CPU:total 4 (4 cores per cpu, 1 threads per core) family 6 model 30 stepping 5, cmov, cx8, fxsr, mmx, sse, sse2, sse3, ssse3, sse4.1, sse4.2, popcnt, tsc, tscinvbit

/proc/cpuinfo:
processor	: 0
vendor_id	: GenuineIntel
cpu family	: 6
model		: 30
model name	: Intel(R) Core(TM) i5 CPU         750  @ 2.67GHz
stepping	: 5
microcode	: 0x7
cpu MHz		: 2133.000
cache size	: 8192 KB
physical id	: 0
siblings	: 4
core id		: 0
cpu cores	: 4
apicid		: 0
initial apicid	: 0
fpu		: yes
fpu_exception	: yes
cpuid level	: 11
wp		: yes
flags		: fpu vme de pse tsc msr pae mce cx8 apic sep mtrr pge mca cmov pat pse36 clflush dts acpi mmx fxsr sse sse2 ss ht tm pbe syscall nx rdtscp lm constant_tsc arch_perfmon pebs bts rep_good nopl xtopology nonstop_tsc aperfmperf pni dtes64 monitor ds_cpl vmx smx est tm2 ssse3 cx16 xtpr pdcm sse4_1 sse4_2 popcnt lahf_lm ida dtherm tpr_shadow vnmi flexpriority ept vpid
bugs		:
bogomips	: 5352.29
clflush size	: 64
cache_alignment	: 64
address sizes	: 36 bits physical, 48 bits virtual
power management:

processor	: 1
vendor_id	: GenuineIntel
cpu family	: 6
model		: 30
model name	: Intel(R) Core(TM) i5 CPU         750  @ 2.67GHz
stepping	: 5
microcode	: 0x7
cpu MHz		: 2000.000
cache size	: 8192 KB
physical id	: 0
siblings	: 4
core id		: 1
cpu cores	: 4
apicid		: 2
initial apicid	: 2
fpu		: yes
fpu_exception	: yes
cpuid level	: 11
wp		: yes
flags		: fpu vme de pse tsc msr pae mce cx8 apic sep mtrr pge mca cmov pat pse36 clflush dts acpi mmx fxsr sse sse2 ss ht tm pbe syscall nx rdtscp lm constant_tsc arch_perfmon pebs bts rep_good nopl xtopology nonstop_tsc aperfmperf pni dtes64 monitor ds_cpl vmx smx est tm2 ssse3 cx16 xtpr pdcm sse4_1 sse4_2 popcnt lahf_lm ida dtherm tpr_shadow vnmi flexpriority ept vpid
bugs		:
bogomips	: 5352.29
clflush size	: 64
cache_alignment	: 64
address sizes	: 36 bits physical, 48 bits virtual
power management:

processor	: 2
vendor_id	: GenuineIntel
cpu family	: 6
model		: 30
model name	: Intel(R) Core(TM) i5 CPU         750  @ 2.67GHz
stepping	: 5
microcode	: 0x7
cpu MHz		: 2668.000
cache size	: 8192 KB
physical id	: 0
siblings	: 4
core id		: 2
cpu cores	: 4
apicid		: 4
initial apicid	: 4
fpu		: yes
fpu_exception	: yes
cpuid level	: 11
wp		: yes
flags		: fpu vme de pse tsc msr pae mce cx8 apic sep mtrr pge mca cmov pat pse36 clflush dts acpi mmx fxsr sse sse2 ss ht tm pbe syscall nx rdtscp lm constant_tsc arch_perfmon pebs bts rep_good nopl xtopology nonstop_tsc aperfmperf pni dtes64 monitor ds_cpl vmx smx est tm2 ssse3 cx16 xtpr pdcm sse4_1 sse4_2 popcnt lahf_lm ida dtherm tpr_shadow vnmi flexpriority ept vpid
bugs		:
bogomips	: 5352.29
clflush size	: 64
cache_alignment	: 64
address sizes	: 36 bits physical, 48 bits virtual
power management:

processor	: 3
vendor_id	: GenuineIntel
cpu family	: 6
model		: 30
model name	: Intel(R) Core(TM) i5 CPU         750  @ 2.67GHz
stepping	: 5
microcode	: 0x7
cpu MHz		: 2133.000
cache size	: 8192 KB
physical id	: 0
siblings	: 4
core id		: 3
cpu cores	: 4
apicid		: 6
initial apicid	: 6
fpu		: yes
fpu_exception	: yes
cpuid level	: 11
wp		: yes
flags		: fpu vme de pse tsc msr pae mce cx8 apic sep mtrr pge mca cmov pat pse36 clflush dts acpi mmx fxsr sse sse2 ss ht tm pbe syscall nx rdtscp lm constant_tsc arch_perfmon pebs bts rep_good nopl xtopology nonstop_tsc aperfmperf pni dtes64 monitor ds_cpl vmx smx est tm2 ssse3 cx16 xtpr pdcm sse4_1 sse4_2 popcnt lahf_lm ida dtherm tpr_shadow vnmi flexpriority ept vpid
bugs		:
bogomips	: 5352.29
clflush size	: 64
cache_alignment	: 64
address sizes	: 36 bits physical, 48 bits virtual
power management:



Memory: 4k page, physical 8164552k(2683044k free), swap 1048572k(1047052k free)

vm_info: OpenJDK 64-Bit Server VM (25.45-b02) for linux-amd64 JRE (1.8.0_45-internal-b14), built on Apr 20 2015 00:35:04 by "buildd" with gcc 4.9.2

time: Sun Sep 13 16:05:36 2015
elapsed time: 42 seconds (0d 0h 0m 42s)

