#
# A fatal error has been detected by the Java Runtime Environment:
#
#  SIGSEGV (0xb) at pc=0x00007f19e978f330, pid=12299, tid=139750222034688
#
# JRE version: OpenJDK Runtime Environment (8.0_45-b14) (build 1.8.0_45-internal-b14)
# Java VM: OpenJDK 64-Bit Server VM (25.45-b02 mixed mode linux-amd64 compressed oops)
# Problematic frame:
# C  [libGL.so.1+0x51330]
#
# Failed to write core dump. Core dumps have been disabled. To enable core dumping, try "ulimit -c unlimited" before starting Java again
#
# If you would like to submit a bug report, please visit:
#   http://bugreport.java.com/bugreport/crash.jsp
# The crash happened outside the Java Virtual Machine in native code.
# See problematic frame for where to report the bug.
#

---------------  T H R E A D  ---------------

Current thread (0x00007f1a480bc800):  JavaThread "JDWP Transport Listener: dt_socket" daemon [_thread_in_native, id=12312, stack(0x00007f1a22477000,0x00007f1a22578000)]

siginfo: si_signo: 11 (SIGSEGV), si_code: 1 (SEGV_MAPERR), si_addr: 0x0000000000000018

Registers:
RAX=0x0000000000000000, RBX=0x00007f19d7ff7ce0, RCX=0x0000000000000001, RDX=0x00007f19d54ba000
RSP=0x00007f1a22575120, RBP=0x00007f19c0196be0, RSI=0x0000000000000001, RDI=0x00007f19e9a68440
R8 =0x0000000000000000, R9 =0x0000000000000000, R10=0x000000000009a000, R11=0x0000000000000246
R12=0x00007f1a225751c0, R13=0x00007f1a225751b8, R14=0x00007f1a225751b0, R15=0x0000000000000000
RIP=0x00007f19e978f330, EFLAGS=0x0000000000010206, CSGSFS=0x0000000000000033, ERR=0x0000000000000004
  TRAPNO=0x000000000000000e

Top of Stack: (sp=0x00007f1a22575120)
0x00007f1a22575120:   0000000000000000 00007f19d7ff7ce0
0x00007f1a22575130:   0000000000000000 0000000000000000
0x00007f1a22575140:   00007f19d7ff9a40 00007f19e97f0ed3
0x00007f1a22575150:   00007f19d7ff7ce0 00007f1a225751c0
0x00007f1a22575160:   00007f1a225751b8 00007f1a225751b0
0x00007f1a22575170:   00007f1a22575220 0000000100000026
0x00007f1a22575180:   00007f19e978f2d0 00007f19e978f3f0
0x00007f1a22575190:   00007f19e978f2f0 0000000000000000
0x00007f1a225751a0:   00007f19c0196be0 0000000000000002
0x00007f1a225751b0:   00007f1a22576248 00007f19d6cfbe12
0x00007f1a225751c0:   00007f19d54ba000 00007f19d7ff7ce0
0x00007f1a225751d0:   00007f19c0196be0 00007f1a22575220
0x00007f1a225751e0:   00007f1a225762a0 00007f19d7ff9a40
0x00007f1a225751f0:   00007f19b800eda0 00007f19d6cfff28
0x00007f1a22575200:   0000000000000000 0000000000000000
0x00007f1a22575210:   0000000000000001 00007f1a22577700
0x00007f1a22575220:   00007f19c0196be0 0000000000000000
0x00007f1a22575230:   0000000000000000 0000000000000000
0x00007f1a22575240:   0000000000000000 0000000000000000
0x00007f1a22575250:   0000000000000000 0000000000000000
0x00007f1a22575260:   0000000000000000 0000000000000000
0x00007f1a22575270:   0000000000000000 0000000000000000
0x00007f1a22575280:   0000000000000000 0000000000000000
0x00007f1a22575290:   0000000000000000 0000000000000000
0x00007f1a225752a0:   0000000000000000 0000000000000000
0x00007f1a225752b0:   0000000000000000 0000000000000000
0x00007f1a225752c0:   0000000000000000 0000000000000000
0x00007f1a225752d0:   0000000000000000 0000000000000000
0x00007f1a225752e0:   0000000000000000 0000000000000000
0x00007f1a225752f0:   0000000000000000 0000000000000000
0x00007f1a22575300:   0000000000000000 0000000000000000
0x00007f1a22575310:   0000000000000000 0000000000000000 

Instructions: (pc=0x00007f19e978f330)
0x00007f19e978f310:   00 00 49 89 d5 49 89 ce 48 89 df e8 00 12 00 00
0x00007f19e978f320:   48 8b 93 c8 24 05 00 48 8b 5c 24 08 49 89 14 24
0x00007f19e978f330:   48 8b 50 18 48 83 c0 20 4c 8b 64 24 10 49 89 55
0x00007f19e978f340:   00 49 89 06 4c 8b 6c 24 18 4c 8b 74 24 20 48 83 

Register to memory mapping:

RAX=0x0000000000000000 is an unknown value
RBX=0x00007f19d7ff7ce0: _nv017glcore+0 in /usr/lib/x86_64-linux-gnu/libnvidia-glcore.so.352.41 at 0x00007f19d556e000
RCX=0x0000000000000001 is an unknown value
RDX=0x00007f19d54ba000 is an unknown value
RSP=0x00007f1a22575120 is pointing into the stack for thread: 0x00007f1a480bc800
RBP=0x00007f19c0196be0 is an unknown value
RSI=0x0000000000000001 is an unknown value
RDI=0x00007f19e9a68440: <offset 0x32a440> in /usr/lib/x86_64-linux-gnu/libGL.so.1 at 0x00007f19e973e000
R8 =0x0000000000000000 is an unknown value
R9 =0x0000000000000000 is an unknown value
R10=0x000000000009a000 is an unknown value
R11=0x0000000000000246 is an unknown value
R12=0x00007f1a225751c0 is pointing into the stack for thread: 0x00007f1a480bc800
R13=0x00007f1a225751b8 is pointing into the stack for thread: 0x00007f1a480bc800
R14=0x00007f1a225751b0 is pointing into the stack for thread: 0x00007f1a480bc800
R15=0x0000000000000000 is an unknown value


Stack: [0x00007f1a22477000,0x00007f1a22578000],  sp=0x00007f1a22575120,  free space=1016k
Native frames: (J=compiled Java code, j=interpreted, Vv=VM code, C=native code)
C  [libGL.so.1+0x51330]


---------------  P R O C E S S  ---------------

Java Threads: ( => current thread )
  0x00007f1a4800d000 JavaThread "DestroyJavaVM" [_thread_blocked, id=12300, stack(0x00007f1a506ce000,0x00007f1a507cf000)]
  0x00007f1a483c6000 JavaThread "main-AWTAnimator#00" [_thread_in_native, id=12339, stack(0x00007f19d4bf1000,0x00007f19d4cf2000)]
  0x00007f1a483bd000 JavaThread "main-Display-.x11_:0-1-EDT-1" daemon [_thread_blocked, id=12338, stack(0x00007f19d4ee6000,0x00007f19d4fe7000)]
  0x00007f1a4863f800 JavaThread "main-SharedResourceRunner" daemon [_thread_blocked, id=12337, stack(0x00007f19e869c000,0x00007f19e879d000)]
  0x00007f1a483fe800 JavaThread "main-SharedResourceRunner" daemon [_thread_blocked, id=12336, stack(0x00007f19e9186000,0x00007f19e9287000)]
  0x00007f19dc00d800 JavaThread "org.netbeans.modules.debugger.jpda.visual AWT Access Loop" daemon [_thread_blocked, id=12335, stack(0x00007f19ea691000,0x00007f19ea792000)]
  0x00007f1a48306800 JavaThread "AWT-XAWT" daemon [_thread_in_native, id=12332, stack(0x00007f19eaf9e000,0x00007f19eb09f000)]
  0x00007f1a482e2800 JavaThread "Java2D Disposer" daemon [_thread_blocked, id=12331, stack(0x00007f1a214e2000,0x00007f1a215e3000)]
  0x00007f1a4825c000 JavaThread "process reaper" daemon [_thread_blocked, id=12326, stack(0x00007f1a21d0e000,0x00007f1a21d47000)]
  0x00007f1a480ca800 JavaThread "Service Thread" daemon [_thread_blocked, id=12321, stack(0x00007f1a21e71000,0x00007f1a21f72000)]
  0x00007f1a480c7800 JavaThread "C1 CompilerThread2" daemon [_thread_blocked, id=12320, stack(0x00007f1a21f72000,0x00007f1a22073000)]
  0x00007f1a480c5800 JavaThread "C2 CompilerThread1" daemon [_thread_blocked, id=12319, stack(0x00007f1a22073000,0x00007f1a22174000)]
  0x00007f1a480c2800 JavaThread "C2 CompilerThread0" daemon [_thread_blocked, id=12318, stack(0x00007f1a22174000,0x00007f1a22275000)]
  0x00007f1a480c0000 JavaThread "JDWP Event Helper Thread" daemon [_thread_blocked, id=12314, stack(0x00007f1a22376000,0x00007f1a22477000)]
=>0x00007f1a480bc800 JavaThread "JDWP Transport Listener: dt_socket" daemon [_thread_in_native, id=12312, stack(0x00007f1a22477000,0x00007f1a22578000)]
  0x00007f1a480ab800 JavaThread "Signal Dispatcher" daemon [_thread_blocked, id=12311, stack(0x00007f1a2277d000,0x00007f1a2287e000)]
  0x00007f1a48082000 JavaThread "Finalizer" daemon [_thread_blocked, id=12310, stack(0x00007f1a2287e000,0x00007f1a2297f000)]
  0x00007f1a48080000 JavaThread "Reference Handler" daemon [_thread_blocked, id=12309, stack(0x00007f1a2297f000,0x00007f1a22a80000)]

Other Threads:
  0x00007f1a4807a800 VMThread [stack: 0x00007f1a22a80000,0x00007f1a22b81000] [id=12308]
  0x00007f1a480cd000 WatcherThread [stack: 0x00007f1a21d70000,0x00007f1a21e71000] [id=12322]

VM state:not at safepoint (normal execution)

VM Mutex/Monitor currently owned by a thread: None

Heap:
 PSYoungGen      total 37888K, used 24028K [0x00000000d6780000, 0x00000000d9180000, 0x0000000100000000)
  eden space 32768K, 60% used [0x00000000d6780000,0x00000000d7afa6b8,0x00000000d8780000)
  from space 5120K, 79% used [0x00000000d8c80000,0x00000000d907cab0,0x00000000d9180000)
  to   space 5120K, 0% used [0x00000000d8780000,0x00000000d8780000,0x00000000d8c80000)
 ParOldGen       total 86016K, used 1853K [0x0000000083600000, 0x0000000088a00000, 0x00000000d6780000)
  object space 86016K, 2% used [0x0000000083600000,0x00000000837cf7d0,0x0000000088a00000)
 Metaspace       used 14355K, capacity 14548K, committed 14720K, reserved 1062912K
  class space    used 1328K, capacity 1408K, committed 1408K, reserved 1048576K

Card table byte_map: [0x00007f1a38c1a000,0x00007f1a39000000] byte_map_base: 0x00007f1a387ff000

Marking Bits: (ParMarkBitMap*) 0x00007f1a4f9a4e80
 Begin Bits: [0x00007f1a241b0000, 0x00007f1a260d8000)
 End Bits:   [0x00007f1a260d8000, 0x00007f1a28000000)

Polling page: 0x00007f1a507f6000

CodeCache: size=245760Kb used=4280Kb max_used=4297Kb free=241479Kb
 bounds [0x00007f1a39000000, 0x00007f1a39440000, 0x00007f1a48000000]
 total_blobs=1906 nmethods=1029 adapters=801
 compilation: enabled

Compilation events (10 events):
Event: 13,298 Thread 0x00007f1a480c7800 1026       3       org.netbeans.modules.debugger.jpda.visual.remote.RemoteAWTService::access$400 (4 bytes)
Event: 13,298 Thread 0x00007f1a480c7800 nmethod 1026 0x00007f1a393d1690 code [0x00007f1a393d17e0, 0x00007f1a393d1910]
Event: 14,152 Thread 0x00007f1a480c7800 1027       1       jogamp.newt.DefaultEDTUtil::access$100 (4 bytes)
Event: 14,152 Thread 0x00007f1a480c7800 nmethod 1027 0x00007f1a393d13d0 code [0x00007f1a393d1520, 0x00007f1a393d1610]
Event: 20,211 Thread 0x00007f1a480c7800 1028 % !   3       com.jogamp.opengl.util.Animator$MainLoop::run @ 96 (851 bytes)
Event: 20,215 Thread 0x00007f1a480c7800 nmethod 1028% 0x00007f1a393e20d0 code [0x00007f1a393e2560, 0x00007f1a393e5c38]
Event: 20,476 Thread 0x00007f1a480c7800 1029   !   3       com.jogamp.opengl.util.Animator$MainLoop::run (851 bytes)
Event: 20,481 Thread 0x00007f1a480c7800 nmethod 1029 0x00007f1a39404190 code [0x00007f1a39404620, 0x00007f1a394079d8]
Event: 22,952 Thread 0x00007f1a480c5800 1030 % !   4       com.jogamp.opengl.util.Animator$MainLoop::run @ 96 (851 bytes)
Event: 22,978 Thread 0x00007f1a480c5800 nmethod 1030% 0x00007f1a393fdf50 code [0x00007f1a393fe260, 0x00007f1a393ffad0]

GC Heap History (4 events):
Event: 5,359 GC heap before
{Heap before GC invocations=1 (full 0):
 PSYoungGen      total 37888K, used 32768K [0x00000000d6780000, 0x00000000d9180000, 0x0000000100000000)
  eden space 32768K, 100% used [0x00000000d6780000,0x00000000d8780000,0x00000000d8780000)
  from space 5120K, 0% used [0x00000000d8c80000,0x00000000d8c80000,0x00000000d9180000)
  to   space 5120K, 0% used [0x00000000d8780000,0x00000000d8780000,0x00000000d8c80000)
 ParOldGen       total 86016K, used 0K [0x0000000083600000, 0x0000000088a00000, 0x00000000d6780000)
  object space 86016K, 0% used [0x0000000083600000,0x0000000083600000,0x0000000088a00000)
 Metaspace       used 14338K, capacity 14548K, committed 14720K, reserved 1062912K
  class space    used 1328K, capacity 1408K, committed 1408K, reserved 1048576K
Event: 5,368 GC heap after
Heap after GC invocations=1 (full 0):
 PSYoungGen      total 37888K, used 5102K [0x00000000d6780000, 0x00000000d9180000, 0x0000000100000000)
  eden space 32768K, 0% used [0x00000000d6780000,0x00000000d6780000,0x00000000d8780000)
  from space 5120K, 99% used [0x00000000d8780000,0x00000000d8c7bb98,0x00000000d8c80000)
  to   space 5120K, 0% used [0x00000000d8c80000,0x00000000d8c80000,0x00000000d9180000)
 ParOldGen       total 86016K, used 1845K [0x0000000083600000, 0x0000000088a00000, 0x00000000d6780000)
  object space 86016K, 2% used [0x0000000083600000,0x00000000837cd7d0,0x0000000088a00000)
 Metaspace       used 14338K, capacity 14548K, committed 14720K, reserved 1062912K
  class space    used 1328K, capacity 1408K, committed 1408K, reserved 1048576K
}
Event: 16,292 GC heap before
{Heap before GC invocations=2 (full 0):
 PSYoungGen      total 37888K, used 37870K [0x00000000d6780000, 0x00000000d9180000, 0x0000000100000000)
  eden space 32768K, 100% used [0x00000000d6780000,0x00000000d8780000,0x00000000d8780000)
  from space 5120K, 99% used [0x00000000d8780000,0x00000000d8c7bb98,0x00000000d8c80000)
  to   space 5120K, 0% used [0x00000000d8c80000,0x00000000d8c80000,0x00000000d9180000)
 ParOldGen       total 86016K, used 1845K [0x0000000083600000, 0x0000000088a00000, 0x00000000d6780000)
  object space 86016K, 2% used [0x0000000083600000,0x00000000837cd7d0,0x0000000088a00000)
 Metaspace       used 14347K, capacity 14548K, committed 14720K, reserved 1062912K
  class space    used 1328K, capacity 1408K, committed 1408K, reserved 1048576K
Event: 16,299 GC heap after
Heap after GC invocations=2 (full 0):
 PSYoungGen      total 37888K, used 4082K [0x00000000d6780000, 0x00000000d9180000, 0x0000000100000000)
  eden space 32768K, 0% used [0x00000000d6780000,0x00000000d6780000,0x00000000d8780000)
  from space 5120K, 79% used [0x00000000d8c80000,0x00000000d907cab0,0x00000000d9180000)
  to   space 5120K, 0% used [0x00000000d8780000,0x00000000d8780000,0x00000000d8c80000)
 ParOldGen       total 86016K, used 1853K [0x0000000083600000, 0x0000000088a00000, 0x00000000d6780000)
  object space 86016K, 2% used [0x0000000083600000,0x00000000837cf7d0,0x0000000088a00000)
 Metaspace       used 14347K, capacity 14548K, committed 14720K, reserved 1062912K
  class space    used 1328K, capacity 1408K, committed 1408K, reserved 1048576K
}

Deoptimization events (0 events):
No events

Internal exceptions (10 events):
Event: 0,197 Thread 0x00007f1a4800d000 Exception <a 'java/security/PrivilegedActionException'> (0x00000000d6bb9f50) thrown at [/build/buildd/openjdk-8-8u45-b14/src/hotspot/src/share/vm/prims/jvm.cpp, line 1382]
Event: 0,197 Thread 0x00007f1a4800d000 Exception <a 'java/security/PrivilegedActionException'> (0x00000000d6bba970) thrown at [/build/buildd/openjdk-8-8u45-b14/src/hotspot/src/share/vm/prims/jvm.cpp, line 1382]
Event: 0,197 Thread 0x00007f1a4800d000 Exception <a 'java/security/PrivilegedActionException'> (0x00000000d6bbab28) thrown at [/build/buildd/openjdk-8-8u45-b14/src/hotspot/src/share/vm/prims/jvm.cpp, line 1382]
Event: 0,264 Thread 0x00007f1a4800d000 Exception <a 'java/lang/NoSuchFieldError': method resolution failed> (0x00000000d6d07960) thrown at [/build/buildd/openjdk-8-8u45-b14/src/hotspot/src/share/vm/prims/methodHandles.cpp, line 1125]
Event: 0,266 Thread 0x00007f1a4800d000 Exception <a 'java/lang/NoSuchFieldError': method resolution failed> (0x00000000d6d163d0) thrown at [/build/buildd/openjdk-8-8u45-b14/src/hotspot/src/share/vm/prims/methodHandles.cpp, line 1125]
Event: 0,328 Thread 0x00007f1a4800d000 Exception <a 'java/io/FileNotFoundException'> (0x00000000d6f8fdf8) thrown at [/build/buildd/openjdk-8-8u45-b14/src/hotspot/src/share/vm/prims/jni.cpp, line 709]
Event: 0,340 Thread 0x00007f1a4800d000 Exception <a 'java/lang/ClassNotFoundException': sun/dc/DuctusRenderingEngine> (0x00000000d6f9c590) thrown at [/build/buildd/openjdk-8-8u45-b14/src/hotspot/src/share/vm/classfile/systemDictionary.cpp, line 210]
Event: 0,934 Thread 0x00007f1a4800d000 Exception <a 'java/lang/InterruptedException'> (0x00000000d7b6eee8) thrown at [/build/buildd/openjdk-8-8u45-b14/src/hotspot/src/share/vm/runtime/objectMonitor.cpp, line 1683]
Event: 1,097 Thread 0x00007f1a4800d000 Exception <a 'java/lang/InterruptedException'> (0x00000000d7e09e30) thrown at [/build/buildd/openjdk-8-8u45-b14/src/hotspot/src/share/vm/runtime/objectMonitor.cpp, line 1683]
Event: 1,132 Thread 0x00007f1a4800d000 Exception <a 'java/lang/InterruptedException'> (0x00000000d7e10128) thrown at [/build/buildd/openjdk-8-8u45-b14/src/hotspot/src/share/vm/runtime/objectMonitor.cpp, line 1683]

Events (10 events):
Event: 5,375 Executing VM operation: RevokeBias
Event: 5,375 Executing VM operation: RevokeBias done
Event: 5,375 Executing VM operation: RevokeBias
Event: 5,375 Executing VM operation: RevokeBias done
Event: 5,375 Executing VM operation: RevokeBias
Event: 5,375 Executing VM operation: RevokeBias done
Event: 5,375 Executing VM operation: RevokeBias
Event: 5,375 Executing VM operation: RevokeBias done
Event: 16,292 Executing VM operation: ParallelGCFailedAllocation
Event: 16,299 Executing VM operation: ParallelGCFailedAllocation done


Dynamic libraries:
00400000-00401000 r-xp 00000000 08:03 6425286                            /usr/lib/jvm/java-8-openjdk-amd64/jre/bin/java
00600000-00601000 r--p 00000000 08:03 6425286                            /usr/lib/jvm/java-8-openjdk-amd64/jre/bin/java
00601000-00602000 rw-p 00001000 08:03 6425286                            /usr/lib/jvm/java-8-openjdk-amd64/jre/bin/java
00761000-00782000 rw-p 00000000 00:00 0                                  [heap]
411ad000-4124c000 rw-p 00000000 00:00 0 
4144e000-414ed000 rw-p 00000000 00:00 0 
41a5a000-41a5c000 r-xs 00000000 08:03 6029398                            /tmp/.glsoPK5Z (deleted)
83600000-88a00000 rw-p 00000000 00:00 0 
88a00000-d6780000 ---p 00000000 00:00 0 
d6780000-d9180000 rw-p 00000000 00:00 0 
d9180000-100000000 ---p 00000000 00:00 0 
100000000-100160000 rw-p 00000000 00:00 0 
100160000-140000000 ---p 00000000 00:00 0 
7f19b8000000-7f19b83e6000 rw-p 00000000 00:00 0 
7f19b83e6000-7f19bc000000 ---p 00000000 00:00 0 
7f19c0000000-7f19c0387000 rw-p 00000000 00:00 0 
7f19c0387000-7f19c4000000 ---p 00000000 00:00 0 
7f19c4000000-7f19c43a6000 rw-p 00000000 00:00 0 
7f19c43a6000-7f19c8000000 ---p 00000000 00:00 0 
7f19c972d000-7f19cb285000 r-xp 00000000 08:03 6422576                    /usr/lib/x86_64-linux-gnu/libnvidia-eglcore.so.352.41
7f19cb285000-7f19cb484000 ---p 01b58000 08:03 6422576                    /usr/lib/x86_64-linux-gnu/libnvidia-eglcore.so.352.41
7f19cb484000-7f19cbff0000 rw-p 01b57000 08:03 6422576                    /usr/lib/x86_64-linux-gnu/libnvidia-eglcore.so.352.41
7f19cbff0000-7f19cc000000 rw-p 00000000 00:00 0 
7f19cc000000-7f19cc803000 rw-p 00000000 00:00 0 
7f19cc803000-7f19d0000000 ---p 00000000 00:00 0 
7f19d0000000-7f19d0021000 rw-p 00000000 00:00 0 
7f19d0021000-7f19d4000000 ---p 00000000 00:00 0 
7f19d47e3000-7f19d49e3000 rw-s 3cac8000 00:06 15014                      /dev/nvidiactl
7f19d49e3000-7f19d49f4000 r--s 00000000 08:03 2097906                    /home/elect/NetBeansProjects/jgli/Jgli/build/classes/test/data/kueken7_a8_unorm.dds
7f19d49f4000-7f19d49f6000 rw-p 00000000 00:00 0 
7f19d49f6000-7f19d4af6000 rw-s 1401a9000 00:06 15014                     /dev/nvidiactl
7f19d4af6000-7f19d4b09000 rw-s 140a55000 00:06 15014                     /dev/nvidiactl
7f19d4b09000-7f19d4b29000 rw-s d8340000 00:06 15015                      /dev/nvidia0
7f19d4b29000-7f19d4b2a000 rw-s 140a54000 00:06 15014                     /dev/nvidiactl
7f19d4b2a000-7f19d4b2b000 rw-s dfd65000 00:06 15015                      /dev/nvidia0
7f19d4b2b000-7f19d4b6b000 rw-s 27d40000 00:06 15014                      /dev/nvidiactl
7f19d4b6b000-7f19d4b8b000 rw-s 65230000 00:06 15014                      /dev/nvidiactl
7f19d4b8b000-7f19d4b8c000 rw-s dfd65000 00:06 15015                      /dev/nvidia0
7f19d4b8c000-7f19d4bcc000 rw-s 27d6f000 00:06 15014                      /dev/nvidiactl
7f19d4bec000-7f19d4bed000 rw-s fa642000 00:06 15015                      /dev/nvidia0
7f19d4bed000-7f19d4bee000 rw-s 189fc9000 00:06 15014                     /dev/nvidiactl
7f19d4bee000-7f19d4bef000 rw-s fa641000 00:06 15015                      /dev/nvidia0
7f19d4bef000-7f19d4bf0000 rw-s 189fc8000 00:06 15014                     /dev/nvidiactl
7f19d4bf0000-7f19d4bf1000 rw-s 65231000 00:06 15014                      /dev/nvidiactl
7f19d4bf1000-7f19d4bf4000 ---p 00000000 00:00 0 
7f19d4bf4000-7f19d4cf2000 rw-p 00000000 00:00 0                          [stack:12339]
7f19d4cf2000-7f19d4df2000 rw-s 651a4000 00:06 15014                      /dev/nvidiactl
7f19d4df2000-7f19d4e05000 rw-s 2d204000 00:06 15014                      /dev/nvidiactl
7f19d4e05000-7f19d4e25000 rw-s d8300000 00:06 15015                      /dev/nvidia0
7f19d4e25000-7f19d4e26000 rw-s 69453000 00:06 15014                      /dev/nvidiactl
7f19d4e26000-7f19d4e66000 rw-s 140a34000 00:06 15014                     /dev/nvidiactl
7f19d4e66000-7f19d4e86000 rw-s 157e51000 00:06 15014                     /dev/nvidiactl
7f19d4e86000-7f19d4ec6000 rw-s 1fda69000 00:06 15014                     /dev/nvidiactl
7f19d4ec6000-7f19d4ee6000 rw-s 157e54000 00:06 15014                     /dev/nvidiactl
7f19d4ee6000-7f19d4ee9000 ---p 00000000 00:00 0 
7f19d4ee9000-7f19d50e7000 rw-p 00000000 00:00 0                          [stack:12338]
7f19d50e7000-7f19d51e7000 ---p 00000000 00:00 0 
7f19d51e7000-7f19d5267000 rw-s 18ac1b000 00:06 15014                     /dev/nvidiactl
7f19d5267000-7f19d52e7000 rw-s 2076e5000 00:06 15014                     /dev/nvidiactl
7f19d52e7000-7f19d5367000 rw-s 15d4af000 00:06 15014                     /dev/nvidiactl
7f19d5367000-7f19d5467000 rw-s 10bab6000 00:06 15014                     /dev/nvidiactl
7f19d5467000-7f19d547a000 rw-s 157e83000 00:06 15014                     /dev/nvidiactl
7f19d547a000-7f19d54ba000 rw-s 140a77000 00:06 15014                     /dev/nvidiactl
7f19d54ba000-7f19d556e000 rw-s 21f323000 00:06 15014                     /dev/nvidiactl
7f19d556e000-7f19d6f6a000 r-xp 00000000 08:03 6426935                    /usr/lib/x86_64-linux-gnu/libnvidia-glcore.so.352.41
7f19d6f6a000-7f19d6f8a000 rwxp 019fc000 08:03 6426935                    /usr/lib/x86_64-linux-gnu/libnvidia-glcore.so.352.41
7f19d6f8a000-7f19d7251000 r-xp 01a1c000 08:03 6426935                    /usr/lib/x86_64-linux-gnu/libnvidia-glcore.so.352.41
7f19d7251000-7f19d7450000 ---p 01ce3000 08:03 6426935                    /usr/lib/x86_64-linux-gnu/libnvidia-glcore.so.352.41
7f19d7450000-7f19d7fec000 rw-p 01ce2000 08:03 6426935                    /usr/lib/x86_64-linux-gnu/libnvidia-glcore.so.352.41
7f19d7fec000-7f19d8000000 rw-p 00000000 00:00 0 
7f19d8000000-7f19d8021000 rw-p 00000000 00:00 0 
7f19d8021000-7f19dc000000 ---p 00000000 00:00 0 
7f19dc000000-7f19dc021000 rw-p 00000000 00:00 0 
7f19dc021000-7f19e0000000 ---p 00000000 00:00 0 
7f19e0000000-7f19e0021000 rw-p 00000000 00:00 0 
7f19e0021000-7f19e4000000 ---p 00000000 00:00 0 
7f19e4000000-7f19e4021000 rw-p 00000000 00:00 0 
7f19e4021000-7f19e8000000 ---p 00000000 00:00 0 
7f19e8000000-7f19e8001000 rw-s dfd65000 00:06 15015                      /dev/nvidia0
7f19e8001000-7f19e8002000 rw-s dfd65000 00:06 15015                      /dev/nvidia0
7f19e8002000-7f19e8003000 rw-s fa642000 00:06 15015                      /dev/nvidia0
7f19e8003000-7f19e8004000 rw-s 189fc9000 00:06 15014                     /dev/nvidiactl
7f19e8004000-7f19e8024000 rw-s d82c0000 00:06 15015                      /dev/nvidia0
7f19e8024000-7f19e8028000 rw-s 157e38000 00:06 15014                     /dev/nvidiactl
7f19e8028000-7f19e8048000 rw-s 209d81000 00:06 15014                     /dev/nvidiactl
7f19e8048000-7f19e8088000 rw-s b3f65000 00:06 15014                      /dev/nvidiactl
7f19e8088000-7f19e8108000 rw-s 11ada5000 00:06 15014                     /dev/nvidiactl
7f19e8108000-7f19e8188000 rw-s 189f4d000 00:06 15014                     /dev/nvidiactl
7f19e8188000-7f19e8208000 rw-s 15d56c000 00:06 15014                     /dev/nvidiactl
7f19e8208000-7f19e8308000 rw-s 10a414000 00:06 15014                     /dev/nvidiactl
7f19e8308000-7f19e831b000 rw-s 140a79000 00:06 15014                     /dev/nvidiactl
7f19e831b000-7f19e833b000 rw-s d8280000 00:06 15015                      /dev/nvidia0
7f19e833b000-7f19e837b000 rw-s 140305000 00:06 15014                     /dev/nvidiactl
7f19e837b000-7f19e839b000 rw-s 157cdc000 00:06 15014                     /dev/nvidiactl
7f19e839b000-7f19e83db000 rw-s 209d82000 00:06 15014                     /dev/nvidiactl
7f19e83db000-7f19e83e5000 r-xp 00000000 08:03 6423188                    /usr/lib/x86_64-linux-gnu/libGLESv1_CM.so.352.41
7f19e83e5000-7f19e85e5000 ---p 0000a000 08:03 6423188                    /usr/lib/x86_64-linux-gnu/libGLESv1_CM.so.352.41
7f19e85e5000-7f19e85e8000 rw-p 0000a000 08:03 6423188                    /usr/lib/x86_64-linux-gnu/libGLESv1_CM.so.352.41
7f19e85e8000-7f19e869c000 rw-s 21f323000 00:06 15014                     /dev/nvidiactl
7f19e869c000-7f19e869f000 ---p 00000000 00:00 0 
7f19e869f000-7f19e879d000 rw-p 00000000 00:00 0                          [stack:12337]
7f19e879d000-7f19e87f6000 r-xp 00000000 08:03 6029373                    /tmp/jogamp_0000/file_cache/jln9059635405383447137/jln5456995131005226594/libjogl_mobile.so
7f19e87f6000-7f19e89f6000 ---p 00059000 08:03 6029373                    /tmp/jogamp_0000/file_cache/jln9059635405383447137/jln5456995131005226594/libjogl_mobile.so
7f19e89f6000-7f19e89f7000 rw-p 00059000 08:03 6029373                    /tmp/jogamp_0000/file_cache/jln9059635405383447137/jln5456995131005226594/libjogl_mobile.so
7f19e89f7000-7f19e8a65000 r-xp 00000000 08:03 6423014                    /usr/lib/x86_64-linux-gnu/libnvidia-glsi.so.352.41
7f19e8a65000-7f19e8c64000 ---p 0006e000 08:03 6423014                    /usr/lib/x86_64-linux-gnu/libnvidia-glsi.so.352.41
7f19e8c64000-7f19e8c6d000 rw-p 0006d000 08:03 6423014                    /usr/lib/x86_64-linux-gnu/libnvidia-glsi.so.352.41
7f19e8c6d000-7f19e8c7b000 rw-p 00000000 00:00 0 
7f19e8c7b000-7f19e8d38000 r-xp 00000000 08:03 6424032                    /usr/lib/x86_64-linux-gnu/libEGL.so.352.41
7f19e8d38000-7f19e8f38000 ---p 000bd000 08:03 6424032                    /usr/lib/x86_64-linux-gnu/libEGL.so.352.41
7f19e8f38000-7f19e8f5f000 rw-p 000bd000 08:03 6424032                    /usr/lib/x86_64-linux-gnu/libEGL.so.352.41
7f19e8f5f000-7f19e8f73000 rw-p 00000000 00:00 0 
7f19e8f73000-7f19e8f82000 r-xp 00000000 08:03 6423187                    /usr/lib/x86_64-linux-gnu/libGLESv2.so.352.41
7f19e8f82000-7f19e9182000 ---p 0000f000 08:03 6423187                    /usr/lib/x86_64-linux-gnu/libGLESv2.so.352.41
7f19e9182000-7f19e9185000 rw-p 0000f000 08:03 6423187                    /usr/lib/x86_64-linux-gnu/libGLESv2.so.352.41
7f19e9185000-7f19e9186000 rw-p 00000000 00:00 0 
7f19e9186000-7f19e9189000 ---p 00000000 00:00 0 
7f19e9189000-7f19e9287000 rw-p 00000000 00:00 0                          [stack:12336]
7f19e9287000-7f19e933a000 r-xp 00000000 08:03 6029371                    /tmp/jogamp_0000/file_cache/jln9059635405383447137/jln5456995131005226594/libjogl_desktop.so
7f19e933a000-7f19e953a000 ---p 000b3000 08:03 6029371                    /tmp/jogamp_0000/file_cache/jln9059635405383447137/jln5456995131005226594/libjogl_desktop.so
7f19e953a000-7f19e953b000 rw-p 000b3000 08:03 6029371                    /tmp/jogamp_0000/file_cache/jln9059635405383447137/jln5456995131005226594/libjogl_desktop.so
7f19e953b000-7f19e953e000 r-xp 00000000 08:03 6819344                    /usr/lib/x86_64-linux-gnu/tls/libnvidia-tls.so.352.41
7f19e953e000-7f19e973d000 ---p 00003000 08:03 6819344                    /usr/lib/x86_64-linux-gnu/tls/libnvidia-tls.so.352.41
7f19e973d000-7f19e973e000 rw-p 00002000 08:03 6819344                    /usr/lib/x86_64-linux-gnu/tls/libnvidia-tls.so.352.41
7f19e973e000-7f19e97fc000 r-xp 00000000 08:03 6426936                    /usr/lib/x86_64-linux-gnu/libGL.so.352.41
7f19e97fc000-7f19e982f000 rwxp 000be000 08:03 6426936                    /usr/lib/x86_64-linux-gnu/libGL.so.352.41
7f19e982f000-7f19e9841000 r-xp 000f1000 08:03 6426936                    /usr/lib/x86_64-linux-gnu/libGL.so.352.41
7f19e9841000-7f19e9a40000 ---p 00103000 08:03 6426936                    /usr/lib/x86_64-linux-gnu/libGL.so.352.41
7f19e9a40000-7f19e9a68000 rw-p 00102000 08:03 6426936                    /usr/lib/x86_64-linux-gnu/libGL.so.352.41
7f19e9a68000-7f19e9c6e000 rw-p 00000000 00:00 0 
7f19e9c6e000-7f19e9c70000 r-xp 00000000 08:03 6430960                    /usr/lib/x86_64-linux-gnu/libXinerama.so.1.0.0
7f19e9c70000-7f19e9e6f000 ---p 00002000 08:03 6430960                    /usr/lib/x86_64-linux-gnu/libXinerama.so.1.0.0
7f19e9e6f000-7f19e9e70000 r--p 00001000 08:03 6430960                    /usr/lib/x86_64-linux-gnu/libXinerama.so.1.0.0
7f19e9e70000-7f19e9e71000 rw-p 00002000 08:03 6430960                    /usr/lib/x86_64-linux-gnu/libXinerama.so.1.0.0
7f19e9e71000-7f19ea071000 rw-p 00000000 00:00 0 
7f19ea071000-7f19ea07a000 r-xp 00000000 08:03 6430970                    /usr/lib/x86_64-linux-gnu/libXrandr.so.2.2.0
7f19ea07a000-7f19ea279000 ---p 00009000 08:03 6430970                    /usr/lib/x86_64-linux-gnu/libXrandr.so.2.2.0
7f19ea279000-7f19ea27a000 r--p 00008000 08:03 6430970                    /usr/lib/x86_64-linux-gnu/libXrandr.so.2.2.0
7f19ea27a000-7f19ea27b000 rw-p 00009000 08:03 6430970                    /usr/lib/x86_64-linux-gnu/libXrandr.so.2.2.0
7f19ea27b000-7f19ea28a000 r-xp 00000000 08:03 6029376                    /tmp/jogamp_0000/file_cache/jln9059635405383447137/jln5456995131005226594/libnewt.so
7f19ea28a000-7f19ea489000 ---p 0000f000 08:03 6029376                    /tmp/jogamp_0000/file_cache/jln9059635405383447137/jln5456995131005226594/libnewt.so
7f19ea489000-7f19ea48a000 rw-p 0000e000 08:03 6029376                    /tmp/jogamp_0000/file_cache/jln9059635405383447137/jln5456995131005226594/libnewt.so
7f19ea48a000-7f19ea491000 r-xp 00000000 08:03 6029375                    /tmp/jogamp_0000/file_cache/jln9059635405383447137/jln5456995131005226594/libnativewindow_x11.so
7f19ea491000-7f19ea690000 ---p 00007000 08:03 6029375                    /tmp/jogamp_0000/file_cache/jln9059635405383447137/jln5456995131005226594/libnativewindow_x11.so
7f19ea690000-7f19ea691000 rw-p 00006000 08:03 6029375                    /tmp/jogamp_0000/file_cache/jln9059635405383447137/jln5456995131005226594/libnativewindow_x11.so
7f19ea691000-7f19ea694000 ---p 00000000 00:00 0 
7f19ea694000-7f19ea792000 rw-p 00000000 00:00 0                          [stack:12335]
7f19ea792000-7f19ea795000 ---p 00000000 00:00 0 
7f19ea795000-7f19ea893000 rw-p 00000000 00:00 0 
7f19ea893000-7f19ea896000 ---p 00000000 00:00 0 
7f19ea896000-7f19ea994000 rw-p 00000000 00:00 0 
7f19ea994000-7f19ea998000 r-xp 00000000 08:03 6430988                    /usr/lib/x86_64-linux-gnu/libXxf86vm.so.1.0.0
7f19ea998000-7f19eab98000 ---p 00004000 08:03 6430988                    /usr/lib/x86_64-linux-gnu/libXxf86vm.so.1.0.0
7f19eab98000-7f19eab99000 r--p 00004000 08:03 6430988                    /usr/lib/x86_64-linux-gnu/libXxf86vm.so.1.0.0
7f19eab99000-7f19eab9a000 rw-p 00005000 08:03 6430988                    /usr/lib/x86_64-linux-gnu/libXxf86vm.so.1.0.0
7f19eab9a000-7f19eab9c000 r-xp 00000000 08:03 6029374                    /tmp/jogamp_0000/file_cache/jln9059635405383447137/jln5456995131005226594/libnativewindow_awt.so
7f19eab9c000-7f19ead9b000 ---p 00002000 08:03 6029374                    /tmp/jogamp_0000/file_cache/jln9059635405383447137/jln5456995131005226594/libnativewindow_awt.so
7f19ead9b000-7f19ead9c000 rw-p 00001000 08:03 6029374                    /tmp/jogamp_0000/file_cache/jln9059635405383447137/jln5456995131005226594/libnativewindow_awt.so
7f19ead9c000-7f19ead9d000 r-xp 00000000 08:03 6425220                    /usr/lib/jvm/java-8-openjdk-amd64/jre/lib/amd64/libjawt.so
7f19ead9d000-7f19eaf9c000 ---p 00001000 08:03 6425220                    /usr/lib/jvm/java-8-openjdk-amd64/jre/lib/amd64/libjawt.so
7f19eaf9c000-7f19eaf9d000 r--p 00000000 08:03 6425220                    /usr/lib/jvm/java-8-openjdk-amd64/jre/lib/amd64/libjawt.so
7f19eaf9d000-7f19eaf9e000 rw-p 00001000 08:03 6425220                    /usr/lib/jvm/java-8-openjdk-amd64/jre/lib/amd64/libjawt.so
7f19eaf9e000-7f19eafa1000 ---p 00000000 00:00 0 
7f19eafa1000-7f19eb09f000 rw-p 00000000 00:00 0                          [stack:12332]
7f19eb09f000-7f19eb0a4000 r-xp 00000000 08:03 6430952                    /usr/lib/x86_64-linux-gnu/libXfixes.so.3.1.0
7f19eb0a4000-7f19eb2a3000 ---p 00005000 08:03 6430952                    /usr/lib/x86_64-linux-gnu/libXfixes.so.3.1.0
7f19eb2a3000-7f19eb2a4000 r--p 00004000 08:03 6430952                    /usr/lib/x86_64-linux-gnu/libXfixes.so.3.1.0
7f19eb2a4000-7f19eb2a5000 rw-p 00005000 08:03 6430952                    /usr/lib/x86_64-linux-gnu/libXfixes.so.3.1.0
7f19eb2a5000-7f19eb2ae000 r-xp 00000000 08:03 6430944                    /usr/lib/x86_64-linux-gnu/libXcursor.so.1.0.2
7f19eb2ae000-7f19eb4ad000 ---p 00009000 08:03 6430944                    /usr/lib/x86_64-linux-gnu/libXcursor.so.1.0.2
7f19eb4ad000-7f19eb4ae000 r--p 00008000 08:03 6430944                    /usr/lib/x86_64-linux-gnu/libXcursor.so.1.0.2
7f19eb4ae000-7f19eb4af000 rw-p 00009000 08:03 6430944                    /usr/lib/x86_64-linux-gnu/libXcursor.so.1.0.2
7f19eb4af000-7f19eb4d4000 r-xp 00000000 08:03 4067650                    /lib/x86_64-linux-gnu/libpng12.so.0.51.0
7f19eb4d4000-7f19eb6d3000 ---p 00025000 08:03 4067650                    /lib/x86_64-linux-gnu/libpng12.so.0.51.0
7f19eb6d3000-7f19eb6d4000 r--p 00024000 08:03 4067650                    /lib/x86_64-linux-gnu/libpng12.so.0.51.0
7f19eb6d4000-7f19eb6d5000 rw-p 00025000 08:03 4067650                    /lib/x86_64-linux-gnu/libpng12.so.0.51.0
7f19eb6d5000-7f19eb777000 r-xp 00000000 08:03 6429055                    /usr/lib/x86_64-linux-gnu/libfreetype.so.6.11.1
7f19eb777000-7f19eb976000 ---p 000a2000 08:03 6429055                    /usr/lib/x86_64-linux-gnu/libfreetype.so.6.11.1
7f19eb976000-7f19eb97c000 r--p 000a1000 08:03 6429055                    /usr/lib/x86_64-linux-gnu/libfreetype.so.6.11.1
7f19eb97c000-7f19eb97d000 rw-p 000a7000 08:03 6429055                    /usr/lib/x86_64-linux-gnu/libfreetype.so.6.11.1
7f19eb97d000-7f19eb97e000 rw-s fa641000 00:06 15015                      /dev/nvidia0
7f19eb97e000-7f19eb97f000 rw-s 189fc8000 00:06 15014                     /dev/nvidiactl
7f19eb97f000-7f19eb980000 rw-s 157e58000 00:06 15014                     /dev/nvidiactl
7f19eb99f000-7f19eb9a0000 rw-p 00000000 00:00 0 
7f19eb9a0000-7f19eb9f2000 r-xp 00000000 08:03 6425217                    /usr/lib/jvm/java-8-openjdk-amd64/jre/lib/amd64/libfontmanager.so
7f19eb9f2000-7f19ebbf2000 ---p 00052000 08:03 6425217                    /usr/lib/jvm/java-8-openjdk-amd64/jre/lib/amd64/libfontmanager.so
7f19ebbf2000-7f19ebbf5000 r--p 00052000 08:03 6425217                    /usr/lib/jvm/java-8-openjdk-amd64/jre/lib/amd64/libfontmanager.so
7f19ebbf5000-7f19ebbf6000 rw-p 00055000 08:03 6425217                    /usr/lib/jvm/java-8-openjdk-amd64/jre/lib/amd64/libfontmanager.so
7f19ebbf6000-7f19ebbfb000 r-xp 00000000 08:03 6430948                    /usr/lib/x86_64-linux-gnu/libXdmcp.so.6.0.0
7f19ebbfb000-7f19ebdfa000 ---p 00005000 08:03 6430948                    /usr/lib/x86_64-linux-gnu/libXdmcp.so.6.0.0
7f19ebdfa000-7f19ebdfb000 r--p 00004000 08:03 6430948                    /usr/lib/x86_64-linux-gnu/libXdmcp.so.6.0.0
7f19ebdfb000-7f19ebdfc000 rw-p 00005000 08:03 6430948                    /usr/lib/x86_64-linux-gnu/libXdmcp.so.6.0.0
7f19ebdfc000-7f19ebdfe000 r-xp 00000000 08:03 6430937                    /usr/lib/x86_64-linux-gnu/libXau.so.6.0.0
7f19ebdfe000-7f19ebffe000 ---p 00002000 08:03 6430937                    /usr/lib/x86_64-linux-gnu/libXau.so.6.0.0
7f19ebffe000-7f19ebfff000 r--p 00002000 08:03 6430937                    /usr/lib/x86_64-linux-gnu/libXau.so.6.0.0
7f19ebfff000-7f19ec000000 rw-p 00003000 08:03 6430937                    /usr/lib/x86_64-linux-gnu/libXau.so.6.0.0
7f19ec000000-7f19ec021000 rw-p 00000000 00:00 0 
7f19ec021000-7f19f0000000 ---p 00000000 00:00 0 
7f19f0000000-7f19f0021000 rw-p 00000000 00:00 0 
7f19f0021000-7f19f4000000 ---p 00000000 00:00 0 
7f19f4000000-7f19f429a000 rw-p 00000000 00:00 0 
7f19f429a000-7f19f8000000 ---p 00000000 00:00 0 
7f19f8000000-7f19f8021000 rw-p 00000000 00:00 0 
7f19f8021000-7f19fc000000 ---p 00000000 00:00 0 
7f19fc000000-7f19fd650000 rw-p 00000000 00:00 0 
7f19fd650000-7f1a00000000 ---p 00000000 00:00 0 
7f1a00000000-7f1a01c7f000 rw-p 00000000 00:00 0 
7f1a01c7f000-7f1a04000000 ---p 00000000 00:00 0 
7f1a04000000-7f1a0402b000 rw-p 00000000 00:00 0 
7f1a0402b000-7f1a08000000 ---p 00000000 00:00 0 
7f1a08000000-7f1a08021000 rw-p 00000000 00:00 0 
7f1a08021000-7f1a0c000000 ---p 00000000 00:00 0 
7f1a0c000000-7f1a0c021000 rw-p 00000000 00:00 0 
7f1a0c021000-7f1a10000000 ---p 00000000 00:00 0 
7f1a10000000-7f1a100e9000 rw-p 00000000 00:00 0 
7f1a100e9000-7f1a14000000 ---p 00000000 00:00 0 
7f1a14000000-7f1a14021000 rw-p 00000000 00:00 0 
7f1a14021000-7f1a18000000 ---p 00000000 00:00 0 
7f1a18000000-7f1a18021000 rw-p 00000000 00:00 0 
7f1a18021000-7f1a1c000000 ---p 00000000 00:00 0 
7f1a1c000000-7f1a1c021000 rw-p 00000000 00:00 0 
7f1a1c021000-7f1a20000000 ---p 00000000 00:00 0 
7f1a20000000-7f1a20002000 rw-s 00000000 08:03 6029398                    /tmp/.glsoPK5Z (deleted)
7f1a20002000-7f1a20003000 rw-s 15d7af000 00:06 15014                     /dev/nvidiactl
7f1a20003000-7f1a20004000 rw-s dfd65000 00:06 15015                      /dev/nvidia0
7f1a20004000-7f1a20005000 rw-s dfd65000 00:06 15015                      /dev/nvidia0
7f1a20005000-7f1a20006000 rw-s fa642000 00:06 15015                      /dev/nvidia0
7f1a20006000-7f1a20023000 r-xp 00000000 08:03 6432135                    /usr/lib/x86_64-linux-gnu/libxcb.so.1.1.0
7f1a20023000-7f1a20223000 ---p 0001d000 08:03 6432135                    /usr/lib/x86_64-linux-gnu/libxcb.so.1.1.0
7f1a20223000-7f1a20224000 r--p 0001d000 08:03 6432135                    /usr/lib/x86_64-linux-gnu/libxcb.so.1.1.0
7f1a20224000-7f1a20225000 rw-p 0001e000 08:03 6432135                    /usr/lib/x86_64-linux-gnu/libxcb.so.1.1.0
7f1a20225000-7f1a20234000 r-xp 00000000 08:03 6430958                    /usr/lib/x86_64-linux-gnu/libXi.so.6.1.0
7f1a20234000-7f1a20433000 ---p 0000f000 08:03 6430958                    /usr/lib/x86_64-linux-gnu/libXi.so.6.1.0
7f1a20433000-7f1a20434000 r--p 0000e000 08:03 6430958                    /usr/lib/x86_64-linux-gnu/libXi.so.6.1.0
7f1a20434000-7f1a20435000 rw-p 0000f000 08:03 6430958                    /usr/lib/x86_64-linux-gnu/libXi.so.6.1.0
7f1a20435000-7f1a2043a000 r-xp 00000000 08:03 6430978                    /usr/lib/x86_64-linux-gnu/libXtst.so.6.1.0
7f1a2043a000-7f1a20639000 ---p 00005000 08:03 6430978                    /usr/lib/x86_64-linux-gnu/libXtst.so.6.1.0
7f1a20639000-7f1a2063a000 r--p 00004000 08:03 6430978                    /usr/lib/x86_64-linux-gnu/libXtst.so.6.1.0
7f1a2063a000-7f1a2063b000 rw-p 00005000 08:03 6430978                    /usr/lib/x86_64-linux-gnu/libXtst.so.6.1.0
7f1a2063b000-7f1a20644000 r-xp 00000000 08:03 6430972                    /usr/lib/x86_64-linux-gnu/libXrender.so.1.3.0
7f1a20644000-7f1a20843000 ---p 00009000 08:03 6430972                    /usr/lib/x86_64-linux-gnu/libXrender.so.1.3.0
7f1a20843000-7f1a20844000 r--p 00008000 08:03 6430972                    /usr/lib/x86_64-linux-gnu/libXrender.so.1.3.0
7f1a20844000-7f1a20845000 rw-p 00009000 08:03 6430972                    /usr/lib/x86_64-linux-gnu/libXrender.so.1.3.0
7f1a20845000-7f1a20978000 r-xp 00000000 08:03 6430933                    /usr/lib/x86_64-linux-gnu/libX11.so.6.3.0
7f1a20978000-7f1a20b78000 ---p 00133000 08:03 6430933                    /usr/lib/x86_64-linux-gnu/libX11.so.6.3.0
7f1a20b78000-7f1a20b79000 r--p 00133000 08:03 6430933                    /usr/lib/x86_64-linux-gnu/libX11.so.6.3.0
7f1a20b79000-7f1a20b7d000 rw-p 00134000 08:03 6430933                    /usr/lib/x86_64-linux-gnu/libX11.so.6.3.0
7f1a20b7d000-7f1a20b7e000 rw-p 00000000 00:00 0 
7f1a20b7e000-7f1a20b8f000 r-xp 00000000 08:03 6430950                    /usr/lib/x86_64-linux-gnu/libXext.so.6.4.0
7f1a20b8f000-7f1a20d8e000 ---p 00011000 08:03 6430950                    /usr/lib/x86_64-linux-gnu/libXext.so.6.4.0
7f1a20d8e000-7f1a20d8f000 r--p 00010000 08:03 6430950                    /usr/lib/x86_64-linux-gnu/libXext.so.6.4.0
7f1a20d8f000-7f1a20d90000 rw-p 00011000 08:03 6430950                    /usr/lib/x86_64-linux-gnu/libXext.so.6.4.0
7f1a20d90000-7f1a20d91000 rw-s 189fc9000 00:06 15014                     /dev/nvidiactl
7f1a20d91000-7f1a20d92000 rw-s fa641000 00:06 15015                      /dev/nvidia0
7f1a20d92000-7f1a20d93000 rw-s 189fc8000 00:06 15014                     /dev/nvidiactl
7f1a20d93000-7f1a20d94000 rw-s c21d0000 00:06 15014                      /dev/nvidiactl
7f1a20d94000-7f1a20d95000 rw-s fa060000 00:06 15015                      /dev/nvidia0
7f1a20d95000-7f1a20d96000 rw-s 140a78000 00:06 15014                     /dev/nvidiactl
7f1a20d96000-7f1a20d9a000 rw-s 157cdd000 00:06 15014                     /dev/nvidiactl
7f1a20d9a000-7f1a20d9b000 rw-s dfd65000 00:06 15015                      /dev/nvidia0
7f1a20d9b000-7f1a20d9c000 rw-s dfd65000 00:06 15015                      /dev/nvidia0
7f1a20d9c000-7f1a20d9d000 rw-s fa642000 00:06 15015                      /dev/nvidia0
7f1a20d9d000-7f1a20d9e000 rw-s 189fc9000 00:06 15014                     /dev/nvidiactl
7f1a20d9e000-7f1a20d9f000 rw-s fa641000 00:06 15015                      /dev/nvidia0
7f1a20d9f000-7f1a20da0000 rw-s 189fc8000 00:06 15014                     /dev/nvidiactl
7f1a20da0000-7f1a20db3000 r--s 00345000 08:03 6425242                    /usr/lib/jvm/java-8-openjdk-amd64/jre/lib/resources.jar
7f1a20db3000-7f1a20e0a000 r-xp 00000000 08:03 6425205                    /usr/lib/jvm/java-8-openjdk-amd64/jre/lib/amd64/libawt_xawt.so
7f1a20e0a000-7f1a2100a000 ---p 00057000 08:03 6425205                    /usr/lib/jvm/java-8-openjdk-amd64/jre/lib/amd64/libawt_xawt.so
7f1a2100a000-7f1a2100b000 r--p 00057000 08:03 6425205                    /usr/lib/jvm/java-8-openjdk-amd64/jre/lib/amd64/libawt_xawt.so
7f1a2100b000-7f1a2100e000 rw-p 00058000 08:03 6425205                    /usr/lib/jvm/java-8-openjdk-amd64/jre/lib/amd64/libawt_xawt.so
7f1a2100e000-7f1a2100f000 rw-p 00000000 00:00 0 
7f1a2100f000-7f1a210b0000 r-xp 00000000 08:03 6425236                    /usr/lib/jvm/java-8-openjdk-amd64/jre/lib/amd64/libawt.so
7f1a210b0000-7f1a212af000 ---p 000a1000 08:03 6425236                    /usr/lib/jvm/java-8-openjdk-amd64/jre/lib/amd64/libawt.so
7f1a212af000-7f1a212b0000 r--p 000a0000 08:03 6425236                    /usr/lib/jvm/java-8-openjdk-amd64/jre/lib/amd64/libawt.so
7f1a212b0000-7f1a212bb000 rw-p 000a1000 08:03 6425236                    /usr/lib/jvm/java-8-openjdk-amd64/jre/lib/amd64/libawt.so
7f1a212bb000-7f1a212e0000 rw-p 00000000 00:00 0 
7f1a212e0000-7f1a212e2000 r-xp 00000000 08:03 6029370                    /tmp/jogamp_0000/file_cache/jln9059635405383447137/jln5456995131005226594/libgluegen-rt.so
7f1a212e2000-7f1a214e1000 ---p 00002000 08:03 6029370                    /tmp/jogamp_0000/file_cache/jln9059635405383447137/jln5456995131005226594/libgluegen-rt.so
7f1a214e1000-7f1a214e2000 rw-p 00001000 08:03 6029370                    /tmp/jogamp_0000/file_cache/jln9059635405383447137/jln5456995131005226594/libgluegen-rt.so
7f1a214e2000-7f1a214e5000 ---p 00000000 00:00 0 
7f1a214e5000-7f1a215e3000 rw-p 00000000 00:00 0                          [stack:12331]
7f1a215e3000-7f1a215f4000 r-xp 00000000 08:03 6425228                    /usr/lib/jvm/java-8-openjdk-amd64/jre/lib/amd64/libnio.so
7f1a215f4000-7f1a217f3000 ---p 00011000 08:03 6425228                    /usr/lib/jvm/java-8-openjdk-amd64/jre/lib/amd64/libnio.so
7f1a217f3000-7f1a217f4000 r--p 00010000 08:03 6425228                    /usr/lib/jvm/java-8-openjdk-amd64/jre/lib/amd64/libnio.so
7f1a217f4000-7f1a217f5000 rw-p 00011000 08:03 6425228                    /usr/lib/jvm/java-8-openjdk-amd64/jre/lib/amd64/libnio.so
7f1a217f5000-7f1a21af6000 rw-p 00000000 00:00 0 
7f1a21af6000-7f1a21b0d000 r-xp 00000000 08:03 6425209                    /usr/lib/jvm/java-8-openjdk-amd64/jre/lib/amd64/libnet.so
7f1a21b0d000-7f1a21d0c000 ---p 00017000 08:03 6425209                    /usr/lib/jvm/java-8-openjdk-amd64/jre/lib/amd64/libnet.so
7f1a21d0c000-7f1a21d0d000 r--p 00016000 08:03 6425209                    /usr/lib/jvm/java-8-openjdk-amd64/jre/lib/amd64/libnet.so
7f1a21d0d000-7f1a21d0e000 rw-p 00017000 08:03 6425209                    /usr/lib/jvm/java-8-openjdk-amd64/jre/lib/amd64/libnet.so
7f1a21d0e000-7f1a21d11000 ---p 00000000 00:00 0 
7f1a21d11000-7f1a21d47000 rw-p 00000000 00:00 0                          [stack:12326]
7f1a21d47000-7f1a21d6a000 r--s 0030a000 08:03 6302524                    /home/elect/Downloads/jogamp-all-platforms/jar/jogl-all.jar
7f1a21d6a000-7f1a21d70000 r--s 0004b000 08:03 6302377                    /home/elect/Downloads/jogamp-all-platforms/jar/gluegen-rt.jar
7f1a21d70000-7f1a21d71000 ---p 00000000 00:00 0 
7f1a21d71000-7f1a21e71000 rw-p 00000000 00:00 0                          [stack:12322]
7f1a21e71000-7f1a21e74000 ---p 00000000 00:00 0 
7f1a21e74000-7f1a21f72000 rw-p 00000000 00:00 0                          [stack:12321]
7f1a21f72000-7f1a21f75000 ---p 00000000 00:00 0 
7f1a21f75000-7f1a22073000 rw-p 00000000 00:00 0                          [stack:12320]
7f1a22073000-7f1a22076000 ---p 00000000 00:00 0 
7f1a22076000-7f1a22174000 rw-p 00000000 00:00 0                          [stack:12319]
7f1a22174000-7f1a22177000 ---p 00000000 00:00 0 
7f1a22177000-7f1a22275000 rw-p 00000000 00:00 0                          [stack:12318]
7f1a22275000-7f1a22278000 ---p 00000000 00:00 0 
7f1a22278000-7f1a22376000 rw-p 00000000 00:00 0 
7f1a22376000-7f1a22379000 ---p 00000000 00:00 0 
7f1a22379000-7f1a22477000 rw-p 00000000 00:00 0                          [stack:12314]
7f1a22477000-7f1a2247a000 ---p 00000000 00:00 0 
7f1a2247a000-7f1a22578000 rw-p 00000000 00:00 0                          [stack:12312]
7f1a22578000-7f1a2257c000 r-xp 00000000 08:03 6425234                    /usr/lib/jvm/java-8-openjdk-amd64/jre/lib/amd64/libdt_socket.so
7f1a2257c000-7f1a2277b000 ---p 00004000 08:03 6425234                    /usr/lib/jvm/java-8-openjdk-amd64/jre/lib/amd64/libdt_socket.so
7f1a2277b000-7f1a2277c000 r--p 00003000 08:03 6425234                    /usr/lib/jvm/java-8-openjdk-amd64/jre/lib/amd64/libdt_socket.so
7f1a2277c000-7f1a2277d000 rw-p 00004000 08:03 6425234                    /usr/lib/jvm/java-8-openjdk-amd64/jre/lib/amd64/libdt_socket.so
7f1a2277d000-7f1a22780000 ---p 00000000 00:00 0 
7f1a22780000-7f1a2287e000 rw-p 00000000 00:00 0                          [stack:12311]
7f1a2287e000-7f1a22881000 ---p 00000000 00:00 0 
7f1a22881000-7f1a2297f000 rw-p 00000000 00:00 0                          [stack:12310]
7f1a2297f000-7f1a22982000 ---p 00000000 00:00 0 
7f1a22982000-7f1a22a80000 rw-p 00000000 00:00 0                          [stack:12309]
7f1a22a80000-7f1a22a81000 ---p 00000000 00:00 0 
7f1a22a81000-7f1a28000000 rw-p 00000000 00:00 0                          [stack:12308]
7f1a28000000-7f1a28021000 rw-p 00000000 00:00 0 
7f1a28021000-7f1a2c000000 ---p 00000000 00:00 0 
7f1a2c000000-7f1a2c021000 rw-p 00000000 00:00 0 
7f1a2c021000-7f1a30000000 ---p 00000000 00:00 0 
7f1a30000000-7f1a30021000 rw-p 00000000 00:00 0 
7f1a30021000-7f1a34000000 ---p 00000000 00:00 0 
7f1a34000000-7f1a34021000 rw-p 00000000 00:00 0 
7f1a34021000-7f1a38000000 ---p 00000000 00:00 0 
7f1a38000000-7f1a3801c000 r--s 00393000 08:03 6425245                    /usr/lib/jvm/java-8-openjdk-amd64/jre/lib/ext/cldrdata.jar
7f1a3801c000-7f1a381cd000 rw-p 00000000 00:00 0 
7f1a381cd000-7f1a3839a000 r--s 03bd3000 08:03 6425271                    /usr/lib/jvm/java-8-openjdk-amd64/jre/lib/rt.jar
7f1a3839a000-7f1a3877f000 rw-p 00000000 00:00 0 
7f1a3877f000-7f1a38780000 ---p 00000000 00:00 0 
7f1a38780000-7f1a38880000 rw-p 00000000 00:00 0                          [stack:12306]
7f1a38880000-7f1a38881000 ---p 00000000 00:00 0 
7f1a38881000-7f1a389ab000 rw-p 00000000 00:00 0                          [stack:12305]
7f1a389ab000-7f1a38c1a000 ---p 00000000 00:00 0 
7f1a38c1a000-7f1a38c44000 rw-p 00000000 00:00 0 
7f1a38c44000-7f1a38eb2000 ---p 00000000 00:00 0 
7f1a38eb2000-7f1a38ec8000 rw-p 00000000 00:00 0 
7f1a38ec8000-7f1a38fff000 ---p 00000000 00:00 0 
7f1a38fff000-7f1a39000000 rw-p 00000000 00:00 0 
7f1a39000000-7f1a39440000 rwxp 00000000 00:00 0 
7f1a39440000-7f1a48000000 ---p 00000000 00:00 0 
7f1a48000000-7f1a48a9d000 rw-p 00000000 00:00 0 
7f1a48a9d000-7f1a4c000000 ---p 00000000 00:00 0 
7f1a4c000000-7f1a4c005000 r--s 00094000 08:03 6425238                    /usr/lib/jvm/java-8-openjdk-amd64/jre/lib/jsse.jar
7f1a4c005000-7f1a4c01f000 r--s 001d3000 08:03 6425246                    /usr/lib/jvm/java-8-openjdk-amd64/jre/lib/ext/nashorn.jar
7f1a4c01f000-7f1a4c095000 rw-p 00000000 00:00 0 
7f1a4c095000-7f1a4c096000 ---p 00000000 00:00 0 
7f1a4c096000-7f1a4c196000 rw-p 00000000 00:00 0                          [stack:12304]
7f1a4c196000-7f1a4c197000 ---p 00000000 00:00 0 
7f1a4c197000-7f1a4c2a8000 rw-p 00000000 00:00 0                          [stack:12303]
7f1a4c2a8000-7f1a4c657000 ---p 00000000 00:00 0 
7f1a4c657000-7f1a4c65f000 r-xp 00000000 08:03 6425202                    /usr/lib/jvm/java-8-openjdk-amd64/jre/lib/amd64/libzip.so
7f1a4c65f000-7f1a4c85e000 ---p 00008000 08:03 6425202                    /usr/lib/jvm/java-8-openjdk-amd64/jre/lib/amd64/libzip.so
7f1a4c85e000-7f1a4c85f000 r--p 00007000 08:03 6425202                    /usr/lib/jvm/java-8-openjdk-amd64/jre/lib/amd64/libzip.so
7f1a4c85f000-7f1a4c860000 rw-p 00008000 08:03 6425202                    /usr/lib/jvm/java-8-openjdk-amd64/jre/lib/amd64/libzip.so
7f1a4c860000-7f1a4c86c000 r-xp 00000000 08:03 4067608                    /lib/x86_64-linux-gnu/libnss_files-2.21.so
7f1a4c86c000-7f1a4ca6b000 ---p 0000c000 08:03 4067608                    /lib/x86_64-linux-gnu/libnss_files-2.21.so
7f1a4ca6b000-7f1a4ca6c000 r--p 0000b000 08:03 4067608                    /lib/x86_64-linux-gnu/libnss_files-2.21.so
7f1a4ca6c000-7f1a4ca6d000 rw-p 0000c000 08:03 4067608                    /lib/x86_64-linux-gnu/libnss_files-2.21.so
7f1a4ca6d000-7f1a4ca78000 r-xp 00000000 08:03 4067618                    /lib/x86_64-linux-gnu/libnss_nis-2.21.so
7f1a4ca78000-7f1a4cc77000 ---p 0000b000 08:03 4067618                    /lib/x86_64-linux-gnu/libnss_nis-2.21.so
7f1a4cc77000-7f1a4cc78000 r--p 0000a000 08:03 4067618                    /lib/x86_64-linux-gnu/libnss_nis-2.21.so
7f1a4cc78000-7f1a4cc79000 rw-p 0000b000 08:03 4067618                    /lib/x86_64-linux-gnu/libnss_nis-2.21.so
7f1a4cc79000-7f1a4cc90000 r-xp 00000000 08:03 4067602                    /lib/x86_64-linux-gnu/libnsl-2.21.so
7f1a4cc90000-7f1a4ce8f000 ---p 00017000 08:03 4067602                    /lib/x86_64-linux-gnu/libnsl-2.21.so
7f1a4ce8f000-7f1a4ce90000 r--p 00016000 08:03 4067602                    /lib/x86_64-linux-gnu/libnsl-2.21.so
7f1a4ce90000-7f1a4ce91000 rw-p 00017000 08:03 4067602                    /lib/x86_64-linux-gnu/libnsl-2.21.so
7f1a4ce91000-7f1a4ce93000 rw-p 00000000 00:00 0 
7f1a4ce93000-7f1a4ce9b000 r-xp 00000000 08:03 4067604                    /lib/x86_64-linux-gnu/libnss_compat-2.21.so
7f1a4ce9b000-7f1a4d09a000 ---p 00008000 08:03 4067604                    /lib/x86_64-linux-gnu/libnss_compat-2.21.so
7f1a4d09a000-7f1a4d09b000 r--p 00007000 08:03 4067604                    /lib/x86_64-linux-gnu/libnss_compat-2.21.so
7f1a4d09b000-7f1a4d09c000 rw-p 00008000 08:03 4067604                    /lib/x86_64-linux-gnu/libnss_compat-2.21.so
7f1a4d09c000-7f1a4d77f000 r--p 00000000 08:03 6429964                    /usr/lib/locale/locale-archive
7f1a4d77f000-7f1a4d781000 r-xp 00000000 08:03 6425211                    /usr/lib/jvm/java-8-openjdk-amd64/jre/lib/amd64/libnpt.so
7f1a4d781000-7f1a4d981000 ---p 00002000 08:03 6425211                    /usr/lib/jvm/java-8-openjdk-amd64/jre/lib/amd64/libnpt.so
7f1a4d981000-7f1a4d982000 r--p 00002000 08:03 6425211                    /usr/lib/jvm/java-8-openjdk-amd64/jre/lib/amd64/libnpt.so
7f1a4d982000-7f1a4d983000 rw-p 00003000 08:03 6425211                    /usr/lib/jvm/java-8-openjdk-amd64/jre/lib/amd64/libnpt.so
7f1a4d983000-7f1a4d9be000 r-xp 00000000 08:03 6425213                    /usr/lib/jvm/java-8-openjdk-amd64/jre/lib/amd64/libjdwp.so
7f1a4d9be000-7f1a4dbbd000 ---p 0003b000 08:03 6425213                    /usr/lib/jvm/java-8-openjdk-amd64/jre/lib/amd64/libjdwp.so
7f1a4dbbd000-7f1a4dbbe000 r--p 0003a000 08:03 6425213                    /usr/lib/jvm/java-8-openjdk-amd64/jre/lib/amd64/libjdwp.so
7f1a4dbbe000-7f1a4dbbf000 rw-p 0003b000 08:03 6425213                    /usr/lib/jvm/java-8-openjdk-amd64/jre/lib/amd64/libjdwp.so
7f1a4dbbf000-7f1a4dbc0000 rw-p 00000000 00:00 0 
7f1a4dbc0000-7f1a4dbee000 r-xp 00000000 08:03 6425199                    /usr/lib/jvm/java-8-openjdk-amd64/jre/lib/amd64/libjava.so
7f1a4dbee000-7f1a4dded000 ---p 0002e000 08:03 6425199                    /usr/lib/jvm/java-8-openjdk-amd64/jre/lib/amd64/libjava.so
7f1a4dded000-7f1a4ddee000 r--p 0002d000 08:03 6425199                    /usr/lib/jvm/java-8-openjdk-amd64/jre/lib/amd64/libjava.so
7f1a4ddee000-7f1a4ddf0000 rw-p 0002e000 08:03 6425199                    /usr/lib/jvm/java-8-openjdk-amd64/jre/lib/amd64/libjava.so
7f1a4ddf0000-7f1a4ddff000 r-xp 00000000 08:03 6425214                    /usr/lib/jvm/java-8-openjdk-amd64/jre/lib/amd64/libverify.so
7f1a4ddff000-7f1a4dfff000 ---p 0000f000 08:03 6425214                    /usr/lib/jvm/java-8-openjdk-amd64/jre/lib/amd64/libverify.so
7f1a4dfff000-7f1a4e002000 r--p 0000f000 08:03 6425214                    /usr/lib/jvm/java-8-openjdk-amd64/jre/lib/amd64/libverify.so
7f1a4e002000-7f1a4e003000 rw-p 00012000 08:03 6425214                    /usr/lib/jvm/java-8-openjdk-amd64/jre/lib/amd64/libverify.so
7f1a4e003000-7f1a4e00a000 r-xp 00000000 08:03 4067663                    /lib/x86_64-linux-gnu/librt-2.21.so
7f1a4e00a000-7f1a4e209000 ---p 00007000 08:03 4067663                    /lib/x86_64-linux-gnu/librt-2.21.so
7f1a4e209000-7f1a4e20a000 r--p 00006000 08:03 4067663                    /lib/x86_64-linux-gnu/librt-2.21.so
7f1a4e20a000-7f1a4e20b000 rw-p 00007000 08:03 4067663                    /lib/x86_64-linux-gnu/librt-2.21.so
7f1a4e20b000-7f1a4e221000 r-xp 00000000 08:03 4067551                    /lib/x86_64-linux-gnu/libgcc_s.so.1
7f1a4e221000-7f1a4e420000 ---p 00016000 08:03 4067551                    /lib/x86_64-linux-gnu/libgcc_s.so.1
7f1a4e420000-7f1a4e421000 rw-p 00015000 08:03 4067551                    /lib/x86_64-linux-gnu/libgcc_s.so.1
7f1a4e421000-7f1a4e528000 r-xp 00000000 08:03 4067581                    /lib/x86_64-linux-gnu/libm-2.21.so
7f1a4e528000-7f1a4e727000 ---p 00107000 08:03 4067581                    /lib/x86_64-linux-gnu/libm-2.21.so
7f1a4e727000-7f1a4e728000 r--p 00106000 08:03 4067581                    /lib/x86_64-linux-gnu/libm-2.21.so
7f1a4e728000-7f1a4e729000 rw-p 00107000 08:03 4067581                    /lib/x86_64-linux-gnu/libm-2.21.so
7f1a4e729000-7f1a4e819000 r-xp 00000000 08:03 6431929                    /usr/lib/x86_64-linux-gnu/libstdc++.so.6.0.20
7f1a4e819000-7f1a4ea19000 ---p 000f0000 08:03 6431929                    /usr/lib/x86_64-linux-gnu/libstdc++.so.6.0.20
7f1a4ea19000-7f1a4ea21000 r--p 000f0000 08:03 6431929                    /usr/lib/x86_64-linux-gnu/libstdc++.so.6.0.20
7f1a4ea21000-7f1a4ea23000 rw-p 000f8000 08:03 6431929                    /usr/lib/x86_64-linux-gnu/libstdc++.so.6.0.20
7f1a4ea23000-7f1a4ea38000 rw-p 00000000 00:00 0 
7f1a4ea38000-7f1a4f6c5000 r-xp 00000000 08:03 6425226                    /usr/lib/jvm/java-8-openjdk-amd64/jre/lib/amd64/server/libjvm.so
7f1a4f6c5000-7f1a4f8c5000 ---p 00c8d000 08:03 6425226                    /usr/lib/jvm/java-8-openjdk-amd64/jre/lib/amd64/server/libjvm.so
7f1a4f8c5000-7f1a4f968000 r--p 00c8d000 08:03 6425226                    /usr/lib/jvm/java-8-openjdk-amd64/jre/lib/amd64/server/libjvm.so
7f1a4f968000-7f1a4f991000 rw-p 00d30000 08:03 6425226                    /usr/lib/jvm/java-8-openjdk-amd64/jre/lib/amd64/server/libjvm.so
7f1a4f991000-7f1a4f9c0000 rw-p 00000000 00:00 0 
7f1a4f9c0000-7f1a4f9d8000 r-xp 00000000 08:03 4067655                    /lib/x86_64-linux-gnu/libpthread-2.21.so
7f1a4f9d8000-7f1a4fbd8000 ---p 00018000 08:03 4067655                    /lib/x86_64-linux-gnu/libpthread-2.21.so
7f1a4fbd8000-7f1a4fbd9000 r--p 00018000 08:03 4067655                    /lib/x86_64-linux-gnu/libpthread-2.21.so
7f1a4fbd9000-7f1a4fbda000 rw-p 00019000 08:03 4067655                    /lib/x86_64-linux-gnu/libpthread-2.21.so
7f1a4fbda000-7f1a4fbde000 rw-p 00000000 00:00 0 
7f1a4fbde000-7f1a4fbe1000 r-xp 00000000 08:03 4067539                    /lib/x86_64-linux-gnu/libdl-2.21.so
7f1a4fbe1000-7f1a4fde0000 ---p 00003000 08:03 4067539                    /lib/x86_64-linux-gnu/libdl-2.21.so
7f1a4fde0000-7f1a4fde1000 r--p 00002000 08:03 4067539                    /lib/x86_64-linux-gnu/libdl-2.21.so
7f1a4fde1000-7f1a4fde2000 rw-p 00003000 08:03 4067539                    /lib/x86_64-linux-gnu/libdl-2.21.so
7f1a4fde2000-7f1a4fdfb000 r-xp 00000000 08:03 4067696                    /lib/x86_64-linux-gnu/libz.so.1.2.8
7f1a4fdfb000-7f1a4fffb000 ---p 00019000 08:03 4067696                    /lib/x86_64-linux-gnu/libz.so.1.2.8
7f1a4fffb000-7f1a4fffc000 r--p 00019000 08:03 4067696                    /lib/x86_64-linux-gnu/libz.so.1.2.8
7f1a4fffc000-7f1a4fffd000 rw-p 0001a000 08:03 4067696                    /lib/x86_64-linux-gnu/libz.so.1.2.8
7f1a4fffd000-7f1a501bd000 r-xp 00000000 08:03 4067522                    /lib/x86_64-linux-gnu/libc-2.21.so
7f1a501bd000-7f1a503bd000 ---p 001c0000 08:03 4067522                    /lib/x86_64-linux-gnu/libc-2.21.so
7f1a503bd000-7f1a503c1000 r--p 001c0000 08:03 4067522                    /lib/x86_64-linux-gnu/libc-2.21.so
7f1a503c1000-7f1a503c3000 rw-p 001c4000 08:03 4067522                    /lib/x86_64-linux-gnu/libc-2.21.so
7f1a503c3000-7f1a503c7000 rw-p 00000000 00:00 0 
7f1a503c7000-7f1a503d5000 r-xp 00000000 08:03 6425233                    /usr/lib/jvm/java-8-openjdk-amd64/jre/lib/amd64/jli/libjli.so
7f1a503d5000-7f1a505d4000 ---p 0000e000 08:03 6425233                    /usr/lib/jvm/java-8-openjdk-amd64/jre/lib/amd64/jli/libjli.so
7f1a505d4000-7f1a505d5000 r--p 0000d000 08:03 6425233                    /usr/lib/jvm/java-8-openjdk-amd64/jre/lib/amd64/jli/libjli.so
7f1a505d5000-7f1a505d6000 rw-p 0000e000 08:03 6425233                    /usr/lib/jvm/java-8-openjdk-amd64/jre/lib/amd64/jli/libjli.so
7f1a505d6000-7f1a505fa000 r-xp 00000000 08:03 4067494                    /lib/x86_64-linux-gnu/ld-2.21.so
7f1a505fa000-7f1a505fb000 rw-s 15d51f000 00:06 15014                     /dev/nvidiactl
7f1a505fb000-7f1a505fd000 r--s 00000000 08:03 6302360                    /home/elect/Downloads/jogamp-all-platforms/jar/gluegen-rt-natives-linux-amd64.jar
7f1a505fd000-7f1a50603000 r--s 0003a000 08:03 6425250                    /usr/lib/jvm/java-8-openjdk-amd64/jre/lib/ext/sunjce_provider.jar
7f1a50603000-7f1a506ce000 rw-p 00000000 00:00 0 
7f1a506ce000-7f1a506d1000 ---p 00000000 00:00 0 
7f1a506d1000-7f1a507d4000 rw-p 00000000 00:00 0                          [stack:12300]
7f1a507d4000-7f1a507d5000 r--s 00034000 08:03 6302500                    /home/elect/Downloads/jogamp-all-platforms/jar/jogl-all-natives-linux-amd64.jar
7f1a507d5000-7f1a507d6000 r--p 00000000 00:00 0 
7f1a507d6000-7f1a507d9000 r--s 0000f000 08:03 6425252                    /usr/lib/jvm/java-8-openjdk-amd64/jre/lib/ext/icedtea-sound.jar
7f1a507d9000-7f1a507da000 r--s 00008000 08:03 6425247                    /usr/lib/jvm/java-8-openjdk-amd64/jre/lib/ext/sunec.jar
7f1a507da000-7f1a507dc000 r--s 00001000 08:03 6425251                    /usr/lib/jvm/java-8-openjdk-amd64/jre/lib/ext/dnsns.jar
7f1a507dc000-7f1a507dd000 r--s 00010000 08:03 6425249                    /usr/lib/jvm/java-8-openjdk-amd64/jre/lib/ext/zipfs.jar
7f1a507dd000-7f1a507e0000 r--s 00037000 08:03 6425253                    /usr/lib/jvm/java-8-openjdk-amd64/jre/lib/ext/sunpkcs11.jar
7f1a507e0000-7f1a507e2000 r--s 00006000 08:03 6818084                    /usr/share/java/java-atk-wrapper.jar
7f1a507e2000-7f1a507ed000 r--s 00116000 08:03 6425248                    /usr/lib/jvm/java-8-openjdk-amd64/jre/lib/ext/localedata.jar
7f1a507ed000-7f1a507f5000 rw-s 00000000 08:03 6029380                    /tmp/hsperfdata_elect/12299
7f1a507f5000-7f1a507f6000 rw-p 00000000 00:00 0 
7f1a507f6000-7f1a507f7000 r--p 00000000 00:00 0 
7f1a507f7000-7f1a507f9000 rw-p 00000000 00:00 0 
7f1a507f9000-7f1a507fa000 r--p 00023000 08:03 4067494                    /lib/x86_64-linux-gnu/ld-2.21.so
7f1a507fa000-7f1a507fb000 rw-p 00024000 08:03 4067494                    /lib/x86_64-linux-gnu/ld-2.21.so
7f1a507fb000-7f1a507fc000 rw-p 00000000 00:00 0 
7ffd5cfe9000-7ffd5d00a000 rw-p 00000000 00:00 0                          [stack]
7ffd5d186000-7ffd5d188000 r--p 00000000 00:00 0                          [vvar]
7ffd5d188000-7ffd5d18a000 r-xp 00000000 00:00 0                          [vdso]
ffffffffff600000-ffffffffff601000 r-xp 00000000 00:00 0                  [vsyscall]

VM Arguments:
jvm_args: -Xdebug -Xrunjdwp:transport=dt_socket,address=localhost:48674 -Dfile.encoding=UTF-8 
java_command: test.Main
java_class_path (initial): /home/elect/Downloads/jogamp-all-platforms/jar/gluegen-rt.jar:/home/elect/Downloads/jogamp-all-platforms/jar/jogl-all.jar:/home/elect/NetBeansProjects/jgli/Jgli/build/classes
Launcher Type: SUN_STANDARD

Environment Variables:
PATH=/usr/local/sbin:/usr/local/bin:/usr/sbin:/usr/bin:/sbin:/bin:/usr/games:/usr/local/games
LD_LIBRARY_PATH=/usr/lib/jvm/java-8-openjdk-amd64/jre/lib/amd64:/usr/lib/jvm/java-8-openjdk-amd64/jre/lib/i386:
SHELL=/bin/bash
DISPLAY=:0

Signal Handlers:
SIGSEGV: [libjvm.so+0xa90d80], sa_mask[0]=11111111011111111101111111111110, sa_flags=SA_RESTART|SA_SIGINFO
SIGBUS: [libjvm.so+0xa90d80], sa_mask[0]=11111111011111111101111111111110, sa_flags=SA_RESTART|SA_SIGINFO
SIGFPE: [libjvm.so+0x8dbc70], sa_mask[0]=11111111011111111101111111111110, sa_flags=SA_RESTART|SA_SIGINFO
SIGPIPE: [libjvm.so+0x8dbc70], sa_mask[0]=11111111011111111101111111111110, sa_flags=SA_RESTART|SA_SIGINFO
SIGXFSZ: [libjvm.so+0x8dbc70], sa_mask[0]=11111111011111111101111111111110, sa_flags=SA_RESTART|SA_SIGINFO
SIGILL: [libjvm.so+0x8dbc70], sa_mask[0]=11111111011111111101111111111110, sa_flags=SA_RESTART|SA_SIGINFO
SIGUSR1: SIG_DFL, sa_mask[0]=00000000000000000000000000000000, sa_flags=none
SIGUSR2: [libjvm.so+0x8dbb20], sa_mask[0]=00100000000000000000000000000000, sa_flags=SA_RESTART|SA_SIGINFO
SIGHUP: [libjvm.so+0x8dbd40], sa_mask[0]=11111111011111111101111111111110, sa_flags=SA_RESTART|SA_SIGINFO
SIGINT: SIG_IGN, sa_mask[0]=00000000000000000000000000000000, sa_flags=none
SIGTERM: [libjvm.so+0x8dbd40], sa_mask[0]=11111111011111111101111111111110, sa_flags=SA_RESTART|SA_SIGINFO
SIGQUIT: [libjvm.so+0x8dbd40], sa_mask[0]=11111111011111111101111111111110, sa_flags=SA_RESTART|SA_SIGINFO


---------------  S Y S T E M  ---------------

OS:DISTRIB_ID=Ubuntu
DISTRIB_RELEASE=15.04
DISTRIB_CODENAME=vivid
DISTRIB_DESCRIPTION="Ubuntu 15.04"

uname:Linux 3.19.0-29-generic #31-Ubuntu SMP Wed Sep 9 16:56:41 UTC 2015 x86_64
libc:glibc 2.21 NPTL 2.21 
rlimit: STACK 8192k, CORE 0k, NPROC 31805, NOFILE 65536, AS infinity
load average:0,97 0,60 0,57

/proc/meminfo:
MemTotal:        8164552 kB
MemFree:          780316 kB
MemAvailable:    4282772 kB
Buffers:          158392 kB
Cached:          3468416 kB
SwapCached:            0 kB
Active:          4708288 kB
Inactive:        2327492 kB
Active(anon):    3411156 kB
Inactive(anon):    33068 kB
Active(file):    1297132 kB
Inactive(file):  2294424 kB
Unevictable:          32 kB
Mlocked:              32 kB
SwapTotal:       1048572 kB
SwapFree:        1048572 kB
Dirty:                28 kB
Writeback:             0 kB
AnonPages:       3409096 kB
Mapped:           366068 kB
Shmem:             35256 kB
Slab:             197200 kB
SReclaimable:     159668 kB
SUnreclaim:        37532 kB
KernelStack:       11104 kB
PageTables:        35248 kB
NFS_Unstable:          0 kB
Bounce:                0 kB
WritebackTmp:          0 kB
CommitLimit:     5130848 kB
Committed_AS:    7975164 kB
VmallocTotal:   34359738367 kB
VmallocUsed:      325900 kB
VmallocChunk:   34359403516 kB
HardwareCorrupted:     0 kB
AnonHugePages:   1787904 kB
CmaTotal:              0 kB
CmaFree:               0 kB
HugePages_Total:       0
HugePages_Free:        0
HugePages_Rsvd:        0
HugePages_Surp:        0
Hugepagesize:       2048 kB
DirectMap4k:      288192 kB
DirectMap2M:     8091648 kB


CPU:total 4 (4 cores per cpu, 1 threads per core) family 6 model 30 stepping 5, cmov, cx8, fxsr, mmx, sse, sse2, sse3, ssse3, sse4.1, sse4.2, popcnt, tsc, tscinvbit

/proc/cpuinfo:
processor	: 0
vendor_id	: GenuineIntel
cpu family	: 6
model		: 30
model name	: Intel(R) Core(TM) i5 CPU         750  @ 2.67GHz
stepping	: 5
microcode	: 0x7
cpu MHz		: 2133.000
cache size	: 8192 KB
physical id	: 0
siblings	: 4
core id		: 0
cpu cores	: 4
apicid		: 0
initial apicid	: 0
fpu		: yes
fpu_exception	: yes
cpuid level	: 11
wp		: yes
flags		: fpu vme de pse tsc msr pae mce cx8 apic sep mtrr pge mca cmov pat pse36 clflush dts acpi mmx fxsr sse sse2 ss ht tm pbe syscall nx rdtscp lm constant_tsc arch_perfmon pebs bts rep_good nopl xtopology nonstop_tsc aperfmperf pni dtes64 monitor ds_cpl vmx smx est tm2 ssse3 cx16 xtpr pdcm sse4_1 sse4_2 popcnt lahf_lm ida dtherm tpr_shadow vnmi flexpriority ept vpid
bugs		:
bogomips	: 5352.29
clflush size	: 64
cache_alignment	: 64
address sizes	: 36 bits physical, 48 bits virtual
power management:

processor	: 1
vendor_id	: GenuineIntel
cpu family	: 6
model		: 30
model name	: Intel(R) Core(TM) i5 CPU         750  @ 2.67GHz
stepping	: 5
microcode	: 0x7
cpu MHz		: 2400.000
cache size	: 8192 KB
physical id	: 0
siblings	: 4
core id		: 1
cpu cores	: 4
apicid		: 2
initial apicid	: 2
fpu		: yes
fpu_exception	: yes
cpuid level	: 11
wp		: yes
flags		: fpu vme de pse tsc msr pae mce cx8 apic sep mtrr pge mca cmov pat pse36 clflush dts acpi mmx fxsr sse sse2 ss ht tm pbe syscall nx rdtscp lm constant_tsc arch_perfmon pebs bts rep_good nopl xtopology nonstop_tsc aperfmperf pni dtes64 monitor ds_cpl vmx smx est tm2 ssse3 cx16 xtpr pdcm sse4_1 sse4_2 popcnt lahf_lm ida dtherm tpr_shadow vnmi flexpriority ept vpid
bugs		:
bogomips	: 5352.29
clflush size	: 64
cache_alignment	: 64
address sizes	: 36 bits physical, 48 bits virtual
power management:

processor	: 2
vendor_id	: GenuineIntel
cpu family	: 6
model		: 30
model name	: Intel(R) Core(TM) i5 CPU         750  @ 2.67GHz
stepping	: 5
microcode	: 0x7
cpu MHz		: 2668.000
cache size	: 8192 KB
physical id	: 0
siblings	: 4
core id		: 2
cpu cores	: 4
apicid		: 4
initial apicid	: 4
fpu		: yes
fpu_exception	: yes
cpuid level	: 11
wp		: yes
flags		: fpu vme de pse tsc msr pae mce cx8 apic sep mtrr pge mca cmov pat pse36 clflush dts acpi mmx fxsr sse sse2 ss ht tm pbe syscall nx rdtscp lm constant_tsc arch_perfmon pebs bts rep_good nopl xtopology nonstop_tsc aperfmperf pni dtes64 monitor ds_cpl vmx smx est tm2 ssse3 cx16 xtpr pdcm sse4_1 sse4_2 popcnt lahf_lm ida dtherm tpr_shadow vnmi flexpriority ept vpid
bugs		:
bogomips	: 5352.29
clflush size	: 64
cache_alignment	: 64
address sizes	: 36 bits physical, 48 bits virtual
power management:

processor	: 3
vendor_id	: GenuineIntel
cpu family	: 6
model		: 30
model name	: Intel(R) Core(TM) i5 CPU         750  @ 2.67GHz
stepping	: 5
microcode	: 0x7
cpu MHz		: 2668.000
cache size	: 8192 KB
physical id	: 0
siblings	: 4
core id		: 3
cpu cores	: 4
apicid		: 6
initial apicid	: 6
fpu		: yes
fpu_exception	: yes
cpuid level	: 11
wp		: yes
flags		: fpu vme de pse tsc msr pae mce cx8 apic sep mtrr pge mca cmov pat pse36 clflush dts acpi mmx fxsr sse sse2 ss ht tm pbe syscall nx rdtscp lm constant_tsc arch_perfmon pebs bts rep_good nopl xtopology nonstop_tsc aperfmperf pni dtes64 monitor ds_cpl vmx smx est tm2 ssse3 cx16 xtpr pdcm sse4_1 sse4_2 popcnt lahf_lm ida dtherm tpr_shadow vnmi flexpriority ept vpid
bugs		:
bogomips	: 5352.29
clflush size	: 64
cache_alignment	: 64
address sizes	: 36 bits physical, 48 bits virtual
power management:



Memory: 4k page, physical 8164552k(780316k free), swap 1048572k(1048572k free)

vm_info: OpenJDK 64-Bit Server VM (25.45-b02) for linux-amd64 JRE (1.8.0_45-internal-b14), built on Apr 20 2015 00:35:04 by "buildd" with gcc 4.9.2

time: Sun Sep 13 09:27:06 2015
elapsed time: 23 seconds (0d 0h 0m 23s)

